Ip_zone1_unc.out
4
x
y
z
Ip
10092.0 1000.0 10099.0 6717.500057
10034.0 1000.0 10060.0 6422.05055
10099.0 1000.0 10065.0 5712.660887
10011.0 1000.0 10095.0 5626.511371
10029.0 1000.0 10038.0 6619.023552
10040.0 1000.0 10000.0 6670.480671
10021.0 1000.0 10020.0 6881.013216
10048.0 1000.0 10017.0 6421.411002
10024.0 1000.0 10042.0 6145.759328
10099.0 1000.0 10012.0 6582.586982
10064.0 1000.0 10072.0 6577.682708
10078.0 1000.0 10051.0 5938.572017
10097.0 1000.0 10017.0 6863.479117
10074.0 1000.0 10004.0 6420.887792
10058.0 1000.0 10064.0 6078.362803
10015.0 1000.0 10023.0 6423.620495
10062.0 1000.0 10051.0 6878.282881
10004.0 1000.0 10034.0 6503.756467
10001.0 1000.0 10001.0 6454.444382
10076.0 1000.0 10072.0 6278.243819
10023.0 1000.0 10037.0 6470.291
10043.0 1000.0 10095.0 6079.338012
10002.0 1000.0 10084.0 6883.670314
10052.0 1000.0 10091.0 6053.670893
10067.0 1000.0 10085.0 6951.084579
10064.0 1000.0 10011.0 6615.516988
10058.0 1000.0 10049.0 7017.96198
10099.0 1000.0 10006.0 6689.869321
10007.0 1000.0 10055.0 6700.989106
10011.0 1000.0 10024.0 6876.998426
10095.0 1000.0 10040.0 6458.42165
10044.0 1000.0 10021.0 6648.351998
10064.0 1000.0 10034.0 6137.544865
10050.0 1000.0 10041.0 6582.396702
10014.0 1000.0 10028.0 6387.546663
10075.0 1000.0 10009.0 6874.422573
10042.0 1000.0 10095.0 6321.49005
10015.0 1000.0 10044.0 6014.210154
10018.0 1000.0 10004.0 6738.072561
10060.0 1000.0 10077.0 6424.311952
10067.0 1000.0 10090.0 6910.443633
10043.0 1000.0 10013.0 6452.271078
10063.0 1000.0 10049.0 6019.04907
10071.0 1000.0 10002.0 6690.735875
10056.0 1000.0 10040.0 6630.598986
10014.0 1000.0 10076.0 6647.91203
10016.0 1000.0 10072.0 6766.06988
10034.0 1000.0 10065.0 6700.61862
10051.0 1000.0 10030.0 6646.18001
10021.0 1000.0 10042.0 6328.667491
10045.0 1000.0 10064.0 6271.931146
10009.0 1000.0 10035.0 6728.34368
10023.0 1000.0 10063.0 6266.087904
10052.0 1000.0 10030.0 6487.733725
10086.0 1000.0 10035.0 6387.625626
10020.0 1000.0 10005.0 6346.976668
10028.0 1000.0 10002.0 6433.305327
10027.0 1000.0 10074.0 6525.329274
10084.0 1000.0 10069.0 6671.853242
10030.0 1000.0 10026.0 6255.051176
10082.0 1000.0 10091.0 6730.765856
10040.0 1000.0 10060.0 6537.223003
10047.0 1000.0 10001.0 6045.822242
10078.0 1000.0 10080.0 6914.071856
10071.0 1000.0 10077.0 6308.693066
10088.0 1000.0 10033.0 6457.145981
10002.0 1000.0 10015.0 7003.213844
10045.0 1000.0 10007.0 6776.672134
10026.0 1000.0 10042.0 6913.130951
10092.0 1000.0 10019.0 6715.105992
10096.0 1000.0 10055.0 5618.688394
10023.0 1000.0 10015.0 5873.596046
10087.0 1000.0 10050.0 6642.878278
10078.0 1000.0 10097.0 6094.761576
10002.0 1000.0 10042.0 6356.84708
10057.0 1000.0 10074.0 6405.765632
10084.0 1000.0 10077.0 6540.258726
10023.0 1000.0 10003.0 7170.795653
10024.0 1000.0 10084.0 6975.924864
10019.0 1000.0 10059.0 7056.662699
10051.0 1000.0 10057.0 6472.888315
10000.0 1000.0 10032.0 6361.568534
10005.0 1000.0 10028.0 6186.559506
10071.0 1000.0 10009.0 6625.125381
10046.0 1000.0 10008.0 6427.991611
10019.0 1000.0 10042.0 6761.188513
10084.0 1000.0 10049.0 6355.372588
10024.0 1000.0 10075.0 6411.420343
10021.0 1000.0 10000.0 6598.840264
10030.0 1000.0 10001.0 6731.569913
10018.0 1000.0 10022.0 6534.280746
10098.0 1000.0 10046.0 6458.308855
10026.0 1000.0 10057.0 6394.590395
10088.0 1000.0 10038.0 6182.487887
10049.0 1000.0 10063.0 6525.575615
10051.0 1000.0 10047.0 6657.604422
10061.0 1000.0 10038.0 5833.869248
10045.0 1000.0 10053.0 6578.323086
10083.0 1000.0 10071.0 6351.425401
10035.0 1000.0 10055.0 6618.867108
