Ip_zone0_unc.out
4
x
y
z
Ip
10092.0 1000.0 10099.0 8029.843144
10034.0 1000.0 10060.0 8713.057394
10099.0 1000.0 10065.0 7654.760442
10011.0 1000.0 10095.0 7833.037935
10029.0 1000.0 10038.0 7931.158267
10040.0 1000.0 10000.0 7499.491551
10021.0 1000.0 10020.0 8341.727657
10048.0 1000.0 10017.0 8264.339938
10024.0 1000.0 10042.0 8578.238891
10099.0 1000.0 10012.0 7920.734202
10064.0 1000.0 10072.0 8477.028028
10078.0 1000.0 10051.0 7762.966506
10097.0 1000.0 10017.0 8544.722402
10074.0 1000.0 10004.0 7930.843925
10058.0 1000.0 10064.0 7433.235329
10015.0 1000.0 10023.0 8071.013761
10062.0 1000.0 10051.0 8211.831567
10004.0 1000.0 10034.0 7894.97848
10001.0 1000.0 10001.0 7699.13109
10076.0 1000.0 10072.0 8743.051192
10023.0 1000.0 10037.0 8085.014076
10043.0 1000.0 10095.0 8024.672229
10002.0 1000.0 10084.0 7958.96816
10052.0 1000.0 10091.0 7940.454022
10067.0 1000.0 10085.0 7824.767334
10064.0 1000.0 10011.0 8833.472912
10058.0 1000.0 10049.0 7186.83206
10099.0 1000.0 10006.0 8581.18035
10007.0 1000.0 10055.0 8086.874695
10011.0 1000.0 10024.0 7420.681175
10095.0 1000.0 10040.0 7369.672652
10044.0 1000.0 10021.0 8283.174912
10064.0 1000.0 10034.0 7961.988359
10050.0 1000.0 10041.0 7871.679566
10014.0 1000.0 10028.0 8255.460733
10075.0 1000.0 10009.0 7918.805039
10042.0 1000.0 10095.0 7963.739836
10015.0 1000.0 10044.0 7900.149168
10018.0 1000.0 10004.0 7717.460024
10060.0 1000.0 10077.0 7574.606293
10067.0 1000.0 10090.0 7833.731382
10043.0 1000.0 10013.0 8239.143051
10063.0 1000.0 10049.0 7314.882302
10071.0 1000.0 10002.0 8071.957514
10056.0 1000.0 10040.0 8145.085806
10014.0 1000.0 10076.0 7746.840804
10016.0 1000.0 10072.0 6956.776348
10034.0 1000.0 10065.0 8238.245362
10051.0 1000.0 10030.0 7457.895131
10021.0 1000.0 10042.0 8168.511145
10045.0 1000.0 10064.0 8340.675347
10009.0 1000.0 10035.0 7911.179109
10023.0 1000.0 10063.0 8509.052801
10052.0 1000.0 10030.0 8182.058629
10086.0 1000.0 10035.0 7967.218565
10020.0 1000.0 10005.0 7735.235585
10028.0 1000.0 10002.0 7980.406306
10027.0 1000.0 10074.0 7570.279136
10084.0 1000.0 10069.0 8419.293249
10030.0 1000.0 10026.0 8197.750825
10082.0 1000.0 10091.0 8781.158587
10040.0 1000.0 10060.0 8234.404668
10047.0 1000.0 10001.0 7303.166833
10078.0 1000.0 10080.0 8592.262269
10071.0 1000.0 10077.0 7821.132914
10088.0 1000.0 10033.0 8581.820413
10002.0 1000.0 10015.0 8005.211818
10045.0 1000.0 10007.0 8440.068829
10026.0 1000.0 10042.0 8243.94295
10092.0 1000.0 10019.0 8255.59757
10096.0 1000.0 10055.0 8183.403931
10023.0 1000.0 10015.0 8596.728981
10087.0 1000.0 10050.0 7770.519913
10078.0 1000.0 10097.0 7733.101066
10002.0 1000.0 10042.0 8023.850962
10057.0 1000.0 10074.0 7860.709807
10084.0 1000.0 10077.0 7473.914214
10023.0 1000.0 10003.0 7086.867625
10024.0 1000.0 10084.0 8799.997033
10019.0 1000.0 10059.0 7751.31477
10051.0 1000.0 10057.0 8412.286781
10000.0 1000.0 10032.0 7935.330806
10005.0 1000.0 10028.0 8382.428216
10071.0 1000.0 10009.0 8712.272318
10046.0 1000.0 10008.0 7583.495778
10019.0 1000.0 10042.0 8296.152983
10084.0 1000.0 10049.0 8593.126708
10024.0 1000.0 10075.0 7562.785136
10021.0 1000.0 10000.0 7829.913216
10030.0 1000.0 10001.0 7889.533691
10018.0 1000.0 10022.0 8495.642605
10098.0 1000.0 10046.0 8585.867465
10026.0 1000.0 10057.0 8482.428361
10088.0 1000.0 10038.0 7178.29483
10049.0 1000.0 10063.0 8496.631188
10051.0 1000.0 10047.0 8865.699132
10061.0 1000.0 10038.0 7330.143223
10045.0 1000.0 10053.0 7612.781223
10083.0 1000.0 10071.0 7702.844649
10035.0 1000.0 10055.0 7216.076845
