Ip_zone1_unc.out
4
x
y
z
Ip
10048.0 1000.0 10073.0 6717.500056930663
10062.0 1000.0 10019.0 6422.050550062393
10032.0 1000.0 10063.0 5712.66088743251
10083.0 1000.0 10006.0 5626.511370763098
10033.0 1000.0 10065.0 6619.023551994683
10020.0 1000.0 10014.0 6670.480671350758
10088.0 1000.0 10071.0 6881.0132162901255
10055.0 1000.0 10070.0 6421.411001783949
10026.0 1000.0 10027.0 6145.759327986792
10049.0 1000.0 10081.0 6582.586981634631
10062.0 1000.0 10026.0 6577.682707967871
10070.0 1000.0 10093.0 5938.572017113271
10038.0 1000.0 10005.0 6863.479116847889
10038.0 1000.0 10058.0 6420.887792061116
10016.0 1000.0 10056.0 6078.362803302243
10099.0 1000.0 10083.0 6423.620495193046
10060.0 1000.0 10057.0 6878.282880616591
10012.0 1000.0 10026.0 6503.756467237664
10085.0 1000.0 10061.0 6454.444381566899
10027.0 1000.0 10014.0 6278.243819050819
10032.0 1000.0 10074.0 6470.291000185734
10069.0 1000.0 10095.0 6079.33801197621
10075.0 1000.0 10037.0 6883.67031353037
10022.0 1000.0 10019.0 6053.670892682652
10088.0 1000.0 10027.0 6951.084579155582
10087.0 1000.0 10020.0 6615.516988030143
10070.0 1000.0 10088.0 7017.961979677625
10088.0 1000.0 10087.0 6689.869321185257
10059.0 1000.0 10011.0 6700.989106221018
10022.0 1000.0 10005.0 6876.998426423064
10089.0 1000.0 10027.0 6458.4216504521
10023.0 1000.0 10039.0 6648.351998466188
10054.0 1000.0 10098.0 6137.544864997874
10060.0 1000.0 10000.0 6582.396701893419
10041.0 1000.0 10000.0 6387.546662820679
10019.0 1000.0 10053.0 6874.422573415024
10025.0 1000.0 10084.0 6321.490050218691
10084.0 1000.0 10049.0 6014.210154299766
10016.0 1000.0 10029.0 6738.072561107874
10064.0 1000.0 10002.0 6424.311952306787
10065.0 1000.0 10012.0 6910.44363273793
10077.0 1000.0 10014.0 6452.271078378002
10052.0 1000.0 10081.0 6019.049070477043
10053.0 1000.0 10007.0 6690.735874511184
10048.0 1000.0 10018.0 6630.59898645281
10098.0 1000.0 10086.0 6647.912030397672
10039.0 1000.0 10001.0 6766.069879666228
10042.0 1000.0 10089.0 6700.6186196710005
10057.0 1000.0 10021.0 6646.180009691817
10003.0 1000.0 10071.0 6328.667491492394
10024.0 1000.0 10071.0 6271.931146229354
10038.0 1000.0 10048.0 6728.343680214072
10016.0 1000.0 10048.0 6266.087904007381
10083.0 1000.0 10081.0 6487.733724977164
10064.0 1000.0 10037.0 6387.625625705138
10029.0 1000.0 10023.0 6346.976667912521
10020.0 1000.0 10026.0 6433.305326735338
10022.0 1000.0 10064.0 6525.329273685676
10057.0 1000.0 10074.0 6671.853242286853
10009.0 1000.0 10060.0 6255.051175548897
10063.0 1000.0 10002.0 6730.765856201822
10024.0 1000.0 10026.0 6537.223002858542
10004.0 1000.0 10057.0 6045.822241545159
10023.0 1000.0 10035.0 6914.071855923384
10056.0 1000.0 10030.0 6308.693066190646
10096.0 1000.0 10040.0 6457.145980685794
10060.0 1000.0 10042.0 7003.213843673353
10084.0 1000.0 10035.0 6776.672133652207
10070.0 1000.0 10033.0 6913.130951337145
10033.0 1000.0 10063.0 6715.105991830316
10068.0 1000.0 10097.0 5618.688394467699
10006.0 1000.0 10048.0 5873.59604572799
10028.0 1000.0 10024.0 6642.878277607729
10056.0 1000.0 10089.0 6094.761576403303
10019.0 1000.0 10063.0 6356.847079885628
10099.0 1000.0 10082.0 6405.765631552687
10010.0 1000.0 10084.0 6540.258726094955
10097.0 1000.0 10062.0 7170.795652994591
10039.0 1000.0 10072.0 6975.9248640275255
10024.0 1000.0 10085.0 7056.662699053665
10052.0 1000.0 10075.0 6472.888314662181
10096.0 1000.0 10093.0 6361.568534298486
10078.0 1000.0 10095.0 6186.559505962099
10069.0 1000.0 10064.0 6625.125381077279
10064.0 1000.0 10082.0 6427.99161148037
10023.0 1000.0 10045.0 6761.188512569726
10041.0 1000.0 10074.0 6355.372587753864
10082.0 1000.0 10000.0 6411.420342879267
10000.0 1000.0 10040.0 6598.840264301156
10075.0 1000.0 10077.0 6731.569913178589
10083.0 1000.0 10073.0 6534.280746232226
10010.0 1000.0 10016.0 6458.308855335046
10013.0 1000.0 10027.0 6394.59039471964
10072.0 1000.0 10034.0 6182.48788698103
10054.0 1000.0 10087.0 6525.575615454236
10076.0 1000.0 10081.0 6657.604421787339
10013.0 1000.0 10027.0 5833.869247998266
10097.0 1000.0 10031.0 6578.323085893072
10077.0 1000.0 10000.0 6351.425401359993
10084.0 1000.0 10016.0 6618.867108268288
