Ip_Simulation_1
1
Ip
7524.4819
7445.9517
7463.4268
7476.8750
7547.7207
7663.7163
7553.5186
7629.9956
7576.9785
7581.8999
7606.2588
7550.3608
7611.8320
7539.9355
7578.6030
7456.9253
7420.8745
7412.6904
7326.9053
7170.7954
6886.3315
6835.9458
6848.4492
6880.0293
6727.5938
6843.7485
6707.2637
6706.5063
6837.3984
6743.0146
6909.1084
7014.2290
7109.5996
7246.7588
7225.9258
7187.0195
7145.6978
7170.9136
7205.4185
7226.4746
7347.9316
7390.8193
7350.2480
7385.7144
7375.4087
7317.7031
7275.6133
7192.3374
7185.8467
7155.3306
7176.7158
7171.7334
7126.8218
7015.3911
6956.7764
7060.7690
7076.0518
7167.6670
7019.6509
7029.1714
6884.0537
6720.7720
6758.7222
6737.3564
7029.5444
6750.2656
6786.1494
6847.3374
6785.4917
6933.5874
7190.6543
7331.8608
7403.6118
7522.6855
7629.4927
7839.4902
7885.6724
7900.2510
7950.8682
7940.0000
7899.3501
7956.9780
7966.9487
7963.0117
7955.1616
8046.7119
8138.6382
8176.9849
8251.3896
8253.6348
8245.7090
8247.3066
8257.7422
8152.0610
8214.9238
8246.7754
8339.4678
8234.2998
8319.5957
8411.0010
7447.0483
7414.0024
7448.8623
7442.2725
7352.6807
7533.3452
7552.9438
7549.4546
7543.1387
7562.6797
7710.2427
7572.3750
7702.7329
7698.1665
7660.9048
7696.1172
7504.0830
7410.6899
7331.3154
7305.1182
7053.6914
7018.7500
7027.7393
7123.8418
7005.1152
7018.9824
6930.2290
7005.5327
6873.2930
6975.3779
6967.4395
7199.4653
7265.1016
7299.8735
7331.8911
7343.9961
7236.6533
7209.7798
7203.8989
7164.1182
7185.8643
7235.7930
7226.3394
7295.0352
7283.0889
7252.9771
7223.5142
7176.6870
7046.7036
7010.7178
6965.5957
7053.8794
7013.1699
7010.4604
7035.9912
7076.5303
7102.1235
7155.8403
7169.5654
7075.8394
6926.3433
6723.1572
6858.3838
6717.3145
6639.1240
6706.9165
6854.5396
6832.6064
6921.9141
7070.7480
7184.5391
7211.8169
7378.2603
7471.4116
7665.8169
7569.0195
7720.1904
7806.8418
7926.9985
7886.9766
7896.3823
7932.5171
7946.6909
7916.4458
7937.7744
7868.5283
7995.7725
8026.6147
8236.2666
8105.0166
8167.7651
8256.0479
8214.4482
8248.1553
8326.2598
8405.0811
8310.0176
8333.7412
8298.3662
8226.8799
7593.6709
7576.0723
7582.3057
7574.5283
7467.5444
7461.9897
7372.5630
7410.5986
7446.5776
7462.8208
7573.2866
7579.2725
7681.0288
7648.3525
7710.1421
7625.3271
7468.4541
7529.7539
7499.0942
7498.3091
7502.3618
7482.9551
7531.9609
7483.9561
7476.6348
7430.8823
7439.4443
7326.7114
7199.5278
7126.9209
7019.3101
6946.7954
6988.3086
7003.5083
7110.9922
7114.4624
7089.0703
7076.2910
7151.0806
7157.0840
7066.7998
7136.0010
7126.1226
7027.9756
7041.9082
7038.8369
7109.4136
7087.5889
6904.5742
6745.3765
6612.3823
6598.6924
6475.2246
6579.1885
6596.6851
6697.3047
6770.6963
7111.8613
7084.9751
7049.0215
6956.7764
6637.0078
6537.4326
6633.4609
6540.4336
6706.0615
6886.0537
7079.5195
7119.3892
7222.4399
7299.6206
7285.3438
7203.2622
7369.5981
7439.9189
7571.2632
7762.2422
7857.2637
7925.1050
7957.1284
7913.8159
7919.8564
7979.7026
7963.9248
7942.0630
8010.5547
8133.6978
8187.7578
8197.7100
8173.1436
8045.1890
8106.8071
8235.5566
8223.0635
8254.4697
8238.3682
8229.0371
8146.3667
8084.4385
8079.9966
7528.6216
7431.0435
7434.5405
7457.3604
7459.5093
7343.6421
7337.7896
7495.4072
7498.4277
7387.3765
7630.6855
7581.6724
7720.5645
7741.5049
7701.9478
7563.8950
7564.8071
7651.5952
7585.4775
7608.1792
7586.5415
7604.7524
7593.8213
7539.3706
7578.8560
7486.7393
7514.6802
7381.5708
7300.9473
7194.8765
7126.9751
7006.2412
6986.0928
6883.3442
6747.3955
6771.3379
6771.4390
6653.2046
6731.2803
6653.6079
6690.3311
6764.9927
6715.7251
6655.6650
6528.1211
6529.4976
6453.6978
6514.3145
6755.3325
6551.6553
6537.0894
6407.9614
6421.9336
6663.7432
6595.7798
6623.9702
6767.2612
6905.5386
6881.9238
6759.0610
6702.5225
6748.9175
6623.9761
6651.0132
6728.5776
6866.3125
7047.4873
7187.1929
7207.0112
7404.4712
7429.8208
7323.0938
7343.5610
7416.8369
7454.6108
7597.7520
7589.7017
7772.3530
7757.2495
7826.1729
7913.9634
8027.7388
7953.0669
7924.3325
7878.6123
7929.2788
7950.8491
8087.9692
8056.2617
8048.4346
8175.7559
8133.3721
8019.2871
8127.8530
8017.4971
7960.7422
8175.7349
8197.6035
8263.3340
8203.7803
7600.8438
7575.7715
7499.3418
7340.1621
7336.5952
7331.1709
7443.7012
7683.6284
7650.0195
7704.5181
7598.6250
7636.5820
7585.4468
7559.6631
7669.3989
7576.6177
7547.4390
7548.5605
7506.3940
7544.7686
7602.4048
7493.1133
7558.6963
7485.2266
7450.4727
7444.2695
7417.7627
7468.4009
7452.1206
7454.4302
7450.2749
7366.3164
7118.2832
7070.1567
6956.7764
6725.9961
6690.2046
6581.5073
6526.1895
6532.3096
6591.0088
6768.5391
7079.5811
6741.6172
6759.1255
6522.6641
6345.7090
6303.0093
6417.1812
6422.7568
6465.9126
6451.1182
6514.3242
6626.4624
6716.2256
6617.6104
6620.3135
6616.7847
6679.0391
6666.2046
6755.9795
6715.7720
6898.1245
6812.6094
7014.2109
7030.1714
7175.3682
7224.2148
7276.1797
7378.1045
7408.9272
7486.1494
7585.8452
7545.6919
7625.5464
7704.0093
7732.8530
7833.8369
7868.5957
7923.9072
7915.3418
7942.8428
7984.3726
7954.5317
7990.5034
7984.0679
7959.8135
7911.1836
7915.5967
7931.8564
7966.2422
8040.5645
8156.3169
8168.1191
8228.0566
8245.6328
8258.0820
8119.1440
8162.9351
8101.8315
7605.4668
7535.7207
7488.9277
7389.5386
7387.6504
7358.5386
7423.7554
7468.0449
7443.8994
7560.1382
7470.5249
7382.4521
7460.2134
7467.5923
7470.1143
7396.6235
7471.0474
7474.0283
7467.5942
7437.1064
7339.0098
7437.4150
7475.6606
7459.5781
7529.3911
7485.8423
7389.3535
7402.5908
7408.5269
7460.3647
7421.8257
7317.7080
7271.0791
7182.1318
7059.3770
7007.5898
6694.4546
6538.4063
6615.9907
6541.3560
6705.9219
6676.8359
6637.1563
6586.5698
6570.5967
6395.4888
6274.2690
6241.4087
6409.1929
6555.0659
6719.9502
6758.0098
6997.9780
6856.3281
6670.2959
6716.3228
6913.0508
6746.5386
6706.2158
6853.7856
6725.9990
6785.4951
6739.7500
6956.7764
7095.3960
7205.1235
7327.0991
7341.2163
7322.4360
7460.5171
7552.8931
7584.5112
7547.8003
7673.8633
7777.0786
7750.6860
7829.4326
7925.0361
7957.6362
8012.1079
8068.8120
7993.8691
7970.7695
8039.1411
8078.8364
8006.1426
7867.5298
7836.4116
7724.5151
7833.4009
7878.8887
7980.2192
8215.5430
8136.2876
8127.6548
8252.7383
8191.2515
8122.3350
7930.4644
7923.5586
7415.6919
7453.6104
7443.3506
7454.1533
7383.3423
7389.0918
7243.7441
7191.0190
7195.3477
7129.7002
7216.4766
7373.3760
7325.1479
7354.3052
7418.5869
7428.8076
7448.6592
7455.9570
7476.1099
7533.1987
7454.0259
7528.0479
7421.3398
7450.9521
7391.4277
7379.4351
7461.6675
7618.3779
7633.5664
7617.1406
7503.7588
7416.7529
7361.0347
7224.3003
7185.7388
7115.1841
7017.0137
6976.8672
6602.7866
6765.0518
6659.4067
6584.2275
6614.4482
6625.6836
6707.1616
6430.7676
6360.1157
6239.3311
6198.5693
6455.1621
6651.8662
6648.9917
6711.1309
6734.7188
6718.6636
6695.2905
6783.2549
6714.5156
6804.7134
6858.1885
6729.5796
6818.0718
6956.7764
7161.8213
7174.7646
7282.9927
7266.2856
7311.4023
7296.5557
7384.1992
7481.4697
7598.5034
7583.5981
7624.2549
7624.1528
7794.1421
7886.6538
7905.8701
7942.0327
7942.9932
7964.6245
8040.4141
8043.8511
8075.3467
8143.3442
8013.2827
7947.4346
7862.1772
7835.1143
7878.5576
7987.2983
8025.8623
8125.5376
8038.8994
8151.3779
8071.5747
8042.9712
7860.6621
7872.5688
7744.1465
7325.3379
7307.2041
7231.2676
7149.8184
7136.7744
7039.5698
6963.3516
7016.2690
7001.5391
7014.0356
7039.5249
6977.4805
7150.8364
7302.1270
7325.5894
7340.1323
7301.4243
7393.6411
7308.3652
7425.2417
7471.5337
7445.5283
7389.3306
7419.9321
7351.9287
7316.6426
7429.7153
7513.1450
7502.5820
7638.3535
7548.2866
7495.2188
7551.7520
7450.9209
7317.7632
7323.8975
7229.9360
7174.9917
7189.0112
7144.8389
7072.6851
6859.5874
6852.2446
6699.2007
6538.6162
6510.7358
6356.8618
6221.6880
6452.8623
6411.3340
6529.5518
6625.2202
6850.7134
6866.5454
6762.7441
6888.6660
6845.0483
6797.1548
6913.8853
7110.6172
7019.2656
7139.7554
7319.1318
7403.7935
7357.5288
7403.9277
7358.2324
7432.2256
7424.7559
7623.1045
7569.9731
7524.0879
7527.5303
7713.5391
7766.6191
7873.5137
7874.8740
7890.3271
7939.9365
7945.7739
7965.8364
7906.6699
8010.6782
8173.2114
8167.2383
8144.1152
8023.6782
7971.9673
8023.9360
8140.4189
8148.1211
8241.1270
8114.5659
8200.4404
8198.9941
8209.3047
8057.3687
8099.2852
7994.6470
7928.8022
7312.3047
7247.4092
7176.1733
7185.8057
7061.5635
7041.7559
7050.2104
7000.5679
6721.6841
6602.2734
6473.7207
6637.5845
6835.1797
6915.3779
7163.1616
7226.1118
7427.0542
7504.4658
7425.8149
7485.7095
7581.4995
7582.6772
7603.4399
7558.8813
7612.2861
7554.8994
7570.4219
7569.7026
7550.4771
7358.7231
7410.7002
7375.0327
7545.4712
7630.2407
7528.7729
7495.4614
7491.5942
7542.3936
7462.7231
7519.5098
7448.5518
7084.0146
6997.4429
6717.4844
6592.7427
6538.7012
6490.4468
6459.7759
6578.6978
6608.6147
6824.5996
6844.0269
6897.3213
7090.1079
7028.6826
7005.4385
7126.6919
6995.2832
6927.1553
7217.0078
7417.4478
7421.7856
7486.1475
7596.8730
7531.8887
7393.3994
7608.0952
7651.9121
7741.8936
7742.0820
7717.9966
7677.3887
7587.5171
7719.4600
7753.0898
7751.9492
7617.8730
7754.9604
7851.3789
7966.8340
8068.6489
8179.0801
8255.8906
8090.4126
8190.7925
8208.0264
8157.5298
7971.5762
7914.0024
8052.7588
8239.8027
8148.7119
8211.8789
8089.3271
8141.2446
8261.2314
8228.2432
8136.0059
7987.4365
7955.2129
7214.3618
7214.3438
7138.2588
7114.3857
7047.9927
7036.8921
7018.1973
6986.1997
7010.9683
6479.7754
6266.7866
6399.8369
6703.4341
7015.8892
7009.2095
7151.7549
7170.3633
7337.1953
7548.2554
7721.9683
7735.0391
7729.3486
7761.9893
7760.6021
7733.1357
7635.6685
7595.5107
7557.2168
7576.0845
7529.6372
7483.0332
7519.8442
7461.2549
7258.4043
7455.7578
7583.3149
7676.5469
7729.0967
7702.9087
7584.1631
7503.8066
7217.5933
7023.4736
6920.1699
6894.2295
6888.1489
6879.1650
6881.9082
7042.0054
6999.7759
6999.7534
6942.7671
7038.5957
7162.4829
7373.3086
7424.7422
7436.3379
7436.4785
7360.8560
7426.0459
7465.6675
7491.1084
7582.1821
7565.9722
7608.2446
7510.7725
7671.8994
7781.9170
7903.5137
7859.5391
7820.6362
7781.3584
7820.3574
7737.6245
7740.1011
7521.5786
7562.7842
7513.5566
7708.7964
7880.8794
8032.9907
8089.8330
8009.0200
8207.4590
8213.3320
8218.5234
8193.8135
8035.7925
7992.8125
8064.6548
8174.7339
8189.0688
8139.2104
8003.4409
8085.5762
8100.9595
8144.1123
8137.8735
8079.4565
8024.8130
6956.7764
6986.4746
7012.8872
6542.0117
6402.4736
6193.1479
6302.6055
6331.2681
6374.6792
6324.3979
6369.2939
6566.5088
6956.7764
7040.3794
7187.8608
7227.1616
7480.6577
7595.0527
7641.6499
7734.3813
7769.2495
7755.2241
7723.8354
7803.5015
7757.5308
7739.4961
7692.2007
7615.0215
7716.7212
7664.1948
7493.8115
7466.6768
7556.9893
7599.8296
7792.7632
7780.5298
7809.5073
7777.2988
7725.6182
7630.0933
7538.0884
7454.0693
7506.3179
7494.0425
7531.8716
7527.3994
7589.9033
7530.6377
7509.9556
7519.7349
7563.9097
7170.7954
7170.7954
7563.1660
7733.4741
7783.3022
7737.1816
7656.8481
7598.8481
7727.3130
7627.2109
7490.8965
7421.6807
7463.6812
7567.9824
7529.7441
7585.6050
7724.1904
7821.3521
7953.7026
7922.1035
7935.8838
7846.2466
7880.0098
7890.5781
7895.0215
7865.8364
7874.9521
7954.3193
8111.1450
8055.7773
8130.0205
8225.7295
8050.2139
8029.6387
7994.3755
8001.4541
7970.1460
8028.7231
8165.9351
8190.4595
8234.1895
8170.9180
8178.2500
8015.3652
8035.7705
8047.5928
7964.3101
7877.3413
7986.2017
6288.0054
6157.9395
6120.7700
5983.9351
5833.9263
5882.7280
5863.5674
5936.4355
6117.5840
6169.9893
6329.3745
6647.2793
7132.6968
7070.2871
7277.9609
7452.1089
7565.8857
7556.1836
7554.4575
7674.3740
7571.5464
7723.4995
7732.2280
7653.3789
7528.9248
7610.6074
7574.1758
7742.7700
7817.1514
7710.1694
7711.1255
7749.7207
7812.7310
7880.5562
7946.0112
7933.7114
7896.3906
7921.6436
7893.7788
7807.8452
7818.9683
7717.4775
7693.1162
7848.4907
7774.9717
7751.4902
7697.7212
7737.6172
7751.0625
7803.3091
7776.2979
7876.0771
7929.1255
7872.1685
7931.2031
7921.4380
7896.6440
7814.0352
7832.1592
7707.2485
7557.4028
7485.4629
7284.8306
7470.7998
7595.3237
7614.3911
7731.6685
7892.9009
7975.6987
7995.6587
8028.6279
8170.6768
8194.3408
8245.6396
8151.1030
8000.9312
7996.6787
8083.4878
7990.0635
8069.6758
8022.2529
8200.1230
8254.2383
8174.1899
8226.2637
8201.8984
8200.1152
7974.5029
8211.7129
8295.8145
8251.4551
8192.0059
8051.0107
8072.7129
8092.7739
7968.5151
8089.9316
8189.7295
8008.2427
8129.3247
6008.2085
5813.8931
5689.6704
5735.9463
5722.7632
5869.7593
5817.3882
5887.6396
6258.1045
6314.8433
6374.9175
6627.5522
7010.4604
7196.2393
7328.6748
7323.2954
7334.5142
7421.7495
7457.5723
7487.9014
7524.8809
7699.2559
7719.5957
7639.9038
7714.4517
7732.5786
7721.8633
7628.5918
7756.5737
7820.1060
7812.3003
7881.5249
7957.3325
8117.2637
8044.3228
8003.6079
8156.1782
8103.1953
8066.2349
7958.1333
7949.8042
7929.3647
7841.0044
7720.7036
7831.7837
7904.8706
7838.5938
7880.8174
7933.4385
7960.4087
7977.1704
8036.6494
8029.2271
7932.3989
7960.2397
8016.5771
7943.0581
7847.2207
7713.0806
7606.1284
7611.1489
7521.7104
7675.0293
7618.9688
7773.1113
7716.0361
7835.0972
7860.0420
8012.8833
7946.6133
7933.1553
7946.1807
7956.2168
7956.2046
8010.5249
8000.5020
8143.7920
8081.8857
7971.2974
7976.2964
8040.5962
8061.9526
8070.7788
8215.6719
8244.6855
8216.3848
8171.1396
8230.1240
8243.0664
8222.2344
8207.7334
8123.3682
8178.9819
8131.9614
8151.7031
7987.0273
7963.7534
7921.7778
7929.7461
7955.6982
5850.4722
5636.2412
5674.2485
5822.4165
5688.4917
5739.0269
5798.2314
6039.8589
6172.2217
6377.3159
6325.0825
6433.4106
6982.1401
7066.6577
7111.0918
7290.7783
7363.4829
7396.9102
7445.7729
7555.4028
7557.7568
7555.3682
7598.4336
7629.1006
7592.5596
7666.4683
7758.8364
7767.6523
7700.4004
7736.9712
7792.1416
7926.5972
7935.8936
8015.6938
8069.9927
8082.4121
8101.0776
8099.5410
8163.3848
8052.2153
7951.9082
8010.2563
7914.4507
7865.3926
7863.8130
7890.0874
7958.0581
7950.5000
7939.7588
7960.2891
7930.7007
7956.0278
7945.5791
7964.3857
7919.3638
7923.1304
7859.8594
7928.8423
7840.1260
7766.3965
7770.0249
7831.5059
7779.9663
7801.7393
7894.9849
7840.1807
7923.8354
7912.1743
7911.1514
7910.2612
7911.0996
7923.4229
7991.3286
7965.4761
8055.7905
7979.3809
8020.2656
7971.7544
7959.2881
7987.1035
8033.4790
8063.7480
8163.8101
8080.4946
8171.4277
8129.2021
8158.1577
8102.3027
8143.3633
8262.4609
8368.7393
8215.9502
8212.1387
8184.9365
7972.3667
7897.8452
8042.2197
7962.9541
8053.8384
7995.8550
5626.3853
5619.6836
5675.6665
5812.2378
5730.5415
5848.2056
5947.2593
6059.1025
6322.6167
6636.3379
6535.9414
6583.1997
6962.6572
7118.2021
7177.0991
7173.7505
7301.5718
7320.9199
7471.0405
7491.2461
7572.0625
7445.4082
7503.7021
7460.1519
7466.7896
7536.2612
7676.6621
7668.7632
7720.6172
7553.0552
7753.7573
7778.1445
7830.2568
7952.2554
7980.6406
8027.8184
8153.5449
8054.5181
8031.2417
7961.3345
7862.3418
7856.4854
7841.6797
7851.7803
7841.8438
7915.2993
7845.8706
7937.8701
7969.1743
7910.3740
7753.2573
7754.0728
7735.3921
7820.7295
7841.6782
7762.6392
7745.5713
7637.3784
7523.2085
7759.2549
7755.0737
7882.8369
7944.7588
7868.8901
7831.2715
7901.0322
7777.2573
7868.5742
7854.1968
7937.1167
7899.5015
7956.1587
7988.7197
7983.4458
8021.9644
8047.2813
7937.5576
7896.5845
8062.6294
8224.9053
8174.9077
8136.6689
8066.1641
8091.4233
8149.7725
8058.7925
8224.1973
8202.8750
8222.0381
8291.9717
8254.6953
8259.8018
8257.2783
8320.1426
8261.4717
8217.2520
8176.2949
8010.8418
8094.9395
8151.9639
5705.1855
5620.4258
5680.3433
5797.5005
5732.0024
5921.0415
6059.8188
6329.8384
6342.1299
6517.7388
6732.6304
6879.1260
7074.2808
7205.4883
7364.6030
7392.3208
7362.7139
7333.2031
7379.4395
7289.1743
7301.3467
7444.1021
7446.3965
7447.0254
7431.4023
7462.9131
7532.6655
7411.3579
7500.1729
7587.6118
7591.5640
7607.3208
7478.8906
7497.3760
7553.1016
7698.0791
7724.5195
7797.9644
7752.8945
7858.3413
7773.7432
7819.5439
7765.4355
7801.5269
7896.0928
7783.2305
7731.4277
7609.7231
7502.1719
7522.7832
7480.9414
7517.2803
7437.5103
7502.5371
7570.1362
7581.8325
7587.4282
7652.5444
7533.5024
7561.9771
7451.4644
7535.1191
7739.0234
7869.6006
7817.8115
7751.3970
7777.9678
7823.9453
7887.4487
7859.1777
7851.3032
7762.9170
7853.4580
7877.4346
7922.9829
7968.9395
7945.4790
7911.1909
7994.0679
8093.9141
7958.0908
8160.3862
8133.2598
8118.0952
8201.5205
8239.0693
8158.4897
8091.6816
8018.2861
8183.3838
8248.8740
8284.5469
8196.2490
8150.6953
8265.3750
8251.1914
8174.7666
8015.6563
8084.1055
8041.1689
5881.6904
5924.6509
5992.1987
5854.0723
5932.1616
6053.8394
6082.8921
6302.8022
6534.1265
6613.8701
6916.5444
7240.0591
7343.1958
7362.5928
7381.5894
7457.2280
7507.8311
7391.2476
7351.9224
7290.0659
7357.7437
7298.5493
7396.0601
7416.4688
7513.1470
7479.3696
7591.2490
7485.5688
7420.5630
7404.6787
7457.1387
7443.3467
7365.5220
7297.1689
7093.7451
7149.2158
7089.7798
7063.0933
7170.7954
7027.8130
7167.0674
7101.0161
7403.4604
7689.6943
7700.8872
7149.4150
7170.7954
7142.2153
7062.6582
7065.8823
6965.4883
6907.9819
6969.6162
7030.8408
7046.5356
7213.5337
7197.4229
7305.2925
7310.0190
7430.4819
7443.2046
7453.1372
7429.6396
7603.0313
7588.2041
7730.6680
7726.8086
7617.8311
7638.9258
7633.1235
7766.7578
7748.6812
7787.1777
7876.2896
7900.1826
7966.4863
7940.9746
7923.9385
7931.9336
8085.1812
8194.5566
8254.3418
8256.4473
8188.7754
7993.9131
7861.3999
7963.1646
7959.2397
8015.1289
7981.4727
8030.3979
8098.1133
8107.5947
8192.2441
8253.8418
8147.9248
8071.0596
8167.3901
8022.5015
8133.0186
6113.7349
6036.8384
6057.9932
6197.9429
6241.8330
6325.6699
6398.6890
6549.8447
6620.5562
6985.8970
7020.1245
7300.5615
7456.6372
7443.0264
7504.6191
7502.1240
7483.7041
7437.3022
7451.6055
7361.6108
7349.5615
7325.2393
7224.9160
7282.3008
7412.7266
7596.4263
7549.6597
7504.1509
7493.0176
7454.1685
7381.3369
7292.6733
7197.4595
7024.5449
6911.8301
6728.0015
6722.9307
6719.2803
6928.9976
7147.6172
7036.5391
7170.7954
7135.5542
7039.1152
7071.8804
7125.6943
6986.8208
6998.2739
6973.9219
6941.9663
6871.4922
6748.3755
6685.8359
6730.2534
6728.6768
6796.5723
6752.8687
6750.9355
6702.0708
6766.8818
6921.7129
6996.6660
7173.7910
7278.4189
7396.6538
7490.3164
7567.2515
7594.1479
7466.5703
7483.2729
7513.2632
7599.2754
7634.8989
7738.2100
7736.7559
7822.0273
7922.3569
8003.4336
8206.0215
8192.0332
8207.3232
8243.5527
8156.2793
8054.8281
7988.8296
8056.1055
7931.3066
7940.5884
8064.9819
8118.7588
8086.2104
8201.3340
8241.7773
8280.2373
8248.6602
8230.6064
8153.6426
8123.4639
8168.0093
8202.2900
7016.8315
6956.7764
6288.5386
6369.7441
6461.9502
6760.0542
6838.6924
6773.6460
6914.6680
6983.7207
7112.5054
7234.0098
7307.5293
7350.0313
7427.9336
7456.0093
7595.0532
7479.2612
7323.5566
7169.8652
7268.4771
7349.8091
7311.6328
7324.8218
7375.0215
7422.6982
7438.0381
7461.2798
7459.3350
7476.1860
7438.0020
7334.6025
7249.7769
7222.2690
6960.1230
6877.9741
6805.5166
6719.7046
6889.6450
7170.7954
7045.2051
6963.0879
6961.5566
6904.0107
6880.5811
6913.5723
6895.8711
7093.3433
6877.5156
6722.4487
6673.5557
6651.6343
6760.5986
6692.8857
6728.7432
6842.3325
6577.3301
6606.3213
6542.0386
6556.5737
6682.7139
6970.8628
6996.1157
7011.9624
6926.5015
7170.7954
6963.7300
7004.9028
6968.8789
6960.5498
7066.0459
7152.5366
7713.1963
7768.6309
7152.3936
7170.7954
7461.1294
7775.2139
7881.5825
7930.8511
7971.8540
7918.3892
7940.3081
7964.9614
7915.8086
7958.3013
8046.4663
7969.2236
7979.4160
7932.4883
8123.7266
8262.6934
8126.4883
8017.8789
8092.1792
7934.3887
7978.8481
8007.0337
8060.7227
7929.5210
7062.4521
7026.0723
6956.7764
7184.0161
7039.8145
7171.5488
7301.2568
7365.9766
7287.7383
7294.7256
7415.0728
7269.7915
7348.8335
7230.9678
7274.4082
7371.5894
7297.5547
7319.0703
7373.7227
7311.4526
7199.2046
7321.6963
7199.9907
7275.6167
7265.5449
7203.3271
7289.8022
7221.1367
7246.8350
7311.9927
7193.6592
7189.6963
7210.4927
7274.3921
7098.2896
6891.7490
6718.1255
6759.3423
6698.5303
6734.1768
6943.6167
7170.7954
6916.6904
6729.3730
6790.2339
6926.7280
6730.1582
6757.1875
6708.9702
6858.1431
6660.7778
6735.9438
6706.2622
6925.3228
6632.7637
6527.2754
6436.5649
6458.3335
6595.0464
6432.7793
6465.9409
6594.4951
6609.1641
6539.3057
6619.4702
6681.7163
6597.8633
6622.6494
6659.8472
6781.2158
6970.1943
7005.1494
7070.5391
7110.4375
7170.7954
7793.2656
7798.3340
7855.5327
7818.2412
7782.6401
7827.1699
7714.7104
7473.8911
7674.6045
7781.5518
7820.1597
7893.7104
7921.8765
8066.5112
8027.2129
8013.6289
8125.0122
8093.7905
8009.7720
7981.8047
7943.0098
7949.7168
7936.7280
7774.9727
7791.2100
6477.5854
6724.5044
6650.9404
6691.3818
6771.3672
6869.3857
6990.3232
6920.0557
6987.5308
7091.0977
7391.3755
7442.1680
7258.9780
7242.1045
7255.9106
7202.6104
7203.4829
7223.1152
7231.7822
7207.5591
7214.4956
7231.0962
7190.2803
7128.1304
7109.3535
7074.2085
6956.9810
7036.8540
7033.2314
6956.7764
6712.1841
6707.5059
6777.8770
6833.2402
6732.7393
6741.7285
6727.9331
6641.3955
6850.6870
6723.4907
6693.7651
6621.5400
6621.2681
6618.0728
6631.5479
6620.3706
6572.0718
6456.9243
6345.4751
6460.1289
6577.7139
6668.9692
6635.9697
6695.7041
6560.7690
6417.3545
6377.5205
6479.8159
6361.7695
6346.6255
6329.9487
6451.8350
6456.4805
6576.4355
6465.9331
6541.6387
6672.5215
6542.7417
6537.5010
6584.0337
6781.6670
6943.4692
7006.2319
7144.1431
7166.6128
7693.7358
7805.2803
7790.5488
7799.4141
7772.6523
7627.6841
7575.7490
7617.6724
7551.3589
7586.8086
7740.0781
7723.8867
7781.8022
7911.3833
7864.9575
7897.0859
7795.4351
7859.7822
7888.8301
7916.5942
7893.7754
7816.6235
7827.4009
7722.1846
7736.6484
6453.5933
6452.9731
6425.7773
6490.8125
6736.9287
6801.7734
6890.0566
6786.3989
6997.2056
7300.6636
7229.1748
7236.9663
7263.7407
7279.2749
7198.9136
7159.8457
7117.5601
7069.5117
7094.2622
7062.6567
7032.6494
7074.9106
7078.2354
7095.7148
6878.6060
6728.6216
6607.7749
6554.5425
6447.7305
6391.1362
6352.4995
6448.9800
6455.1309
6450.9692
6718.1479
7043.4258
6696.7622
6482.1401
6516.8540
6605.2529
6597.2290
6464.5356
6635.4087
6586.0518
6679.2188
6582.5278
6358.9692
6266.7612
6287.2075
6267.2827
6369.7905
6553.7949
6543.1963
6596.8076
6499.4458
6406.5264
6349.8315
6412.2471
6330.6919
6465.4741
6665.7974
6455.4365
6434.9150
6466.8882
6343.3643
6441.6113
6609.8374
6539.5068
6638.5190
6641.1426
6754.1421
6870.7319
7098.4985
7354.3149
7676.7153
7684.3286
7718.4937
7701.7358
7669.0059
7463.6650
7482.0352
7407.4653
7254.8848
7339.4468
7393.7109
7463.7998
7538.8643
7623.9570
7738.3501
7708.4380
7750.8770
7692.7646
7633.1558
7401.3662
7603.6318
7631.5386
7585.2305
7523.3301
7619.0161
7806.5479
6345.4829
6427.4253
6446.1729
6626.3242
6706.2827
6859.0376
6923.7915
6887.0298
6745.4507
6934.8594
6874.5820
6731.9175
6812.3374
6956.7764
7119.7744
6956.7764
6867.5625
6679.6289
6695.3418
6689.4834
6745.3745
7066.2275
7058.7412
6956.7764
6956.7764
6619.9893
6285.2104
6230.8252
6255.7231
6282.1953
6225.9224
6305.8911
6344.4961
6451.0513
6527.2612
6443.5884
6395.5181
6521.5991
6451.0776
6638.2168
6407.6694
6181.8164
6203.4365
6352.6606
6268.4663
6251.0293
6325.4165
6361.5210
6338.3691
6288.0908
6303.8921
6477.6348
6547.7578
6847.2935
6660.7578
6646.9712
6627.2090
6553.4648
6507.6235
6413.1343
6518.9644
6608.7935
6449.5776
6350.9517
6467.8789
6478.9028
6477.1699
6673.0713
6735.9121
6915.2422
6895.7783
7033.1094
7316.2705
7578.9243
7656.1748
7669.3042
7610.8267
7561.7046
7494.4253
7494.8193
7424.0723
7458.0313
7338.3179
7348.5137
7263.0127
7447.2510
7461.5752
7443.6431
7475.1250
7538.0317
7535.4639
7504.6445
7427.3413
7424.7988
7451.7153
7405.9873
7454.1333
7594.5142
7582.6938
7514.9443
6510.5005
6667.2407
6613.3091
6766.5679
6989.5889
6903.0488
6821.6372
6719.4043
6710.2642
6708.5684
6617.9077
6600.2339
6588.7832
6715.2725
6742.1846
6626.3916
6615.8301
6619.2798
6492.8657
6422.1372
6487.6519
6594.1689
6548.6558
6569.4414
6441.3740
6359.2373
6282.9312
6072.7407
6185.2827
6125.3359
6179.7417
6309.4390
6655.4561
6636.4067
6651.2651
6956.7764
6618.6763
6502.8828
6391.5552
6201.7329
6104.1226
6116.4824
6002.9932
6068.0254
6021.0454
6148.3345
6296.3442
6414.1328
6205.0459
6248.0010
6401.2002
6450.5522
6606.3838
6985.4063
6993.6841
7003.0996
6736.0679
6652.6719
6531.9541
6526.0132
6549.7529
6612.0288
6536.3706
6528.3955
6520.0293
6653.5039
6873.0708
6845.9502
7026.0986
7074.2114
7170.7954
7307.4844
7538.2544
7571.5532
7635.3188
7548.6885
7712.1113
7650.4019
7622.0439
7578.8501
7485.3647
7440.3887
7353.8203
7331.6675
7304.3096
7320.7935
7337.5713
7239.0625
7280.0742
7330.9087
7459.4541
7390.8989
7318.5239
7234.6836
7138.8398
7247.8638
7253.3608
7421.3081
7474.1958
7525.0327
6500.4219
6644.8442
6978.4893
6956.7764
7005.8462
7021.5972
7004.5850
6842.6792
6749.1064
6914.5464
6640.1162
6581.7793
6613.9058
6453.2534
6458.2778
6476.3867
6528.6187
6350.1309
6397.6899
6543.4316
6384.5981
6394.0659
6350.7271
6345.2881
6299.5020
6279.5278
6317.1489
6244.8677
6253.1948
6358.8057
6473.3765
6422.4756
6654.3306
6962.3198
7170.4731
7012.0684
6956.7764
6956.7764
6429.6211
6120.0107
6196.2139
6056.5684
6076.8672
6028.7153
6128.0708
6393.3745
6193.6978
6135.3965
6255.7627
6306.4097
6265.7783
6329.6382
6413.9712
6691.5967
6679.2515
6630.3994
6641.3921
6553.5278
6586.8477
6894.4868
6811.7734
6764.2412
6852.4463
7089.4956
6910.6743
6915.2183
6897.5049
7034.5220
7094.2651
7399.7954
7496.7075
7576.5078
7600.7793
7469.0601
7519.8535
7511.0015
7489.6157
7514.7158
7510.3149
7399.3154
7285.5977
7340.5811
7309.1968
7223.0210
7126.9863
6956.7764
6999.6968
7079.1001
7116.5991
7107.9985
7168.4912
7178.0703
7224.8008
7146.3975
7185.8184
7214.3359
7287.4189
7303.1265
7354.7759
7295.1064
6589.1626
6657.6602
6714.1138
6897.3369
6982.4810
7202.5474
7229.6821
6956.0903
6838.0469
6659.4429
6623.6782
6527.6138
6582.5195
6475.1909
6422.3057
6546.2920
6710.9878
6438.9712
6325.8262
6415.0420
6288.0166
6276.1792
6331.9111
6441.6426
6340.4688
6167.0322
6256.6108
6161.6382
6260.7764
6183.0000
6142.0664
6310.7759
6271.3955
6535.7671
6527.7554
6544.4468
6530.5972
6419.4995
6306.7754
6331.9932
6053.1172
5970.4453
5865.5254
5836.9287
6033.6875
6057.7813
6268.4790
6078.7886
6207.0752
6145.4707
6163.2002
6467.6382
6511.2305
6483.4043
6616.7246
6556.1245
6526.7915
6563.8433
6752.8413
6926.3564
7163.5347
7190.6377
7217.6821
7185.6313
7194.1714
7182.4165
7181.5801
7262.9790
7296.4302
7338.1841
7434.4927
7449.3398
7477.7607
7449.7314
7358.6587
7316.1206
7290.7769
7224.9321
7225.0874
7198.0928
7112.4995
7181.2422
7180.6548
7195.9634
7143.5571
7041.6553
7017.7383
7033.6563
7069.9028
7109.0649
7182.6973
7232.1899
7281.4209
7238.3159
7147.1309
7217.8413
7233.3535
7297.6050
7176.8193
7263.7461
6687.2773
6741.4897
6946.2593
6939.4180
7147.9282
7235.2554
7203.7217
6962.6284
6898.6421
6728.7383
6736.3950
6723.5103
6745.4478
6544.4546
6558.1660
6630.4907
6481.1035
6557.1309
6417.5347
6387.2490
6270.2998
6232.4722
6195.7124
6143.6455
6343.8418
6289.7319
6322.3584
6295.5156
6398.9702
6265.8247
6178.2861
6134.4253
6186.0542
6364.8071
6508.8213
6443.1577
6433.1523
6137.6123
5965.8901
5935.6299
5937.5317
5807.3062
6073.4575
5848.1426
6025.1450
5929.5957
5933.2515
5940.8154
6067.4575
6249.9312
6288.3408
6633.8018
6467.8975
6535.9370
6520.4507
6446.4585
6591.4023
6736.5918
6938.7241
7054.0576
7165.1167
7178.3281
7193.1514
7220.1890
7262.6914
7351.0400
7349.7227
7295.7124
7220.5010
7150.7021
7241.9531
7330.9204
7296.0396
7219.9478
7275.4487
7227.3081
7276.9033
7210.4800
7166.2944
7182.5176
7118.0386
7104.4604
6975.8833
7054.7168
7042.5957
6956.7764
7135.5298
7158.4194
7127.4766
7141.4980
7148.7529
7179.7808
7181.4209
7162.4419
7195.9653
7143.8042
7085.5239
7177.1865
7210.3013
7110.0879
7093.5840
7017.8979
7070.9321
7178.6201
7235.3237
7238.0503
7179.1064
6936.5859
6885.7339
6860.7261
7098.7285
6967.0234
6871.9429
6731.3154
6752.2695
6721.6968
6829.3643
6549.8140
6498.5752
6332.9619
6399.7212
6281.8989
6131.4482
6324.1953
6334.4087
6158.9546
6281.0947
6415.5898
6583.4185
6369.0459
6437.6895
6381.8320
6551.2666
6618.4609
6926.7651
6518.8501
6347.5063
5954.1577
5879.2866
5767.8247
5820.0371
5889.1177
5772.1729
5833.6377
5735.7666
5832.7573
6027.8418
6250.5767
6145.5107
6105.2363
6306.9297
6272.7192
6432.2100
6397.7109
6444.7031
6659.3145
6895.3223
6735.6528
6884.9146
7041.4604
7112.5610
7198.0239
7340.9648
7391.1606
7325.7510
7314.7261
7266.8379
7299.7388
7236.0181
7212.8452
7196.9951
7188.5972
7129.4019
7045.2661
7045.8315
7026.8228
6966.9810
7032.8130
7021.5537
7010.0073
7071.8652
7132.4502
7124.8330
7082.0259
7040.0425
6956.7764
7034.1260
6956.7764
7073.5234
6956.7764
7010.2358
7001.9653
6956.7764
6956.7764
7142.7222
7078.2715
7049.0332
7026.7319
7128.8447
7206.0200
7454.3745
7462.9082
7426.6177
7423.6011
7468.4072
7373.0820
7223.8335
7098.2334
6940.8208
6866.9990
6882.9761
6746.5273
6908.3628
7170.7954
6963.4868
6895.8086
6725.3062
6641.9619
6562.5244
6435.7495
6578.8252
6548.8154
6422.4229
6466.3359
6362.3389
6313.8667
6396.2695
6552.2739
6560.0679
6487.1221
6449.5078
6593.3667
6449.1631
6463.3599
6424.5737
6426.6558
6083.9951
6002.3530
5846.7168
5869.2256
5874.3286
5860.0527
5752.0264
5851.1528
5978.0054
5769.4487
5948.9771
6024.7134
6182.1929
6374.8013
6226.6216
6194.7368
6321.4619
6432.8804
6434.3867
6534.5034
6727.9946
6797.0171
7083.8374
7185.0171
7177.9155
7227.5498
7208.6406
7226.7417
7216.7729
7302.5225
7314.2417
7211.9448
7182.0425
7102.2969
7013.1396
6832.4307
6712.0083
6618.9980
6648.2734
6548.1250
6490.1509
6603.8081
6963.7910
7032.7056
6976.4141
6956.7764
6532.9063
6614.0332
6686.1904
6956.7764
7042.1006
6971.3062
6228.3228
6198.2896
6178.3716
6171.1689
6281.0200
6276.9839
6421.9263
6445.4604
6956.7764
6969.5444
6956.7764
7032.2305
7472.4907
7551.3237
7651.7935
7598.8970
7598.5386
7503.2109
7442.5332
7426.2461
7210.7412
7006.8477
6891.5103
6851.9082
6950.6797
6954.7432
7020.3345
6917.5444
6965.3608
6895.9043
6762.8076
6652.2124
6629.9990
6648.6504
6519.5752
6578.9526
6715.8013
6572.0317
6650.6611
6831.2095
6461.1626
6370.7690
6282.6318
6211.8682
6369.8267
6293.6216
6275.4160
6453.3057
6155.7173
5988.7954
5653.5913
5724.5967
5940.3960
5811.3022
5895.9097
5906.7246
6073.9238
5836.6313
5795.8525
5984.1851
6243.1270
6134.9375
6270.3247
6259.0781
6202.8042
6293.0605
6425.4326
6703.4199
7089.7344
6987.1968
6956.7764
7058.5942
7125.6016
7128.0562
7119.9985
7194.0459
7141.9585
7206.8579
7235.6157
7152.1362
7108.3364
6935.4082
6703.4419
6580.1353
6437.6709
6406.6646
6490.9292
6260.2837
6243.9604
6292.4707
7015.4927
6956.7764
6956.7764
6956.7764
6283.8472
6250.7705
6220.8911
6303.2305
6359.6665
6217.7441
6149.1318
6037.2368
6256.1797
6083.2612
6026.5928
6036.2520
6184.2749
6141.5083
6438.2998
6420.7451
6554.2798
6530.8438
7610.4663
7636.5693
7670.2285
7615.7832
7451.3472
7462.9648
7554.9229
7477.4639
7494.3809
7475.4106
7379.7314
7170.7954
7085.2515
7181.8291
7149.8613
7155.7378
7107.2061
7099.2690
7210.4502
7083.5728
6856.2104
6708.1699
6582.0454
6616.9604
6578.0972
6469.8315
6568.2710
6468.4160
6421.9414
6422.0103
6262.8032
6133.4634
5991.9590
6065.3394
6019.7319
6068.7183
6036.6689
5732.6665
5625.9229
5779.5273
5659.3174
5704.2700
5674.9229
5889.3994
5894.6689
5916.4399
5915.0000
5969.6406
6079.8965
6144.1499
6189.9570
6326.8457
6356.2261
6392.1870
6621.4858
7058.3213
7032.1836
7041.4321
7030.8472
7175.0078
7155.3135
7129.6294
7194.5684
7200.7603
7221.2500
7175.1099
7198.9629
7266.4316
7147.9780
7063.2251
6741.3760
6633.7285
6353.7437
6301.3027
6075.3105
5959.1108
6023.2188
5984.2163
6004.2646
6066.2827
6052.2744
5951.8623
5917.0679
5882.7100
6025.7090
5856.1294
5913.4756
6032.7866
5897.1284
5764.7588
5950.6421
5891.2856
5873.3462
5943.0967
5823.7236
5916.8706
5995.0078
5948.8013
6023.1201
6001.1489
7790.9526
7732.2646
7733.3789
7607.6372
7599.4966
7721.8931
7663.9658
7662.5566
7716.5020
7592.6758
7497.9644
7475.8853
7469.7900
7474.3369
7418.8682
7497.0420
7385.4141
7290.6123
7294.2817
7177.6362
7053.6382
6898.6548
6836.5835
6789.0957
6626.4473
6538.2998
6499.7080
6601.4727
6427.9751
6350.6074
6371.3027
6125.5654
6086.8999
6034.4937
6057.7085
5984.2456
6064.9624
5735.8892
5618.6885
5622.0420
5728.7993
5620.8911
5646.2256
5666.3906
5866.0522
6054.8442
5965.8936
6092.7305
6459.3628
6305.0151
6194.8682
6276.3906
6384.5034
6665.6001
6993.2559
7092.7056
7148.3867
7056.4858
7067.6904
7044.5293
7092.1304
7111.5552
7170.0229
7287.3140
7225.8550
7313.3242
7240.2095
7214.1099
7142.6870
7096.6582
7047.7515
6723.1768
6420.2153
6121.1235
6092.9321
6043.4009
6131.3486
5853.4419
5766.6655
5754.1421
5920.3486
5917.4629
5687.7441
5676.6226
5618.6885
5619.0791
5703.5537
5702.5063
5647.6563
5848.6025
6106.3047
5882.2603
5923.0967
5866.7305
6042.8926
5849.2686
5668.0845
5628.2129
5701.3091
5711.0352
7894.1230
7931.3892
7916.8462
7886.3726
7725.7432
7618.4824
7630.5664
7715.1606
7746.6460
7701.3096
7603.9448
7571.1182
7427.0435
7566.5439
7690.3916
7639.7568
7692.6440
7671.4023
7482.9644
7307.4502
7246.4463
7277.0059
7158.2373
7139.4014
7053.4111
6884.0137
6669.3301
6575.4961
6418.3955
6396.5063
6216.9678
6168.5947
6016.5039
6046.6201
6262.4966
6070.4995
5953.0449
5875.8394
5693.1055
5695.0234
5811.7495
5723.5845
5731.2017
5845.5049
5975.3833
6022.4131
6233.5840
6208.6606
6366.1831
6418.4512
6557.8276
6516.6592
6682.2964
6994.4897
7132.1133
7163.0776
7090.0234
7127.6265
7093.1035
6956.7764
7105.8398
7208.6733
7344.6416
7340.4019
7356.1367
7438.7798
7515.3208
7421.1421
7343.8784
7260.9224
7187.7944
6956.7764
6577.6201
6392.3882
6176.4634
6206.2339
6082.3989
6021.3447
5708.6836
5618.6885
5750.8193
5629.0249
5618.6885
5618.6885
5626.4609
5618.6885
5618.6885
5620.2017
5618.6885
5791.0015
5619.5659
5619.8525
5723.4282
5657.2031
5865.6489
5629.2524
5618.6885
5621.5151
5653.8745
5808.1846
8043.2261
7934.2393
7996.0898
8001.8828
7939.5664
7910.0562
7932.4585
7899.9463
7840.2451
7766.1528
7774.5215
7723.1050
7844.8599
7903.8940
7900.1445
7802.1362
7743.1675
7744.0679
7665.9634
7662.2368
7598.2363
7539.8477
7487.6147
7417.1060
7254.0405
7190.7349
7096.3037
6840.3071
6723.6475
6436.0645
6404.6987
6167.9771
6105.8716
6061.8496
6181.9971
6317.7173
6142.9297
6142.4048
5763.6846
5802.3677
5845.0229
6039.0664
5904.9224
6194.1899
6223.0195
6253.6470
6182.7896
6396.7827
6620.5269
6619.9683
6844.5586
7050.1528
7129.6963
7183.5249
7158.2700
7187.4214
7333.9385
7358.7329
7323.9102
7418.3618
7407.5303
7420.2637
7469.5898
7349.3135
7287.0703
7371.8032
7413.6904
7468.1768
7390.1392
7414.1812
7197.3452
6964.9907
6725.1733
6534.5469
6397.0200
6443.8501
6664.1812
6250.1431
5991.4653
5719.2065
5731.3696
5833.8452
5665.6792
5641.1792
5719.5068
5618.6885
5620.2012
5618.6885
5620.1904
5618.6885
5618.6885
5618.6885
5618.6885
5618.7993
5622.3867
5619.9316
5619.9590
5618.6885
5618.6885
5618.6885
8121.2222
8043.6123
8092.4512
8035.5288
7931.6484
7929.7813
7962.3423
8020.1221
8020.1787
7922.2085
7881.2861
7897.5034
7953.3413
7994.5688
7939.4761
7980.8472
7967.6211
7952.7236
7871.1890
7777.8276
7702.5098
7744.5400
7590.9819
7524.4741
7462.7563
7367.1685
7189.8350
6994.7910
6705.1948
6522.2666
6415.0439
6318.2769
6288.8477
6270.1294
6539.4624
6216.2046
6186.7515
6064.3481
6039.7437
5978.4048
5939.2104
6086.3159
6347.2314
6257.4058
6427.2515
6731.1919
6651.5620
6722.4478
6722.4590
6903.3579
7046.4976
7176.1377
7231.6880
7341.4917
7474.6045
7490.9033
7527.7866
7494.4907
7505.1489
7562.5933
7470.9053
7553.6514
7579.3945
7549.2842
7558.1006
7587.3950
7486.4658
7561.6479
7631.3452
7508.9717
7413.6372
7298.7515
7208.3359
7043.9961
6660.9111
6574.6626
6652.6821
6335.2729
6080.2271
5930.8608
5835.2974
5692.9761
5834.3477
5633.5830
5696.1753
5901.8823
5830.2075
5669.3755
5674.7534
5644.9209
5618.6885
5694.1577
5618.6885
5623.0244
5619.3257
5655.5771
5621.5415
5618.6885
5619.4463
5618.6885
8092.6353
8062.7563
8088.4243
7972.5527
8029.1689
8018.2852
8084.0049
8054.2446
8139.0488
8034.3306
7956.9102
7998.0493
8021.7744
8024.0098
8075.7422
7989.5928
7948.4341
8092.2988
8027.5166
7958.5762
7848.8599
7823.5093
7823.0034
7557.4561
7512.1689
7322.4971
7211.8560
7139.5366
6998.2690
6619.2891
6586.0391
6357.4087
6288.9756
6327.6021
6133.1089
6236.2461
6174.8564
6120.6353
6165.8857
6374.6597
6243.7285
6285.5483
6439.9893
6475.7583
6593.2910
6621.1035
6763.7505
7015.1987
7212.7764
7302.1489
7334.0811
7475.9912
7664.5742
7658.8853
7669.5771
7498.7847
7516.1650
7546.9956
7610.0322
7630.6172
7701.0811
7729.6626
7614.7847
7742.6714
7700.8325
7650.9697
7647.6606
7745.2036
7699.8828
7676.5620
7574.9434
7564.3647
7367.8462
7309.8379
6955.7710
6785.4111
6584.2188
6393.2876
6302.1499
6299.9795
6046.3511
5852.6064
5726.7998
5901.6982
6053.3677
6315.8721
6085.0693
6059.3037
5988.6035
6077.9443
5951.2319
5849.8032
5919.7388
5744.6348
5809.3721
5679.4102
5619.1372
5618.6885
5641.1211
5676.2334
8148.4819
8125.6533
8070.3535
8192.6934
8096.2925
8017.7598
7919.0493
8021.0566
8019.2847
8096.6025
7991.7358
8033.1611
8100.9004
8025.5996
7999.7417
7966.8018
7863.3008
7964.1655
8004.3716
7961.0493
7955.0747
7813.0840
7697.9355
7654.4175
7540.8315
7492.0293
7356.1963
7311.3721
7083.6411
6867.3286
6621.5396
6553.7051
6366.1665
6155.7974
6054.9912
6147.4497
6349.9023
6234.1245
6166.2705
6374.9839
6336.3394
6403.0723
6469.5830
6519.5845
6726.2119
6852.2632
7036.9697
7319.1436
7450.8286
7559.4468
7615.8555
7684.4565
7816.9253
7914.7632
7730.7749
7691.3057
7748.8745
7748.7969
7802.9536
7730.8262
7695.3765
7624.6499
7686.3823
7779.6548
7808.8247
7826.3701
7761.4634
7742.4219
7743.2051
7524.8975
7551.9023
7497.5469
7485.0625
7429.0044
7307.9282
6961.5620
6884.1895
6631.0596
6482.1343
6386.1846
6421.8584
6226.7793
6200.7407
6069.9502
6029.1519
6121.3457
6133.8882
6258.1509
6290.3369
6479.7832
6282.5771
6291.4229
6166.0220
5940.5254
6013.7349
6045.9565
5877.8467
5878.1929
6064.1274
5910.8438
8260.8184
8246.3574
8294.7344
8325.5225
8271.6816
8237.1035
8191.8008
8206.4707
8063.7095
8111.0591
8071.0913
8253.2510
8255.9453
8276.3555
8160.9004
8103.8755
7983.1948
7985.3013
7970.4497
7986.2158
7968.9390
7871.3105
7727.6118
7788.7920
7593.1230
7351.7012
7428.1807
7248.6870
7204.7725
7102.5957
7026.5576
6796.3618
6494.5850
6467.6147
6398.7441
6339.9443
6558.8364
6436.6841
6433.2544
6508.4722
6609.2339
6693.7251
6903.3765
6878.6899
7120.0615
7191.3018
7200.8857
7358.6426
7551.4111
7705.5444
7831.5742
7876.4824
7898.5889
7911.9297
7958.5889
7866.2808
7825.7085
7775.9170
7736.1426
7654.5537
7746.1084
7738.4517
7707.5234
7649.0933
7579.1060
7444.8716
7563.8604
7742.8354
7712.5869
7535.2119
7485.1665
7470.2720
7415.9385
7364.1089
7271.0601
7182.2363
7008.6978
6874.1396
6891.8477
6756.6094
6721.8159
6527.7090
6498.9795
6287.1606
6267.8027
6324.5757
6482.6357
6658.1416
6601.4922
6568.0327
6375.9375
6360.7012
6413.9790
6418.6689
6401.6328
6440.0337
6095.1743
6040.9248
5940.1528
5982.2920
8273.6406
8244.2510
8281.7734
8362.1758
8367.8389
8372.6221
8292.1924
8467.1865
8441.7100
8440.5020
8441.9111
8309.6240
8459.0967
8459.0459
8404.7598
8264.7686
8288.9688
8389.0596
8256.0449
8251.1787
8170.4292
7948.7075
7903.9126
7891.1436
7825.1030
7719.7534
7683.6660
7575.6265
7482.8818
7234.1084
7206.5615
7116.8076
7035.8257
6853.8369
6756.3379
6891.3086
6774.7061
6888.1416
6910.5283
6978.0635
6980.9937
7036.9297
7126.1895
7170.7954
7346.3818
7440.4897
7594.6592
7646.1035
7729.0767
7829.8403
7841.7007
7900.2090
7876.8931
8043.1328
8130.1143
8008.9897
7969.1777
7938.5894
7914.7681
7919.0293
7884.5757
7852.9858
7871.2568
7733.3745
7581.1528
7555.8833
7474.1597
7610.8823
7566.7988
7676.9648
7680.8872
7690.4067
7513.6519
7468.1650
7448.1084
7376.1758
7303.8999
7311.6748
7291.6387
7198.6084
7066.6743
6956.7764
6956.7764
6624.0781
6624.6792
6746.1343
6956.7764
7018.1304
7026.2808
6980.0249
6714.5845
6624.3145
6721.7090
7045.9067
7000.5439
6640.6021
6338.4902
6137.4873
6036.6733
6132.4727
8071.9004
8253.0762
8302.4521
8335.0479
8428.2617
8366.1006
8401.9033
8450.1855
8495.7646
8426.3652
8422.9277
8289.0498
8340.6436
8444.6641
8459.7959
8498.8486
8494.8145
8472.8428
8347.4180
8247.3379
8294.0186
8288.8672
8242.8262
8085.9155
7965.4985
7891.8789
7729.1514
7683.9907
7722.0728
7687.7041
7603.8232
7497.9150
7447.3682
7433.5010
7374.5137
7449.8320
7449.3477
7407.9282
7565.2563
7685.7539
7554.5552
7488.5605
7472.1074
7569.0630
7700.5400
7589.3423
7572.6973
7669.8232
7629.9380
7682.7212
7770.9990
7846.3838
7968.0742
8152.7744
8195.9941
8172.5264
8178.8784
8042.4248
8065.0200
7991.5083
8016.2407
7924.2813
7958.5859
7838.9888
7689.3335
7710.5464
7568.1797
7621.2983
7658.9604
7634.1138
7588.5854
7711.3828
7537.2559
7626.5776
7517.7910
7392.9854
7433.1689
7409.0850
7398.2212
7320.9082
7292.7842
7299.0986
7187.3921
7177.1323
7181.2432
7198.6626
7245.6089
7223.4912
7215.4766
7216.7764
7196.9585
7100.3931
7035.8452
7075.6045
6996.5488
6956.7764
6536.6899
6232.4971
6057.7490
5957.1216
8182.1240
8265.3545
8460.0840
8594.0674
8544.9707
8490.5889
8516.4023
8444.6387
8495.7734
8550.2354
8495.2402
8561.2168
8577.4141
8589.8984
8519.5322
8455.0000
8539.1963
8523.6377
8490.3438
8453.9766
8371.1592
8436.1680
8318.1924
8297.0371
8271.8477
8300.1016
8180.1733
7926.4917
8016.1597
7981.2349
7925.0410
7962.2544
7949.9922
7936.8271
7862.9492
7857.8555
7829.9331
7833.7275
7890.8384
7823.9834
7708.2920
7764.5654
7911.6230
7883.7427
7886.4619
7784.6094
7710.1621
7561.8789
7724.6875
7855.0142
7911.8354
7860.9434
8076.8901
8180.6982
8190.2769
8279.6592
8330.9199
8214.0605
8039.0859
8104.0820
8042.9829
8043.5161
8001.7480
7945.8735
7937.6123
7849.3545
7727.1606
7744.1392
7727.6597
7799.4199
7818.1055
7728.1484
7765.3730
7775.7065
7628.5474
7533.2607
7590.8389
7512.3960
7588.0654
7581.0068
7554.0444
7487.4834
7520.7959
7465.1772
7487.0659
7417.1274
7512.9165
7482.8330
7487.5200
7548.3218
7441.1528
7378.7002
7219.6289
7171.0757
7088.5112
7037.6538
6956.7764
6444.3115
6273.6162
6200.9248
8409.9805
8447.4814
8511.7988
8570.6777
8704.4756
8629.8057
8591.4990
8582.5283
8555.3506
8526.2500
8552.4678
8591.7998
8582.8887
8578.5674
8470.5469
8566.0146
8582.5059
8550.4512
8584.0557
8506.2090
8371.6611
8210.2861
8219.6328
8333.3750
8276.5166
8082.4629
7997.6123
8162.1978
8100.6519
8034.1694
7980.7056
8008.6577
8046.5249
8211.2363
8168.1177
8073.9639
8081.0127
8147.6309
8210.3496
8056.5986
7982.0190
8098.2852
8066.3584
8152.4531
8062.6812
7974.0356
8051.1143
8104.0732
8092.7163
8069.9497
8190.8364
8184.0112
8256.6426
8247.2119
8306.6475
8171.6367
8166.2817
8173.3804
8049.9131
8015.5781
8089.8452
8043.6040
8049.6245
7973.9351
7941.1357
7970.8032
7914.0137
7840.3564
7731.8623
7759.7026
7703.7832
7759.2603
7765.3867
7768.4648
7755.4165
7449.5210
7496.6509
7534.0615
7647.2905
7539.5400
7480.3853
7500.0513
7501.7588
7466.0674
7612.8687
7611.3135
7560.3076
7585.7563
7577.0308
7577.4438
7484.8906
7407.3076
7426.3628
7385.1045
7192.9590
7134.6372
7028.7480
6956.7764
6716.4326
6575.8354
8526.0068
8561.7402
8541.5176
8554.1914
8706.3379
8736.0098
8540.8447
8415.5752
8503.7646
8527.7031
8597.1953
8547.2207
8541.9170
8505.0703
8582.4619
8590.3838
8589.2314
8477.5430
8467.0957
8316.5371
8374.9238
8286.6641
8278.2568
8347.8428
8320.5166
8255.7266
8326.8262
8388.8672
8235.8301
8230.2334
8383.5352
8376.7949
8283.2422
8390.2969
8281.3936
8438.4951
8433.1270
8394.6934
8264.9424
8364.5430
8321.6133
8264.5986
8229.5635
8267.8750
8247.1914
8262.4688
8358.1855
8346.4521
8287.1514
8374.9063
8263.5313
8332.6328
8340.0811
8293.0986
8297.1309
8240.6855
8251.1445
8174.4727
8174.1729
8128.6274
8045.2827
7992.4458
8013.4702
7973.4673
7947.8379
7929.8296
7900.4761
7721.1367
7770.1563
7809.3320
7741.1362
7704.5293
7743.7656
7727.0981
7771.5171
7734.5313
7722.9404
7693.9956
7577.0288
7459.0083
7432.5000
7426.3398
7414.8574
7417.3418
7544.6943
7703.4717
7723.2573
7846.3887
7790.5581
7758.2207
7730.1362
7625.0557
7581.8994
7573.8511
7391.7998
7302.2480
7295.1143
7207.8086
7108.0269
7070.0049
8662.4775
8752.6094
8715.7295
8715.7480
8736.9648
8692.9541
8716.4912
8604.6348
8574.4902
8693.2656
8629.7529
8717.8779
8762.8701
8664.9609
8559.0508
8547.1230
8514.5645
8409.9238
8508.0791
8489.6348
8578.5908
8571.6660
8490.6768
8594.1455
8530.2070
8459.0156
8579.1641
8544.3262
8606.7578
8703.6445
8599.6572
8581.7939
8644.4688
8574.9141
8574.6221
8587.4570
8663.3115
8560.7998
8563.3838
8491.1914
8500.7246
8556.1006
8593.3555
8601.7373
8683.0586
8630.3818
8481.2041
8593.9229
8590.2305
8580.5928
8503.5439
8415.4717
8356.7432
8198.1973
8256.2275
8285.3877
8272.6162
8226.6211
8240.3135
8217.8457
8168.1191
8174.7441
8016.1567
7981.1021
8042.0723
8024.3960
7937.3701
7920.5483
7950.4375
7917.1587
7859.1157
7753.6177
7787.3760
7767.5088
7756.0864
7766.1118
7800.5273
7828.2725
7717.2788
7741.2007
7598.9810
7492.3442
7602.9868
7502.9072
7571.2280
7746.2788
7787.7598
7809.0928
7699.7261
7849.1484
7898.5889
7860.7432
7901.2480
7912.9116
7816.6489
7662.8872
7681.0566
7446.6729
7422.1406
7246.8647
8598.0449
8603.6377
8744.8779
8769.8008
8808.5850
8737.0430
8720.0713
8616.8008
8609.6709
8633.3594
8711.1660
8744.5400
8669.5146
8532.9180
8591.4727
8730.7354
8709.6533
8606.6064
8585.2695
8723.1455
8699.9082
8612.5703
8625.4355
8609.0293
8602.1455
8622.1172
8753.8350
8796.2090
8757.3613
8713.4248
8721.7100
8746.5625
8819.8828
8851.6846
8842.1689
8837.8711
8830.1006
8774.4854
8742.9121
8758.1895
8613.9375
8649.3281
8605.6045
8717.2549
8766.9980
8708.0596
8611.2344
8688.1348
8587.4805
8440.6172
8396.8574
8265.8457
8093.8354
8197.2422
8225.3086
8193.2617
8117.7749
8214.9014
8170.1982
8072.5884
7997.6470
8013.1538
8028.8970
8095.5244
8033.1909
8087.0137
8028.1060
7922.9819
7835.8936
7851.9683
7932.3564
7906.4512
7922.7739
7832.6108
7746.8735
7837.7729
7885.2256
7876.5347
7883.2070
7815.7266
7795.5176
7750.3115
7785.6729
7762.9863
7793.7788
7825.1582
7895.9844
7899.3281
7881.9883
7845.6118
7880.2925
7927.8506
7925.6597
7936.2295
7891.9775
7922.2251
7760.7368
7689.8237
7732.1328
7611.3286
8549.3389
8594.7227
8576.4180
8629.6484
8609.6143
8628.3438
8628.4004
8574.3164
8612.8076
8585.3662
8733.3613
8802.0938
8731.3154
8777.6182
8788.5801
8751.7148
8709.7793
8651.6777
8610.0527
8557.9131
8604.6279
8730.3730
8758.8877
8726.6250
8817.9326
8822.3555
8790.7949
8832.1416
8798.4922
8740.8818
8729.0313
8785.3818
8841.6563
8865.6992
8863.6953
8862.0156
8834.9336
8856.0957
8856.1660
8833.6172
8841.8574
8803.5830
8803.7939
8763.6064
8650.0859
8626.5674
8629.3740
8731.6504
8675.9365
8594.6377
8525.5098
8486.3975
8467.8447
8200.3418
8225.3809
8191.7563
8114.8247
8134.7412
8036.3794
8072.5117
8023.4946
8135.6426
8096.4409
8080.2051
8043.2803
7923.5322
7929.8345
7951.5078
7921.5166
8004.9668
7972.6860
7998.6626
7981.9653
7908.7124
7941.9370
7932.4194
7853.6592
7786.4878
7629.9263
7753.8989
7859.0469
7891.1880
7786.1079
7757.5176
7765.7520
7852.7085
7914.3521
7941.8633
8013.7373
8017.6855
7967.1523
7957.1377
7951.1011
7923.2983
7918.3896
7926.8311
7904.3584
7863.7896
7838.2983
7831.3862
8516.3477
8560.3174
8702.4951
8619.1309
8589.7490
8599.8955
8605.4639
8720.8506
8639.6748
8592.7109
8651.1914
8731.1328
8740.7412
8807.8896
8831.7988
8855.0869
8863.6357
8790.5469
8830.9258
8804.9619
8832.3164
8833.7139
8865.6992
8865.6992
8850.7295
8865.6992
8860.7148
8853.8418
8865.6992
8865.6992
8855.1338
8863.1777
8865.6992
8865.6992
8864.4180
8863.6064
8860.6641
8838.6855
8865.5820
8865.6992
8862.8408
8865.6992
8843.2236
8864.3047
8858.3486
8796.5107
8732.1309
8554.4072
8598.2227
8479.7451
8331.8213
8469.6631
8272.7930
8193.6152
8145.6099
8013.3560
8030.0356
8045.3213
8036.1118
8024.9390
8077.2886
7912.4512
7795.3120
7891.8198
7887.0264
7952.1523
7966.5894
8015.1294
8014.1880
7961.6426
7926.8921
7893.8135
7921.6133
7810.5913
7853.0015
7949.1948
7860.1152
7921.9712
7924.3408
7915.0073
7919.0078
7922.1416
7986.3833
7914.1934
7902.2764
7784.6470
7824.7788
7949.4023
7919.0171
7941.0537
7952.6001
8013.2432
8011.5161
7985.5142
7964.4043
7968.2793
7926.2295
7877.6187
7956.8477
7942.1328
8572.0986
8557.4561
8707.7207
8682.4004
8652.3213
8769.5654
8793.9951
8799.4561
8750.9346
8824.1084
8791.4375
8862.6934
8864.9004
8853.7109
8862.6191
8865.6992
8865.6992
8862.4521
8865.6992
8864.5381
8865.6992
8860.8086
8855.0811
8862.4521
8865.6992
8865.6992
8860.2246
8858.7236
8865.6992
8848.0195
8852.0576
8856.8613
8860.7686
8865.6992
8865.6992
8840.9150
8863.0859
8865.6992
8865.6992
8859.6387
8865.6992
8865.6992
8865.6992
8858.2500
8865.6992
8838.4609
8700.6719
8578.6426
8502.6523
8477.8076
8416.7539
8484.6270
8182.7227
8196.4355
8145.1489
8085.6030
8163.7974
8080.4204
8016.8608
7980.5791
7938.3628
7942.5190
7880.6738
7822.6685
7800.1704
7689.5483
7808.8472
7824.4341
7767.2842
7759.0840
7704.7124
7665.7573
7727.1978
7740.5923
7747.1509
7801.6582
7865.8457
7955.5552
7933.8066
7937.6299
7918.1807
7877.6367
7933.2246
7886.6045
7918.3491
7948.4463
7936.5063
7957.7183
8008.7422
7966.4165
8000.3135
8035.3618
8143.4658
7983.0068
7993.2378
7947.0757
7942.5923
7952.6797
7921.9238
8022.6265
8513.6631
8524.9590
8571.3711
8616.2871
8612.6064
8679.0029
8567.0303
8612.1914
8746.1396
8794.6846
8850.9600
8865.6992
8854.2949
8865.6514
8865.6992
8865.6992
8865.6992
8855.6270
8864.7930
8865.6992
8865.6992
8855.7744
8865.6992
8865.6992
8865.6992
8865.6992
8865.6992
8853.3535
8865.6992
8865.6992
8862.8438
8852.6729
8857.9121
8865.6992
8854.6182
8855.0957
8865.2227
8865.6992
8861.5293
8845.1318
8865.6992
8865.6992
8861.7129
8865.6992
8865.6992
8835.8975
8751.0469
8650.8867
8553.3789
8447.3760
8235.4443
8103.9292
8065.8975
8021.2300
7955.1455
7894.4956
7921.2095
7887.1523
7792.6890
7908.5029
7802.1123
7725.7339
7608.8110
7545.5723
7544.3125
7588.3169
7153.3755
7087.5718
7066.1641
7116.8296
7125.2393
7170.7954
7158.3438
7148.0029
7633.5029
7712.7617
7838.3877
7919.4741
7897.4146
7874.7153
7954.5444
7924.3975
7962.5405
7933.6226
7884.7197
7848.0264
8084.3281
8063.6997
8117.5562
7953.1826
7922.9795
7948.9038
7935.4077
7930.3408
7921.0430
7930.8682
7992.5176
8115.4629
7982.8242
8157.3174
8583.4014
8527.7451
8482.2627
8489.0234
8349.2578
8496.1826
8546.7158
8635.4678
8595.7383
8658.3125
8757.9033
8829.2197
8846.0127
8835.3613
8862.5557
8859.3242
8865.6992
8861.4893
8852.6182
8865.6992
8865.6992
8843.5957
8865.6992
8865.6992
8859.9824
8857.7354
8849.3535
8864.0869
8862.5547
8844.2598
8853.4775
8865.6992
8865.6992
8863.7100
8865.6992
8865.6992
8838.9258
8856.8281
8865.6992
8863.8066
8865.6992
8853.7559
8860.9082
8851.4326
8865.6992
8864.7266
8831.5068
8684.7422
8501.1211
8317.8271
8014.9585
7170.7954
7170.7954
7099.0464
7163.5107
7170.7954
7079.1182
7162.9141
7170.7954
7170.7954
7169.3623
7170.7954
7170.7954
7054.1992
7170.7954
7083.4746
7013.6270
7016.7295
6981.0767
7019.2632
7170.7954
7170.7954
7170.7954
7418.8340
7645.8081
7783.5820
7838.6387
7929.2646
7924.5825
8022.0723
8035.4771
8058.3374
8034.8848
7909.7441
7965.2144
7899.9272
7975.3125
8027.3745
8030.0229
7957.7749
7875.2075
7937.9863
7966.1821
8019.2925
8029.6035
8025.8076
8070.3506
8018.3945
8058.4170
8159.8032
8567.8232
8582.1699
8663.7324
8593.1855
8541.7822
8617.2813
8577.1230
8604.3271
8651.2148
8731.4893
8740.9014
8760.1836
8738.0635
8720.5859
8813.8652
8865.6992
8865.6992
8853.2266
8847.8418
8865.6992
8860.5625
8865.6992
8853.7900
8865.6992
8865.6992
8854.6475
8865.6992
8865.4434
8865.6992
8865.6992
8856.2842
8865.6992
8865.6992
8862.2207
8856.8027
8860.8203
8865.6992
8859.2744
8865.6992
8859.1602
8865.6992
8865.6992
8848.9375
8849.2412
8865.6992
8850.3076
8864.6426
8786.0615
8577.0732
8269.4287
7949.9268
7636.3374
7170.7954
7092.3589
7170.7954
6980.4546
6995.9722
6882.0703
6917.0303
6976.3442
7003.3438
6941.1123
7083.4663
6959.4614
6888.7632
6979.7480
6808.4829
6918.7529
7170.7954
7170.7954
7514.9854
7674.2334
7711.3252
7831.7817
7921.9380
8006.5464
7932.9204
7970.2832
7984.4194
8055.1938
8196.5957
8209.6035
8032.2212
8120.5166
8000.4824
8059.4180
8121.6011
8166.4063
8166.3516
8073.2773
7940.4609
7994.8418
8009.9849
8018.2368
7964.2139
7979.3398
7988.2690
8061.4321
7932.6177
7997.8716
8606.9473
8671.9355
8499.8545
8547.2158
8560.0186
8579.0967
8617.3086
8697.5303
8682.3066
8762.8789
8618.4727
8605.1758
8569.0684
8784.2246
8786.6104
8847.9199
8865.3301
8865.6992
8865.6992
8865.6992
8860.5430
8853.8799
8865.6992
8865.6992
8865.6992
8854.1318
8865.6992
8864.7236
8865.6992
8865.6992
8865.6992
8856.9199
8865.6992
8865.6992
8865.6992
8849.9873
8863.6660
8857.2969
8860.2100
8858.9238
8860.9951
8842.9209
8864.1025
8865.6992
8865.6992
8865.6992
8848.5674
8847.6670
8736.2363
8422.6934
8179.5205
7878.4897
7716.6313
7170.7954
7170.7954
7017.8745
6943.5112
6924.0801
7138.9478
7000.3804
6886.7603
6791.4443
6971.4829
7033.1958
6919.3047
6947.6919
6859.7070
6880.5337
6993.0024
7423.7007
7593.8677
7555.4131
7705.7778
7833.4541
7909.4673
7972.7642
7949.5220
8027.5093
8187.2817
8017.1948
8048.1587
8187.8003
8158.3457
8258.1660
8262.7832
8223.1426
8138.0327
8117.9150
8114.3120
7996.1704
8047.7075
8070.9727
8072.7017
8169.4653
8010.0454
7972.6060
7981.7734
7991.3667
7970.2705
8043.2798
8792.2734
8757.9600
8744.0957
8685.8184
8720.4463
8715.2588
8738.9570
8778.0381
8713.0068
8586.1592
8433.0742
8291.9023
8503.4248
8530.0986
8722.8965
8746.6865
8838.9795
8862.9658
8865.6992
8865.6992
8865.6992
8860.8350
8865.6992
8859.4541
8865.6992
8864.9453
8865.6992
8865.6992
8865.6992
8865.6992
8864.8799
8865.6992
8865.2490
8865.6992
8860.3271
8863.1895
8863.1865
8858.9424
8865.6992
8865.6992
8858.4502
8865.6992
8865.6992
8859.0869
8865.6992
8864.0400
8811.3818
8769.8682
8644.7031
8592.9746
8428.6211
8299.4131
8060.1323
7909.3481
7741.9395
7160.6797
7170.7954
6980.3594
6810.7944
6775.3066
6744.9741
6842.0703
6916.2485
7105.6753
6954.2139
7049.8696
6971.0752
7181.9360
7351.9819
7580.7017
7670.3550
7784.3965
7865.3389
7900.7759
7952.8799
8048.6250
7971.6797
7961.1484
7968.0454
7951.4102
8075.0869
7963.2954
8043.9326
7938.4355
7867.6807
7978.4028
8039.8901
8226.7607
8129.7192
8035.0313
7950.0781
7939.7754
7894.7500
7916.9180
7812.9175
7914.9404
8002.9287
7980.7690
8038.9937
7887.0420
8738.2637
8732.6953
8665.2080
8737.5771
8733.4482
8729.2090
8732.6963
8596.2754
8599.1504
8590.6455
8583.0830
8547.2734
8470.4160
8598.9453
8611.7393
8707.9932
8736.3262
8802.5518
8839.9238
8865.6992
8865.6992
8862.1709
8857.1357
8861.4209
8849.2207
8863.6680
8855.7178
8862.1748
8857.6777
8863.9365
8858.8379
8850.0098
8865.6992
8865.6992
8853.4805
8860.9287
8863.7656
8865.6992
8855.5303
8863.4150
8845.7510
8856.6152
8860.4229
8864.0762
8863.5098
8859.9746
8862.8643
8857.1133
8859.4414
8793.7236
8659.1514
8523.9658
8422.5684
8273.4365
8198.2344
7976.8306
7565.2119
7170.7954
7036.0122
6848.4834
6770.3716
6891.9087
6860.6479
6875.8506
6796.6953
6991.9097
7059.1084
7280.6772
7578.5522
7718.9512
7853.9116
7818.4702
7864.3130
7850.2368
7964.0659
7998.2026
7987.2305
8077.0151
8029.5747
8041.7583
7958.8276
7978.0435
7996.0059
8032.8960
8071.2695
8017.5166
7994.9453
7919.3809
7829.8857
7740.1294
7830.8564
7901.2368
7930.3496
7937.7144
7909.0981
7934.2227
7859.9473
7927.0371
7909.8354
7784.2949
8612.6299
8598.0098
8607.6270
8711.5410
8709.6309
8661.3301
8686.2432
8635.2695
8678.5078
8699.1387
8588.3760
8597.2588
8574.8848
8572.1973
8492.4268
8594.2783
8568.2178
8723.9473
8799.9609
8865.6992
8858.6211
8865.6992
8864.6094
8851.9512
8865.6992
8857.5479
8863.2871
8865.6992
8865.6992
8860.8740
8862.1914
8865.6992
8857.7246
8865.6992
8865.6992
8849.9121
8865.6992
8861.6514
8865.6992
8865.6992
8865.6992
8854.8994
8865.6992
8865.6992
8865.6992
8859.2813
8865.6992
8865.6992
8865.6992
8797.2813
8785.0664
8733.4580
8510.8271
8400.4785
8275.8398
8242.0430
8120.9141
7675.1289
7132.5005
7052.5020
6912.8584
6927.0454
6830.9932
6909.7612
6908.2534
7170.7954
7472.6436
7599.9067
7834.5039
7934.7715
7794.1338
7866.1494
7886.2593
7921.1416
7938.4346
7939.9248
7908.9785
7961.0454
7941.6851
7949.3340
7938.2900
7995.0278
7978.8618
7933.8330
7862.1528
7941.6567
7901.8599
7832.6758
7896.3491
7849.5586
7847.7837
7822.6606
7804.7271
7838.2671
7892.6343
7888.9038
7884.7715
7815.3457
7836.7847
7812.8711
8595.0869
8642.6855
8650.8066
8716.5137
8642.6709
8587.6807
8574.4180
8658.6367
8590.9854
8558.5342
8655.3105
8744.9668
8597.5371
8486.5215
8419.6680
8520.6748
8576.2051
8762.7070
8811.4277
8837.2207
8854.1816
8862.1504
8859.0898
8861.1816
8856.7676
8860.7441
8865.6992
8859.9004
8863.2354
8865.6992
8850.9199
8862.4717
8865.6992
8865.6992
8835.2627
8865.6992
8854.8955
8865.6992
8860.4785
8861.4541
8851.6113
8857.8643
8858.0186
8859.5576
8865.6992
8865.6992
8859.4063
8865.6992
8850.0908
8865.6992
8865.5537
8808.5713
8702.1709
8702.2188
8589.7754
8564.6201
8314.1211
8211.8613
7872.0923
7610.5967
7170.7954
7170.7954
7151.9639
7010.3892
7097.2886
7421.8169
7640.1343
7759.4390
7914.6895
7925.2720
7898.9429
7888.0488
7905.0815
7958.0420
7925.9863
7979.3760
7975.0615
7927.9897
7844.1113
7889.0723
7834.5601
7855.5801
7898.4961
7892.2769
7850.0181
7932.2856
7913.4858
7938.6040
7879.6826
7961.9780
7948.2783
8010.6509
7921.7686
7850.1196
7744.3452
7788.1743
7742.8154
7710.1846
7707.4736
7575.4800
8647.7568
8670.6250
8611.3076
8582.6348
8471.2344
8369.7686
8259.3223
8308.6328
8374.5752
8556.7012
8596.5186
8709.9473
8620.9980
8625.9063
8631.7813
8753.9883
8816.3223
8830.3350
8838.7334
8865.6992
8865.6992
8865.5928
8865.6992
8857.7168
8854.7168
8865.6992
8865.6992
8865.6992
8848.0732
8860.4902
8858.9297
8857.7891
8855.9844
8865.6992
8855.1221
8865.6992
8865.6992
8864.1240
8853.3848
8848.3682
8865.6992
8856.6475
8865.6992
8863.5791
8865.0137
8865.6992
8865.6992
8865.6992
8862.6172
8863.2734
8863.6357
8815.1221
8814.7393
8742.0518
8734.5654
8583.1367
8496.3730
8425.4756
8260.7881
8351.5703
8236.3018
7715.0425
7170.7954
7300.5347
7455.3657
7582.1460
7733.7651
7840.7471
7937.2051
7960.6587
7994.7314
7983.9009
8008.4009
8019.6606
8119.7744
7975.3765
7964.6152
7871.1631
7634.6523
7719.7949
7751.4722
7683.6641
7744.4854
7777.4453
7830.9585
7867.5132
7936.2559
7945.0596
7934.6484
7953.8384
8025.3823
7915.2944
7906.1914
7801.4609
7740.3345
7585.0483
7602.6392
7522.8511
7448.9839
7441.5605
8592.8242
8554.6982
8541.1699
8554.4893
8572.7744
8545.6514
8537.8711
8477.7480
8580.3262
8569.3350
8592.5176
8729.4639
8768.4697
8808.0342
8850.6826
8834.9229
8858.2578
8794.7041
8865.6992
8865.6992
8863.6592
8865.6992
8865.0859
8865.0811
8865.6992
8853.9814
8860.2236
8857.7402
8865.6992
8862.1611
8865.6992
8865.6992
8865.6992
8865.6992
8860.8652
8859.3389
8865.6992
8859.3613
8865.6992
8860.7119
8865.6992
8865.6992
8864.6895
8865.6992
8861.7305
8865.6992
8865.6992
8861.2988
8846.2744
8846.5947
8862.4775
8850.9580
8802.3037
8719.8428
8698.9658
8654.1924
8585.4619
8590.4932
8556.5605
8483.8467
8320.1865
8027.3667
7921.4868
7942.0039
7962.1475
7905.4639
7916.7168
7936.9053
7922.1938
7903.9185
7870.4033
7910.0732
7877.6167
7956.6069
7984.6040
7991.0518
7890.0630
7815.7417
7791.5112
7672.6313
7579.7744
7540.8984
7601.3799
7574.8506
7665.9980
7715.1162
7655.7729
7668.7085
7721.4932
7775.4771
7857.1885
7866.7080
7844.1836
7809.5068
7601.8125
7368.7764
7261.4736
7079.1738
7098.5010
7170.7954
8682.4980
8554.9434
8563.3164
8681.2510
8579.0654
8705.9971
8713.5166
8663.2969
8591.3594
8616.2441
8761.3291
8792.9727
8799.2393
8854.5146
8865.6992
8865.6992
8861.3848
8861.2285
8831.7061
8865.6992
8849.3467
8864.2256
8865.6992
8865.6992
8864.3145
8850.9551
8860.9902
8863.6670
8865.6992
8865.6992
8865.6992
8861.3789
8843.0996
8864.4043
8865.6992
8845.7148
8865.6992
8864.0420
8859.3447
8865.6992
8865.6992
8853.9775
8865.6992
8863.5127
8862.6416
8851.8916
8865.6992
8855.0586
8865.6992
8849.1768
8845.7959
8860.4824
8823.0430
8787.4824
8646.0908
8693.2178
8484.0850
8540.8115
8503.5029
8495.6963
8441.1416
8291.5664
8266.5713
8229.4443
8265.5723
8120.4771
8008.1118
8045.7246
8166.8721
8063.9780
7989.5396
7910.8232
7915.9404
7900.3320
7905.1919
7902.0728
7782.4443
7703.7617
7659.1226
7507.2495
7138.9585
7012.9502
7091.5415
7133.7993
7073.4834
7077.7754
7245.3267
7314.0332
7357.0991
7443.0884
7460.5620
7503.2554
7170.7954
6976.7905
7170.7954
7007.3052
6899.8286
6891.8276
6907.7490
6733.5000
8689.3779
8730.9590
8597.9512
8575.3799
8602.3936
8613.7471
8758.4961
8778.9258
8782.8623
8758.4404
8828.9053
8864.2900
8841.3740
8865.6992
8856.8887
8854.9482
8864.6309
8864.1465
8865.6992
8863.0625
8865.6992
8862.7100
8798.1260
8864.9932
8856.4863
8865.6992
8865.6992
8856.2266
8858.8555
8865.6992
8863.9023
8865.6992
8838.3213
8865.6992
8862.6768
8865.6992
8865.6992
8863.8564
8863.6064
8865.6992
8865.6992
8865.6992
8865.6992
8865.6992
8826.6006
8865.6992
8864.8594
8857.6563
8849.9277
8865.6992
8865.6992
8865.6992
8861.0664
8821.7080
8738.9551
8718.9580
8585.7412
8582.3408
8552.8682
8554.7568
8507.6631
8482.4199
8364.1553
8443.3047
8382.3477
8218.5264
8230.8867
8183.4810
8078.9795
7942.0776
7920.9424
7803.2202
7887.7588
7735.9136
7403.5283
7158.8696
7170.7954
7140.3433
7083.4331
6993.5391
6880.5566
6800.2476
6958.8042
7091.5215
6951.5005
6894.7559
6799.5679
6920.1563
7013.1997
6986.7979
6939.3208
7011.9185
7056.1187
7170.7954
6897.5288
6770.6245
6746.9702
6615.3472
6587.8291
6609.4146
8712.8906
8716.3164
8763.0732
8753.6211
8755.3818
8703.2363
8756.2559
8604.5146
8692.9834
8636.0068
8767.5156
8834.8115
8862.6836
8857.8506
8856.0645
8839.4180
8763.7207
8839.9199
8853.9922
8865.6992
8865.6992
8865.6992
8856.8174
8865.6992
8865.6992
8840.5098
8863.1201
8864.4121
8865.6992
8861.5537
8865.3398
8863.9463
8862.8291
8865.6992
8865.2207
8864.4922
8859.9385
8855.9414
8855.2998
8865.6992
8865.6992
8865.6992
8849.8076
8856.9746
8865.6992
8865.6992
8865.6992
8855.4023
8865.6992
8865.6992
8865.6992
8865.6992
8824.0195
8756.5283
8576.9844
8534.0010
8416.2686
8328.7051
8272.7598
8274.4414
8239.5186
8201.7607
8231.8438
8273.8848
8288.7139
8236.4658
8228.8398
8037.5806
7943.2725
7715.4351
7568.1870
7163.8433
7466.5298
7464.7251
7433.9185
7280.6743
7216.0815
7181.1440
7035.0269
7170.7954
6930.0063
6710.0425
6780.6479
6879.7095
6857.8804
6849.8843
6874.9238
6875.9878
6765.3979
6791.8730
6704.8740
6887.5430
6818.9551
6737.7681
6725.0029
6707.3921
6527.7036
6484.0210
6612.4766
6462.1367
8761.1699
8759.7842
8740.0117
8767.7344
8786.6455
8741.4404
8715.5830
8765.7578
8787.9736
8806.4512
8853.8223
8851.0918
8848.9316
8857.1816
8865.6992
8856.6377
8865.6992
8865.6992
8865.6992
8865.6992
8865.6992
8865.6992
8862.7979
8865.6992
8865.6992
8859.6426
8856.7900
8863.8613
8859.5654
8860.2129
8865.6992
8860.7402
8865.6992
8865.2637
8865.6211
8865.2939
8865.6992
8850.9980
8862.0771
8865.5967
8856.2432
8865.6992
8848.0342
8865.6992
8865.6992
8863.1025
8864.0674
8847.8887
8815.3789
8721.5420
8673.3516
8583.1631
8346.1133
8246.2539
8025.3774
7891.7710
7727.7036
7761.2749
7853.4614
7898.3774
7956.5874
8083.8877
8116.0361
8269.1152
8393.4990
8439.1328
8349.9355
8283.7656
8000.6025
7845.9888
7680.5576
7385.6714
7144.7773
7023.5845
6887.1162
6776.7324
6721.7729
6764.4580
6932.4458
6794.1245
6777.1255
6696.2510
6729.8501
6890.7515
6780.0854
6853.8438
6898.1328
6878.2427
6856.2041
6932.8970
6683.3809
6640.9424
6692.9004
6607.6738
6725.1094
6474.2856
6446.5845
6610.2637
6479.3774
6387.3198
8780.4316
8843.2607
8845.8945
8826.1523
8820.6973
8731.3311
8718.1006
8616.6914
8649.2197
8723.3848
8796.1113
8864.6748
8859.7432
8863.1963
8865.6992
8865.6992
8865.6992
8860.8662
8865.6992
8865.6992
8863.8311
8865.6563
8860.5928
8864.7100
8865.6992
8861.0078
8862.3652
8864.2568
8865.6992
8856.8125
8865.6992
8864.9619
8865.6992
8861.4189
8849.9941
8859.5313
8818.1455
8863.5674
8851.7969
8844.0928
8865.6992
8865.6992
8852.4238
8855.7510
8815.6396
8742.1182
8696.2334
8671.8291
8603.1963
8462.5332
8230.6934
8059.4175
7940.7451
7699.9146
7158.9199
7145.3867
7097.5024
6992.1240
7085.0254
7438.0444
7701.1611
7719.0156
7869.9009
7940.4399
8167.0371
8240.6221
8272.4531
7150.7241
7097.9478
7170.7954
6959.1357
6904.0938
6743.4443
6668.5288
6794.3486
6624.2349
6581.5894
6717.4272
6900.4092
6892.6582
6854.2588
6871.9961
6988.7705
6934.2891
6997.3936
6900.5674
7151.5562
6884.7705
6902.0640
6694.2900
6612.5161
6591.3389
6518.2217
6597.6147
6467.4326
6534.8301
6481.2900
6609.3379
6391.2085
6363.6279
8846.1787
8864.8867
8845.6602
8789.2656
8814.7803
8757.0459
8623.7266
8712.1309
8730.5596
8625.5547
8774.0664
8779.0459
8851.2598
8861.7549
8865.6992
8865.6992
8865.6992
8865.6992
8865.6992
8865.6992
8861.9639
8858.6719
8865.6992
8865.6992
8865.6992
8859.1426
8865.6992
8865.6992
8862.5117
8865.6992
8865.6992
8862.5908
8863.5605
8861.5400
8852.1094
8865.6992
8865.6992
8864.6035
8852.1992
8865.6992
8864.5723
8789.4580
8806.1338
8794.4863
8758.8242
8685.3613
8575.8672
8550.7012
8378.9053
8248.9326
8108.5249
7946.8237
7782.2451
7534.3740
7326.0015
6957.1406
6748.8872
6719.5547
6751.0405
6970.1650
7024.5264
7020.8906
7102.8950
7144.1958
7139.5654
7165.2749
7170.7954
7071.5708
6781.7241
6726.0361
6760.3467
6664.8311
6729.7178
6537.8516
6648.0981
6681.9658
6623.5024
6720.6318
6964.4961
6990.6929
6950.9868
7108.1133
7014.9893
7103.7354
6928.9229
6900.9927
6766.8408
6891.8291
6752.9165
6776.4331
6759.5664
6783.2939
6729.8682
6873.8184
6720.8062
6646.6992
6821.7798
6610.2700
6564.7314
6397.0552
8794.3047
8803.2832
8864.9482
8840.3994
8790.9941
8782.3174
8721.6133
8753.4043
8790.6055
8760.5518
8779.0137
8821.0371
8845.2598
8854.6211
8861.1719
8851.5518
8858.7607
8865.6992
8861.1514
8864.8467
8865.6992
8865.6992
8864.6738
8857.6465
8865.6992
8862.5000
8865.6992
8855.5801
8865.6992
8865.6992
8865.6992
8865.6992
8865.6992
8862.4424
8862.7080
8853.9102
8794.4414
8851.2627
8859.1572
8857.0293
8808.7959
8788.4678
8734.1973
8610.1514
8608.2314
8580.6465
8481.3662
8455.1543
8253.3184
8258.4551
8193.5195
7967.6064
7891.2310
7717.9355
7507.6685
7310.7891
7064.9907
7001.8872
6910.9727
6909.9067
7007.5054
6919.6152
6922.3027
6965.1289
7076.5430
7170.7954
7059.7910
6970.5132
6912.9136
6897.2632
6740.8423
6833.5635
6627.3599
6611.9482
6685.9023
6829.9248
7013.0088
7107.1060
7170.7954
7031.8198
7107.1685
7147.3628
7110.0840
6971.9800
6967.4272
6891.0117
6909.4448
6872.9771
7055.4810
7170.7954
6975.5366
7028.4883
6911.7471
6855.0322
6654.2900
6609.7671
6656.2334
6520.6328
6547.0786
6419.9277
8714.3418
8711.0068
8770.8418
8780.8359
8764.7207
8743.2988
8693.0625
8668.6885
8777.7939
8737.1719
8641.9033
8604.8447
8740.9482
8806.8359
8856.5576
8855.7598
8865.6992
8849.4766
8865.6992
8863.6045
8861.5000
8865.6992
8852.4727
8861.1396
8849.9297
8865.6992
8865.6992
8865.6992
8865.6992
8857.4268
8865.6992
8843.3350
8853.8291
8865.6992
8864.0986
8860.3174
8838.0459
8856.6553
8818.1475
8743.6035
8800.6475
8827.2881
8833.8691
8799.9092
8765.3027
8699.4551
8641.8262
8534.7070
8440.1318
8304.7393
8255.4766
8206.5781
7986.0303
7841.6670
7824.0391
7807.7119
7661.1997
7675.2725
7652.8687
7623.8887
7170.7954
7170.7954
7071.7959
7170.7954
7409.9092
7464.8188
7427.0542
7285.5649
7163.1152
6939.9287
6839.6875
6900.1558
6787.0879
6881.1440
7011.9048
7133.8628
7475.4194
7588.4038
7747.9043
7964.9058
7977.2998
7825.1982
7170.7954
7095.1079
7017.9131
7134.7832
7073.2896
7170.7954
7083.5415
7022.6416
6988.6396
7019.3550
7170.7954
6925.5049
6771.3911
6876.4429
6673.9048
6648.3574
6675.1270
6556.2520
8618.1162
8572.4668
8559.4102
8572.9502
8636.7607
8640.3281
8695.0195
8589.1826
8704.7051
8693.9150
8541.9961
8681.2070
8738.7461
8775.5625
8753.4131
8787.9346
8830.3320
8817.1182
8860.5322
8861.8096
8852.3730
8849.4629
8794.9727
8830.0947
8821.3594
8865.6992
8865.6992
8863.9170
8793.8516
8844.1826
8795.4014
8807.4736
8816.1553
8811.2910
8803.4521
8810.4971
8807.2266
8798.0674
8737.5771
8771.6953
8746.4688
8665.6797
8757.6270
8746.3418
8810.0361
8813.0850
8758.0254
8687.1289
8577.4688
8453.9580
8465.0078
8396.1631
8264.8252
8116.5923
8136.0532
8056.4058
8084.1123
7930.7456
7948.4185
7960.0601
7915.0308
7913.7910
7862.2129
7940.5718
8018.8125
7918.4546
7888.4590
7676.4141
7470.4609
7152.6196
7170.7954
7003.8843
7170.7954
7170.7954
7726.9780
7872.4800
7949.5986
8051.8213
8201.3652
8272.8340
8248.8291
8210.9238
8169.1201
8210.4385
7156.2656
7854.3364
7812.2607
7641.0366
7665.7134
7451.1035
7106.7129
7048.5068
7010.7710
7074.3486
6958.1074
6910.9346
6876.3599
6872.5557
6875.1621
6834.2402
8593.1748
8711.6650
8717.5635
8757.4805
8794.7529
8798.3408
8765.5439
8688.0898
8625.2188
8624.3936
8718.2881
8670.1563
8596.2813
8644.4824
8749.7363
8728.3076
8798.4307
8818.4502
8766.5947
8777.0752
8686.9746
8701.3438
8599.4043
8574.4570
8707.6484
8779.6660
8790.4668
8822.1436
8795.4209
8630.7627
8571.2383
8571.3809
8502.1172
8500.5225
8634.1074
8771.0732
8713.6250
8802.4258
8698.3643
8785.2637
8845.6846
8850.7305
8863.8330
8845.1543
8861.6299
8861.2939
8818.8506
8707.5635
8709.3809
8591.5811
8533.5352
8563.8818
8455.6094
8278.5586
8322.1953
8350.2314
8367.4756
8289.3223
8255.3350
8312.9346
8243.2500
8255.6484
8277.9063
8479.2129
8525.9736
8555.7607
8367.1348
8063.4507
7792.3218
7453.8403
7135.0156
7158.7173
8018.7441
7987.6514
8158.0010
8206.0254
8193.4941
8268.0557
8319.5645
8397.8975
8319.9961
8310.1582
8195.8320
8047.2500
7979.7695
7949.2661
7915.2441
7857.3091
7814.5845
7576.2207
7570.4707
7367.2061
7266.3984
7324.9194
7227.2031
7137.8096
7186.8804
7201.5542
7013.3594
7018.1304
8598.1602
8606.6504
8694.8633
8769.0918
8794.2852
8765.1152
8767.2041
8798.6699
8751.3574
8698.0732
8588.0254
8593.1045
8555.4844
8578.7148
8569.4971
8588.0107
8597.2119
8681.4111
8684.8916
8566.6748
8433.6875
8497.4014
8467.1113
8593.6104
8605.7432
8677.4561
8584.0273
8590.4600
8597.6055
8507.6689
8529.4111
8525.4336
8490.4365
8544.8320
8589.1309
8640.9844
8759.0420
8835.7266
8854.5850
8855.7939
8859.7363
8853.5547
8853.7158
8865.6992
8810.0576
8822.2188
8769.5234
8662.8711
8754.2734
8691.5156
8512.4248
8458.0313
8349.2334
8340.0322
8329.9316
8399.1182
8443.9736
8457.6328
8479.1162
8374.6250
8434.9033
8512.4385
8544.9531
8586.6563
8593.0293
8530.1074
8417.6699
8352.6318
8260.6494
8420.1182
8475.3203
8402.0664
8449.7197
8326.8877
8340.1445
8411.1982
8300.7295
8295.3340
8263.6592
8247.6621
8211.1172
8161.0845
8212.3066
8168.4590
8032.7290
7912.8716
7927.0430
7860.5400
7870.7324
7754.6948
7753.6396
7664.3730
7634.3018
7612.5698
7587.4321
7657.7607
7573.7266
7522.0137
7510.6128
7283.0298
8491.7480
8578.6084
8576.1426
8595.7041
8597.1660
8589.7373
8565.0811
8528.7588
8453.4434
8347.5156
8327.4023
8279.5635
8295.4824
8286.0303
8247.7354
8233.3574
8232.4082
8209.3135
8266.7383
8240.5000
8233.2402
8247.2529
8305.5029
8397.1396
8510.2617
8513.2813
8357.0566
8377.1055
8524.7178
8590.8242
8543.6924
8490.7832
8481.9883
8456.4551
8375.7715
8443.1650
8535.8506
8732.3398
8768.5664
8712.9971
8816.4775
8851.5176
8865.6992
8848.8271
8808.8135
8730.4229
8742.4277
8798.0137
8744.3193
8707.9004
8502.1211
8548.4150
8576.6162
8514.0879
8531.1035
8549.3486
8483.7363
8580.9922
8590.0332
8595.4990
8549.3037
8504.9072
8387.8779
8411.7354
8479.3184
8499.9307
8467.8652
8488.5195
8488.9805
8501.3672
8474.6279
8451.5898
8409.8232
8199.1641
8228.5293
8278.5137
8259.0313
8242.0391
8099.8882
8037.8022
7967.5366
8095.4741
8039.0142
7962.7988
7950.8228
7916.3716
7835.8721
7872.6167
7888.4976
7840.3203
7729.6460
7752.6343
7555.7041
7561.0308
7566.1929
7543.8872
7544.3286
7564.7876
7405.8379
7445.6255
8347.9434
8354.2549
8262.8320
8206.1328
8279.5576
8274.7305
8257.7471
8267.3535
8200.0986
7951.8848
7769.1772
7506.7607
7170.7954
7141.7314
7165.9116
7170.7954
7715.2759
7795.6318
7867.5425
7963.1196
8034.4395
8179.8257
8388.1592
8427.2461
8296.0381
8340.4131
8447.2412
8461.0459
8428.6992
8458.7881
8369.7139
8458.5664
8489.3984
8467.8623
8429.1406
8535.2305
8574.1758
8573.3486
8602.7813
8684.6172
8776.8604
8718.2373
8769.7451
8643.0654
8588.6113
8612.7559
8600.4932
8571.0762
8553.5488
8573.2021
8454.7334
8492.8281
8447.2715
8493.7461
8482.6055
8497.3984
8470.3525
8401.8750
8369.5781
8318.0664
8345.3213
8335.0537
8423.7764
8285.2725
8382.1494
8396.1416
8521.5264
8315.5264
8281.8516
8293.8770
8318.6289
8236.0645
8212.0293
8178.4614
8111.2173
8189.8799
8106.0425
8112.7505
8190.4873
8212.8496
8154.1421
8228.1582
8101.2627
8164.4033
8048.9531
7969.1680
7956.6665
7917.2622
7855.2085
7732.1157
7774.4883
7749.4824
7731.7671
7729.5220
7649.6587
7650.1245
7510.8794
7542.1392
7386.0513
7433.5400
7936.2720
7966.0249
7842.6050
7725.4419
7602.8408
7486.2397
7168.0967
7170.7954
7082.6382
7076.3638
7170.7954
6984.6484
6904.4512
6909.9824
6953.3550
7135.3242
7101.6646
7170.7954
7158.5239
7146.8228
7170.7954
7841.3555
8017.7534
8142.7085
8189.8140
8125.3726
8220.9443
8247.3477
8308.4961
8275.0840
8296.9834
8288.6699
8263.3438
8342.8115
8333.0977
8365.8711
8437.2070
8469.9375
8495.2383
8518.8164
8559.2139
8473.9043
8514.8223
8493.9521
8384.3613
8255.6367
8372.3096
8317.0508
8359.0176
8452.3760
8454.5215
8466.7207
8466.7988
8403.3652
8345.5625
8361.9629
8209.8984
8234.7402
8237.3232
8175.9268
8191.9888
8258.0820
8296.8516
8349.9551
8427.9727
8339.5762
8299.7119
8251.9570
8225.4063
8088.3071
7975.8481
8051.9297
8055.6787
8065.6650
8098.8066
8112.5723
8113.7285
8165.8916
8067.9092
8009.7720
8153.4238
8196.2949
8098.7749
8108.3027
8057.5166
7995.0464
7914.5381
7816.9941
7751.5474
7606.7690
7689.6523
7696.9448
7675.4370
7670.4844
7702.3540
7739.5327
7701.5142
7681.3813
7691.4180
7562.9858
7690.9595
7497.4214
7485.8228
7571.6563
7438.7510
7307.6367
7185.6118
7019.4014
7069.1372
6822.5503
6772.1646
6707.6587
6840.5308
6847.0591
6960.3530
6772.8730
6961.7075
6908.1118
6986.8496
7122.1846
7168.1978
7719.6650
7870.2676
7972.9175
8033.6353
8242.3164
8247.1055
8193.1514
8191.1162
8214.7236
8157.4233
8183.6968
7991.3555
7967.9209
8013.0815
8213.0898
8223.1777
8285.3662
8302.8467
8246.4727
8266.8271
8277.2217
8220.9268
8209.6826
8200.9893
8054.1284
8001.9746
7901.8438
8105.1343
8181.9229
8211.1992
8202.8057
8159.4893
8063.7642
8050.2183
8060.0298
7984.3589
8062.0444
7976.3262
7925.9546
7996.8472
7996.5244
7989.5566
8007.5044
8094.4473
8018.4761
7917.8486
7964.9253
8020.2935
7930.8105
7875.7485
7805.7251
8011.9893
8173.7480
8233.7734
8237.4277
8264.2021
8264.1250
8233.1836
8181.2871
8079.0068
8070.5254
7974.4634
7896.3921
7929.9595
7922.6196
7830.2275
7738.3721
7669.7275
7568.8750
7367.0781
7437.8857
7562.5659
7646.6118
7586.6006
7627.7065
7728.6431
7857.3691
7823.2764
7788.5840
7543.9771
7341.9697
7323.5786
7197.7231
7197.1182
7176.9443
7140.5054
7055.5522
6877.9209
6736.1011
6795.9282
6594.6919
6497.5044
6600.4038
6629.1182
6726.4683
6854.0225
7170.7954
6994.1914
7114.2046
7324.4814
7447.5371
7677.1133
7739.1978
7839.2598
7959.3369
8002.9194
7957.6675
7883.2549
7918.2822
7897.0054
7865.1836
7747.5981
7745.6968
7714.5527
7791.5146
7774.8774
7801.3052
7860.5586
7840.1563
7919.9199
7888.8599
7830.9028
7771.6973
7827.7080
7824.2832
7825.3213
7794.7134
7906.9209
7866.6558
7911.7593
7896.0186
7836.6870
7751.0996
7709.3438
7715.6030
7724.0278
7677.7217
7761.7817
7673.5181
7729.7046
7838.4780
7849.8750
7892.1094
7550.1821
7136.9146
7147.6504
7151.8208
7618.6743
7782.2251
7911.3032
7951.2979
7947.0801
8104.7061
8251.4844
8181.8984
8012.1235
8047.2363
8088.1270
8204.2383
8188.2910
8084.1816
7999.0684
7922.2490
7830.7241
7840.8062
7789.9146
7769.4468
7581.9771
7561.8750
7556.9814
7564.5645
7599.5654
7718.7793
7745.2983
7881.2168
7880.7847
7900.8760
7926.2725
7937.0679
7476.1797
7415.6387
7292.3511
7326.3809
7255.6816
7205.9863
7169.2222
7085.1563
6956.7764
6759.5249
6714.1221
6526.9956
6570.8467
6445.5176
6526.8052
6625.5088
6697.1216
6894.7402
6766.2290
6871.1050
6818.1802
7003.5332
7170.7954
7105.4365
7088.9971
7093.7725
7170.7954
7610.7236
7561.4707
7532.0391
7435.7681
7359.5801
7436.1968
7453.5308
7379.5361
7355.5044
7333.6484
7263.2686
7170.7954
7170.7954
7078.7080
7085.2754
7205.7622
7283.8174
7294.4722
7433.8223
7429.1958
7450.3208
7459.7173
7590.5415
7735.5532
7729.7227
7612.9053
7112.3081
7113.7925
7030.7827
7092.1968
7042.9985
7076.3384
7120.7295
7036.9595
7170.7954
7759.7661
7969.0801
8237.1074
8132.0864
7974.0562
7922.2622
7936.4678
7959.2090
8006.2622
8084.7490
8118.5225
8137.6348
8180.7251
8234.7725
8231.9102
8208.0410
8062.3486
7912.8423
7921.2114
7905.9053
7826.0679
7750.6724
7525.4517
7582.5537
7666.6709
7594.1206
7574.4307
7726.0444
7816.3423
7788.7261
7895.8711
7939.8042
7989.7324
8012.9341
8018.5615
7931.0273
7916.2852
7949.1313
7378.8433
7279.5688
7437.1304
7419.6587
7314.6089
7195.8809
7177.8579
7080.5601
7046.0806
6956.7764
6875.4658
6882.2202
6583.6919
6579.1890
6620.1934
6691.6030
6629.2471
6704.7603
6900.5376
6730.0957
6635.0811
6709.3052
6890.0225
7048.7319
6928.0938
6881.9019
7064.8628
7012.7310
6943.1226
6917.7280
6880.6392
6870.5313
6738.8848
6740.5347
6718.7153
6635.3252
6644.1416
6929.3486
6786.1704
6885.5859
7095.8706
6908.4448
7064.5957
6956.7764
6732.6831
6816.1558
6904.2607
6912.5181
6942.5688
6973.5381
7060.8569
7064.4873
7094.0044
6955.2710
6975.6885
6767.4741
6846.3442
6758.6582
6735.5444
6718.0884
6698.5459
6799.6821
7103.2451
7170.7954
7170.7954
7170.7954
7498.7402
7714.5933
7749.2715
7734.6162
7773.7578
7815.7070
7945.7925
7903.6899
7963.5996
8027.4570
7915.3076
7868.9575
7794.3638
7799.3091
7703.8076
7620.4063
7460.6099
7520.2656
7564.9902
7568.2490
7582.7256
7716.4810
7688.9268
7763.5576
7817.1216
7837.7139
7834.5776
7904.8872
7949.1860
7945.4712
7956.3770
7972.5884
7857.7207
7896.3857
7330.2910
7400.7686
7341.8164
7417.4492
7337.3428
7232.0464
7119.6646
7100.5264
7074.0381
6956.7764
7068.9429
6956.7764
6704.8511
6526.8940
6523.9683
6644.3457
6561.7964
6709.0767
6582.2778
6456.5947
6586.5557
6648.5532
6902.1758
6875.3330
6829.4575
6668.4028
6663.1743
6571.1621
6553.0635
6673.3750
6539.2075
6453.8687
6480.6343
6340.9976
6435.4761
6560.1646
6582.5610
6670.3062
6805.3804
6692.6704
6736.9805
6632.2754
6693.1807
6654.4155
6540.6045
6598.9346
6557.8828
6563.6279
6580.2197
6618.1851
6737.3359
6794.0796
6989.7178
6887.8525
6897.2432
6692.4595
6752.8589
6758.0864
6670.1958
6559.9023
6559.4722
6723.4165
6959.0933
7170.7954
7155.3833
7306.7646
7425.1675
7581.4839
7683.1660
7619.6099
7655.5020
7648.8350
7720.9268
7734.6582
7766.5005
7732.8247
7638.8398
7442.9614
7144.7964
7170.7954
7102.8252
7142.1313
7170.7954
7471.4619
7402.8428
7455.7495
7576.9746
7617.0791
7611.7393
7639.1045
7742.0376
7838.5635
7834.4731
7888.5332
7926.8198
7942.7534
7964.1060
7952.1597
7992.7236
7939.0952
7330.0518
7174.6074
7291.1650
7290.7407
7253.7725
7172.6538
7215.3252
7194.7441
7197.5684
7180.4111
7119.8984
7011.1274
6956.7764
6722.8501
6720.8745
6840.1841
6626.9482
6613.1909
6422.3867
6411.9141
6484.7998
6466.6279
6684.3682
6754.8257
6973.6509
6645.2920
6500.6694
6440.9927
6464.7153
6384.1855
6338.9585
6381.1279
6321.0776
6281.5015
6408.4429
6491.2061
6669.3301
7170.7954
6768.6841
6649.0693
6520.7847
6557.6299
6466.9087
6514.2808
6540.9097
6460.5908
6472.3706
6642.4756
6466.9629
6486.8335
6717.9229
6572.9063
6671.3047
6700.2212
6870.5464
7014.9307
6720.8076
6839.9810
6680.7871
6503.1089
6604.6235
6717.2969
6932.6567
7143.3057
7311.0723
7384.1504
7434.3340
7508.7129
7610.3584
7589.4746
7603.3794
7453.9834
7410.1079
7542.6123
7721.5508
7654.6533
7589.7866
7544.5488
7322.4937
6954.5381
7170.7954
7170.7954
7310.6396
7469.6274
7594.1421
7728.1450
7729.6924
7718.8721
7782.8755
7739.3887
7774.6455
7889.5000
7859.4941
7843.7461
7822.3604
7803.9302
7924.7930
7904.0723
7895.0269
7910.0581
7550.0552
7436.7661
7430.8071
7430.2202
7345.3115
7235.8911
7210.5171
7096.6377
7193.7427
7202.0547
7134.6440
7134.5972
7021.9966
7002.1426
7013.8726
6956.7764
6750.5698
6626.5352
6566.5469
6560.8535
6399.5059
6356.6040
6434.0049
6638.7461
6496.0376
6391.5317
6447.4507
6220.9590
6265.3467
6357.4297
6552.7500
6397.6934
6272.1226
6345.2100
6394.1025
6413.9683
6635.2705
6699.0503
6730.1504
6703.6191
6528.4673
6422.0610
6513.1255
6715.1646
6581.4829
6697.1704
6624.4536
6569.2314
6606.6987
6594.8018
6430.9116
6515.1206
6462.2900
6589.1597
6671.3877
6577.8247
6630.8496
6484.9277
6531.8525
6549.1289
6518.5322
6661.9395
7004.6890
7170.7954
7213.6938
7332.7305
7384.0786
7410.7646
7322.3662
7059.5244
7010.5571
6929.4668
7003.0640
7182.3364
7408.4238
7391.2329
7541.5703
7544.4268
7590.0166
7480.7813
7467.2988
7517.8633
7545.5669
7659.3628
7634.8232
7707.7690
7720.1890
7708.7700
7677.8970
7752.5366
7830.9102
7719.7061
7725.3857
7626.8774
7584.0718
7683.9683
7760.1729
7800.8789
7845.2783
7781.8389
7690.5854
7673.2104
7501.3511
7423.7334
7309.3145
7309.6660
7304.8184
7195.4106
7185.0840
7199.8794
7170.9995
7184.0903
7209.2905
7134.7764
7116.7822
6978.1455
7044.3877
7029.1084
6956.7764
6956.7764
7001.3145
6333.7764
6223.2163
6333.9434
6324.3213
6357.8413
6475.6694
6313.4946
6152.9336
6345.9873
6416.1973
6575.6377
6392.6938
6446.4453
6621.9189
6553.3999
6608.5420
6628.2637
6743.8442
6523.0269
6417.1880
6362.3691
6543.8262
6570.8398
6619.3892
6815.7603
6951.5459
6813.6128
6656.3667
6459.8105
6356.8877
6414.0562
6352.2163
6335.5234
6430.9653
6308.6167
6433.8599
6422.8691
6583.8843
6550.3071
6620.7720
6691.6118
6760.5903
6889.2251
6974.3862
6990.0513
7066.2441
7090.5601
7170.7954
6939.0923
6884.0776
6739.7583
6812.1655
7024.5015
7106.1919
7170.7954
7122.9082
7745.9927
7771.6191
7816.2388
7801.4922
7775.9170
7800.8120
7802.7466
7828.7559
7825.4014
7829.2202
7821.7422
7804.7432
7816.4966
7818.1533
7731.3809
7717.1289
7759.8433
7766.1519
7839.0317
7819.0762
7756.9067
7702.8037
7741.2529
