Ip_Simulation_1
1
Ip
7501.1831
7488.4097
7616.3618
7747.6553
7758.0059
7966.2520
7963.5820
8119.5620
8056.3291
7966.2666
7795.6636
7453.6860
7170.7954
7170.2456
7204.9331
7127.5747
7508.2725
7942.3071
8111.0723
8179.3735
7771.6011
7453.7935
7010.3408
6946.9619
6950.5210
7253.0454
7413.5703
7625.1514
7806.6987
7736.5952
7672.6309
7530.6426
7739.3735
7597.3784
7473.7622
7363.8335
7170.7954
6979.6948
7093.7046
7396.3892
7170.7954
7864.4038
7880.8936
7861.8613
7170.7954
7150.3486
7117.1748
7157.5361
7333.9746
7462.3799
7523.9297
7430.0415
7259.6997
7005.8223
6792.4058
6519.3662
6566.1592
6430.5864
6454.3057
6718.5605
6608.9902
6491.6533
6670.8950
6661.8086
6938.4282
6570.2285
6530.5313
6404.7861
6956.7764
6956.7764
6956.7764
6236.5288
6076.5083
6335.6465
6523.6597
6418.2319
6529.1245
6745.9644
6561.0137
6663.0244
6911.2510
6841.0190
7077.0610
7144.6685
7149.3623
7305.6919
7397.1509
7419.2031
7576.9941
7585.2749
7529.5547
7586.0928
7576.8320
7382.6147
7052.5757
7045.4116
6913.8779
6990.7095
7039.3887
7290.6987
7222.4648
7224.7520
7416.5439
7545.3525
7487.3354
7726.9390
7876.3838
7975.2119
8012.9409
8120.0005
8299.9863
8233.0176
8133.0391
7979.7007
7785.5083
7797.7910
7573.0869
7610.5630
7682.6738
7769.0171
7497.8613
7460.5483
7147.4253
7131.1504
7298.6108
7492.9487
7704.5063
7896.7622
7892.2065
7739.5659
7871.1685
7907.1196
7874.6631
7786.1743
7650.6631
7781.8384
7730.5293
7782.7427
7776.2646
7797.6934
7887.4312
7997.7612
8051.2671
8195.1719
8194.8584
8175.8408
8041.7329
7915.0718
7761.0142
7779.0137
7728.3999
7748.9712
7532.6362
7372.1953
7249.6616
6928.4497
6730.1348
6754.2422
7019.5664
6816.9102
6920.9326
6720.3677
6887.3267
6645.7617
6449.9307
6463.8872
6365.6226
6462.5522
6627.5088
6455.1333
6394.2739
6440.4077
6335.0596
6401.9404
6467.2280
6556.5317
6476.7041
6424.2681
6444.3003
6619.2388
6782.7212
7003.4546
7053.0234
7060.8481
7175.5225
7084.2646
7268.8369
7296.2036
7617.0605
7437.8813
7426.5103
7546.4658
7319.2373
7336.3906
7317.1211
6981.6636
6945.4600
6924.0801
7232.6050
6969.0664
6703.9214
6800.4600
7017.2642
6974.6465
7069.3843
7340.3818
7453.1089
7533.9839
7703.3364
7756.2324
7870.7163
7861.1758
7801.7349
7595.5488
7170.7954
7073.8545
7131.1270
7170.7954
7441.8418
7610.8403
7749.5474
7764.8657
7925.4980
7926.1509
7987.1152
7985.0645
8200.4082
8204.1895
8132.8564
8060.9141
8012.6499
8044.6826
8055.9707
7913.1284
7876.7622
7898.3525
7888.2988
7839.9736
7965.6460
8246.1279
8264.7764
8341.6582
8294.1504
8222.2500
8373.7432
8321.5059
8444.7578
8238.7109
8273.4531
8003.4971
7932.4272
7860.1021
7787.0264
7749.6528
7627.3198
7537.9067
7485.4902
7498.1450
7358.8330
7284.1113
7055.3955
6980.7607
6762.0557
6732.1680
6537.5137
6416.9585
6457.4175
6528.3794
6359.1479
6400.5571
6405.0850
6603.5317
6906.9570
6534.5195
6449.3130
6592.3169
6531.3213
6499.5293
6771.6143
6845.3477
7176.1440
7197.8042
7315.3506
7282.4312
7244.3555
7325.2451
7435.7959
7468.6938
7488.5479
7443.9888
7242.7476
7256.8628
7421.7847
7313.3442
7316.9292
7174.9429
7124.0176
7008.4561
6956.7764
6687.5244
6559.4561
6683.8516
6869.3955
6672.7930
6732.1743
6804.9673
6765.5933
6885.6572
7023.1265
7120.7847
7106.8750
7170.7954
7095.9014
7028.8926
7152.8232
7011.7998
6973.1138
7107.7988
7165.8711
7747.0820
7854.1377
7916.2637
7917.7993
7918.1738
8019.6772
7896.9033
7938.5552
7789.1597
7907.7559
7959.6338
8225.7813
8230.3750
8135.1851
8119.7539
8087.0000
8077.2095
8049.0376
8040.8848
8193.5342
8277.0068
8203.6504
8045.5195
8046.1865
8250.9453
8351.9932
8479.9463
8251.4121
8117.3140
8051.3569
8129.2241
8170.8154
8223.0352
7992.2148
7994.9355
7963.9023
8076.3906
7951.4736
7906.4204
8065.6929
7896.8101
7829.2832
7609.1162
7391.2549
7054.1641
6995.3052
6993.6470
6702.0952
6655.0640
6658.1401
6539.8975
6622.1982
6768.0557
6719.9854
6743.7129
6559.6055
6670.0889
6636.9980
6729.5303
7004.1162
7199.5649
7517.3774
7655.3325
7434.2329
7345.2217
7263.8501
7291.3457
7274.4702
7416.1182
7307.1392
7189.9482
7195.1885
7171.0469
7057.8428
7134.1167
7085.4009
7084.8247
7141.8120
6956.7764
6735.1821
6527.7090
6417.1006
6403.4180
6583.9063
6505.6738
6628.7778
6791.4961
6618.9219
6615.6826
6664.7388
6650.9346
6711.7622
6666.5537
6696.3809
6811.1675
6859.7568
6996.9927
6898.7964
7046.5859
7548.9785
7710.8379
7914.3198
7819.1113
7937.2061
7932.5713
7909.2256
7900.0879
7863.0801
7993.8516
8035.7930
8184.8311
8266.6738
8515.6563
8430.2598
8466.2021
8292.1895
8249.0176
7991.6270
8189.0313
8300.7207
8244.5332
8250.8428
8095.0308
7924.1943
8237.2031
8290.5635
8312.3721
8280.9971
8305.2842
8229.1465
8240.1016
8061.5459
8001.0732
8052.3408
8001.1279
8053.4639
8066.7852
8099.4888
8079.3994
8086.0752
8224.2539
8215.2695
8104.4116
7811.9023
7578.8091
7401.3320
7140.6333
6906.6333
6886.8057
6973.4180
6709.8799
6715.1528
6811.1650
7151.0581
7089.2993
7084.3481
7062.3013
7024.6177
7157.9160
7240.3252
7376.5303
7341.5903
7333.4395
7408.2705
7397.1191
7399.4966
7435.1094
7404.4253
7211.9365
6999.8726
6958.2998
6636.3774
6656.4395
6563.6978
6664.5586
6612.6362
6534.1357
6650.8921
6731.2700
6594.9292
6646.2163
6422.1147
6390.6406
6630.8501
6839.7373
6580.8340
6432.2847
6409.1641
6632.8267
6646.8521
6651.9307
6745.1943
6728.4575
6616.9888
6605.0815
6859.2051
7170.7954
7111.5376
7418.0991
7583.0054
7743.3906
7627.6758
7833.3979
7893.1016
7973.9819
8032.2832
8014.6768
7922.5171
7966.7910
8074.4834
8293.2559
8406.3115
8357.3506
8509.0977
8512.3623
8516.1787
8514.0313
8377.7256
8196.2910
7959.7144
8087.2153
8183.0791
8216.1055
8279.3672
8269.4609
8225.5332
8266.2793
8409.2041
8371.1787
8437.9072
8348.2471
8060.0518
8129.8125
7926.1357
8200.8320
8257.1924
8158.3818
8242.1621
8244.7363
8312.9668
8285.5645
8280.2383
8099.1665
8012.0889
7858.7661
7730.5889
7612.3354
7449.4019
7152.7271
6935.8203
7035.4658
7212.0093
7297.3882
7292.6113
7462.2773
7519.3130
7442.0127
7361.7163
7444.9302
7496.8252
7551.0098
7565.3711
7395.6167
7334.0664
7381.8286
7353.1992
7330.0366
7322.5249
7307.7485
7133.5674
6813.2788
6720.9312
6566.8169
6428.8452
6419.5381
6526.9419
6431.5430
6478.0493
6553.1924
6747.4263
6737.6260
6468.5811
6350.4224
6617.9282
6579.7476
6621.4756
6412.6426
6463.5327
6424.4883
6730.2437
7079.1499
6916.6543
6655.1978
6606.0645
6749.3384
6722.4912
6976.6250
7012.6919
7136.3916
7456.4175
7770.2173
7739.5225
7887.7354
7885.8364
7987.2402
7957.8457
7960.8906
8111.7041
8342.9775
8486.5576
8541.5107
8501.2656
8476.4854
8488.9336
8414.0830
8446.7842
8348.5801
8214.5488
8185.5762
8002.5732
7935.1118
7962.2520
8020.1226
8035.7012
8013.1436
7926.3857
8261.7744
8316.9414
8407.7119
8478.8398
8538.0195
8319.4688
8268.0645
8471.8848
8372.3271
8552.3525
8490.4004
8278.9551
8414.0322
8430.0801
8269.1211
8202.2930
8151.5112
7973.2344
8012.8110
7791.9072
7705.6870
7451.8726
7400.6152
7322.7163
7343.3359
7448.0713
7556.0796
7458.0000
7476.3975
7403.3467
7530.3057
7636.0156
7570.3252
7500.6934
7428.8823
7338.3354
7365.4771
7139.3745
6881.7847
6839.1445
6806.2344
6757.9189
6899.5547
7208.4609
7100.4106
6673.2651
6589.5972
6451.7197
6542.1055
6436.1870
6615.6338
6538.5850
6724.5000
6733.5034
7153.2773
6430.0923
6291.6123
6461.9312
6760.5605
6448.1470
6364.5220
6457.1436
6391.7051
6454.1182
6535.0396
6691.2349
6700.1978
6676.6138
6729.1909
6961.0635
7370.5737
7408.3921
7547.0879
7502.0029
7757.5347
7841.0752
7909.4810
7921.0137
7954.4150
7869.5371
7831.9800
8050.8735
8213.2959
8244.9395
8504.4502
8399.4092
8400.1621
8512.8730
8457.8281
8429.0156
8447.7988
8290.0479
8174.7144
8249.1094
8136.5376
7941.3975
8131.4346
8221.5166
8374.1152
8251.6973
8058.7588
8326.8691
8220.6553
8215.5605
8356.0752
8250.3369
8445.5957
8545.9883
8706.1406
8566.5547
8576.8223
8507.0234
8496.1387
8410.9180
8057.7085
8214.8438
8131.5449
8250.9570
8161.2041
7852.4746
7716.3945
7470.0205
7497.1914
7434.2441
7761.0586
7666.3125
7604.1060
7516.4326
7729.1445
7750.6636
7851.9194
7731.0034
7609.3540
7581.4517
7041.1201
6916.8306
7001.1001
6888.5063
6716.5171
6710.4531
6777.8359
6620.2451
6740.7866
6716.4004
6592.5034
6631.0479
6608.7773
6749.4199
6503.8315
6355.4375
6349.7803
6503.6240
6428.4287
6451.7505
6739.7700
6646.7881
6711.7529
6437.4204
6474.4478
6496.8481
6272.7046
6282.6289
6417.6592
6439.3843
6742.6865
6620.9590
6702.2568
6854.7358
7123.0366
7425.0137
7432.5645
7747.3281
7842.9590
7719.3857
7890.0903
8026.2300
8095.2515
8156.7671
7992.2793
8103.9395
8048.5708
8175.0269
8147.4800
8207.2305
7970.8770
8024.9556
8033.4053
8281.5703
8460.4531
8321.2607
8317.7100
8321.0762
8415.3418
8264.4023
8316.7686
8184.5127
8368.9072
8518.5938
8356.9287
8468.7725
8358.9072
8354.8008
8483.7656
8350.5098
8418.0547
8431.5557
8516.1074
8568.7598
8448.5664
8529.9258
8491.8857
8414.3740
8490.5488
8316.8740
8396.2617
8284.9668
8212.4043
8189.8560
8186.6533
7880.5054
7562.7437
7833.7324
7812.1284
7891.9478
7866.4834
7809.0317
7771.4448
7682.1128
7840.1543
7885.5488
7830.2095
7640.7993
7753.9824
7698.8677
7170.7954
6908.7798
6909.8188
6820.8921
6915.0591
6613.3242
6625.4878
6639.0176
6911.5654
6623.4473
6483.2764
6570.8223
6804.7974
6597.8052
6527.4380
6382.0576
6358.9551
6289.6606
6372.0684
6431.4663
6444.0737
7207.9736
7183.2788
7068.8423
7029.8379
6702.2944
6450.3257
6462.7681
6631.5693
6666.2544
6762.8169
7023.8687
7166.9546
7259.0405
7470.1758
7454.7231
7494.1479
7406.2085
7685.4922
7978.2993
8250.8398
8259.4746
8322.1406
8393.1357
8362.8633
8270.7686
8173.6934
8120.0122
8045.0229
8057.3599
8079.5811
7936.5132
8165.9102
8219.1895
8005.3613
8252.6621
8426.8389
8469.7842
8578.8691
8498.7930
8530.5156
8588.0684
8490.0273
8483.9648
8397.9111
8268.6045
8290.4512
8189.8672
8246.3652
8106.4912
8310.7695
8241.3232
8355.7285
8221.4248
8333.3418
8238.4775
8226.6328
8252.2363
8270.9287
8200.9063
8149.8877
8052.3037
8014.1270
8013.0151
7888.6118
7826.2417
7593.0933
7758.0967
7910.0059
8021.0825
7967.0767
7910.7554
7893.2222
7939.6597
7892.7090
7870.9819
7626.8867
7675.3594
7518.4839
7689.7227
7669.0767
7169.4009
6917.1914
6865.5254
6638.8589
6701.6646
6629.4531
6541.8809
6590.5127
6420.9771
6475.8018
6422.5439
6520.8770
6516.6011
6699.1909
6634.5376
6496.6777
6602.1724
6566.5488
6660.9663
6956.7764
7395.0728
7483.0127
7553.1982
7325.8364
7240.4990
6681.4341
6638.4399
6741.4468
7102.1182
7349.0347
7710.8770
7705.5972
7769.6689
7859.5835
7918.5508
7844.8379
8198.0371
8256.1348
8236.2705
8391.1143
8424.9551
8321.0332
8327.8926
8407.9531
8367.7100
8308.7764
8188.3037
8169.0977
8272.1436
8207.5547
8014.5923
8001.1606
8192.8164
8234.4082
8552.5469
8579.2197
8576.3096
8576.8604
8566.4590
8532.3525
8483.4102
8433.9365
8540.0508
8502.1797
8536.8271
8507.5723
8502.9473
8252.2949
8201.4688
8100.6157
8059.4209
8261.0664
8253.4932
8152.4028
8365.4111
8382.7178
8243.6377
7976.4727
7895.9482
8043.7827
7923.4780
7758.5283
7620.1323
7601.2046
7690.2124
7492.8618
7549.9536
7722.7642
7806.2241
7995.5063
7930.3149
8003.5493
7878.0308
7903.4370
7921.5435
7955.7236
7873.1406
7688.4653
7578.6558
7513.8770
7068.2202
7043.9751
6905.2617
6963.8452
6584.0488
6516.3955
6636.7188
6786.2612
6531.3237
6703.4141
6594.6821
6622.1641
6622.4819
6720.5928
7054.0596
6864.0679
7057.9170
7167.7031
6733.3296
6499.3057
7499.9302
7616.0674
7599.7969
7473.0283
7345.5742
7348.7510
7162.9600
7336.2622
7561.1650
7724.0200
7794.0933
7879.0825
7994.3970
7900.0850
7973.0215
8196.1719
8309.8594
8351.5020
8318.8320
8454.0342
8245.6094
8413.9121
8390.9521
8213.9531
8015.3628
8128.6802
8025.6772
8283.6729
8315.1484
8251.9980
8216.4824
8325.0127
8455.1064
8534.3652
8657.1641
8576.3057
8519.9688
8582.6777
8541.6611
8486.7100
8492.3135
8332.9199
8242.7207
8497.6963
8315.0293
8261.8896
8148.7246
8171.7651
8039.3433
7998.2188
7855.3711
8018.8237
8183.3306
8025.9551
8237.5273
8234.1504
8219.7266
8086.2280
8123.4321
7917.6216
7718.3306
7635.8022
7290.6362
7508.8857
7734.3130
7736.0049
7844.8662
8008.0435
8054.8164
8070.1064
8070.9106
8204.6660
8225.7461
8307.5518
8144.0488
7916.4878
7823.6743
7848.9429
7575.7583
7503.3042
7300.8726
7274.8228
7024.5884
6873.7764
6646.7783
6731.4888
6626.4102
6625.1646
6633.6548
6604.2285
6706.7827
6826.6655
6908.4805
6839.4219
6740.0596
6795.1079
6727.7485
6859.2407
6725.3613
6865.7402
7500.7939
7590.1162
7693.0786
7526.4507
7692.2495
7766.0791
7697.3311
7652.1157
7743.3481
7873.4526
7992.0376
7959.2510
7941.9639
8061.4893
8193.4814
8102.5020
8066.5981
8175.0562
8205.7637
8187.9658
8122.2588
8363.8623
8334.1973
8224.2881
8269.4502
8275.6016
8213.2334
8065.7852
8239.2559
8341.7227
8292.5352
8441.0342
8529.7695
8634.4600
8683.7422
8540.1943
8704.4785
8655.3477
8634.2617
8540.9756
8463.1396
8366.9668
8176.0552
7885.2607
8158.0669
8162.3184
7986.1470
7987.7144
7961.1533
7933.6147
7712.5244
7872.0996
7941.9312
7849.3589
8048.9248
8213.3340
8058.4609
7970.3784
7896.7134
7775.4063
7772.9341
7658.5698
7818.9268
7777.6128
7922.5034
7805.1860
7863.0049
7799.3369
7941.5356
7795.6079
7754.6592
7760.3433
7785.1465
7801.0171
7890.7236
7864.6348
7798.9116
7630.7373
7355.1870
7317.8223
7276.4893
7177.3970
6899.4800
6905.5137
6730.0327
6815.4751
7040.6660
6878.9194
6908.4395
6882.1685
6908.4995
6747.4155
6765.4702
6894.4800
6775.7451
6743.4189
6765.1724
7192.4912
7218.9458
7284.0649
7623.2085
7626.2129
7667.4780
7467.3389
7488.4463
7704.1567
7752.2192
7643.6016
7724.1377
7534.0337
7658.9541
7648.0869
7864.7749
7944.9570
8005.6421
8128.1479
8078.5615
8071.8027
8197.7109
8277.1719
8258.1602
8220.3066
8158.6279
8230.3887
8200.7998
8263.4277
8374.7793
8271.8672
8135.1465
8192.1777
8231.7598
8356.2881
8333.3760
8438.9131
8452.4248
8538.4297
8580.6094
8566.5283
8580.3496
8431.6660
8259.8828
8344.7021
8271.6758
8211.4707
8134.1440
8072.9883
8230.8086
8071.9341
8004.7993
7953.7251
7800.3062
7632.7471
7809.9404
7947.3643
7948.4326
8040.6831
7967.8154
8237.2910
8166.4175
8066.5879
8101.9941
8201.5313
8054.9141
7986.9082
8045.5781
7851.4355
7895.5479
7785.2544
7706.1509
7621.0562
7541.5234
7585.4888
7700.0918
7607.6299
7668.2559
7458.2349
7477.8926
7358.6084
7212.8374
7170.6494
7159.3135
7149.2568
7098.6299
6928.9316
6970.1499
7003.0723
7170.7954
7495.4404
7574.3638
7631.6450
7577.6572
7219.2329
7170.7954
7170.7954
7305.5957
7260.3218
7512.5190
7455.3940
7572.6475
7478.2427
7656.9731
7757.2129
7619.0991
7695.5898
7739.2661
7695.3833
7721.4966
7607.1636
7357.2314
7347.4565
7592.3687
7706.8066
7737.0049
7924.4863
7929.5493
7915.3965
8010.8086
7991.2402
8220.2930
8228.1045
8280.4688
8081.7158
8169.3848
8046.8047
8026.3823
8150.0596
8249.9160
8155.5952
8174.8818
7856.3042
8192.4648
8187.3491
8120.6216
8251.3564
8515.8408
8542.6953
8567.9980
8439.6016
8292.4961
8104.5532
7938.4282
7951.3843
7965.5396
8043.6611
8090.6226
8360.2354
8267.0762
8413.3701
8426.3291
8382.2070
8185.8184
8141.6211
7992.5537
8121.9121
8281.1973
8195.1660
8208.0566
8053.9575
7922.3823
8240.7852
8207.3115
8401.6406
8479.6660
8238.0488
8074.5361
7935.0083
7698.4375
7816.5044
7746.7412
7788.1182
7601.0957
7637.5405
7676.1978
7359.4019
7038.1641
7062.2241
6878.7090
6915.0049
6784.7490
7161.1807
6904.6426
7016.9028
6915.6431
7170.7954
7493.0767
7726.4321
7914.8516
7866.7441
7921.4580
7980.4819
7912.3267
7914.7910
7942.4321
8065.8018
8063.0396
7986.4580
7953.5562
7889.8589
7958.4136
7925.1909
7778.2915
7733.1943
7844.2095
7795.2354
7675.2891
7614.2500
7761.7085
7668.2261
7766.1255
7857.8418
7896.1138
7969.0957
7928.8809
7892.3457
8169.8550
8216.0547
8163.9048
8060.6563
8111.2695
7918.9429
7906.7646
8134.5303
8161.6045
8086.2310
8013.4175
8074.7632
8243.9297
8011.2026
8035.8818
8113.3320
8099.6621
8097.4526
8013.0879
7998.2822
8134.4434
8226.8906
8081.9927
7950.4976
7664.3560
7913.0986
7938.9346
8026.7612
8059.0713
8129.7861
8294.3379
8120.5430
8167.0229
8079.8003
8064.1934
8232.3398
8237.7012
8303.0947
8212.2549
8252.8105
8428.2412
8481.5674
8449.7969
8424.7900
8093.5044
8089.5195
7877.8218
8059.6143
8299.5127
8542.2617
8390.1680
8206.9063
8176.8208
8176.3252
8203.1563
7918.0308
7803.3887
7548.6973
7505.3467
7287.4248
7105.5474
6989.0479
6754.1885
6761.8203
6690.3647
6902.7822
7170.7954
7158.9927
7088.7725
7170.7954
7575.4980
7893.2798
8060.5049
8091.9639
7951.1387
8207.8350
8266.3730
8388.9443
8230.4365
8199.1162
8326.2998
8330.2451
8238.9697
8016.6035
8081.7910
7965.0386
7978.6953
7960.8706
7855.8833
7866.7397
7819.9858
7729.9238
7764.3481
7875.9634
7875.4678
7916.2075
7958.5557
7899.0186
8020.9512
8026.6753
8110.4800
8271.9629
8354.9883
8195.9668
8119.9561
8069.2915
8181.8848
7952.9932
8057.0127
8037.1982
8225.4160
8138.0376
8272.8711
8041.0923
7876.4312
7904.1270
7960.8086
8086.1333
8127.7212
8210.0977
8082.5098
7942.6704
8051.5942
8095.4146
8150.8550
7998.1963
8029.7886
8116.0239
8041.5039
8015.0376
8046.5791
8105.7529
8247.4395
8409.3330
8287.3457
8046.7568
8113.6372
8257.3945
8303.1318
8390.3535
8503.1172
8626.3105
8552.7529
8587.4287
8492.0127
8481.2480
8512.5801
8470.3096
8410.9492
8562.7969
8515.0000
8681.1719
8602.8223
8348.0322
8251.2031
8115.2700
8211.9434
7971.0996
7874.4448
7860.1416
7747.8716
7481.2056
7036.5957
7170.7954
7147.4829
7150.0210
7441.6318
7761.7261
7956.0693
8015.8994
8011.9619
7954.2422
8133.7646
8139.3545
8244.3330
8269.9971
8288.0693
8374.3545
8403.0156
8468.0020
8527.8262
8307.8262
8230.0791
8374.1211
8166.3564
8263.3887
7770.0938
7877.3525
8035.4985
7912.2959
7978.7217
8110.3916
8213.2793
7995.5005
7960.2397
8093.7139
7999.9575
7944.6279
8152.8179
8125.7407
8250.2246
8250.8027
8220.4287
8151.1401
8191.9116
8043.7598
7999.3208
7957.9878
7804.2163
7857.9419
8022.6870
8293.0879
8235.1504
8172.8008
8071.9448
7987.4985
7905.5518
7761.5786
7908.9624
8040.6235
8088.5767
8034.4316
8025.9521
8084.4644
8252.7197
8310.7578
8274.2393
8297.9180
8364.7881
8174.4600
8245.1162
8178.1348
8262.4775
8520.5244
8574.6406
8487.1953
8520.5156
8542.2725
8540.9131
8485.9521
8522.7314
8549.2549
8671.5078
8748.5957
8587.0840
8577.0537
8584.7578
8594.9121
8650.1904
8703.0713
8712.0352
8789.0166
8789.7930
8766.0049
8603.8896
8553.3086
8433.3623
8318.7891
8096.0093
8182.5566
8058.0825
8007.5576
7964.2236
7170.7954
7660.9932
7820.9097
8008.8140
8270.3574
8283.5840
8260.9375
8313.1367
8449.6084
8242.4414
8325.5566
8508.0820
8585.0264
8575.4023
8672.5234
8738.7168
8790.7236
8742.1260
8595.4746
8472.2666
8472.5322
8519.7256
8560.1367
8043.2021
7927.2583
7918.4404
8061.6577
8028.7148
7883.0874
7968.2520
7861.4106
7821.2754
7912.4067
7836.0430
7904.0542
7917.2266
7925.9448
7990.0342
7987.1367
8104.9873
8152.6509
7848.5835
7699.4009
7870.3740
7976.3911
7936.9800
8030.1563
8112.6499
8191.0918
8186.6182
8238.8281
8215.1895
8198.2178
8199.3760
8077.7881
8128.2007
8264.9395
8397.4863
8414.7754
8274.0557
8383.1875
8413.0957
8396.2012
8274.1709
8298.3916
8324.3281
8250.3994
8259.2559
8026.9370
8109.5708
8150.3247
8182.6973
8437.9111
8429.9336
8275.1826
8270.5693
8471.9277
8537.0332
8468.1523
8550.8721
8510.7041
8650.2568
8643.6670
8721.5469
8687.1729
8610.8467
8576.7344
8588.9668
8483.9424
8605.4707
8470.9775
8545.7627
8579.6367
8656.7051
8555.4316
8539.4697
8429.5195
8302.4980
8301.5654
8285.8721
8343.6152
8290.2275
8360.2461
8442.2988
8331.7295
8439.4678
8535.6426
8518.4561
8577.3125
8725.8721
8629.7861
8627.7119
8605.4238
8747.0889
8846.7480
8755.9756
8563.8291
8567.1543
8347.3506
8477.2998
8534.9971
8560.3457
8361.4717
8031.0176
7941.6318
7878.0127
7976.7988
7890.4663
7915.2495
7978.9326
8008.3110
7756.9063
7704.6792
7828.0503
7626.0073
7785.0688
7567.2773
7578.7056
7706.9141
7568.1401
7597.3457
7735.1504
7784.1362
7766.5532
7991.5991
7890.8901
8035.2471
8031.9971
7967.8359
8143.5269
7972.6240
8017.5967
8192.7695
7956.3999
7967.8262
8046.2793
8296.3643
8426.5313
8354.1406
8289.1416
8235.9834
8124.5923
8197.0127
8175.6831
7913.0923
8190.4238
8309.8857
8386.7744
8280.0947
8323.9004
8323.1934
8402.8340
8296.5996
8457.0557
8518.5254
8384.0039
8276.6816
8436.6689
8286.6621
8347.0322
8180.5576
8334.6719
8451.3135
8329.5410
8396.9521
8125.8892
8051.1372
7968.5239
7929.4243
7949.7383
8022.6958
8015.1538
8099.6997
8071.9292
8041.7305
8090.4839
8112.2681
8279.5547
8414.8682
8481.5439
8575.8232
8482.4424
8458.2197
8538.9209
8465.3535
8106.9634
8327.6084
8423.2607
8592.3086
8723.4346
8816.8477
8860.7939
8805.4990
8811.0264
8809.7119
8758.4043
8658.8809
8624.6436
8589.6445
8592.4766
8626.2871
8380.9551
8459.5928
8025.1089
7964.7729
7170.7954
7151.5747
7109.8003
7170.7954
7170.7954
6986.9551
7310.7168
7203.1812
7170.7954
7109.7686
6969.7451
7015.1411
6993.1079
6990.7207
7104.2148
7037.0479
7170.7954
7130.2603
7136.1128
7960.8882
7930.2373
7815.6162
7800.7729
7810.7793
7589.7173
7825.6240
7880.4653
7955.5215
7994.0195
7981.8652
7965.6465
8208.6123
8261.3516
8385.0000
8307.7070
8227.4014
8284.8008
8266.5166
8368.3262
8362.0781
8343.5830
8308.5215
8195.6553
8472.4512
8368.4326
8244.5811
8131.0396
8255.9170
8215.1377
8014.1514
8102.8696
8029.7124
8135.9653
8108.8535
8180.6440
7924.6987
7715.6919
7447.1191
7119.1807
7170.3550
7111.2798
7170.7954
6997.3911
7032.0762
7170.7954
7072.5391
7042.9121
7001.2173
7092.0840
7425.7803
7658.4565
7938.6465
8226.9834
8454.8408
8574.3652
8651.4170
8714.4551
8737.8408
8547.2275
8570.3652
8633.8203
8562.7627
8576.0664
8755.9600
8727.7510
8774.2813
8819.4805
8700.7910
8737.9971
8575.7881
8758.3252
8833.8350
8832.5156
8814.2793
8681.4063
8732.4824
8634.8057
8687.7646
7811.9126
7652.0244
7433.4004
7317.9722
7170.7954
6981.4131
6952.7559
6801.3076
6932.5313
7170.7954
6788.0483
6815.2412
6789.5044
6985.6816
7170.7954
6960.6396
6907.2373
6902.6265
7144.0332
7521.5215
7600.7388
7720.4712
7725.0835
7787.8892
7791.2832
7685.2681
7600.8843
7423.6055
7571.9512
7824.6392
7998.9150
8162.0244
8210.1504
8225.2002
8428.5742
8506.5264
8498.9072
8469.2490
8427.2393
8518.1875
8605.0361
8480.5518
8362.1191
8496.6074
8310.1768
8245.6768
8357.0791
8197.9375
8208.0430
8016.0630
8024.2397
7777.9038
7842.4829
7651.2124
7622.8687
7475.7646
7295.7319
7048.6982
7012.8887
6873.4189
6924.0068
6600.8105
6481.7051
6499.1577
6383.7568
6463.7339
6614.1724
6462.8433
6542.5107
6539.4556
6692.6411
7098.5396
7306.4346
7591.2759
7986.8643
8204.6514
8469.4072
8634.9834
8799.7314
8558.2666
8615.5605
8591.4229
8405.9082
8498.6611
8574.3066
8580.8760
8670.0957
8654.1484
8743.8447
8639.0635
8673.6221
8529.6914
8585.2813
8542.4854
8745.9521
8759.1797
8720.0791
8542.7383
8640.8525
8791.3252
7926.1538
7868.3608
7839.0952
7663.9775
7479.5098
7170.7954
7059.7441
7170.7954
6904.8701
7012.5693
6719.6636
6722.8672
6817.3184
6713.1030
6873.6919
6875.1563
7148.8921
7034.0059
7436.0806
7378.3589
7564.4248
7719.6460
7698.5107
7410.7559
7466.1831
7618.1934
7517.9980
7530.7188
7754.8257
7705.7002
7931.0415
8032.0220
8212.0703
8388.2090
8285.4180
8270.9131
8319.1494
8264.5137
8224.2070
8185.3389
8419.6621
8338.7139
8296.5723
8344.8145
8426.8389
8488.5439
8435.2754
8137.6709
8197.0557
8235.7383
7823.2520
7509.3159
7307.7505
7170.7954
6984.7334
6919.4346
6891.6260
6879.2383
6640.8965
6454.1729
6555.3345
6351.6025
6254.1353
6107.7734
6277.7627
6279.4888
6149.1885
6290.9395
6309.6484
6477.0796
6479.3301
6631.0386
6881.2900
7137.4248
7681.7676
8187.6768
8499.8135
8636.3740
8728.8467
8810.8936
8778.4678
8809.7520
8658.8477
8710.9111
8558.9463
8762.7627
8742.5605
8644.5537
8627.5098
8674.4512
8619.1914
8601.7129
8543.9258
8523.5391
8610.8691
8549.0693
8646.2979
8802.4414
8817.1572
8803.3496
8036.6431
7859.2480
7939.3667
7942.6982
7931.9717
7652.5620
7170.7954
6986.6494
6971.1294
6857.4111
6661.5107
6700.0093
6770.3252
6851.8662
6888.4585
6971.3599
7438.8809
7590.8491
7684.8213
7604.0151
7597.1367
7583.6152
7487.6709
7226.0664
7431.3779
7505.3818
7521.1616
7579.5850
7750.4336
7787.9619
7736.8267
7832.1719
7893.1108
8158.6382
7989.0278
8241.4736
8315.3984
8417.2949
8451.3965
8347.8174
8331.9951
8232.5225
8242.2627
8274.1240
8232.1465
8263.8076
8362.4473
8307.3496
8246.6875
8196.7529
8147.3657
7844.5117
7666.3296
7359.0708
7170.7954
6863.5449
6641.2515
6561.2148
6347.2529
6267.5615
6170.8164
6186.5391
5949.9082
5957.6743
5861.8721
6044.0073
6358.2798
6235.8438
6420.9731
6401.2778
6477.2275
6635.8398
7170.7954
7053.7139
7168.6860
8653.7451
8841.7520
8857.6924
8863.2773
8806.0020
8807.6006
8740.5332
8731.9863
8710.5293
8675.5127
8708.3994
8707.6045
8547.9385
8568.0781
8588.0098
8702.5322
8570.2949
8525.9209
8407.7900
8220.8652
8474.3789
8481.9268
8739.7734
8813.8613
8865.6992
8214.6201
8131.4336
8155.0454
7990.4849
8057.2998
8058.5439
8027.9512
7694.8574
7113.0479
7170.7954
6940.8394
6927.5371
7443.3525
7138.6147
7460.1274
7585.2607
7514.1660
7470.4165
7602.0337
7729.5073
7877.4751
7881.7500
7941.2373
7875.4185
7792.6821
7875.2373
7750.8481
7939.0566
7911.7485
7811.3916
7754.5273
7970.4580
8078.8818
7966.6572
8258.5234
8108.2837
8173.4590
8262.5254
8405.5996
8259.5127
8324.9795
8485.8184
8388.3467
8523.4551
8432.9229
8386.9600
8375.0684
8397.5381
8256.2852
8108.4619
7917.3477
7828.5293
7441.2856
7438.3442
7315.5664
7144.5952
6738.1187
6501.4468
6377.0439
6598.7056
6273.9121
6049.9590
6034.0093
5879.7544
5778.9312
5862.2202
5943.0439
6119.0156
6116.7173
6412.7637
6712.0386
6878.0962
7170.7954
7791.1069
8047.1992
8293.7686
8493.3652
8671.6699
8767.1582
8626.8145
8510.9189
8641.3291
8711.0586
8625.4414
8508.9551
8249.3906
8274.1592
8412.6211
8488.2197
8480.4678
8532.9912
8603.2803
8701.1035
8541.2988
8551.9307
8576.8418
8666.0703
8747.3076
8839.0303
8797.3799
8270.4180
8230.9268
8230.6992
8258.5039
8423.8379
8441.7998
8232.3379
8153.2783
7939.5171
7760.0493
7606.6338
7645.7012
7721.5464
7636.7397
7752.9814
7752.4292
7663.8711
7644.8584
7732.6421
7844.5537
7948.7769
7930.6230
7841.9004
7782.3569
8061.4834
8011.0869
8002.9556
7981.9233
7961.5083
7945.2690
7924.0698
7895.4175
7856.1987
7920.9033
8074.2310
7975.1572
7916.8442
8049.9722
8218.1680
7988.3745
8209.7158
8091.4976
8115.2852
8226.6563
8368.7656
8430.7764
8539.8125
8465.1221
8384.6514
8199.9121
7977.3037
7835.5767
7866.3257
7729.3550
7565.2515
7470.5815
7151.4492
6714.2026
6563.1572
6441.7158
6429.6821
6304.6919
5996.2832
5860.2749
5711.9507
6022.7808
5912.6528
6235.1045
6131.4746
6381.7603
6730.0806
7187.8423
7459.2627
7706.5942
7782.1567
7927.5503
8017.4624
8334.9561
8389.8535
8409.9355
8280.5713
8435.3457
8460.5098
8563.4229
8424.9590
8203.3604
8222.5020
8291.1982
8441.7500
8592.4541
8716.8330
8809.9668
8847.7070
8789.5615
8722.5371
8842.8457
8865.6992
8865.6992
8810.8809
8865.6992
8310.6553
8365.1094
8345.2734
8349.8662
8352.5811
8166.3579
8250.9502
8255.1826
8221.7754
8366.0693
8209.0674
7949.6479
7862.1143
7874.1484
7884.3291
7853.9707
7783.8945
7741.0430
7952.4131
7945.1450
8064.8594
8165.2642
8176.1558
8162.7212
8261.6523
8137.0684
7933.4907
8153.7061
8227.4043
7931.2422
7912.0688
7907.3188
7882.2173
7943.7231
7858.4600
7927.1060
7902.8564
7914.4385
7925.5869
7900.6118
7882.8818
7934.1069
7961.2568
7992.9258
8213.4688
8240.7617
8281.1006
8188.6978
8198.6611
8228.9521
8212.9570
8253.0703
8089.8911
7979.3945
7854.2119
7466.3008
7309.6191
7083.4014
6774.6440
6460.2666
6385.0107
6016.0913
5888.7603
5825.1885
5879.8447
5910.5869
6133.4824
6367.5981
6348.0503
6691.1216
6632.4121
6839.6533
6951.8623
7170.7954
7600.7896
7785.5474
8183.3936
8303.1367
8384.0059
8401.9570
8260.5918
8309.0820
7992.4009
8081.3086
8061.9077
8014.9541
8429.4346
8575.4434
8568.6084
8569.9629
8599.8701
8743.1973
8828.6123
8840.0625
8865.6992
8857.4727
8845.9463
8865.6992
8865.6992
8833.3877
8224.8730
8309.8604
8231.0986
8157.3643
8000.8926
8069.6377
8087.2310
8180.7051
8273.6924
8342.7041
8276.8701
7908.4224
7950.6069
7926.7344
7956.1416
7951.2246
7851.0571
7982.3066
8081.8682
8098.4194
8314.6816
8355.3428
8238.3857
8387.0420
8280.2793
8205.3213
8206.4180
8092.9209
7984.2422
7974.5435
8000.3481
8076.3613
7962.8403
7910.8062
7751.6104
7734.9839
7678.1592
7548.6587
7618.3081
7678.7207
7755.6265
7846.7188
7853.2124
7913.4082
7875.5854
7856.5732
7907.2900
7897.2119
7907.9771
7840.5361
7845.6265
7786.9160
7926.1260
7704.3428
7759.4692
7589.2622
7377.5605
7231.2217
7194.5957
7025.2485
6464.6196
6328.9727
6043.3521
5879.3496
5872.4805
6065.9746
6196.4136
6170.4019
6371.2759
6521.1489
6654.1157
6731.7925
6940.4199
7104.4985
7553.5142
7846.7026
8011.3574
8202.1113
8145.1626
8023.5010
7971.1221
7931.0752
7792.4907
7790.5503
7783.4585
7619.7744
7934.7900
8104.8750
8401.2764
8302.0205
8438.8389
8494.9180
8597.0156
8850.8477
8865.6992
8862.3838
8865.6992
8844.4854
8845.5684
8865.6992
8264.8643
8349.1318
8377.5225
8373.2900
8479.6201
8379.0713
8214.7061
8280.0840
8356.1504
8231.8408
8220.6611
8104.6523
8037.7485
7739.4341
7877.6162
7992.5688
8007.7148
8137.4058
8027.9521
8025.2480
8258.2920
8233.6445
8164.6504
7901.1499
8094.3320
8079.1245
8202.5879
8249.3643
8082.6294
8142.2979
8113.2710
7881.4312
7907.7739
7713.6611
7505.9321
7125.9526
7011.7813
7015.4683
7007.8599
7056.9155
7053.2891
7123.3877
7046.4092
7170.7954
7396.5552
7011.2563
7121.7300
7012.0229
7055.5532
7163.0264
7013.7397
7058.0825
7424.3696
7429.6426
7534.2661
7378.7617
7236.4360
7226.3516
7169.5630
7141.1821
6580.1880
6435.9458
6169.9033
6193.2832
6043.6689
6221.7173
6488.7710
6354.5293
6462.0811
6744.3164
7170.7954
7014.7856
7170.7954
7159.1235
7954.1328
8178.4644
8255.7461
8234.2793
8253.6016
8218.5547
7916.8584
7157.1250
7024.8188
7170.7954
7092.7021
6971.9336
7170.7954
8107.2754
8849.8330
8464.4883
7772.1846
7153.2310
7170.7954
7152.8164
8223.5049
8423.4678
8538.1563
8596.9600
8585.4355
8612.1621
8180.0254
8299.4014
8462.8047
8468.8096
8559.7266
8510.2061
8471.5371
8574.3691
8478.2412
8437.9824
8328.5645
8309.7295
8311.8506
8378.1279
8365.6641
8122.9268
8056.1323
8064.2808
7966.4878
8063.2124
7932.7734
7766.5903
7947.0986
7936.0713
7781.6182
7902.8745
7893.5015
7713.2109
7623.4209
7640.1724
7713.5342
7517.4341
7713.4312
7769.5991
7583.6528
7640.3970
7042.0786
6787.2295
6527.0874
6662.4448
6887.3462
6701.5654
6822.1240
6767.9077
6880.5566
6595.6626
6477.5078
6515.7993
6664.9819
6512.1875
6623.5767
6621.7339
6710.5850
6765.8667
6973.6763
7103.5469
7213.1084
7092.0322
6956.7764
6696.5469
6593.6304
6405.3403
6531.2212
6435.2637
6591.3892
6440.3613
6574.8813
6977.2310
6751.7969
6925.1250
6801.3550
7083.9932
7145.1099
8101.9043
8865.6992
8833.5098
8781.7588
8583.6924
8635.8906
7137.6753
7109.5356
7028.5527
6887.3652
6912.8608
6839.4287
6912.4639
7170.7954
7938.8701
8536.4287
8582.9307
8761.6836
8801.4053
8526.0088
8505.7822
8461.3809
8350.0322
8319.8818
8337.4941
8359.2959
8414.5156
8189.7158
8250.2891
8344.9609
8351.9492
8173.8037
8204.9600
8318.2529
8314.9297
8446.4424
8523.1670
8454.4326
8561.0234
8424.5098
8300.9629
8146.6641
8116.4487
8019.5493
7950.5903
7694.5015
7773.0400
7914.4395
7892.0596
7918.7368
7914.9619
7738.9287
7820.1431
7769.5840
7612.8745
7340.2808
7103.8604
7009.1069
7040.9609
6917.6553
7024.8867
6901.1084
6864.0674
6686.5767
6412.5972
6334.6934
6523.5620
6300.3901
6347.9072
6307.8433
6538.4458
6411.0903
6383.2598
6290.5913
6178.0103
6301.7407
6310.8311
6314.4028
6451.4038
6323.2988
6473.4893
6956.7764
7099.7720
7065.9644
6747.7388
6956.7764
7156.1357
6639.4287
6499.7373
6552.1924
6386.4741
6423.8726
6508.7583
6462.1069
6596.5718
6708.3071
6680.9653
6844.6367
7170.7954
7917.6128
8525.9971
8793.1504
8861.1055
8861.6504
8862.7275
8766.9209
8603.2813
8246.2373
7170.7954
7016.6162
7090.5215
7141.0151
7198.8174
7573.4380
7814.4604
7957.8823
7942.5645
8175.9331
8080.7563
8206.6953
8009.3740
7826.1968
7725.7573
7661.1265
7754.2998
7811.1484
7839.4751
8183.9785
8085.6245
8169.2100
8007.3706
8041.2622
8224.1738
8257.6182
8192.6611
8357.9434
8273.5684
8232.4365
8232.6152
8234.8271
8155.6553
7958.9995
8059.2920
7963.4077
7822.0435
7814.5967
7691.8066
7530.3057
7681.1606
7548.5430
7411.9150
7562.1343
7538.3027
7629.3726
7471.9414
7320.7046
7070.8687
6983.7915
6722.8408
6680.1011
6629.6489
6669.1299
6540.8135
6634.8818
6343.4922
6077.7661
5916.9116
6002.9351
6011.8594
6000.1963
6018.2617
6214.1260
6355.1543
6121.5249
6156.7314
6564.5610
6393.2686
6149.3740
6144.9370
6061.5547
6267.4893
6542.7275
6446.3271
6532.9404
6757.3447
6656.7412
6659.5205
6624.7310
6711.0029
6814.0669
6573.6987
6587.0459
6476.9258
6448.9756
6704.8037
7083.4136
7075.5718
7170.7954
7897.7617
8407.0342
8602.3457
8835.1250
8865.6992
8865.5176
8856.9189
8771.9824
8456.6602
8275.5146
7903.0020
7644.2847
7169.8623
7174.4204
7106.0630
7170.7954
7170.7954
7076.0327
7091.9502
7170.7954
7170.7954
7497.5703
7170.7954
7159.6011
6933.0547
6863.1436
6921.2769
7078.4946
7037.6260
8224.8418
8192.7383
8189.4639
8202.9922
7968.8423
7821.9185
7787.9932
7893.3911
7959.1079
7911.3965
7788.9702
7732.7837
7520.8232
7726.8003
7917.0015
7826.0112
7926.2778
7937.8267
7760.2856
7499.5610
7363.7344
7367.4897
7188.2070
7274.8740
7301.7705
7309.8184
7428.4106
7377.4512
7213.3057
7191.2207
7220.0610
6650.2148
6418.0068
6413.9209
6639.7485
6409.0874
6265.5562
6127.4917
5916.9380
5892.7373
6037.2417
5931.8564
5970.5986
6030.3672
6156.9258
6141.8135
6275.6475
6185.6074
6298.9707
6470.3774
6636.3594
6268.1436
6120.8286
6266.7935
6223.2017
6286.6953
6446.0029
6524.5200
6761.8105
7095.0083
6782.5308
6797.9849
6682.1694
6711.0366
6627.2222
6657.0024
7013.9927
7170.0903
7148.8662
8647.1758
8678.5107
8605.2109
8788.7871
8851.1709
8865.6992
8865.6992
8864.1758
8800.9570
8789.4688
8767.2744
8628.1250
8370.8301
8243.8086
8065.0068
7894.3706
7155.3325
7107.4707
7100.4155
6916.3003
7027.7690
6643.4697
6670.9756
6777.7891
6651.7231
6767.0552
6488.0015
6409.9185
6568.2959
6646.6338
6894.0073
7940.9653
7829.4111
7972.3833
8049.1904
7959.8979
7920.0981
7993.9692
7921.2896
7827.7661
7755.6548
7744.5679
7648.0039
7810.1968
7887.2158
7859.4746
7676.9243
7603.9683
7719.3340
7622.3608
7536.0977
7115.1226
6917.0288
6733.7256
6822.2778
6741.1968
6728.9873
6980.5371
6961.8286
7170.7954
6863.7358
6748.2422
6956.7764
6554.2998
6445.5493
6465.3506
6559.2813
6274.5693
6260.3433
5818.8545
5848.2197
5865.9951
6117.1934
6075.9688
6428.7969
6390.7915
6527.6069
6261.9331
6277.8091
6509.3521
6395.8096
6368.4375
6529.5093
6207.7466
6270.1372
6117.8887
6439.8809
6537.7915
6687.6563
6917.9829
6984.1533
7170.7954
6981.2183
6894.0630
6790.3481
7023.4736
6921.3320
7159.5659
7170.7954
8035.0288
8574.9961
8694.0313
8702.7617
8839.7842
8824.9922
8865.6846
8812.6621
8770.9795
8865.6992
8865.6992
8817.3301
8774.3447
8581.6270
8571.7998
8392.4746
8140.6216
7713.6045
7170.7954
6961.9341
6860.5967
6631.4941
6532.5532
6628.1196
6432.3799
6349.8364
6384.6777
6490.7915
6291.1753
6397.5288
6432.3535
6466.7197
7743.0942
7772.9517
7861.6631
7831.6304
7742.0728
7818.8252
7753.8735
7857.8457
7872.7803
7727.9653
7572.0605
7657.6094
7727.9224
7797.6343
7697.2451
7815.3589
7826.9136
7888.6333
7781.9438
7711.3555
7607.4897
7084.1655
6821.7930
6533.1191
6541.5298
6422.0181
6349.0728
6379.0620
6563.6719
6389.5010
6376.3765
6602.0195
7076.8599
6644.1621
6694.1968
6224.0376
6117.4189
6000.2075
5918.3579
5785.8525
5793.9561
6071.1670
6467.9292
6365.0269
6650.5908
7147.6016
6704.4282
6530.7241
6334.1035
6245.5762
6261.8691
6380.3770
6263.1567
6243.3999
6522.4150
7043.7832
7184.7002
7209.6421
7195.6587
7170.7954
7117.4917
7170.7954
7170.7954
7104.2202
7091.0327
7170.7954
8384.9512
8545.3936
8790.3262
8860.3682
8865.6992
8807.6826
8865.6992
8865.6992
8839.9111
8858.5674
8865.6992
8855.0156
8865.6992
8865.6992
8787.3359
8739.3457
8694.8877
8513.0850
8342.3037
8245.6084
8195.4199
7170.7954
7170.7954
6736.0669
6560.3149
6716.1143
6464.9653
6408.3628
6254.2813
6205.2983
6258.8623
6172.4727
6659.7358
6454.3945
7418.5732
7402.6812
7496.5776
7412.1748
7568.0474
7603.1445
7750.4990
7799.5923
7866.4385
7732.2148
7630.4419
7729.6665
7724.8774
7720.2319
7798.6602
7643.5454
7579.1113
7797.0068
7747.2041
7718.0640
7472.3535
7386.1250
6910.7285
6778.8892
6456.5752
6149.3589
6260.6406
6135.6484
6081.8472
6125.6558
6324.7554
6190.3052
6158.6914
6232.0542
6032.3711
6093.4478
5998.9761
5892.6377
5900.2847
6057.9517
5919.1787
6073.8174
6330.8804
6411.9453
6457.0464
6417.0854
6434.7358
6511.0952
6536.7104
6450.7441
6699.0498
6627.1152
6688.2275
6913.1665
7171.0195
7255.2432
7442.7441
7638.1128
7863.4541
7861.0430
7998.6450
8194.7930
8215.4492
8427.4023
8477.8799
8584.9111
8617.5410
8778.3242
8822.5039
8865.6992
8865.6992
8865.6992
8846.8447
8865.6992
8862.3008
8861.6338
8865.6992
8862.3506
8865.6992
8865.6992
8855.9971
8825.6035
8729.4229
8766.2725
8582.9238
8482.3877
8268.0439
7957.7607
7673.3281
7170.7954
6972.6484
6776.4761
6948.0991
6481.5176
6352.0337
6148.4297
6118.7437
6293.1504
6403.8188
6556.3657
7029.6309
7153.2080
7247.2720
7498.2861
7569.9390
7410.3218
7319.0347
7538.7705
7546.5239
7714.0366
7523.6084
7585.3047
7678.5322
7529.2954
7494.3760
7479.8286
7346.3027
7578.5244
7657.5273
7546.2891
7541.4204
7187.2236
6984.7969
6880.1138
6450.9482
6260.8921
6276.1011
6078.2192
6163.0503
6238.0791
6201.2397
6452.4019
6298.3604
5948.2339
5837.1670
5822.6069
5966.6875
6053.6743
5925.1821
6213.5205
6037.6689
6075.6841
6097.4429
6053.5244
6192.9229
6426.6494
6385.2886
6510.7944
6750.4297
6632.8052
6590.7119
6853.6230
7117.5918
7748.3721
7612.9893
7630.6348
7841.0112
7965.3945
8189.4185
8193.8008
8232.9307
8266.0684
8385.4639
8573.5371
8673.0391
8746.6523
8708.1377
8741.0576
8778.3340
8547.9688
8716.4141
8784.0264
8829.4180
8857.5352
8851.7139
8854.4697
8856.1963
8865.6992
8825.7432
8830.5576
8749.9766
8754.7920
8604.5166
8547.4561
8535.7207
8531.5361
8395.6885
8306.0234
8203.8711
8045.4082
7170.7954
7170.7954
6846.8975
6564.2393
6542.8647
6555.2314
6438.1909
6527.5684
6938.4170
6627.3750
7094.9463
7279.7212
7578.4180
7705.4468
7762.9443
7785.5093
7757.6382
7755.0400
7594.2505
7732.0234
7654.5620
7794.0571
7744.2715
7763.2471
7546.8501
7492.4063
7343.4072
7339.7192
7350.9063
7398.6357
7409.7759
7204.8662
6982.5806
7163.8325
6551.1953
6288.3618
6182.5688
6128.9727
6391.0537
6332.6587
6453.2969
6908.8047
6469.4058
6369.6074
6156.3569
6014.0771
6337.2017
6082.9741
6040.9873
6077.4771
6237.6665
6192.4146
6455.6230
6170.8013
6277.8252
6272.3823
6528.4502
6450.4287
6434.1118
6614.1479
6726.3550
7170.7954
7434.1108
7689.5942
7943.4863
7959.6973
8089.0610
8101.4663
8201.1357
8200.1094
8380.2109
8387.2178
8403.5371
8374.3994
8290.7744
8121.0664
8310.0879
8509.2725
8591.6768
8501.7881
8516.7930
8572.8506
8592.3643
8595.3115
8634.0029
8755.0430
8730.2686
8726.9209
8710.2432
8709.2461
8431.9609
8404.1631
8238.2832
8213.0410
8316.1455
8262.0977
8314.7852
8287.7549
8310.0215
7938.0625
7522.4941
7169.7876
7083.4380
6830.5815
6727.3716
6916.0864
6556.1323
6399.5146
6373.6045
6465.8042
7593.6460
7601.6890
7715.4155
7878.9541
7896.2300
7883.4985
7771.3579
7913.3525
7945.0220
7872.2949
7834.2710
7613.1348
7672.8584
7734.2935
7664.3359
7451.0410
7447.7646
7623.1201
7527.0249
7542.6924
7458.4941
7229.1191
7176.9858
7101.4888
7049.1367
6999.5186
6528.8394
6409.8584
6350.9971
6411.2388
6451.8833
6702.9258
6588.8271
6416.9341
6404.2886
6540.0464
6436.5103
6395.1069
6369.0166
6417.0034
6298.7339
6146.1245
6221.1519
6411.1201
6494.3394
6415.4897
6561.3462
6475.1992
6698.3794
6829.9858
7134.2871
7156.3037
7840.9072
8188.7036
8238.2705
8256.9053
8266.7676
8271.2432
8346.4453
8456.3438
8499.7227
8516.2607
8539.5771
8430.9209
8188.7598
8114.0850
8039.1733
8306.1592
8336.0322
8544.9209
8590.9443
8595.7822
8494.6641
8461.9287
8577.8662
8553.2725
8520.1016
8586.1045
8692.6074
8609.7402
8437.1602
8328.4590
8302.9834
8340.5029
8131.0659
8095.9717
7973.0015
7994.2671
7986.7832
7890.9004
7813.7319
7427.1333
7049.9404
6910.7734
6871.7217
6670.9160
6527.6050
6422.9995
6426.9658
6605.2119
7400.7695
7717.4800
7713.1011
7785.5283
7883.4517
7794.1670
7793.2798
7800.0322
7805.7979
7648.7671
7682.0913
7510.4883
7571.0229
7667.7676
7591.1045
7634.3823
7715.9453
7678.3188
7496.8535
7397.8872
7449.2930
7432.5205
7415.4087
7247.0024
7077.1831
6985.1196
6956.7764
6642.6890
6561.8740
6748.8052
6719.7944
6729.3960
6956.7764
7015.2153
7028.8101
7155.1670
7173.0981
6748.9727
6619.3877
6619.2773
6611.7422
6477.4341
6627.7949
6873.9995
6835.9863
6667.9492
6777.4805
7168.6260
7035.7163
7205.4961
7415.2017
7601.1870
7941.4526
8253.0498
8406.2354
8464.6016
8511.1064
8451.8594
8495.6260
8495.8018
8580.1318
8457.9063
8609.2861
8361.0381
8110.5151
8195.3467
8035.5161
8209.3770
8331.7783
8384.7744
8359.5889
8591.8457
8488.3086
8614.8105
8567.8896
8465.5742
8553.0811
8560.9209
8552.4688
8448.9834
8447.9980
8470.4004
8289.5967
8221.4648
8250.6680
8246.1992
8208.6699
7995.9102
7936.0020
7924.3682
7898.7378
7714.2256
7317.8799
7170.7954
6763.4868
6758.7798
6838.9531
6471.0396
6348.6479
6423.4741
7479.3066
7581.7559
7817.3115
7941.5151
7871.1904
7767.3550
7783.0981
7601.8140
7715.5381
7770.7612
7675.0801
7728.1230
7686.4663
7652.2573
7482.7866
7369.2344
7462.9634
7336.9185
7186.0327
7038.5669
6823.6885
7016.6841
7031.2842
7389.6655
7238.3252
7192.5869
7160.2188
6958.3574
6843.0679
6851.8525
7182.7275
7299.4731
7315.8193
7225.2319
7200.3950
7187.1733
7183.6064
7161.6567
7207.0962
7121.6641
6956.7764
7065.9258
7306.1108
7287.0889
7245.7256
7231.0996
7195.3350
7127.0615
7313.8896
7557.8892
7556.8848
7579.4873
7912.3105
8109.7729
8245.6895
8484.0381
8546.5508
8428.0059
8442.0049
8546.4336
8428.2646
8484.6309
8461.9932
8442.2432
8465.0381
8420.3135
8161.4556
8243.8545
8287.9443
8427.4482
8503.3818
8407.5254
8537.1611
8557.9189
8421.0762
8262.0889
8435.1992
8417.8760
8550.8350
8578.9707
8494.7168
8435.2764
8425.7627
8380.3848
8292.7881
8080.5688
8215.5684
8118.9297
8032.7554
8086.7817
7949.9858
7888.4438
7704.5059
7490.2397
7013.4292
6881.0596
6760.5283
6840.1167
6645.0679
6659.8564
7679.4771
7730.4834
7795.4229
7848.0752
7955.1519
7845.2280
7740.3096
7706.3252
7656.0107
7510.1270
7576.1943
7565.9238
7423.1582
7408.5801
7080.5928
6979.6431
6891.8408
6761.0903
6678.0928
6650.9287
6687.0317
6773.3022
6635.3101
6724.6045
6699.4180
6432.2910
6446.7930
6515.7363
6627.8154
6831.0381
6960.9517
7073.8779
7198.5005
7355.3984
7334.2197
7243.7876
7291.8267
7329.4072
7380.4595
7195.5674
7205.8774
7399.6963
7377.1792
7541.3755
7491.6851
7431.1504
7586.7280
7737.2388
7752.7471
7723.7734
7883.5112
7922.0454
8053.3652
8180.6118
8443.6455
8235.0615
8240.4756
8229.0020
8150.7715
8095.1895
8263.9648
8237.8809
8422.1094
8387.3525
8373.5566
8450.8994
8403.4443
8228.0996
8084.1650
8171.8457
8061.7559
8238.7842
8225.6543
8440.4824
8308.7695
7939.5962
8046.1929
8144.6416
8280.2412
8177.3276
8024.0796
8034.8101
8029.5815
7952.0186
8146.7900
7990.1821
7940.7886
7957.0806
7927.9111
7866.1123
7719.2651
7471.9209
7572.1704
7567.2090
7369.7534
7305.7793
7221.8569
7253.3550
7229.2656
7002.4434
7705.4771
7695.1455
7600.9512
7699.5229
7897.7480
7902.0376
7655.1748
7459.7642
7546.9453
7498.2598
7533.9180
7425.9009
7330.4531
7155.1768
7079.8433
6918.9346
6798.8701
6953.2300
6669.4014
6650.3105
6991.7861
6956.7764
6574.3140
6431.5596
6548.7520
6788.4160
6579.0073
6537.9951
6714.1196
6956.7764
7209.7305
7314.0996
7314.5635
7535.5757
7478.5625
7425.8149
7440.8325
7452.4482
7286.8433
7445.2251
7439.9648
7453.6064
7496.8828
7605.3945
7684.7559
7765.0566
7883.6313
7839.2212
7876.0679
7947.0146
7889.5771
7969.6641
8019.7925
8011.4839
8017.7456
7957.5391
8080.8364
8006.3057
8126.6294
8202.9570
8201.6797
8183.6924
8226.5938
8236.5088
8258.5479
8230.8867
8199.3057
7874.8218
8023.9287
8073.3906
7987.0708
7974.8354
8048.0854
8083.0903
8236.1172
8257.2988
8199.2305
8151.4902
7969.1860
7910.5039
7899.4292
7851.6265
7785.7749
7655.9355
7811.3242
7975.0356
7939.5986
8161.1743
7938.1592
7969.2056
7918.8374
7750.6548
7737.6616
7734.8848
7474.4116
7387.2266
7476.6699
7471.4551
7413.7285
7433.4678
7895.6460
8020.2153
7926.4263
7964.1631
7957.4600
7916.6973
7919.9102
7800.2192
7725.7295
7789.6729
7612.3735
7680.8569
7578.6929
7495.1538
7275.8540
7211.2090
7032.8682
7170.7954
6749.0796
6625.3994
6537.3525
6410.5596
6352.1997
6374.5781
6389.8032
6501.1411
6577.7026
6777.3198
7066.0195
7319.1533
7309.7461
7444.6841
7607.8794
7475.3071
7599.5342
7601.5967
7798.2012
7711.8340
7634.4243
7567.4316
7618.7676
7778.5469
7882.2925
7926.9937
8130.0415
8072.8462
7890.7329
8064.8975
8096.4038
7997.3379
8008.0400
7944.0942
7932.0820
7852.9185
7993.6992
8137.2656
8137.3813
8073.3960
8222.2324
8241.0078
8227.3721
8252.1553
8173.2485
8137.5557
8277.8613
8264.9395
8104.8193
8121.6895
8229.8379
8100.9209
8169.9971
7955.6689
8022.6343
8030.7261
8076.3979
8072.5195
8166.8418
8212.1816
8173.1406
8174.4341
7975.3784
7760.1250
7837.0610
7642.0439
7724.9736
7902.3496
7933.2236
7939.0762
7822.7271
7945.7002
7955.6274
7963.3677
7961.8169
7943.2837
7840.5356
7661.3608
7727.9956
7516.5024
7552.8403
7350.2813
7937.1904
7930.3027
8069.1348
8013.1001
8193.4287
7950.3423
7854.8794
7721.3799
7667.9434
7699.2871
7725.2051
7685.2632
7414.7881
7138.7256
7178.9443
7215.4790
7159.0786
6732.7070
6659.2783
6529.6758
6576.8467
6355.0781
6364.6904
6262.6191
6419.6079
6741.7231
6844.3340
7153.2246
7388.6641
7471.6387
7499.3950
7733.1978
7963.7769
7955.5288
7973.4805
8154.4150
8225.3398
8102.5322
8009.5229
8075.6865
7934.6343
7945.9087
7933.6089
8055.0996
8211.8477
8131.7881
8057.2241
8168.5913
7969.4106
7818.1538
7841.5176
7732.8394
7527.2031
7749.2808
7880.1597
7887.1104
7846.2686
7997.4209
8008.6807
7978.4766
8012.5664
8074.0928
8155.2734
8286.0449
8262.6768
8329.2158
8233.6104
8041.6631
7945.0708
8020.7749
8227.6406
8236.6367
8192.0781
8050.7124
7967.0225
8132.8643
8236.5762
8188.3345
8210.0020
8037.4746
7952.2886
7801.7075
7894.5972
7906.4004
7921.7505
7898.1587
7940.5044
7876.5576
7746.7100
7559.6694
7655.1631
7775.8193
7818.4111
7860.4268
7828.7451
7877.6860
7625.0117
7716.3193
7837.3618
7729.9717
7849.9375
7909.4570
7917.9570
7868.0776
7876.6260
7816.8657
7752.7813
7623.0747
7582.8745
7495.9028
7598.6733
7628.1855
7345.3198
7290.3247
7325.2925
7190.6011
7093.3135
6662.6372
6586.4517
6639.3813
6419.7876
6460.2036
6496.4189
6614.8623
6703.0532
6782.9404
7212.4194
7313.5107
7302.8486
7262.7554
7437.3560
7488.2051
7773.2329
7973.7905
8014.3662
8055.6313
8085.4712
8102.7021
7983.3579
7992.8696
8005.9473
8130.5835
8255.5254
8232.3604
8015.5439
8028.3110
8037.5493
8152.2495
8022.8643
7936.2910
7786.4868
7955.0742
7965.1108
7772.0903
7829.2642
7789.2720
7786.8569
7848.1138
7838.8672
7971.1616
8003.1338
8217.6523
8239.7363
8239.3643
8244.8721
8042.6436
8067.1279
8122.7979
8162.8301
8368.2959
8261.7256
8291.1357
8238.8086
8151.9531
8254.1572
8298.4170
8167.5527
8059.0005
7771.9771
7920.0522
7973.5962
8006.8203
7861.0884
7789.4893
7778.8770
7831.2563
7827.1475
7843.0337
7903.1753
7902.8252
7825.0132
7805.4409
7826.8691
7807.1519
7817.5835
7886.6934
7836.5029
7782.5571
7775.3433
7788.1318
7802.5923
7856.5762
7937.6836
7835.4014
7754.6670
7740.1431
7603.3804
7699.5269
7568.2515
7322.0327
7254.1860
7313.3877
7261.5674
7297.5566
7389.0566
7480.3706
7417.8711
7145.8413
6911.1934
6761.2832
6722.8735
6927.6787
6917.5674
6883.9175
7147.8564
7310.6973
7280.8926
7308.6475
7388.1235
7437.4736
7477.0278
7718.6484
7895.4888
7894.5801
7943.2461
7961.8193
7981.3271
7995.3613
8130.8086
8242.9375
8244.6240
8424.6777
8250.1855
8330.2363
8385.0264
8216.2256
8055.1699
7815.3560
7925.0820
7794.1162
7668.2246
7915.9014
7780.5674
7725.1895
7690.9106
7500.4390
7605.4302
7734.3076
7862.2275
7956.0708
8061.7788
7897.7397
7761.4043
7945.7197
7984.8018
8225.6650
8429.4785
8483.6094
8495.5430
8358.4375
8274.5596
8232.2607
8265.0361
8043.5542
8154.0728
8329.5986
8088.7651
8185.0645
8159.7134
8014.2036
8077.0864
7991.1074
8161.9067
7931.9258
7863.3203
7628.5479
7589.1318
7831.6411
7728.0518
7729.3926
7753.0244
7831.4395
7851.4736
7812.7993
7857.2524
7899.5894
7775.5557
7741.1548
7914.2373
7868.9648
7814.0845
7723.4355
7908.6025
7843.5142
7740.1733
7801.9873
7763.9146
7692.1299
7480.8130
7576.2642
7311.5596
7431.6528
7367.4404
7539.5439
7535.7441
7706.6660
7540.9409
7464.1924
7597.5918
7346.0845
7336.3491
7175.6577
7277.3042
7385.6987
7664.9487
7610.1836
7562.4927
7581.7144
7659.6177
7460.7651
7536.8984
7548.6865
7661.8789
7821.1143
7902.0376
7815.7710
7955.3384
8155.3013
8300.7539
8144.2959
8329.8076
8347.6240
8241.8525
8229.2930
8256.7637
8178.4868
7808.8042
7878.6025
7864.9209
7925.3096
7926.7236
8156.5288
7837.4336
7880.5771
7788.0781
7720.7808
7908.2104
7901.3062
7891.1206
7953.1343
8003.6001
8201.3809
8145.2646
8049.8608
8069.3320
7996.5151
8369.6523
8431.7227
8404.0029
8507.1885
8347.4766
8261.0850
8259.3994
8250.6768
8202.4932
8051.3716
7989.6250
8161.2422
7981.3135
8022.3853
7914.3076
7837.1270
7890.4658
7736.5542
7727.4243
7778.2007
7756.9673
7835.3711
7874.8706
7804.6353
7866.0059
7950.0732
7951.6025
7857.8564
7891.6602
7850.1880
7834.3457
7893.9194
7850.4517
7765.1611
7667.0815
7619.1875
7597.3823
7673.9712
7602.7773
7599.1729
7362.3188
7468.2598
7561.2612
7578.9653
7616.4199
7727.8511
7622.0659
7789.6440
7822.2041
7744.6558
7612.5659
7453.0142
7533.9268
7711.0752
7626.0532
7607.3862
7831.9336
7886.9517
7973.8696
7900.4487
7817.0498
7714.4893
7720.8750
7662.5557
7415.9136
7291.7612
7275.4585
7374.6167
7303.0942
7556.8105
7827.4683
7984.0093
7978.8018
8031.1396
8354.7256
8399.4111
8173.7012
8290.6914
8248.1436
8124.1885
7981.1982
7951.7612
7922.5513
8006.0015
7997.8535
8058.9087
8201.3984
8202.6846
8014.6333
8050.6729
8266.6406
8261.1191
8032.9302
8123.6895
8141.0229
8192.8408
8111.8774
8171.5488
8110.9995
8446.0820
8493.9619
8483.2979
8419.7998
8404.0068
8290.0576
8165.3257
8235.9561
8100.5581
8034.2397
7920.6436
7995.1685
8002.2544
7893.5635
7844.9790
7950.5386
7882.6509
7878.1689
7742.8911
7562.2246
7489.4668
7862.5195
7854.7754
7910.3237
7716.0483
7583.3545
7651.2397
7610.4653
7699.4170
7716.6025
7749.2974
7803.6763
7981.4771
7850.5962
7958.6304
7740.1929
7597.0649
7483.3042
7512.9004
7366.4956
7487.0894
7502.1758
7597.4063
7549.9761
7585.1680
7672.2026
7767.6499
7783.2158
7711.7534
7648.6533
7545.7095
7514.2124
7377.2505
7356.8057
7478.9834
7435.8188
7238.3833
7571.8892
7687.9814
7714.2109
7769.0679
7767.9570
7712.7612
7536.2515
7191.7466
7119.7949
6892.3955
6804.6602
6696.9717
6795.1650
7170.7954
8010.4478
8097.1680
8278.9199
8321.3418
8355.9590
8243.1543
8231.0566
8142.5732
8211.6250
8135.5894
8170.9990
7978.9824
7923.2969
7945.3164
7919.1992
8193.6729
8254.9316
8272.0146
8328.9795
8334.9824
8398.0000
8298.0986
8478.7295
8492.6406
8551.5176
8432.8867
8327.3418
8230.3994
8295.0264
8423.8906
8335.8447
8233.3613
8350.5186
8453.8906
8437.7793
8375.7734
8393.4033
8284.9492
8290.5713
8218.6650
8163.6060
8190.4219
8011.5894
8145.3521
8072.9590
8058.9370
7977.3545
7756.1558
7775.1626
7566.4478
7708.5635
7730.6895
7667.2280
7440.0806
7245.4443
7380.6011
7575.5181
7728.6035
7764.1382
7773.6948
7834.5142
7737.0386
7847.0571
7936.5527
7797.3784
7832.5879
7897.4277
7810.1948
7664.7944
7754.8467
7709.8311
7771.8408
7709.4365
7782.1572
7763.0845
7743.6777
7584.2505
7527.1807
7710.5249
7847.3452
7690.2290
7047.4746
6913.1421
7170.7954
7319.2886
7511.6646
7446.3750
7683.3428
7652.2529
7548.8701
7582.9922
7437.5327
7134.2134
6978.4336
6872.4072
6908.0669
6843.3013
6908.0962
7141.9575
7664.3828
8135.9927
8153.9736
8286.5703
8093.6230
8124.6812
8069.5791
7889.8867
7937.9619
7924.2378
7820.4849
7798.5010
7742.0205
7905.2388
7969.8354
8048.1626
8138.3657
8010.0200
8262.5029
8345.5234
8447.2969
8362.7432
8313.4385
8280.6426
8225.4170
8067.1963
8182.8398
8107.1719
8223.7988
8009.3438
8150.2178
8043.9258
7959.4639
7866.2271
8130.4019
8348.3164
8248.4775
8245.1406
8422.4072
8508.4629
8494.9102
8305.0703
8243.2324
8191.5898
8230.9033
8371.3359
8330.8975
8047.7490
8077.5703
7914.7891
7931.2119
7887.2017
7873.0527
7752.1704
7622.5928
7572.3828
7633.2612
7720.8989
7737.1006
7684.7305
7765.2847
7850.0400
7852.3936
7716.0703
7778.6050
8055.2090
8150.5181
7786.7529
7577.7144
7429.7070
7469.3828
7566.8994
7716.1646
7731.0996
7899.8052
7661.2070
7645.3477
7534.7441
7792.9536
7748.7861
7717.5972
7672.1006
7551.8462
7470.1528
7170.7954
7001.8037
7170.7954
6983.7583
6983.8374
6985.5825
7077.0469
7052.5596
6972.2031
6969.5068
6927.5088
6732.7188
6795.7114
7170.7954
7635.2622
7922.1572
7950.9180
8013.4419
7954.1895
8017.4077
7952.3472
7917.8901
7795.3467
7843.4976
7885.6826
7905.5986
7816.9531
7722.6313
8066.6885
8204.1602
8210.6055
8310.8965
8293.0732
8473.6533
8590.0283
8598.6943
8611.6875
8572.6826
8365.5996
8252.6719
8200.0059
8212.8926
8115.8472
7999.7305
8055.8013
8243.5215
8216.3184
8198.2168
8009.1987
8066.1899
8059.2520
8194.3535
8042.1060
8143.2817
8204.3486
8136.3286
8215.9990
8097.5938
8102.4678
8289.9434
8090.3862
8101.3062
8252.8633
8093.5371
8200.8428
8211.7793
7903.6445
7682.9604
7718.5391
7659.4858
7578.3330
7732.3320
7662.0679
7690.8223
7775.5195
7593.1011
7585.5039
7648.7974
7646.2363
7647.2378
7767.5264
8224.3662
8035.3232
8023.3364
7903.4912
7838.7349
7681.9116
7731.7666
7887.6309
7824.8115
7711.9424
7513.6040
7412.4663
7586.8213
7479.2036
7612.0952
7543.6616
7565.1304
7602.4688
7547.0869
7343.5557
6908.8921
6705.0420
6630.9097
6717.4375
6640.4282
6888.4858
6881.6655
7116.5093
6904.6304
6693.7354
6671.3843
6886.5317
7202.6816
7604.2964
7714.2529
7796.1870
7820.3950
7809.0283
7841.7754
7797.3252
7761.0469
7815.1479
7910.1509
7717.2822
7567.1123
7103.7949
7134.8315
7608.3809
8025.7021
8236.6992
8287.4766
8515.5205
8474.5361
8572.0400
8671.5264
8592.1914
8483.6582
8320.6494
8315.2637
8293.2666
8219.2129
8228.5293
8034.4346
8039.4604
8361.1514
8375.9551
8377.3359
8221.3613
8312.3232
8417.7676
8316.3926
8379.6309
8383.2881
8309.5137
8296.0391
8184.8037
7937.4443
7774.2700
7754.6772
7785.7856
7938.6626
7881.0259
7889.6724
7684.8511
7475.5239
7612.3262
7668.1558
7843.4355
7589.3223
7569.6753
7387.0757
7351.9229
7304.7178
7348.1563
7197.8911
7366.3711
7591.8105
7577.6138
7708.7163
7526.6055
8036.2808
8061.3555
7949.7910
7978.7993
7888.4907
7791.7803
7797.5190
7570.9204
7694.9771
7727.3789
7704.2720
7655.7661
7508.1719
7709.8438
7589.1567
7528.5962
7466.5146
7402.2676
7410.7490
7350.4063
6996.1162
6699.5811
6436.3345
6419.5439
6492.6016
6559.2710
6693.8452
6644.8169
6482.0972
6564.2007
6775.4063
6740.0977
7170.7954
7793.4067
7709.5259
7610.9634
7542.9453
7522.3872
7435.5464
7464.1240
7326.5376
7131.6152
7093.0107
7165.8267
7163.0015
7712.1909
7804.4995
7979.4512
8237.5195
8301.9063
8332.7412
8325.2607
8450.5781
8538.8535
8603.6602
8540.1572
8378.3008
8400.7490
8333.5615
8384.9111
8293.8477
8372.5137
8339.0117
8153.2627
8221.5244
8309.0674
8267.5107
8188.0869
8299.2949
8278.3604
8406.4219
8221.3516
8231.4365
8117.3052
7749.4116
7170.7954
6982.3926
7170.7954
7083.0396
7082.7422
7126.6348
7074.5439
7101.6167
7506.0845
7718.0576
7727.6426
7596.2524
7399.7866
7180.3032
6956.7764
7095.6426
7185.9829
7246.8145
7336.6890
7290.5928
7415.9058
7316.4795
7544.1328
7608.6714
7486.8535
7775.6943
7782.5786
7743.7026
7823.4663
7825.1279
7752.5664
7814.0498
7815.7769
7909.7891
7964.3760
7894.7363
7816.4141
7866.0664
7858.5239
7751.5527
7747.9023
7551.0811
7497.5962
7422.1079
7292.5859
7018.2842
6829.7290
6637.0205
6676.1411
6607.8042
6892.7368
6572.3276
6581.9546
6622.1978
6584.8154
6657.4761
6925.2275
6768.5879
7031.7173
6990.2769
6998.3872
6985.2207
7164.9600
6988.5396
6984.3242
6934.4648
6982.0361
7170.7954
6993.8276
7170.7954
7147.7241
7657.0991
7944.1953
7995.4116
7967.2754
8191.1421
8212.0039
8003.8296
8050.1484
8203.8350
8211.2422
8159.9409
8135.0576
7951.6079
7956.1035
8266.9072
8332.0928
8430.2930
8399.7432
8299.5332
8169.1816
8263.0000
8106.2729
8032.4751
8175.8472
7919.2437
7968.8926
7920.6821
7853.0967
7707.4863
7531.2554
7377.4536
7106.2075
7108.3105
6936.6548
6891.9487
6968.4033
7170.7954
7384.6997
7535.1382
7679.9521
7467.0693
7310.5825
7329.3833
7222.0415
7165.4189
7078.5293
6956.7764
7084.1475
7256.2822
7335.0063
7463.0137
7531.8706
7591.1367
7638.9082
7449.8081
7577.3701
7621.4746
7779.7681
7764.1768
7758.1724
7693.5615
7841.5342
7893.0615
7897.2412
7931.2041
8058.4258
8026.1025
7965.3022
7991.4038
7862.2139
7684.6807
7716.3188
7460.7432
7373.2163
7228.0083
7210.0874
7135.0732
6714.0879
6480.5894
6558.5610
6417.3735
6543.6426
6412.0371
6621.5703
6924.7461
6614.8755
6585.3672
6646.6323
6708.5527
6702.8882
6789.6431
6693.7163
6581.2227
6692.9941
6627.5210
6623.3608
6755.3062
7008.6719
7037.4712
7323.1860
7468.4683
7698.2939
7583.6484
7856.0391
7996.4448
8026.8740
7933.0234
8142.9600
8228.6689
8221.3301
7901.3691
7976.8755
8016.3618
8258.5352
8283.1973
8316.7500
8462.1396
8348.1689
8321.7910
8414.0439
8293.0215
8158.3911
8259.8203
8050.6528
7915.2495
7839.2148
7783.2964
7877.8286
7775.8242
7846.8530
7693.4526
7544.7085
7373.3784
7405.6353
7333.8643
7368.9487
7579.7231
7499.1484
7451.1743
7610.1445
7622.6255
7614.0000
7439.9111
7542.9229
7438.4678
7469.3760
7296.4653
7238.4971
7173.3198
7301.6392
7373.2720
7345.9048
7441.8560
7400.9766
6863.6235
7400.8433
7364.7256
7067.9971
6999.3481
6960.5386
7144.2002
7208.1680
7311.9448
7510.5039
7647.3560
7737.2959
7598.7896
7718.1143
7693.3296
7810.9966
7782.5869
7737.1577
7568.5986
7633.5352
7438.5405
7300.8301
7095.7002
6703.8286
6615.2793
6381.4189
6317.9888
6245.9653
6350.9248
6259.2314
6403.0522
6283.4468
6423.8965
6392.5093
6658.9932
6922.0464
6647.5859
6591.4092
6472.1558
6731.6943
6734.9395
6966.2256
6888.9253
6964.6563
7225.8872
7545.4404
7709.5498
7780.7397
7832.1714
7901.4365
7901.7764
7817.4282
7946.4351
7954.0742
7988.8823
7940.5464
7900.2637
7878.9897
7703.0244
8037.7573
8133.2539
8306.5234
8474.0439
8371.2109
8397.2119
8301.5049
8205.0195
8085.9995
8060.3286
7948.1489
7927.7275
7926.2803
7958.2256
7974.5806
8148.7476
7961.2144
7919.1182
7763.8208
7405.0771
7453.3413
7484.6060
7370.6436
7460.6816
7477.4961
7518.7690
7584.0317
7756.9141
7734.2407
7600.7666
7508.7891
7527.0654
7281.8276
7204.7524
7029.8936
6944.5410
6997.7832
7079.2964
7170.7954
7030.5942
7058.8345
7240.9414
6966.8403
6716.6865
6684.4653
6634.6904
6546.8740
6548.9316
6679.8838
6724.1670
6888.7529
6932.3823
7195.0171
7275.7412
7399.1582
7482.7656
7396.7212
7615.9873
7406.9790
7533.1138
7583.4497
7413.7827
7210.5171
7122.3022
6956.7764
6473.5854
6364.4058
6143.4443
6181.6782
6241.9497
6141.7451
6100.6792
6226.3828
6393.8281
6357.3726
6309.1260
6327.3179
6577.1299
6383.5884
6351.0200
6488.6206
6626.0532
6963.3018
7164.1670
7493.9902
7573.3608
7851.5986
7927.8921
7848.3789
7695.0005
7716.9692
7825.6362
7846.5723
7826.0767
7807.5942
7894.2588
7938.8257
7950.0625
8137.5161
8102.9780
8072.1328
8131.4463
8008.2246
7989.7529
8184.2061
8228.6611
7955.4902
7924.7720
7813.3413
7686.3076
7492.0796
7500.4121
7686.7822
7719.0137
7837.1592
7872.8618
7875.6982
7738.7539
7718.1401
7722.1279
7552.3359
7435.9863
7387.3555
7459.1953
7348.2524
7462.5605
7523.9512
7527.0874
7385.4639
7313.8931
7211.2603
7317.9673
7224.2832
7178.6689
7012.7568
7148.7329
7075.8296
7002.7124
7004.0488
7066.9922
7227.2998
7197.3394
6964.1343
6697.1841
6532.4487
6532.5908
6381.0098
6498.2383
6663.6851
6470.9712
6685.3965
6626.5024
6682.6470
6763.5098
6790.2495
6981.2705
6923.3442
6981.7256
7374.9053
7452.9771
7458.8169
7301.8950
7205.4580
7070.1489
6782.9106
6580.1143
6709.6338
6292.2427
6264.6797
6357.8608
6215.3149
6231.3311
6194.2983
6533.8672
6356.6797
6151.8096
6181.8179
6232.2031
6439.7275
6365.0684
6469.1318
6806.9731
6975.5552
7368.5474
7459.7690
7574.1812
7575.5557
7755.9092
7717.1523
7738.7197
7639.3921
7771.9023
7830.2437
7804.8052
7903.7017
7885.3823
8017.8955
7775.9072
7950.3198
7976.5977
8048.1025
8019.5015
7945.9648
7915.7207
7827.2998
7874.3247
7837.9961
7653.4697
7560.4438
7741.1992
7680.0366
7575.0239
7506.3618
7515.8438
7596.7192
7612.7871
7621.2480
7567.6152
7557.6548
7650.5537
7553.7422
7461.1084
7330.3042
7274.3716
7238.4814
7338.7495
7188.6792
7248.3867
7195.9697
7207.3301
7195.9180
7179.1079
7148.4492
7223.4663
7181.8252
7215.4102
7311.7295
7420.1772
7291.8169
7154.3711
7121.6929
7100.5537
7116.5142
6956.7764
6580.8535
6527.2446
6375.4917
6699.1362
6430.1538
6466.5234
6568.1777
6506.9746
6633.8091
6878.9814
6734.7939
6629.9453
6659.5630
6728.7710
6955.2852
7002.2598
6974.8047
7085.2627
7012.4917
7170.7954
6784.0586
6518.1089
6571.2720
6299.7915
6264.9858
6087.4102
6214.8491
6188.7017
6362.1099
6819.6416
6584.2822
6272.1563
6132.1270
6191.2495
6342.7578
6431.9229
6613.5269
6975.8550
7347.0889
7534.7100
7696.5776
7554.0352
7748.3037
7863.2681
7854.4614
7882.0142
7949.8032
8129.5313
8012.9751
8002.3081
8071.3594
7928.8311
8113.6689
8109.6167
8172.0327
8048.7729
8078.4844
8209.1113
8204.0342
7959.6128
8019.1357
7914.0347
7700.1851
7732.8599
7612.8013
7470.9458
7261.8750
7465.4409
7335.1001
7542.0620
7476.0078
7233.7935
7188.5742
7192.1123
7106.3745
6992.4575
6973.6265
7011.9707
7028.0547
7003.3667
6956.7764
7059.6743
7020.7095
6956.7764
7126.9668
6956.7764
7208.4536
7116.9609
7167.1992
7100.9585
6991.1094
7167.7319
7239.8203
7313.6265
7242.9673
7147.8325
6956.5498
7021.6304
6980.9707
7092.8457
6956.7764
6560.7524
6389.7637
6363.8945
6417.6172
6439.7651
6727.0933
6531.6372
6576.8862
6613.9453
6505.0254
6435.3159
6586.7437
6979.1484
6946.0254
6996.0249
6991.0679
7197.5845
7179.7280
7011.6875
6992.6138
6666.2231
6455.6006
6305.4683
6287.0278
6460.0757
6265.2876
6484.1299
6272.7271
6367.7085
6263.6265
6277.2793
6427.9985
6272.0410
6429.1421
6718.8032
6714.6958
6969.3799
7293.3062
7330.8428
7521.6069
7661.4614
7690.2642
7727.4180
7585.8813
7862.4019
7983.3022
7929.9604
7886.6108
7686.6836
7919.9077
7908.1001
8028.3262
8025.1504
8036.2930
8004.7158
8029.3999
7981.5508
7888.7397
7922.2632
7915.8350
7850.3359
7744.2080
7738.6260
7472.4272
7544.2705
7384.9741
7456.6987
7255.4678
7099.1899
7122.9873
7109.9502
6478.1729
6489.1245
6291.1748
6221.2378
6457.1563
6408.7070
6162.7402
6317.2754
6416.2944
6267.3213
6085.8081
6036.6343
5933.8237
5886.9424
5867.6113
5685.8140
5814.7988
6026.5493
6208.4761
6458.9180
7030.4282
7136.9663
7043.0293
6956.7764
6954.2866
7087.2759
7051.1021
6956.7764
6956.7764
6956.7764
6415.2437
6450.9907
6319.6304
6320.8306
6449.7480
6399.3018
6440.4790
6648.2886
6625.3892
6710.9302
6792.8691
7118.4873
7306.9063
7437.1147
7458.0522
7369.5000
7436.4780
7378.0371
7316.2422
7138.6934
6972.8140
6956.7764
6422.5654
6360.3813
6193.4556
6265.3999
6178.7183
6331.9346
6437.0044
6354.5029
6564.7158
6466.0576
6449.7490
6523.9517
6813.0996
7205.3428
7504.5190
7512.9131
7722.7637
7887.0005
7929.6670
7992.3940
7981.3926
8042.5425
8026.9810
8109.7983
8175.7861
7975.3574
8043.0522
7922.4087
7892.5767
7794.1567
7960.6733
8175.0967
8145.9663
7979.7021
8063.8086
8022.0127
7980.4409
7938.9243
7907.4868
7756.6890
7712.9312
7714.4590
7754.0664
7640.0425
7334.8242
7403.1523
7301.1484
6956.7764
6432.8906
6173.3179
6017.2773
6117.1113
5884.2212
5835.4121
5642.9688
5809.0605
5860.0513
5677.6543
5661.7690
5628.0356
5618.6885
5619.5347
5628.6929
5618.6885
5619.1401
5620.8604
5619.8213
5776.1172
6082.0820
6956.8032
7102.0581
7191.6250
7222.8301
7171.1543
7194.8564
7194.6201
7182.5581
7154.6055
6956.7764
6622.7881
6501.7461
6677.1128
6547.2773
6627.0605
6575.9355
6606.7954
6967.4492
7159.6621
7332.4902
7426.5986
7444.9102
7496.9502
7500.2173
7481.3638
7486.7065
7422.5454
7369.2046
7305.4209
7198.1191
7127.9565
6998.5986
6848.5381
6587.1597
6361.2549
6408.7847
6528.2861
6419.1455
6464.9927
6516.2607
6866.4502
7072.3188
6895.1763
7216.0430
7441.7676
7723.9316
7604.9204
7715.2266
7749.1348
7829.5767
7949.8916
8074.4746
8240.3252
8185.3618
8092.1802
8150.3101
8109.6880
8219.2383
7973.4702
7845.1953
7670.5674
7842.5151
7949.5884
8183.6382
8269.1191
8087.8164
8181.8125
8005.0220
8010.7314
7799.2104
7451.2979
7501.9878
7609.1079
7368.2427
7447.2031
7367.0986
7374.1895
7189.0933
6956.7764
6525.9272
6195.6177
6035.5566
6046.7446
5838.5762
5632.1533
5618.6885
5665.2119
5621.2588
5755.9287
5618.6885
5618.6885
5618.6885
5620.9067
5618.6885
5618.6885
5621.0127
5618.6885
5651.2637
5860.2061
6338.4136
6956.7764
7022.7188
7163.5581
7327.3677
7376.5059
7544.2979
7357.6372
7238.9985
7355.7334
7415.8208
7237.8232
6878.6992
6918.6792
7170.7954
6759.8545
6698.9038
6981.2505
6956.7764
7217.5571
7559.5762
7526.2632
7439.7368
7326.4395
7586.4526
7529.4614
7392.2173
7336.2178
7402.5498
7484.9038
7429.4502
7412.2158
7290.4917
7080.7891
7064.9419
7019.6655
6956.7764
6692.5107
6956.7764
6990.3340
7127.5078
7174.9717
7244.2300
7289.8027
7482.9404
7464.1738
7375.6479
7553.7607
7708.8042
7844.2944
7886.2412
7865.3818
8022.0313
8074.6221
8062.5610
8207.0176
8254.1719
8229.3945
8204.0938
8293.5693
8156.8394
7951.2427
7945.9150
7978.9590
8004.5005
8108.8740
7988.7734
8187.4097
7982.9312
7781.1816
7753.5386
7848.2788
7809.5752
7667.3687
7738.9468
7807.7651
7722.5156
7608.1816
7335.1152
7125.2959
7170.9927
6535.8228
6127.4341
6008.8247
5755.6484
5618.6885
5618.6885
5618.6885
5629.6538
5620.6763
5620.9946
5618.6885
5619.5713
5618.6885
5619.4292
5620.9053
5618.6885
5619.5195
5622.5845
6956.7764
6964.3779
7047.3589
7185.3745
7236.2749
7405.6392
7532.8022
7566.9287
7597.4814
7575.7603
7433.6274
7413.2002
7333.2964
7213.1948
7015.3516
7011.3408
6847.5171
6819.3462
6956.7764
7092.0908
7287.4487
7256.0581
7355.3452
7465.7847
7456.2739
7518.4204
7632.5791
7668.5474
7500.2017
7357.2236
7579.1118
7610.3672
7551.1631
7355.2578
7553.4736
7528.1064
7636.4365
7407.4980
7348.7539
7163.2749
7229.4321
7318.5186
7354.6743
7563.0098
7584.2554
7624.7441
7718.4346
7618.9824
7723.1440
7703.9692
7852.8569
7906.2021
7964.5103
8061.7622
7982.2822
8245.4180
8368.9268
8232.5039
8307.1299
8261.0078
8226.2236
8037.8608
7968.9043
7871.3979
7968.3843
8239.8906
8279.9209
8272.2666
8341.8281
8254.5986
8202.2080
8211.8828
8203.1533
8037.8511
7824.0654
7617.7256
7726.3320
7782.7446
7621.7080
7530.3994
7440.4170
7320.3916
7158.2363
6617.7754
6237.6016
5840.0073
5685.4282
5675.7544
5618.6885
5618.6885
5619.7915
5618.9038
5618.6885
5618.6885
5618.6885
5622.1768
5619.8921
5625.8818
6037.8672
7084.0747
6956.7764
6682.2559
6956.7764
7014.5000
7057.9756
7107.4443
7608.4678
7655.1201
7746.0273
7642.1899
7565.5435
7456.5630
7297.0283
7226.8828
7326.8989
7203.5239
7177.0469
7216.4375
7333.9775
7364.8091
7406.3955
7340.9487
7551.3550
7516.5024
7633.1436
7616.9170
7603.3931
7553.5244
7324.1187
7311.0220
7289.3779
7622.7515
7689.2129
7601.5723
7522.1729
7486.0264
7536.1069
7426.2324
7462.1738
7536.7349
7529.3037
7547.9365
7631.8579
7744.6367
7725.2007
7740.9590
7895.3857
7926.7939
8038.3159
8297.2324
8268.7725
8218.2324
8246.3545
8186.1064
8221.9023
8201.1426
8314.9063
8434.3242
8254.7109
8265.2930
8315.6787
8373.3457
8244.7480
8375.2324
8455.5293
8499.0107
8489.0859
8347.4609
8046.4272
8271.4199
8250.3047
8237.0615
8138.6553
7926.5112
7832.7627
7814.3955
7892.3760
7914.3657
7896.1426
7752.1167
7730.8042
7241.3979
7255.4209
6981.8906
6686.1514
6293.7471
6171.6196
5865.2476
5681.0244
5618.6885
5618.6885
5618.6885
5618.6885
5625.8604
5618.6885
5619.5757
5618.6885
5618.6885
5677.6392
5804.2803
5634.3501
5827.0562
6956.7764
6970.7314
6956.7764
7047.6909
7711.6084
7585.3428
7564.9839
7561.6353
7627.7373
7509.2358
7449.0552
7293.3584
7178.8174
6921.5083
6986.7583
6881.6387
7088.3384
7214.4580
7293.5161
7427.7539
7441.6196
7557.0322
7494.9272
7551.8838
7621.1064
7494.1177
7349.6235
7432.6348
7533.6694
7799.1836
7922.6812
7916.8237
7845.0562
7918.0698
7811.4878
7749.6353
7793.4727
7808.3057
7781.5615
7741.1997
7750.9751
7875.2310
7878.3291
7920.5513
7906.1934
7863.7847
8087.0864
8246.1533
8412.3203
8447.9326
8388.1689
8364.3965
8300.0996
8231.3711
8369.7998
8447.4453
8323.6152
8261.6797
8345.7617
8307.4990
8461.0342
8278.3379
8411.5156
8458.4824
8319.3594
8294.4971
8225.7969
8300.5518
8428.6484
8188.3301
8275.3662
8174.2979
8166.5029
7983.8203
7886.5669
7786.9648
7743.9902
7798.4785
7773.4604
7716.6841
7489.1626
7339.7090
7211.2529
7073.1694
6584.0928
6265.9531
6240.2656
6002.5527
5649.3315
5647.8477
5654.2500
5618.6885
5619.3696
5620.9863
5618.6885
5639.1143
5702.4063
5790.5371
6106.3071
6984.5991
7028.2041
7012.0664
6956.7764
7007.2690
7863.5688
7954.8608
7923.4644
7919.1826
7919.8979
7844.4644
7740.6167
7486.8970
7204.2017
7034.6514
6753.4683
6656.7070
6641.6494
6797.9331
6903.1646
7170.7954
7170.7954
7127.9487
7170.7954
7170.7954
7707.2798
7722.2920
7601.7827
7589.0493
7806.2632
7938.7021
7948.0161
8184.3452
8184.2700
7822.8379
7688.6650
7727.3164
7569.1807
7647.9331
7852.4541
7953.7671
7872.9780
7970.8413
7853.0825
7935.4404
8096.2666
8212.5303
8360.1250
8389.4434
8573.8740
8565.1250
8562.5771
8478.6123
8495.5303
8427.2109
8421.1523
8571.7490
8462.4443
8291.4375
8399.6758
8468.3262
8468.1563
8389.6289
8265.1855
8266.2666
8081.0083
8083.8281
8039.5850
8192.0410
8066.5625
7932.7554
8077.8711
8057.6377
8030.8228
7918.4526
7847.0425
7853.0835
7764.6777
7641.7314
7744.8145
7731.0527
7535.7222
7582.6802
7502.5371
7411.2271
7073.7866
6976.7876
6430.7495
6262.5435
6089.0283
6045.6519
5758.2065
5772.2061
5929.7842
5825.8433
5807.9092
5806.0996
6183.6528
6382.8843
6956.7764
7001.9678
7047.9136
7027.6138
6956.7764
6324.4009
8190.7456
7997.6284
8073.7334
8172.4824
8159.5547
8009.8569
7926.5854
7919.2104
7771.8872
7420.1191
7041.6113
7025.0566
6797.7769
6696.4238
6872.7495
6910.5171
7122.1455
7170.7954
7170.7954
7573.6919
7420.4263
7633.9517
7573.8901
7829.0479
7896.1816
7952.1973
7891.2002
7963.1689
7940.1992
7820.3281
7864.2969
7853.5264
7814.2393
7909.9341
8012.2407
8025.9365
8133.0859
8255.4004
8075.4741
8082.8262
8057.4331
8092.1377
8118.8604
8297.0371
8273.7803
8372.1309
8407.9395
8380.5088
8569.1592
8512.7959
8299.7109
8261.0303
8157.5439
8200.5703
8216.0957
8347.1914
8418.7520
8395.6611
8410.2266
8211.9648
8244.4014
8274.0557
8211.2969
8226.3174
8131.7832
8002.4893
7978.7515
7973.3354
7880.6650
7918.3496
8082.2920
8087.7891
8173.8516
7964.2871
7908.5273
7898.0366
7704.1548
7664.8901
7536.8306
7464.3320
7311.3291
7213.0957
7198.0659
7164.7935
7083.9189
6956.7764
6984.1890
6339.7495
6282.2866
6295.9619
6276.0532
6224.7441
7011.0430
7004.6226
6985.4111
6733.6982
6732.3228
6604.2515
6413.0342
6338.7378
8220.2393
8310.1338
8298.0264
8260.6797
8057.7046
8022.8062
7939.6675
7904.9570
7728.9771
7536.4287
7459.5884
7288.8003
7112.5371
7144.2227
7077.3936
7100.8833
7170.7954
7583.9316
7771.5771
7772.6538
7799.4990
7867.8394
7937.9692
7961.9702
8082.5679
8024.2188
7867.0635
7777.7061
8029.6274
8170.4243
8122.1030
8000.7852
8013.5791
8031.7412
7977.1089
7964.5083
7936.7715
7945.4658
7970.2661
7771.0415
8181.9277
8417.4307
8492.5957
8471.5947
8434.5938
8349.6338
8371.5225
8588.0449
8599.3896
8476.5020
8308.6094
8350.6074
8519.5381
8435.2383
8489.2246
8606.0322
8560.6348
8597.8203
8531.5029
8541.3779
8422.8906
8320.5479
8030.3794
7939.0444
8081.5195
8151.1460
8080.5054
8144.7388
8156.3755
8171.4902
8109.3325
8112.2163
8008.4160
7726.5869
7747.3086
7800.8989
7767.8267
7708.9683
7452.9019
7314.1924
7170.3154
7344.7046
7282.0859
7189.1387
7185.3921
7103.9053
6956.7764
7017.1714
7029.9385
7038.5352
7007.6938
6711.5166
6705.6245
6618.1934
6624.1934
6485.1519
6499.2900
6519.1074
6528.0859
6991.6636
8496.4854
8364.7207
8291.1709
8207.8945
8107.4355
8050.7778
7889.0151
7974.9795
7861.5625
7917.1943
7941.4028
7884.5225
7766.2578
7861.5703
7871.8535
7944.4590
7935.7515
8021.1230
8108.1050
8264.1953
8289.0801
8298.6211
8441.1484
8356.1348
8183.1240
8189.5073
8263.5332
8213.5488
8116.7603
8194.8506
8075.6011
8220.2246
8259.6611
8228.3311
8126.5186
8225.7949
8151.7056
8042.7988
8046.6104
8143.0010
8356.2012
8343.8506
8566.6758
8585.3525
8531.8916
8575.2725
8598.1641
8548.8721
8532.3809
8554.9648
8370.9932
8455.5156
8411.8770
8493.2686
8477.7344
8492.4873
8337.9561
8177.6914
8115.5537
8027.4502
8108.7300
8135.5610
8258.3115
8110.6455
8188.5020
8098.5234
8265.2246
7958.4814
7963.0464
7992.6152
8015.4639
7934.5640
7893.0620
7849.0098
7729.8540
7755.0728
7585.0186
7510.6104
7576.5322
7599.3384
7529.3413
7622.1089
7543.7856
7661.9502
7499.6465
7439.9893
7400.3760
7252.4429
7177.5044
6987.7783
7131.3467
7135.0508
6809.0322
6881.4517
6766.4790
6720.7773
6843.4756
6816.0649
6956.7764
7058.5625
8177.2539
8301.6992
8223.0859
8044.8140
8077.1416
8122.7744
7949.6772
8063.3994
7950.4453
8085.7065
8174.0654
8206.6875
8168.3135
8216.6953
8325.4014
8289.1289
8235.7129
8179.6182
8312.7266
8290.7275
8496.8662
8321.1611
8339.7988
8296.1123
8254.7627
8137.5366
8213.6289
8194.3428
8223.3711
8214.4346
8273.5439
8265.9961
8219.3701
8291.7217
8141.9790
8106.3281
8081.9116
8081.3208
8098.8770
8167.2759
8227.7373
8138.8887
8282.8379
8247.3965
8201.0244
8042.7075
8287.6992
8195.6455
8285.9131
8453.9365
8481.0918
8555.5420
8509.6025
8483.7578
8362.6650
8281.6299
7998.2627
7988.4482
8064.3076
8002.0552
8130.3296
8234.1738
8203.7842
8276.8633
8356.7090
8333.7666
8204.0117
8060.5327
8028.2925
7922.7979
7817.9663
7842.8677
7875.5625
7912.4834
7887.3086
7888.5894
7851.6396
7739.9209
7518.3921
7368.5752
7607.1431
7706.5488
7572.7271
7621.3560
7543.0059
7460.0645
7337.3423
7205.7485
7201.2710
7092.5239
7184.1587
7195.3276
7176.9199
7238.8647
7310.8262
7345.8525
7309.1299
7322.1763
7189.7305
6921.0273
8184.2524
7965.8252
7953.5103
8074.5894
7958.6865
7851.9844
7971.7236
7980.5571
7785.6660
8062.3486
8256.8086
8324.2393
8479.5303
8499.9424
8287.4629
8312.6963
8560.3604
8557.4346
8611.4170
8551.6777
8607.0781
8519.0996
8428.1328
8287.6650
8111.0215
8341.9404
8303.4355
8231.2344
8193.6670
8258.8018
8212.7598
8286.9453
8222.4004
7928.9839
7810.0444
7870.3247
7779.9243
7853.0977
7886.7188
7846.4141
7883.7188
7941.9565
7907.6792
7969.8872
7903.8379
7788.3359
7769.0273
7689.2319
7998.5044
8161.0547
8237.2168
8297.6387
8328.8330
8331.6094
8317.7852
8289.0234
8259.9629
8354.2354
8231.2217
8110.3608
8201.0918
8100.0283
8053.2725
8033.4614
8236.8008
8191.0034
7937.0293
7931.0952
7989.5449
7893.8784
7845.1396
7769.5972
7998.9404
8173.2666
8180.2837
8163.7441
8175.2319
8078.8599
7933.4634
7886.6274
7758.2578
7832.8267
7687.3105
7494.0054
7558.2388
7568.5459
7411.0352
7409.9248
7358.2744
7213.2515
6956.7764
7085.8765
7270.3154
7404.5850
7333.9609
7344.0122
7430.8618
7622.4019
7485.6890
7491.3760
8228.2051
7980.7261
8012.0396
7861.2607
8006.9946
8134.6528
8114.3467
8254.6621
8278.1914
8403.1367
8412.2061
8544.3701
8592.0410
8641.8965
8564.9189
8541.2256
8589.8828
8475.3994
8550.7578
8596.3818
8714.5840
8559.2529
8604.7070
8500.9443
8379.8887
8382.9844
8378.2402
8115.9404
7833.8071
7836.2197
7803.7422
7147.0698
7163.9272
7117.8408
6956.0571
6911.3091
6975.8130
6945.3936
7068.9761
7062.0669
7482.8193
7378.7266
7408.3115
7396.1543
7516.6021
7605.4448
7734.9150
7798.2446
7975.2759
7957.6548
8150.7109
8256.5176
8234.1221
8269.9326
8282.3535
8439.7656
8510.8369
8471.6455
8536.8613
8358.4814
8332.4316
8262.6094
8207.6846
8228.3154
8040.8564
8003.9287
7956.8901
7930.8394
7910.7881
7962.7588
8003.7080
7969.0493
8014.0088
8066.2598
8268.0000
8180.7695
7883.6475
7929.6411
7932.6138
8071.6440
8208.0273
8082.1201
7942.5957
7822.4419
7733.2588
7759.9053
7749.8428
7712.4434
7440.6191
7457.9565
7411.9888
7475.5454
7574.2227
7658.2075
7658.5596
7765.5854
7654.6328
7659.1030
7644.7324
7651.4131
8421.5723
8392.6035
8273.9873
8439.0254
8436.1934
8472.0801
8509.7939
8580.3457
8571.9961
8637.8428
8588.0547
8585.1504
8657.7402
8770.7607
8845.5068
8835.8652
8863.1367
8805.9854
8788.7881
8719.2227
8727.7939
8690.6533
8671.2432
8700.0146
8573.4473
8535.8545
8537.9893
8356.1533
8119.0210
7992.3994
7744.8882
7474.4946
7084.8027
6928.1982
6681.7896
6656.1748
6469.4741
6556.2783
6540.5210
6675.8530
6742.1870
7049.1270
7195.3721
7277.0972
7341.2358
7618.0215
7583.3911
7743.8687
7769.1025
8009.5420
8305.6631
8357.4658
8225.7734
8093.9565
8430.4307
8382.5996
8357.7090
8385.1416
8359.6797
8229.8701
8280.1348
8452.2070
8367.0410
8313.5928
8267.4580
8117.0137
8067.5674
7920.6533
8149.5874
8210.1172
8227.3164
8246.3506
8276.3770
8267.3955
8349.7881
8415.4111
8304.5059
8256.6357
8081.1973
7925.1348
7942.5845
8011.8359
7885.9858
7796.0527
7484.9326
7564.7617
7670.5303
7545.0039
7524.5103
7746.8984
7839.7920
7797.6802
7952.1470
8027.1909
8044.5869
8018.6084
7907.5806
7592.0444
7442.2144
7608.3813
8474.5518
8413.0361
8710.7627
8779.0742
8730.1963
8780.4873
8824.3145
8792.1494
8770.8525
8631.4160
8691.7402
8617.0459
8778.3574
8857.9277
8865.6992
8832.7441
8860.6445
8854.8711
8741.8379
8754.6748
8820.8193
8724.0820
8688.9053
8517.4502
8575.6123
8522.2725
8315.6787
8414.3193
8345.5195
8152.3154
8002.5327
7758.6401
7150.2612
7006.6426
6814.8115
6427.2520
6368.0015
6591.4248
6348.8164
6388.7476
6593.1465
6956.7764
7125.0439
7022.7573
7064.8613
7580.2539
7703.8403
8014.7231
8128.9053
8311.2500
8516.3555
8503.0049
8457.7910
8490.4092
8465.0801
8410.4971
8566.7959
8668.0332
8583.5361
8598.0332
8695.1904
8506.7373
8500.7139
8573.9521
8455.7676
8479.7158
8282.1836
8374.8320
8252.1074
8206.3398
8078.3086
8090.8926
8297.1904
8159.3604
8289.2666
8355.8105
8135.4419
8034.8677
7939.3950
8029.5537
7931.3164
7844.9775
7567.7236
7731.2617
7753.8594
7732.8701
7739.4941
7795.8613
7748.1250
7855.8936
7947.2622
7979.7578
7962.0532
7961.0063
8071.9185
8077.3984
8092.3149
8060.6123
7837.5322
7808.2646
8570.2656
8718.8691
8725.6445
8818.1875
8857.2793
8845.0742
8745.8477
8825.8330
8823.7324
8745.8057
8829.3193
8831.9092
8778.5283
8863.3887
8859.6895
8865.6992
8855.4717
8861.8906
8852.4678
8855.3105
8781.2256
8800.6494
8606.1465
8590.7432
8553.9287
8368.2051
8343.7900
8380.7764
8254.8184
8245.3945
8201.7070
7977.2383
7696.8740
7215.6919
6921.3740
6683.6895
6487.0171
6423.4795
6491.2363
6429.0015
6956.7764
6988.4155
6956.7764
7234.1274
7532.5400
7747.6738
7918.8823
8005.9585
8097.2158
8234.6416
8472.1689
8394.7441
8432.8320
8565.2490
8570.4385
8552.2090
8610.9639
8590.6895
8600.3818
8636.4873
8764.0820
8705.8486
8692.8359
8678.9121
8741.9121
8667.4775
8512.2842
8567.0537
8536.8467
8353.8076
8267.9531
8107.6953
8227.4023
8209.1025
8225.3789
8249.2773
8272.8008
8151.3306
8082.6250
8164.2510
8006.7861
7917.0713
8134.9146
8188.8955
8020.3882
7921.2842
7992.9448
7942.2021
7857.0156
7931.5225
8048.8301
8101.6519
8111.3921
8141.5049
8133.6040
8213.7568
8286.4434
8215.3535
8241.2314
8170.0938
8652.6465
8479.0420
8707.8262
8827.6875
8845.4814
8811.6816
8865.6992
8857.0557
8865.6992
8857.1074
8865.6992
8856.6914
8839.6123
8865.6992
8833.6426
8725.1758
8846.3418
8865.6992
8850.1416
8860.5566
8835.4824
8798.5205
8667.6094
8528.1875
8335.0605
8488.3779
8557.5068
8550.3721
8511.9639
8472.8965
8350.3359
8062.9839
7840.5200
7496.4253
7022.6475
6913.1919
6911.7100
7170.7954
7204.1489
7190.2368
7329.8149
7324.7661
7503.5601
7706.8022
7705.1416
7831.5728
7972.7476
8061.2324
8223.4902
8254.7031
8535.4473
8548.5127
8613.7939
8678.4717
8553.0586
8468.9482
8603.3232
8628.8369
8699.1680
8824.5840
8865.4053
8843.6270
8789.6660
8817.7598
8828.9736
8735.7861
8620.3516
8583.9395
8580.6172
8601.5381
8701.7939
8554.1748
8480.7080
8528.7402
8572.6924
8385.4600
8516.6611
8529.1855
8295.6260
8236.0557
8448.5557
8243.6406
8244.8145
8362.6299
8376.8740
8437.4707
8358.4766
8275.9580
8383.9531
8235.5840
8290.8145
8453.5303
8282.6025
8223.8027
8213.3096
8156.0908
8282.5215
8255.9756
8158.9102
8198.9434
8844.7051
8840.2549
8856.7568
8865.6992
8865.6992
8856.4883
8865.6992
8806.6299
8865.6992
8865.6992
8865.6992
8865.6992
8858.5938
8858.9150
8865.6992
8864.9180
8865.6992
8865.6992
8865.6992
8768.7510
8803.5166
8848.2051
8725.0020
8611.2109
8531.5371
8566.9131
8571.8125
8502.5918
8375.9844
8478.4043
8272.4023
8096.1758
7953.6631
7816.8931
7762.7866
7600.4941
7719.8989
7853.7402
7829.8828
7736.7939
7898.4189
7917.4956
7914.8447
7933.9434
8062.5361
8196.4668
8231.5566
8402.2041
8555.2549
8445.1631
8552.5000
8766.2393
8856.3848
8822.4336
8807.9404
8856.1270
8865.6992
8860.2939
8865.6992
8854.1416
8855.4209
8865.6992
8831.0166
8670.7129
8779.4492
8819.0127
8806.6416
8708.8369
8841.2900
8860.9688
8848.9521
8811.3418
8726.9609
8710.1592
8763.3525
8611.3359
8594.9678
8432.0859
8457.1299
8315.3271
8291.1396
8302.5469
8286.0605
8380.1094
8316.7598
8305.4756
8220.4180
8227.5791
8231.4814
8391.5039
8490.4814
8288.7441
8244.2822
8088.2158
7991.4307
8078.6079
8092.7397
8084.3677
8162.8237
8003.3911
8863.5732
8865.6992
8844.1621
8849.8877
8845.9180
8865.6992
8865.5166
8858.8125
8847.4287
8857.2305
8846.3906
8865.6992
8865.6992
8847.4463
8865.6992
8832.7051
8865.6992
8865.6172
8820.7930
8852.6582
8865.6992
8845.4434
8843.3086
8777.6563
8586.8174
8686.3613
8580.9199
8587.0859
8510.9551
8496.2021
8477.0664
8300.9980
8215.2168
8071.7578
8030.4834
8046.6836
7887.2061
8080.0522
8010.6992
7920.2705
7935.2222
7929.5674
7914.6763
8040.1699
8158.2554
8139.5396
8079.9565
8139.4453
8352.8428
8550.5322
8646.4531
8701.4111
8841.3916
8857.7588
8863.0400
8847.5518
8865.6992
8859.1152
8865.6992
8865.6992
8865.6992
8865.6992
8865.6992
8865.6992
8865.6992
8865.6992
8865.6992
8865.6992
8847.6094
8865.6992
8865.6475
8865.6992
8802.5381
8733.2988
8744.7803
8789.1670
8619.0225
8565.9082
8517.8105
8473.7236
8332.4688
8294.7207
8323.5518
8358.5029
8371.6514
8335.3115
8280.7070
8323.0283
8251.7881
8335.6895
8332.8926
8192.8994
8157.1040
8234.2559
8177.5503
8258.7871
8046.2563
8002.5869
7872.5581
7912.1626
