Ip_Simulation_1
1
Ip
7525.8223
7495.7139
7587.4858
7751.0659
7767.5806
7949.6191
7858.8296
7928.9370
7903.9897
7928.4395
7983.9238
7930.1602
8091.7983
7934.9038
7938.8101
7905.5151
7889.3047
8028.3569
7984.3887
7943.1284
7842.9468
7904.1563
7861.0894
7749.2549
7683.9668
7764.2554
7762.1226
7870.1597
7979.1660
7873.7202
7873.2803
7813.1689
7965.5259
7943.3359
7915.9883
7928.0771
7920.1797
7899.0713
7910.8745
7923.3213
8077.0596
8122.8521
7957.5234
8000.7612
7924.9106
7792.1816
7701.0488
7577.2539
7576.9111
7563.9272
7605.1948
7444.9106
7345.3394
7200.6875
7152.4722
7188.9219
7198.5645
7425.5771
7589.1636
7614.9561
7695.6836
7505.7134
7489.6035
7458.7476
7521.6558
7318.1963
7264.5210
7413.8022
7259.6201
7159.6162
7199.6255
7326.6606
7215.3926
7342.4756
7415.0391
7631.1021
7711.1206
7702.1377
7643.8604
7582.5137
7526.0591
7449.6216
7413.4336
7334.4692
7312.2466
7413.2202
7469.8457
7575.7393
7661.5508
7637.5845
7605.8237
7831.2813
7931.4048
7969.2148
7931.2578
7980.1406
8042.8560
7932.6182
8010.5137
8192.9941
7455.2231
7405.7378
7553.7842
7716.8755
7767.4971
7873.6543
7898.6631
7879.7793
7867.7856
7928.0020
8195.4922
8079.5776
8208.6094
8263.4805
8108.1694
8157.6240
7886.7837
7834.6938
7843.7510
7882.9673
7738.4834
7875.7734
7853.4800
7826.9624
7714.6885
7747.7632
7736.6689
7825.7998
7807.6372
7826.0435
7911.0767
7939.7446
7965.2974
7915.6758
7934.0132
8036.8667
7932.3926
8012.1025
7936.6294
7864.7769
7879.8818
7922.1987
7936.4141
7952.3496
7898.8252
7863.4775
7808.1875
7747.6489
7474.3232
7532.7700
7458.0112
7461.0723
7275.6450
7219.4238
7184.2183
7178.0151
7085.2979
7068.8306
7208.7822
7347.3423
7498.1523
7507.2397
7642.1367
7495.9971
7310.6523
7249.3765
7361.6279
7282.1616
7127.9834
7162.8003
7185.9805
7148.9512
7205.7964
7206.2231
7326.8691
7207.9019
7310.4331
7238.7866
7359.9941
7170.9941
7246.0576
7214.2632
7244.8945
7174.4082
7206.0557
7180.1689
7286.4863
7330.1772
7584.0654
7472.0977
7528.6689
7759.5791
7681.4136
7759.5117
7923.3848
8067.4253
7996.5625
7953.1211
7966.9478
7890.6846
7608.0337
7626.1533
7768.8735
7833.5820
7701.6660
7729.5415
7613.1587
7681.3516
7866.3428
7863.4063
7937.7637
7898.5601
8023.3193
7977.2998
8059.2173
7952.6660
7822.4565
7868.6460
7856.4209
7848.1646
7883.0811
7849.0620
7902.7939
7837.6294
7865.5703
7850.2969
7961.6362
7960.1685
7939.9863
7914.3369
7919.0181
7912.4917
7912.8296
7846.9653
7875.9067
7906.5293
7902.3896
7940.1367
8006.7490
8181.2896
8132.3770
8126.2993
8019.1846
7851.5259
7906.2583
7867.7764
7950.8320
7821.2910
7853.3423
7548.6133
7425.9453
7356.8438
7231.8608
7198.9048
7165.8486
7142.2407
7170.8750
7195.6372
7192.6509
7263.3267
7273.0923
7314.7524
7266.8574
7211.7700
7141.2129
7150.0190
7295.8457
7300.5981
7186.4800
7204.0503
7196.9702
7064.1001
6956.7764
7075.2666
7114.1646
7172.3130
7426.1636
7426.5049
7450.0737
7433.5078
7334.9751
7229.6826
7306.0107
7280.3042
7265.1050
7314.6133
7406.6812
7404.9136
7452.2280
7459.0859
7327.0034
7448.7266
7743.1943
7698.7847
7759.0962
7755.9355
7750.9238
7705.0591
7731.7983
7803.2305
7514.4272
7399.9121
7444.1606
7568.5015
7640.6074
7480.0649
7459.2695
7797.3848
7877.2710
7782.6650
8008.1479
7963.8989
8070.3086
8100.3057
8021.5127
7918.4038
7895.7456
7908.0933
7828.1807
7870.0503
7811.8164
7820.4419
7832.4819
7722.7261
7854.7705
7762.9951
7836.0278
7787.2710
7730.8770
7716.4688
7860.9478
7870.2056
7836.5220
7873.7622
7903.2925
7915.2568
7940.2666
7911.6938
7997.6660
8069.8164
8030.0200
7937.1030
7872.5464
7947.2319
7913.3569
7998.4897
7823.8521
7741.4067
7759.3916
7649.5161
7589.3643
7550.7656
7302.2285
7382.3984
7319.2358
7428.1064
7357.6035
7391.9194
7508.6436
7398.5151
7450.3779
7401.0737
7428.6724
7428.5127
7228.0806
7189.7568
7368.0410
7387.5864
7261.0708
7301.3872
7220.7861
7073.3867
7042.7383
7052.8262
7106.7607
7234.2163
7201.5991
7409.1001
7272.7446
7382.4536
7682.7695
7737.7192
7446.9019
7363.7891
7295.6758
7229.6899
7296.6250
7393.9883
7345.3608
7393.2012
7501.3340
7575.3350
7400.2910
7699.2539
7705.1172
7562.7466
7852.2808
7832.4980
7978.8765
7922.8130
7818.6899
7750.4424
7722.4932
7487.9609
7541.7075
7734.4004
7848.7778
8218.1641
8131.9917
8162.4849
7978.7373
7973.7695
7922.4551
7818.6655
7900.1396
7824.4312
7735.4731
7723.2363
7703.5898
7782.2754
7793.4165
7627.4126
7710.1206
7680.2344
7604.3086
7713.9658
7766.1807
7834.8643
7859.5791
7917.9497
8014.6221
8188.9233
8111.4351
8104.5942
7949.3086
7984.7031
7878.9478
8063.6265
8063.4458
7972.0562
8067.5156
8024.2598
7986.6704
8003.0586
7996.4482
7916.0479
7821.5308
7816.9888
7736.8149
7683.8652
7405.9365
7312.8994
7351.3765
7254.9849
7345.5381
7318.1445
7334.2808
7312.9893
7370.2612
7525.4512
7643.7285
7538.0801
7349.1646
7266.1997
7233.6934
7104.5640
7165.7295
7195.6738
7152.2480
7159.9878
7116.5601
7142.3823
7196.5317
7124.3027
7174.7524
7199.3042
7313.3809
7295.2158
7368.7905
7524.2124
7488.2363
7424.9224
7457.7710
7398.1240
7449.1758
7440.7168
7446.5811
7347.8755
7316.9536
7483.1543
7432.8389
7517.3354
7644.3091
7771.5381
7868.1641
7916.8389
7996.5879
7940.9873
7967.3853
7922.1899
7758.7529
7740.8047
7835.7231
7812.9629
7779.6563
7754.0142
7814.3369
7911.8540
7936.2144
8067.2852
7994.8198
7859.4829
7889.9629
7837.3169
7835.7080
7732.2358
7719.5981
7634.8584
7554.9395
7570.7241
7435.5444
7531.7349
7659.0493
7601.6021
7676.2622
7632.2329
7485.5376
7584.8525
7678.7627
7863.6099
7953.6440
7959.5908
8013.9907
7940.5845
8066.8872
8120.8735
7997.6597
7923.6553
7806.6523
7845.6411
7923.5752
7894.1973
7929.2671
7912.3711
7858.8960
7816.5518
7864.2227
7803.1050
7825.2573
7712.6313
7455.6284
7475.0586
7363.6885
7545.6201
7433.7163
7296.6978
7448.3530
7408.1362
7470.0522
7483.3472
7526.0630
7355.2842
7330.9712
7219.5107
7219.6187
7275.2485
7300.5757
7219.5684
7122.9092
7177.5161
7209.7222
7186.4536
7176.3774
7307.1401
7377.1758
7323.1680
7345.9458
7444.6333
7572.5400
7726.5005
7764.6899
7643.7290
7542.8457
7623.5591
7638.1753
7556.1924
7524.4819
7556.1094
7558.8027
7511.6484
7472.8604
7571.3325
7863.7305
7764.7153
7842.2173
7941.7622
7785.6621
7879.4443
7785.0610
7842.7930
7683.8574
7800.9790
7883.2817
7932.8530
7905.3530
7888.3901
7741.7681
7679.5591
7799.3584
7778.6543
7910.5708
7969.7959
7748.7959
7654.2505
7670.3608
7702.3472
7632.6528
7603.7773
7582.6143
7729.0020
7429.3921
7530.0498
7495.9766
7564.2993
7488.7954
7529.5371
7599.7666
7804.2563
7911.4434
7995.5879
7906.3755
7853.6084
7872.7588
7829.2666
7866.0688
7876.1528
7757.2266
7810.3628
7759.5601
7750.6128
7680.0576
7718.8711
7730.7920
7717.7427
7686.5107
7824.5781
7813.1255
7746.4419
7707.2173
7836.4033
7709.9390
7598.7266
7729.5308
7586.7173
7739.8867
7620.6030
7451.6753
7560.8794
7604.4424
7472.6846
7354.2583
7396.7759
7263.0664
7350.6313
7186.3354
7274.9131
7186.9160
7133.0942
7057.9570
7033.3833
7088.2188
7184.2104
7122.1138
7158.7090
7175.2866
7312.2563
7473.5854
7559.1143
7570.1509
7638.2705
7592.6958
7772.5835
7702.0444
7692.0923
7729.0981
7605.1265
7541.4424
7488.6313
7530.1479
7372.5596
7465.6890
7565.5122
7709.1978
7702.0483
7851.0347
7925.7456
7961.1724
7863.2349
7942.7681
7933.4297
7455.2080
7494.5020
7540.8037
7675.8735
7597.4302
7408.0859
7417.3501
7530.6885
7470.9619
7502.2124
7568.0410
7404.7759
7506.3838
7722.8701
7748.0620
7766.2363
7695.3164
7690.4009
7482.4746
7569.2891
7570.0063
7540.3247
7547.1455
7482.4189
7400.7036
7446.4468
7593.6567
7720.2061
7769.8555
7934.8877
7843.6172
7881.4414
7934.5488
7925.6899
7902.3364
7911.7256
7836.4521
7800.7676
7900.2095
7838.5015
7793.3105
7862.4561
7926.9917
7989.3857
7840.5303
7685.9233
7754.5596
7416.5405
7449.6919
7562.1392
7486.9634
7644.6890
7835.0405
8000.2559
7928.6743
7823.8633
7682.5732
7696.6406
7742.4282
7481.2773
7531.0723
7446.7168
7585.8511
7631.9004
7401.9463
7310.1094
7227.8613
7172.7466
7060.4819
7203.9756
7103.2905
7093.7974
7089.5615
7299.1313
7338.7998
7644.5146
7565.0605
7488.4937
7719.7661
7655.5107
7616.3867
7629.7583
7692.9927
7788.9785
7749.2939
7766.1719
7627.5332
7687.8242
7713.9790
7739.8403
7753.9541
7872.3291
7794.0352
7889.4644
7919.7310
7973.9985
7915.5610
8041.8853
7962.5381
7993.1367
7437.5063
7467.7202
7455.8594
7622.9502
7414.5566
7328.0879
7411.8438
7436.3472
7387.6460
7487.1245
7351.7534
7525.2480
7557.0371
7635.0620
7745.6616
7626.0938
7823.5576
7821.6587
7613.1396
7726.9282
7778.0771
7768.0537
7764.2344
7663.8853
7660.9819
7493.1543
7553.7686
7573.9199
7680.7305
7479.0249
7557.0610
7521.1743
7777.4409
7919.5713
7883.4297
7850.4028
7865.6880
7924.0396
7880.8408
7933.0640
7935.8516
7977.7104
8089.3003
7896.5767
7902.3662
7834.5313
7735.5640
7812.5313
7715.8984
7743.0283
7774.9648
7820.7866
7876.0161
7823.3584
7859.0317
7773.1118
7791.8335
7832.6323
7668.0820
7789.1162
7717.0239
7577.6270
7686.2280
7711.6860
7461.5332
7196.9858
7426.5391
7373.5645
7343.7559
7301.1035
7163.9302
7153.2896
7108.7832
7195.7734
7294.0117
7339.4043
7269.2090
7457.0571
7583.5571
7767.9961
7769.9663
7818.5200
7820.0190
7565.4800
7574.1851
7585.5767
7601.8198
7367.4849
7194.3750
7423.1797
7803.7197
7798.6782
7901.4951
7834.2075
7909.7852
8148.6909
8080.9624
8033.2148
7895.1069
7878.7725
7379.9854
7490.9712
7348.6035
7369.4346
7410.4663
7477.4854
7451.5605
7407.0557
7544.7417
7377.1846
7238.6172
7241.4629
7391.2119
7472.1733
7333.8208
7330.9155
7274.2520
7357.1475
7712.6279
7822.7827
7877.7207
7871.7651
7909.9316
7869.1650
7783.0420
7653.9136
7559.8730
7592.3306
7564.2573
7600.5913
7556.5879
7710.1973
7654.1968
7435.9248
7634.6680
7772.3589
7927.8169
8012.4229
8090.8457
8038.4932
8176.3052
8034.1187
7965.4995
7930.5503
7812.5420
7803.6064
7684.1987
7665.1982
7635.6387
7788.9932
7663.2656
7742.3955
7706.9404
7770.4155
7718.7739
7809.0229
7763.6836
7742.7998
7620.4136
7606.5698
7555.4038
7537.3018
7590.9561
7520.3022
7440.2661
7212.6787
7361.8315
7450.0513
7649.2603
7471.4404
7323.8521
7354.6587
7401.4058
7370.9775
7381.0396
7231.5146
7296.6685
7336.3335
7465.0308
7574.0142
7726.6758
7781.9873
7657.0498
7724.6113
7741.2295
7725.4595
7709.8721
7513.1162
7363.6826
7455.2271
7693.3496
7767.5879
7857.2593
7842.6616
7955.6216
7985.2041
8032.1729
8055.8027
8032.2944
7928.9365
7151.9116
7207.5952
7321.6147
7220.7031
7241.0234
7214.4336
7306.7939
7391.5034
7506.0596
7516.5894
7733.1353
7710.9111
7631.7163
7711.4902
7702.5396
7517.9365
7742.7217
7802.5244
7790.1904
7884.8125
7927.8721
7889.9712
7882.4282
7907.6392
7870.5771
7826.9219
7588.5225
7438.5366
7634.7827
7573.6069
7427.8901
7362.8394
7505.7788
7455.1138
7838.1279
7930.5015
7901.3345
7973.7485
7929.4204
7930.1260
7898.6060
7913.7695
7995.6602
8008.1792
8019.7837
7952.8535
7944.5278
7772.2974
7626.2310
7564.5791
7615.9663
7788.7158
7797.7393
7764.4731
7916.7402
7988.4014
7899.1304
7787.9385
7706.5210
7872.0122
7730.8472
7603.2402
7405.9663
7401.9160
7434.8330
7334.2148
7314.1821
7412.0942
7573.7813
7768.5815
7549.1240
7667.3521
7530.7153
7512.7720
7649.3643
7771.4209
7758.5420
7597.7695
7733.9185
7855.2754
7718.7300
7764.8833
7868.4302
7609.4443
7480.9028
7466.2402
7548.7529
7607.5464
7537.2412
7746.8774
7920.5313
8048.1953
7999.8525
8169.7656
8101.1089
8011.4233
8017.4316
7921.5034
7776.9497
7873.9365
7158.1953
7198.8105
7214.8330
7114.3311
7094.8472
7138.3853
7038.2896
7244.8130
7408.9189
7540.0732
7626.7817
7608.9097
7857.5654
7675.9170
7801.3662
7850.0386
7888.6348
7878.9116
7890.3623
7942.5303
7810.9902
7904.0894
7888.7783
7784.1060
7630.3013
7602.9785
7492.6475
7756.3408
7751.7183
7569.2329
7650.7925
7741.8379
7838.0791
7909.0972
7988.0503
7970.6357
7948.0762
7952.0034
7940.7554
7885.1929
7942.2612
7884.8633
7856.7764
8055.3564
7960.0596
7824.1357
7698.1201
7776.9678
7695.8823
7712.6660
7630.2964
7782.1377
7900.1196
7815.2222
7942.2017
7941.6831
7914.9512
7871.8169
7897.1802
7769.2646
7712.5684
7676.0005
7518.8296
7624.3398
7720.0303
7671.0850
7620.4648
7767.6670
7857.3296
7913.6060
7908.2764
7945.7705
8010.5859
8196.4629
8035.3174
7953.2715
7897.9238
7937.7100
7789.5459
7824.5044
7757.2051
7874.8794
7939.7510
7952.1807
7922.9009
7917.7329
7864.4995
7593.4072
7891.1357
8000.9702
7988.1768
7997.7598
7974.8115
7994.2783
7980.8574
7878.5171
7955.5073
8065.6904
7849.3730
7969.2314
7100.9985
7139.9897
7186.2725
7121.7280
7221.1724
7308.6865
7277.1274
7307.6055
7496.3525
7598.9014
7728.7510
7631.5420
7592.4497
7706.6450
7742.6377
7582.0620
7558.9385
7689.0518
7682.3789
7642.4731
7667.4487
7856.7266
7868.2251
7747.9346
7769.9600
7820.3979
7623.3086
7668.4038
7746.2124
7835.4155
7839.7217
8090.7080
8107.1606
8256.8232
8232.6738
8086.4795
8259.9180
8255.0752
8254.5996
8069.0347
8094.3901
8062.8911
7973.2822
7820.2700
7949.3364
7961.0542
7850.3447
7889.5464
7863.2124
7951.1211
7871.2046
7936.2100
7959.7480
7919.1621
7986.6982
8162.1646
7957.1763
7917.8921
7794.0610
7604.0010
7748.3271
7708.3667
7859.8447
7798.3496
7879.8687
7726.7021
7792.9658
7797.3506
7968.6235
7901.9351
7809.2524
7770.3833
7868.7065
7873.7803
7922.1787
7914.3193
8009.8682
7939.9541
7785.4854
7775.2119
7904.1855
7898.1924
7882.7954
8111.9404
8143.0552
7973.1895
7996.2251
8035.1616
8060.7485
7958.5786
7922.7822
7878.4600
7940.3701
7918.9717
7936.0518
7789.6968
7748.1563
7810.6567
7741.9790
7841.0337
7152.5225
7103.5337
7173.9507
7069.9771
7028.7026
7197.7695
7248.5220
7274.1709
7351.6831
7257.5771
7310.0425
7320.9888
7523.8965
7546.3940
7674.2163
7725.8110
7712.1387
7575.9453
7811.7681
7809.9590
7753.4707
7704.6489
7766.3481
7789.5288
7718.7695
7776.5322
7891.3267
7875.0957
7711.1265
7701.4824
7684.6011
7968.5718
7959.1743
8037.1382
8122.6689
8130.6558
8233.0449
8220.3584
8391.0664
8313.5576
8151.1978
8216.6133
8076.3018
8042.2866
8130.3086
7997.2139
8244.0996
8120.7402
8059.8101
8168.3301
8022.1797
8074.0156
8034.1221
8112.7061
7967.0938
8071.8955
8018.0879
8202.6357
8082.9395
7970.3872
7934.3560
8033.5894
8016.0122
8012.4551
8122.6270
7930.6821
8036.9097
8051.6172
7885.8350
7842.0757
7736.8853
7840.1172
7917.6846
7856.6802
7960.6699
7928.8530
7950.9927
7933.2930
7840.2261
7894.1514
7936.9209
8004.1870
8137.5259
8071.0322
8145.8184
8033.4287
8060.6445
7981.6519
7982.0884
8108.8301
8195.3301
7897.6812
7992.8896
7954.6543
7773.6265
7731.2998
7883.4897
7784.7925
7835.4546
7746.7925
7118.8164
7196.9214
7164.4849
7193.7388
7187.9365
7203.3545
7232.3071
7210.9609
7174.6538
7320.1475
7377.0322
7394.0186
7554.0659
7695.3486
7560.4897
7569.1387
7548.7534
7483.0234
7689.0806
7720.4170
7725.2778
7458.3813
7610.8750
7542.1558
7646.7554
7727.8086
7834.0552
7854.6650
7918.1968
7786.7061
7931.9453
7897.1841
7942.9702
7981.8491
8202.7227
8257.2344
8399.4219
8309.1719
8308.6250
8266.2041
8263.2051
8080.7021
8052.8389
8006.4966
8046.5557
8318.4629
8281.9102
8451.2568
8536.8184
8454.4854
8252.8203
8232.6074
8005.3276
8211.2666
8336.5557
8265.7207
8171.4248
8023.9941
7871.0522
8216.4629
8157.3301
8372.5811
8411.6123
8236.2510
8160.4214
8110.0601
7994.1294
7999.5039
7919.3486
8012.9824
7955.4458
7933.3325
8010.9912
7914.4209
7950.5542
8010.3052
7895.3091
7894.9028
8030.4624
8262.5273
8202.1582
8315.6494
8201.8652
8228.2100
8274.0664
8158.4873
8269.7715
8197.8555
8207.4512
8291.0098
8204.4668
8196.8828
8162.3892
8278.2637
8279.2070
8066.4858
7975.3667
7885.4736
7931.7690
7978.0361
7133.1064
7082.4766
7186.8862
7174.4058
7146.7827
7185.5225
7303.9004
7299.6680
7366.7197
7546.7397
7631.2773
7699.1777
7474.6816
7493.8135
7718.1216
7689.8506
7618.1333
7532.5820
7581.4414
7350.7012
7378.4360
7549.2139
7538.8467
7500.6821
7543.1270
7518.2061
7651.9043
7470.0054
7704.5293
7752.0522
7747.6074
7785.0693
7697.9282
7651.3169
7795.5029
7962.7925
7909.0059
7943.4312
7837.5962
8059.4121
7965.2471
8063.8345
8014.9077
8107.8794
8285.0020
8127.0073
8199.1934
8171.5176
8047.4399
8209.8457
8109.0786
8184.8252
8069.7231
8240.7090
8340.5049
8344.6943
8305.3652
8413.9277
8173.7471
8210.9902
8065.1338
8071.6187
8250.1387
8433.0713
8247.7139
8121.6909
8075.7998
8175.0117
8214.1123
8046.2285
7928.3784
7754.4189
7776.6313
7759.4751
7910.6060
7950.0181
7941.6655
7844.7183
7969.0103
8251.1777
8164.0576
8435.4463
8318.8867
8336.3164
8409.8965
8484.6240
8274.1387
8204.7510
7964.2261
8180.3047
8241.3105
8266.5986
8105.3516
8085.6621
8222.6387
8219.2910
8126.4717
7873.1572
7931.9351
7871.6519
7364.3687
7347.7847
7206.8994
7194.1313
7202.1714
7196.8687
7216.7944
7361.1919
7467.9487
7493.3008
7714.4673
7645.0024
7669.2876
7663.3276
7624.1074
7779.2266
7902.9238
7704.3081
7638.4414
7679.1880
7732.4512
7454.9009
7599.6338
7606.6680
7766.6079
7713.4873
7847.5859
7644.2261
7564.3154
7427.4727
7618.2720
7720.7363
7768.1440
7881.6807
7871.6968
7826.2983
7919.8750
7965.1270
8058.6396
7922.0820
8013.7822
8045.1753
7964.6992
8056.6553
8191.8071
8189.9482
8286.8467
8432.1104
8260.4043
8039.8120
7995.7993
8071.8374
8205.4551
8292.1484
8343.7266
8544.6338
8394.6045
8515.8428
8329.7676
8455.2529
8409.1426
8342.2480
8309.5078
8459.8848
8412.3467
8511.9512
8452.4463
8231.5117
8133.4570
8055.5591
8204.3164
8024.4575
8068.1929
8203.0586
8237.8926
8284.8467
8210.2451
8270.1602
8162.1470
8320.9980
8399.8574
8540.8867
8549.1260
8429.5410
8214.9980
8165.2959
8222.9414
8149.1377
8145.7808
8062.8418
8039.9409
8071.9907
8085.8301
8242.2930
8391.9141
8276.8584
8115.8389
8205.1094
7981.9937
8111.8047
7257.5171
7221.1157
7420.6855
7299.1362
7402.6714
7545.3140
7715.9707
7554.8447
7571.0508
7791.3638
7697.3042
7646.7280
7775.3955
7767.2466
7883.3364
7881.1724
7883.2798
7785.4199
7854.6187
7778.5059
7769.4258
7738.7661
7600.1724
7469.0840
7599.5972
7892.9644
7880.1162
7793.5791
7753.9312
7740.7856
7639.7446
7661.9458
7752.8267
7800.5166
7835.6855
7788.8994
7819.4878
7877.7344
8077.0625
8168.3564
8095.4224
8287.1338
8326.8174
8113.2686
8209.1816
8182.4448
8276.0479
8504.5332
8526.4805
8438.2422
8486.3740
8433.4082
8418.0117
8375.8525
8325.5801
8405.1494
8507.3594
8544.8730
8419.9238
8397.5986
8363.2939
8360.6113
8520.4590
8561.8691
8576.6133
8655.0801
8696.8477
8655.0840
8445.7803
8382.0244
8337.6885
8336.7012
8272.0186
8364.1924
8347.5322
8351.1582
8459.8545
8446.0908
8582.7402
8565.3027
8557.2910
8600.0967
8541.3311
8404.7617
8306.8496
8387.6123
8153.3379
8234.9727
8384.1650
8312.2656
8281.2471
8465.5107
8581.5098
8586.3467
8496.9932
8427.5361
8309.0918
8233.9004
8224.5811
8344.5537
7496.8979
7409.1021
7320.7021
7445.5005
7438.0093
7335.3721
7464.9976
7348.0337
7376.0825
7544.1162
7463.8486
7653.0703
7686.3774
7762.1201
7880.1714
7967.5430
8086.5000
8180.7119
7921.2646
7813.4995
7851.5493
7927.7036
7821.0820
7910.8613
7881.0449
7898.1611
7927.9409
7930.4683
7945.6597
7998.8237
7932.6934
7881.1099
7928.8862
8042.6079
8087.2690
8143.5400
8054.3335
8147.3755
8267.1016
8403.8057
8272.2646
8266.6514
8330.3682
8245.9209
8238.4648
7968.4917
8082.4365
8185.6064
8101.4805
8301.3164
8356.8740
8239.3750
8265.2852
8419.7637
8513.1191
8544.8311
8559.8018
8539.6162
8650.6465
8664.8457
8776.0664
8807.5996
8772.9863
8750.3662
8753.9502
8693.0752
8685.2705
8543.6436
8597.8320
8610.4521
8664.7754
8578.4805
8643.6318
8579.2979
8514.7275
8553.2139
8570.6826
8630.5615
8499.1943
8469.8887
8477.0537
8320.4219
8398.8818
8398.2207
8324.9307
8305.5527
8464.9717
8478.5830
8382.7305
8283.5059
8446.4326
8606.9287
8512.3838
8402.2520
8523.6250
8307.2754
8225.4492
8264.6963
8266.5391
8070.2432
7524.3921
7452.6133
7407.7842
7701.0444
7558.0527
7634.9966
7757.5562
7888.5010
7639.4370
7709.1152
7900.7832
7727.6992
7907.5625
7805.3711
7893.2100
7965.3838
7897.3608
7912.1592
7973.1729
7953.3955
7863.1396
8006.2817
7878.8633
7923.7368
7889.3574
7912.9722
7932.9155
7811.1338
7855.8599
7984.8779
7883.5586
7908.5854
8010.3071
8134.0728
8170.5415
8098.0898
8058.5195
8106.7661
7992.9390
8100.2095
8254.4551
8212.2764
8306.6221
8314.4453
8415.4033
8307.6738
8340.9365
8395.5879
8502.7725
8526.6660
8593.2754
8616.4512
8543.3047
8490.8555
8587.4209
8496.9297
8625.4004
8579.5352
8730.0723
8830.0527
8822.5137
8865.6992
8829.3418
8831.5215
8816.7480
8785.7070
8725.6611
8732.4102
8700.7793
8719.2207
8663.8945
8560.0830
8527.5254
8489.1553
8523.6660
8546.6064
8496.2881
8504.4951
8333.1914
8283.0098
8348.2246
8280.6953
8006.1074
8119.4565
8173.1650
8202.6758
8398.7510
8431.8936
8563.6621
8526.0596
8364.5566
8474.8525
8534.6230
8542.7344
8491.6611
8345.5732
8326.7256
8386.8594
8143.2075
8140.1611
7637.3984
7671.4424
7629.5801
7571.6782
7715.0435
7859.3125
7964.8237
7893.6479
7860.4004
7819.7046
7986.1523
8038.2671
7806.9868
7894.0771
7928.2988
7871.7549
7914.6255
7887.5874
7937.7114
7911.6743
7910.4277
8014.3755
7881.9644
7790.0293
7769.1616
7779.2842
7631.2754
7792.5117
7855.2021
7879.6016
7935.3613
7949.7197
8035.7920
8035.5889
8039.5557
8165.2368
8069.9551
8015.1855
8306.7021
8263.7295
8377.9287
8357.2402
8352.2881
8356.0215
8282.2158
8590.1396
8520.7832
8470.2002
8345.8408
8535.3467
8601.6143
8565.2959
8588.6191
8600.6846
8666.6377
8744.6670
8832.0400
8850.3447
8841.4727
8837.2031
8831.4297
8861.8066
8865.6992
8840.3711
8852.8105
8800.9180
8773.8926
8742.3926
8710.2432
8581.0566
8481.3867
8493.0479
8508.0576
8559.4639
8543.6631
8563.9092
8578.3076
8521.1533
8548.9883
8523.5010
8266.9893
8139.7617
8295.5078
8236.8389
8201.0576
8368.9990
8283.1074
8285.3506
8540.5361
8518.6924
8505.1924
8265.1396
8456.3555
8459.1064
8592.8154
8467.6357
8427.3613
8366.4551
8252.3789
8404.0664
7527.4897
7470.5469
7488.2827
7688.0288
7848.1821
7889.0410
7820.3086
7738.4902
7818.8574
8069.2700
7936.9229
7982.7344
8032.7666
8067.2144
7979.9980
7929.2925
7903.0054
7860.6563
7945.1304
7909.3550
7855.9399
7848.1440
7814.5122
7838.5522
7729.4243
7630.6802
7628.0952
7450.1172
7539.3604
7717.0381
7882.0103
7998.3921
8079.5352
8008.6382
8233.0469
8361.0977
8299.7432
8262.7695
8247.7051
8522.8828
8618.0498
8572.4951
8566.1641
8610.5508
8554.0420
8611.7021
8670.1328
8580.9307
8701.0742
8621.0146
8718.3018
8621.1074
8768.3379
8757.4248
8762.1680
8822.3730
8804.7891
8787.3926
8783.9941
8817.2139
8811.7871
8825.4766
8822.3896
8820.3242
8813.1670
8815.4697
8807.1123
8765.2354
8624.5713
8705.4277
8599.0088
8601.9873
8513.3887
8483.5527
8552.8096
8383.5840
8362.1621
8353.4756
8394.7676
8268.8711
8289.1484
8264.4717
8254.1953
8237.8193
8184.8984
8212.8643
8212.8643
8230.9434
8305.1523
8303.3301
8450.9102
8417.4277
8445.6387
8272.2061
8473.4473
8389.4570
8285.2588
8178.6938
8279.8184
8552.3105
7543.6191
7629.7915
7725.5313
7754.7705
7861.4058
7932.2310
7780.7417
7885.8423
7866.9429
7948.5933
7902.1216
7906.7314
7907.5645
7872.2803
8020.5381
7944.0220
8020.3843
7900.1094
7904.3838
7685.7671
7773.1108
7916.4263
7856.1631
7606.2793
7606.6152
7760.4121
7631.9351
7727.0444
7844.8789
7743.9883
7935.8569
7997.1631
8251.6914
8331.8164
8283.6172
8188.5586
8160.7568
8137.4507
8177.2158
8244.4160
8494.0840
8477.3838
8502.2324
8603.2480
8676.7373
8743.5605
8758.0625
8627.6885
8739.8906
8818.5781
8710.6934
8683.2061
8631.3359
8851.1768
8849.0244
8865.6992
8845.2705
8782.8877
8841.1357
8833.8340
8831.9170
8840.1660
8845.3398
8796.1826
8735.6455
8790.9414
8748.5146
8758.4873
8782.0039
8660.4717
8557.0596
8609.8115
8536.7168
8536.0898
8536.0830
8500.6592
8449.8135
8324.4551
8352.8818
8393.9795
8365.6123
8427.8633
8294.8799
8286.1260
8157.2305
8278.0137
8380.1963
8263.2471
8248.8135
8315.3574
8337.0430
8263.5547
8154.8242
8103.4443
8215.7129
8091.9814
8235.0137
8499.2324
8505.7598
8448.3457
7620.1421
7469.8696
7549.1313
7655.0498
7763.2485
7881.5688
7886.1846
7821.8447
7799.3833
7944.1284
7950.2813
7934.0220
7943.3296
7878.3540
7815.2241
7950.9946
8211.6680
8128.3789
8038.4644
7925.3354
7887.1738
7881.7354
7786.1021
7623.6636
7719.3765
7751.7334
7752.0195
7728.5386
7886.3491
7872.9966
7851.0181
7954.6597
8204.5850
8278.1230
8057.7319
8240.9746
8277.4844
8304.8926
8328.9395
8278.7910
8281.1113
8291.2324
8416.3105
8571.7549
8532.1338
8594.9873
8773.6270
8795.5977
8808.7393
8834.7441
8862.8066
8846.2695
8818.1982
8752.2256
8762.2939
8798.6348
8831.0840
8865.6992
8865.6992
8862.2637
8838.6338
8787.7607
8798.3760
8661.4854
8612.9824
8606.6826
8603.8467
8736.3779
8770.5586
8810.4316
8803.2734
8624.9971
8709.9385
8589.8086
8581.6699
8536.9521
8636.9453
8605.8691
8623.9023
8398.4512
8358.8867
8402.8320
8305.8682
8397.7266
8285.8350
8440.1299
8369.7822
8206.7813
8187.6445
8194.4600
8410.2461
8256.1816
8190.3926
8079.4917
8052.1484
8121.2690
8069.0137
8254.5938
8391.0469
8427.5908
7699.6396
7657.4521
7675.7891
7554.6450
7683.3477
7814.5781
7978.9746
8008.2671
7936.1436
8030.3477
7948.7075
7858.1099
7888.1260
7855.0830
7938.6387
7967.0537
7931.7964
7866.0073
7949.3525
8019.1123
8125.7959
8091.8496
8187.0854
8141.2896
8039.5889
8022.4146
7896.8965
8076.5234
8041.5474
7997.2905
7977.5566
8203.9248
8268.2705
8093.0605
8410.2588
8193.0820
8218.9473
8214.0000
8396.7002
8252.8213
8415.9111
8567.4502
8551.6670
8709.1602
8703.0391
8764.5879
8799.9248
8839.2305
8828.9277
8802.4727
8731.9199
8753.9414
8602.4170
8759.1572
8797.7627
8857.6445
8852.7471
8852.2051
8852.3330
8861.9834
8865.6992
8863.6270
8836.7861
8831.2744
8810.4326
8813.7236
8802.7588
8763.9424
8739.8320
8783.2881
8753.2666
8814.0146
8764.8105
8610.7109
8603.2041
8640.0771
8581.6143
8624.5107
8604.5137
8418.2148
8330.4727
8457.1514
8547.2803
8539.0693
8435.6797
8207.3027
8030.5298
8162.7178
8212.3262
8259.0342
8029.2920
8180.7686
8348.2598
8168.6763
8205.0996
8171.7939
8252.7588
8228.9238
8238.0439
8099.9634
7726.1108
7701.6104
7722.2080
7782.9282
7940.9902
8015.8276
8008.7881
8146.9004
8200.6992
8068.6377
8020.6729
7950.4814
7993.6455
7927.3369
8038.3584
8027.6523
8039.2817
7913.2432
7925.6543
8069.8237
8146.9766
8112.4956
7956.3115
7946.9614
8230.1738
8144.6167
8125.5913
8024.7368
8016.2124
7981.9331
7917.6514
7886.7549
7870.0977
8003.6748
8163.0635
8185.6826
8095.8877
8184.5859
8342.7305
8239.6475
8389.7178
8307.1729
8283.5391
8457.1758
8569.4932
8685.3848
8847.8369
8820.7061
8802.9658
8746.4238
8687.8516
8700.8135
8786.3408
8786.3506
8838.2725
8865.6992
8865.6992
8865.6992
8855.8477
8865.6992
8865.3994
8859.3311
8865.6992
8847.3350
8821.0605
8808.8525
8782.6885
8821.1338
8796.2090
8813.4346
8830.8018
8808.3242
8794.1045
8744.9990
8569.2354
8496.4619
8510.3047
8608.0088
8559.2236
8497.9961
8373.5811
8511.1963
8588.8701
8610.1152
8481.4648
8268.1201
8194.0566
8109.2637
8226.7842
8384.1895
8472.2803
8580.0996
8568.2041
8389.4453
8249.3398
8479.5391
8523.1475
8400.5742
7989.7324
8155.3354
7838.1641
7898.6987
7941.8521
7937.4624
7981.9741
7927.9365
8005.6104
7989.1846
7979.6812
8235.5381
8259.3926
8043.1387
7980.9927
7953.5420
7998.6084
7999.8594
7933.5996
7970.2817
8193.3770
8082.3472
8136.9639
8191.1079
8200.4775
8152.0503
8306.6895
8236.7090
8079.6792
8247.9268
8376.0654
8185.0928
8076.0332
7941.2476
7873.1011
7946.0698
7884.0913
8028.4458
8084.8394
7985.0786
8020.0781
8043.7456
8118.0229
8202.3691
8419.2754
8423.7344
8576.3711
8622.2871
8690.4033
8639.9131
8691.8936
8714.2637
8735.1787
8782.8330
8818.0547
8863.0947
8862.7949
8856.6436
8857.6592
8865.6992
8865.6992
8852.9795
8865.6992
8853.0264
8857.0879
8863.2666
8860.3193
8865.6992
8864.4766
8831.4854
8785.1045
8721.3271
8754.7471
8819.7910
8801.4648
8787.1738
8808.3730
8801.2051
8804.6689
8776.5908
8745.6250
8720.9258
8605.0146
8644.2969
8371.2305
8452.9922
8426.1465
8353.2578
8596.8691
8630.9180
8552.1289
8516.9355
8533.0049
8564.8320
8556.4541
8549.7783
8549.9863
8382.6631
8431.4863
8550.1699
8575.7803
8287.2559
7882.5742
8058.2192
7996.6362
7955.5801
8038.0610
8001.7974
7968.8105
7978.7876
8229.2676
8407.7930
8452.3809
8224.8379
8265.5527
8197.3604
8260.2178
8231.9482
8091.2173
8112.4072
8298.7588
8154.6953
8300.6680
8251.7129
8180.9502
8405.8604
8277.5000
8159.8667
8229.5947
8229.3271
8197.7119
8105.1831
8140.4800
8274.8789
8211.9043
8155.9434
8057.8086
8027.0313
8105.5786
7944.4268
8130.8086
8208.6572
8283.7754
8409.8291
8401.6689
8547.8174
8470.0752
8465.9551
8562.5146
8645.1104
8674.2256
8643.6758
8745.8721
8744.3877
8859.8613
8787.7813
8844.4023
8837.0352
8838.9092
8834.3252
8865.6992
8851.4863
8840.1670
8837.8379
8865.6992
8865.6992
8858.5723
8865.3594
8831.9717
8832.4902
8803.8730
8842.5391
8818.1973
8853.5332
8835.3105
8789.9199
8795.3066
8773.5342
8684.9180
8758.5127
8726.0459
8731.1514
8748.7021
8775.9912
8708.5117
8717.0176
8693.4473
8527.0127
8621.1338
8601.6123
8701.5811
8599.6641
8665.3701
8682.0674
8593.3135
8559.1543
8596.1270
8485.3867
8506.5342
8349.1201
8486.2432
8584.5654
7979.1880
8057.2036
8062.4858
8146.3672
8274.8691
8212.9004
8085.1650
8111.9697
8267.3057
8248.4736
8374.9785
8316.2666
8434.1670
8298.5928
8330.9854
8363.3105
8262.2842
8272.2988
8211.2949
8148.0830
8402.2461
8352.3477
8218.3809
7950.7642
8143.0620
8106.9966
8270.9668
8426.3086
8209.1230
8254.1465
8302.8965
8112.7964
8228.7930
8119.1450
8089.7417
7963.0645
7922.2368
8006.7480
8079.3721
8161.5913
8294.9854
8171.4873
8196.4658
8393.8379
8365.4463
8267.9795
8467.2539
8570.3848
8587.1367
8552.8975
8645.6221
8620.5234
8819.1123
8765.6758
8820.8076
8767.9209
8721.5645
8745.7188
8799.2539
8832.8330
8815.0146
8864.4014
8828.7861
8811.3252
8802.5732
8818.5889
8847.9395
8807.4150
8793.4990
8780.7402
8800.4336
8851.3184
8862.6650
8860.1318
8846.5088
8818.0869
8805.9258
8805.4580
8848.7871
8853.2598
8844.5684
8854.1191
8858.9766
8864.8184
8854.5010
8819.7803
8811.1084
8792.9316
8720.0596
8726.1641
8629.2539
8653.6309
8686.4326
8550.6514
8508.5615
8500.5215
8482.0420
8505.4043
8492.4043
8522.8369
7884.9360
7978.8257
8186.5483
8272.6816
8341.7188
8293.9258
8259.9189
8470.2393
8363.3418
8361.3164
8362.6504
8489.8457
8560.2734
8605.6279
8626.3906
8331.9863
8299.5186
8315.1611
8192.0449
8236.1602
8179.7817
7922.6772
8154.0728
8175.1646
8017.0830
8144.0430
8181.2261
8090.2275
7972.7676
8024.0928
8192.3555
8001.9556
8193.2461
8246.1533
8068.3921
8229.4453
8083.2690
8107.9170
7897.6401
7941.2769
7974.8525
8094.3130
8158.3989
8178.7236
8023.2588
8136.9658
8224.3975
8425.8984
8555.6953
8553.2734
8739.1465
8759.9092
8534.5908
8610.1611
8595.5791
8576.4277
8648.9502
8559.8301
8484.3340
8556.0078
8577.5234
8592.5381
8596.4629
8763.2549
8705.1680
8790.0449
8843.5449
8836.7461
8865.1592
8865.6992
8857.4512
8856.4131
8862.2441
8861.8789
8835.6084
8850.7656
8865.6992
8858.5459
8865.6992
8849.7295
8848.2666
8853.0576
8865.6992
8865.6992
8865.6992
8865.6992
8865.6992
8865.6992
8850.5127
8766.9619
8761.6836
8732.2939
8643.8027
8735.8574
8739.5537
8608.4492
8612.0635
8569.6885
8636.0947
8681.8232
7868.6440
7932.1387
7995.5083
8106.4263
7898.0332
7977.2944
8245.1699
8226.0215
8431.8213
8494.1572
8486.6563
8591.5566
8519.5889
8383.6006
8244.7061
8224.0234
8249.1572
8286.6270
8067.0459
8027.9194
8112.7051
7971.2769
8046.3750
8206.0410
7976.4106
8142.9370
8173.9629
8145.0107
8036.4346
8108.8281
8182.2881
8072.9204
7936.5991
7996.2324
8013.3550
8017.6426
8214.4590
7866.5903
7845.4248
7853.8955
7864.0620
7866.8550
7850.2373
7797.6685
7971.5146
7972.2148
8076.8730
8239.3311
8471.3525
8234.1602
8402.9082
8382.7285
8452.1445
8553.7656
8495.2393
8600.2461
8552.1924
8445.9053
8517.4287
8749.2061
8604.7861
8609.5986
8686.3809
8656.7070
8716.1943
8722.3311
8796.2451
8853.9668
8855.0986
8859.4053
8859.3984
8865.6992
8860.9717
8865.6992
8863.4902
8860.2432
8846.3750
8860.7520
8865.6992
8865.6992
8865.6992
8865.6992
8865.6992
8865.6992
8846.1670
8851.1875
8865.6992
8852.9697
8863.5195
8834.7793
8836.1709
8764.3203
8819.8750
8781.0361
8693.3223
8598.1758
8609.2754
8616.7012
8636.7920
8568.4023
7929.1685
7911.0806
7942.9302
7880.0352
7936.6118
8195.9043
8207.7383
8200.0781
8334.2080
8238.2188
8191.3057
8269.6143
8248.1914
8250.7754
8164.2520
8259.5459
8042.4097
7938.8135
7934.9961
7918.9937
7828.0078
7947.9072
7924.3540
7904.4253
8015.8530
8031.5229
8242.0234
8195.5264
8191.4229
8224.3262
8036.8193
8012.8789
7969.7959
8163.2373
8015.1499
8034.3633
8074.9331
7902.8213
7826.7603
7718.4355
7863.8457
7958.6934
7917.1538
7921.3906
8063.5410
8190.7246
8022.9453
7921.5103
7991.1680
8106.4180
7972.0801
8067.7095
8204.7373
8242.2617
8326.7314
8314.0098
8404.0264
8292.1943
8267.9424
8278.8564
8375.6621
8470.2129
8591.9258
8718.2500
8727.6602
8797.0205
8733.4180
8801.4697
8825.1182
8844.3457
8865.6992
8865.6992
8865.6992
8863.9854
8864.9863
8865.6992
8865.6992
8854.7344
8865.6992
8840.6934
8865.6992
8854.8945
8865.6992
8865.1289
8858.5156
8847.9951
8865.6992
8865.6992
8857.4141
8853.9023
8839.9219
8862.3945
8845.0273
8824.4072
8762.2900
8762.5020
8752.9180
8621.9805
8628.4268
8460.8389
7974.0527
8006.1289
7992.2192
8010.5562
7909.3398
7849.1685
7930.3369
7928.3218
8039.9351
7922.1250
7843.5967
7832.5542
7745.6875
7896.6445
8144.7725
8116.7993
8218.1602
8226.2305
8044.4141
7920.5566
7853.0269
7953.9810
7892.8828
8017.2852
8126.8296
8102.0249
8238.6367
8195.8994
8004.0566
8162.1934
8169.3013
8127.6860
7934.0664
8080.4263
8169.4438
8247.0137
8027.3345
7947.8643
7957.3516
7931.3501
7868.6177
7941.1914
7886.3608
7946.2144
7897.3379
7792.6191
7663.2881
7661.8750
7689.1831
7915.9858
8047.9502
7876.5532
7922.3159
7915.6128
7922.9849
7939.9272
7954.5654
8027.9009
8206.8379
8258.0410
8232.6289
8356.1475
8567.6572
8549.4639
8571.2930
8680.4785
8840.0059
8828.2949
8845.9971
8858.8340
8865.6992
8854.8438
8865.6992
8850.2129
8865.6992
8865.6992
8863.9033
8840.2910
8850.0850
8860.9326
8865.6992
8858.0195
8854.5986
8864.9004
8857.3965
8862.4629
8860.7930
8865.6992
8859.7451
8845.2900
8865.6992
8865.6992
8865.6992
8835.0313
8818.9922
8772.7842
8805.6689
8844.5684
8755.8945
8768.2725
7996.4937
7920.6841
7906.7383
7997.9287
7887.7227
7879.6606
8054.0132
7907.6455
7842.9844
7824.2290
7805.5771
7747.5347
7919.5098
8075.5918
8214.4092
8260.0820
8045.8760
8100.0469
8056.4375
8079.5918
8047.3579
8074.3467
8080.6787
8172.5425
8103.8359
8204.1836
8261.3115
8249.2490
8136.3413
8208.3770
8024.6621
8037.0098
7953.5669
7910.0215
7975.2612
8089.1997
8199.7402
8145.1460
7886.5952
7867.7612
7954.8374
7989.0903
7844.7773
7794.1411
7742.6782
7436.2144
6926.5244
6859.7476
6752.1191
6738.3296
6984.1807
7170.7954
6940.6787
7072.9053
6720.6455
6790.7417
6927.1011
6936.1416
7170.7954
7170.7954
7908.6675
7990.2485
8256.6865
8270.0225
8359.2998
8384.3926
8541.1777
8739.6240
8734.6865
8841.3291
8840.4297
8842.1094
8865.6992
8849.3721
8857.9717
8844.2959
8859.3555
8865.6992
8865.6992
8846.7891
8865.6992
8865.6992
8865.6992
8865.6992
8851.9150
8864.4990
8865.6992
8864.8828
8865.6992
8858.1895
8863.0645
8832.7246
8855.2090
8862.8613
8865.6992
8852.9063
8841.4668
8802.0879
8641.7422
8592.9854
7968.0254
7911.3794
7952.7080
7925.2534
7812.1719
7914.0566
7925.6006
7987.5522
7942.8618
7833.4678
7804.5039
7936.7437
7911.2695
7990.4922
8017.3477
8172.8652
8209.5938
8258.5840
8282.5947
8162.3701
8126.2056
8245.7949
8125.0615
8115.8086
8199.8506
8248.4551
8151.2886
8181.5889
8156.6050
8251.9473
8125.6011
8179.9297
8232.1182
7966.7896
7959.8848
7970.8149
7989.7568
8086.3218
7929.6030
7923.0723
7963.7866
8125.9438
8192.9639
7930.5981
7948.7104
7951.0005
7438.5259
6762.8252
6345.1191
6390.7256
6403.4766
6460.2979
6393.5220
6388.1646
6800.0342
6601.1338
6569.8301
6575.5552
6581.8906
6886.6313
7079.6753
7570.9565
7921.5620
7999.4463
8296.7998
8515.7705
8574.3398
8691.0645
8809.0557
8785.7100
8827.7871
8848.5303
8860.9131
8861.3418
8827.9287
8838.2695
8841.6318
8856.7051
8865.6992
8865.6992
8862.7510
8857.6807
8865.6992
8853.0156
8864.4482
8858.2266
8865.6992
8865.6992
8865.6992
8849.6865
8856.0059
8865.6992
8858.9043
8865.6992
8822.5430
8730.6348
8739.8916
8574.7275
8711.7500
8624.2188
7921.0708
7922.8110
7947.2808
7877.2686
7896.5811
7835.9375
7922.7339
7921.5122
8010.8945
7941.7451
7879.2520
7911.9111
7929.4419
7975.3931
8071.5386
7957.2808
8011.8286
8326.1406
8248.5713
8226.2881
8097.6548
8227.5469
8323.4395
8098.4229
8108.4556
7943.6641
8017.0532
7986.3428
8049.6597
7938.5850
7990.6880
7938.7607
7926.0625
7907.0459
7750.4907
7846.7207
8112.5337
8035.9014
7939.1792
7938.7822
7919.9771
7861.1616
7828.0840
7768.3228
7160.9751
6840.3398
6699.2515
6690.5273
6614.9727
6479.2954
6851.4463
6467.1699
6330.9087
6421.5566
6330.4473
6320.3003
6434.6172
7027.7754
6919.8862
7097.8867
7671.3105
7948.4644
8062.0234
8378.9385
8410.1660
8474.5957
8577.4473
8712.5508
8735.1152
8761.5537
8757.0537
8801.7314
8726.5146
8809.3174
8812.8652
8815.1719
8827.6719
8836.7695
8857.1113
8865.6992
8865.2363
8863.0234
8844.5635
8865.0625
8854.6895
8865.6992
8865.6992
8865.6992
8863.2012
8865.6992
8865.6338
8858.8252
8839.2012
8848.1328
8850.8516
8813.5459
8779.0078
8646.0947
8644.5068
8592.7461
7973.2383
8056.6660
7923.6816
8068.1074
7958.5347
7858.6489
7718.5054
7848.2227
7852.4355
7968.2070
7858.7612
7913.5513
7968.8945
7912.7539
7934.0664
7940.9478
7933.8872
8193.8848
8215.8877
8171.2461
8190.5571
7918.0210
7831.5146
7915.7085
7896.6240
7958.5112
7933.5757
7936.1147
7826.1885
7915.4170
7775.4341
7754.9331
7845.2773
7722.7451
7733.2422
7794.6797
7956.5757
7902.7778
7794.1226
7835.9546
7861.2261
7766.7627
7627.6836
7322.2676
7145.2407
6883.6265
6427.7373
6450.6553
6959.2563
6628.8906
6477.9819
6642.8628
6392.1694
6521.7295
6591.4707
6459.2451
6550.5767
7014.5293
7545.1152
7851.1001
8184.5244
8475.9082
8527.2969
8553.9063
8574.0850
8677.5918
8572.0654
8655.9873
8636.7275
8537.4609
8574.8301
8582.4629
8615.9307
8729.6240
8665.5938
8606.0957
8735.4082
8761.6357
8629.3799
8720.2871
8801.0264
8803.8047
8723.9932
8723.8457
8753.5293
8814.1963
8807.7363
8847.5137
8847.8213
8836.3203
8865.6992
8864.8008
8862.1826
8810.5322
8795.1523
8752.2480
8664.0986
8674.8828
8538.7578
8616.6191
8253.2041
8213.7773
8272.5576
8250.6211
8277.6924
8239.0596
8162.5952
8129.2910
7881.9800
8031.8413
7900.2344
8086.4385
8099.9834
8211.1719
7977.7148
8034.2202
7929.0820
7926.0894
7965.1938
8055.0537
8224.8027
7988.9038
7856.0229
7998.9063
7937.5630
7942.6934
7991.0127
7873.5317
7961.0669
7932.4619
7894.5752
7866.2324
7635.9805
7769.3496
7880.3926
7820.5078
7906.5205
7805.1367
7844.7017
7959.5835
8008.3223
7811.4331
7812.7891
7438.5757
7218.6865
6956.7764
6274.3442
6045.3633
6084.7480
6419.3726
6568.9404
7170.7954
6701.2559
6448.8677
6450.7148
6474.5840
7170.7954
6981.2744
7997.5532
8509.7012
8600.8799
8561.5088
8482.8428
8373.7627
8260.4395
8162.5073
8280.6006
8522.8281
8580.7500
8417.7549
8410.9072
8412.0947
8317.1719
8308.1377
8343.3320
8468.0596
8473.7002
8440.2334
8606.2549
8694.1592
8581.7705
8539.1152
8432.2500
8378.2344
8545.9111
8563.7754
8748.0195
8834.0977
8859.4834
8853.6582
8807.7979
8787.4404
8771.3535
8788.5840
8793.7236
8713.0322
8745.9121
8759.8193
8773.0508
8736.0537
8262.9453
8110.1611
8210.7695
8254.2422
8305.8359
8241.5137
8212.2178
8421.1777
8371.3594
8351.7920
8325.7803
8088.1880
8282.2451
8396.2285
8340.0156
8202.8662
8298.8867
8441.5928
8310.7354
8285.8223
8275.3945
8148.0581
8206.2930
8218.6123
8123.6895
8151.1299
8048.1890
7976.8643
7945.8862
7739.6011
7741.2515
7832.8325
7885.1694
7925.8389
7883.4600
7857.3560
7910.5864
8134.4126
8035.8188
7876.9478
7877.1548
7728.9248
7727.9404
7667.4121
7355.4009
7196.8257
7063.5498
6417.8672
6381.6064
6365.2520
6766.6821
6569.0537
6877.0142
6592.0703
6595.2861
6857.8843
6978.0854
7309.7080
7802.5430
8162.2969
8446.6484
8455.8945
8468.0664
8245.5352
8015.8926
8204.1455
8219.8564
8417.5664
8301.9434
8451.0488
8472.7490
8510.1836
8327.5117
8359.3975
8309.9629
8279.8770
8254.9268
8424.2471
8549.4072
8600.0303
8490.8779
8338.1045
8361.6641
8462.2822
8370.7402
8481.6406
8526.5439
8549.9648
8570.0244
8674.2051
8761.6563
8604.4395
8719.7764
8765.9746
8786.2598
8849.6963
8775.2607
8699.7803
8546.4053
8578.2041
8017.5405
8221.5723
8058.4795
8079.5278
8232.1055
8171.0054
8164.5625
8225.8926
8244.2539
8240.6699
8346.7432
8227.2822
8359.1885
8453.8477
8318.5166
8489.0586
8543.5811
8559.1738
8369.5273
8384.1563
8485.0791
8519.2871
8510.7705
8315.1797
8131.0879
8176.9033
8067.0801
7920.5757
7972.8755
7954.0259
7899.5581
7847.5532
7877.4893
7895.4375
7875.6929
7928.2471
7931.5044
7822.2603
7981.7866
7993.3081
7880.4258
7732.5273
7648.2803
7833.7969
7765.3843
7357.6768
7118.0947
7117.1772
6956.7764
6530.3062
6271.2007
6383.2861
6714.4087
6653.9170
6880.3872
7170.7954
7326.5991
7386.5576
7719.5034
7891.1270
8176.6719
8194.9336
8386.8662
8149.8813
7985.4976
8111.0952
7932.2017
8104.2427
8154.8081
8112.4727
8061.5215
8331.1221
8192.5664
8453.9404
8320.9189
8277.6660
8275.3408
8326.7451
8283.1113
8255.9453
8351.3330
8457.1123
8369.4551
8334.0498
8506.3086
8559.9678
8616.9375
8559.3223
8509.4541
8587.0918
8665.1553
8705.1855
8592.0059
8722.8818
8617.5059
8589.7949
8558.2109
8615.4688
8532.4570
8544.5195
7924.9033
7949.9092
8192.8584
8285.7910
8226.4717
8261.5645
8270.3525
8049.3926
8212.5781
8508.0293
8571.7871
8584.4658
8456.2314
8455.2148
8386.9805
8374.1328
8490.6133
8375.4219
8311.4971
8486.4111
8515.5479
8586.8770
8529.9453
8567.2744
8505.9316
8584.7227
8334.7715
8028.6318
8183.1475
8129.7241
7984.7769
8172.8403
8029.1880
8014.3164
7986.8501
7944.8022
7844.2070
7873.2227
7880.5972
7762.9580
7583.2402
7629.5361
7895.1318
7836.7124
7719.7080
7598.9883
7418.0093
7325.2109
7284.0527
7287.5571
7196.5786
7257.5898
7170.3696
7038.9863
7203.1011
7548.2793
7761.1016
7819.7061
7843.3032
8005.9248
8010.6392
8073.0181
8164.9741
8275.0469
8349.5010
8284.8037
8125.6265
8073.1230
8030.6401
8167.7358
8177.8379
8035.9663
8283.5977
8325.2510
8217.6582
8096.6323
8276.9023
8275.3652
8420.3125
8474.0693
8461.4307
8451.8232
8500.4844
8534.4424
8580.6865
8461.8027
8591.2285
8568.0449
8600.3633
8710.0537
8682.1680
8702.9570
8646.4326
8585.9004
8529.6152
8605.1729
8516.8877
8593.4707
8595.8379
8448.1895
7905.9688
7946.0669
8107.1938
8220.3115
8316.8369
8132.1572
8032.2378
8125.8765
8217.3359
8091.2886
8260.9434
8412.4160
8264.6348
8331.9873
8167.2422
8285.2080
8322.6152
8312.1064
8532.7246
8404.8555
8268.5322
8192.2412
8145.7808
8272.4600
8236.8457
7941.7021
7933.9409
8069.2241
8018.5029
7924.0811
7871.3135
7934.5615
7918.0000
8205.6172
8153.0083
8022.6514
7930.2773
7933.2573
7950.5146
7803.0513
7726.5581
7862.6646
7763.2695
7839.2661
7805.9756
7588.6709
7737.4512
7777.9307
7761.1929
7719.4678
7755.3481
7740.0000
7772.1846
7745.4619
7957.6768
7781.0781
7865.9199
7874.3555
7790.5742
7841.9922
7942.1270
7966.9692
8160.9224
8169.0269
8247.5664
8270.0430
8207.1045
8027.9434
7964.5293
7944.8364
7917.8765
8049.2852
7985.8584
8256.9375
8230.7549
7969.3887
7968.9453
8049.1401
8222.6865
8068.1855
8053.4233
8143.7480
8258.5693
8293.0938
8485.8867
8432.6279
8403.4678
8547.4893
8535.3047
8588.5391
8496.9727
8417.3779
8502.9531
8512.1416
8384.8506
8337.7930
8332.8301
8520.7441
8551.1367
8571.9414
7969.2212
7916.5171
7920.5518
7937.8516
8276.6484
8277.8115
8049.0474
8043.9902
8111.5586
8075.1416
8160.1563
8139.6235
8100.3696
8135.9536
8240.8281
8379.9600
8408.7188
8429.6318
8352.1357
8188.7354
8175.3149
7995.7090
7924.4336
8009.0825
8062.5479
8050.9258
8077.0503
8128.4688
7943.6563
7923.3647
8170.7734
8201.9297
8102.5249
8272.1357
8236.3633
8224.1123
8143.1592
8120.4702
7988.5278
7998.1816
7935.3076
7891.9917
7866.4312
7902.0425
7840.9355
7796.7905
7910.6563
7881.3882
7816.0210
7915.4795
7806.7393
7895.5776
7939.0313
7908.4546
7903.7793
7895.8662
7935.0703
7809.3579
7854.4390
7915.0405
7899.0664
7921.6396
8113.8545
8054.8887
8179.0337
8162.1362
8185.9521
7937.3311
7949.6895
7931.3516
7857.4321
7844.7524
7916.1572
7917.7739
8049.8350
8113.4546
8054.0103
8025.9082
7914.5723
7749.7983
7835.5947
7815.7417
7927.0723
8128.5518
8230.5654
8373.1338
8279.2910
8587.5127
8457.5850
8559.1904
8510.9092
8387.9209
8447.8594
8474.2305
8257.8125
8199.4248
8396.1025
8330.0742
8314.7334
8474.8105
8146.7017
8277.9346
8233.2656
8397.5781
8237.9326
8225.1504
8189.5083
7990.9595
8032.5298
8297.5703
8212.1465
8365.8516
8394.7549
8262.0039
8235.5527
8239.5879
8337.2461
8414.0830
8432.4473
8243.4170
8275.1104
8126.5703
7922.8940
8028.2651
7961.8716
7876.1523
8045.9565
8050.7202
8206.6016
8444.8320
8215.1250
8230.4385
8244.5352
8001.1738
8100.0977
8050.7305
8178.6489
8039.2935
7969.5532
7914.8682
7961.8076
8024.9009
8154.0371
8149.7021
8267.1123
8134.5210
7988.6875
8112.8174
8092.8027
7995.7974
8051.2969
7951.0020
7921.1909
7839.5928
7909.7969
8011.0942
7999.3359
8016.4043
8100.2295
8061.7485
8087.6387
8067.4756
7943.3696
8014.9458
8109.4375
8122.2437
7923.1499
7979.8374
8150.0796
8016.4849
7940.9326
7809.0962
7865.6641
7897.0967
7985.6172
7941.3550
7981.0166
8013.8325
7859.0713
7916.9995
7760.3799
7754.2651
7893.5024
7750.8247
7893.9946
8115.7642
8163.3003
8224.3867
8145.5430
8347.0186
8421.7363
8460.0391
8464.2549
8531.5801
8508.3916
8467.2402
8516.4600
8313.9912
8314.5410
8009.8315
8079.4321
8174.1797
8296.6787
8243.9209
8367.4844
8160.3169
8020.9233
7973.8501
8041.9575
8054.7446
8210.3125
8254.5107
8173.6753
7997.7754
8027.5005
8211.0996
8325.6221
8105.9585
8153.4712
8294.7881
8252.7109
8101.6846
7967.0938
7912.1606
7928.3848
8093.4712
8251.4453
8175.3271
8259.0166
8304.4805
8272.5488
8530.4258
8564.1172
8474.5986
8456.2041
8590.9883
8610.7539
8505.7910
8310.9414
8340.1719
8220.3301
8344.2373
8169.3472
8306.2061
8345.9697
8261.9404
8244.1709
8233.9502
8037.0410
7884.7153
7874.9653
7844.8428
7774.9023
7839.1885
7886.9248
7807.6455
7791.0781
7916.7397
7923.9854
7910.0410
7936.4761
8052.1714
7984.7080
8008.5996
7958.5615
8011.9985
7956.2656
7809.6899
7727.9282
7888.3379
7951.0605
7914.2515
7930.5498
7827.5171
7795.7656
7900.0181
7967.0928
7983.7095
8122.9497
7962.3931
7902.1621
7823.6108
7864.8369
7837.6045
7917.3960
7961.3159
8045.0596
8024.9238
7985.7676
7996.2715
7976.7188
8075.4546
8166.1201
8277.8027
8397.7158
8463.5781
8126.9033
8250.9287
8395.2451
8284.6660
7883.1631
7955.4448
7961.6924
8078.1338
8026.6123
8050.8867
7975.6719
7902.1758
7944.3477
7897.4287
8063.7988
8137.0869
7946.2134
7912.2471
7998.9888
8038.0757
8055.5078
7954.9517
7939.7036
8058.5806
7988.9565
8180.5728
8139.5879
7994.2725
8277.7734
8226.9004
8298.9863
8268.2266
8167.9087
8128.2715
8366.5029
8253.4629
8445.1563
8593.5693
8573.3428
8568.2402
8578.1709
8565.7324
8315.2656
8302.2979
8416.9570
8523.6846
8579.9121
8546.3330
8425.6826
8287.8828
8232.2617
8235.5127
8084.4019
7996.8057
7879.1748
7970.2080
8016.7300
7857.8379
7894.1660
7911.7227
7852.9258
7831.7695
7805.0581
7933.0376
7990.0513
8176.4326
8234.3027
8105.1045
8035.9146
7862.6064
7847.7173
7854.4180
7856.3589
8108.1143
7970.2720
7992.9263
8004.4014
7998.3262
8174.6089
8190.1895
8067.6377
8008.7300
7887.6030
7949.2573
7977.3403
7984.0513
7934.4663
7852.4307
7895.8442
7929.9126
7917.7227
8061.2246
8155.1802
8180.4136
8110.1289
7984.9771
8024.3594
8134.1699
8093.3164
8198.5596
8203.2031
8231.3984
8348.5264
8293.3115
7944.2832
7926.2656
8166.5029
8031.2832
8144.5435
8025.6606
7936.5210
8036.2139
7938.3511
7872.1763
7779.5591
7772.5464
7777.0605
7823.8550
7969.1499
8099.8789
8174.8096
7968.1353
8146.3164
8224.7393
8292.8115
8526.3594
8567.8877
8509.6875
8269.1543
8342.6230
8243.5957
8138.7158
8185.2412
8219.3691
8311.3359
8457.3691
8615.3857
8587.2695
8577.8008
8524.6104
8527.4355
8580.7803
8609.5332
8631.7373
8570.5215
8691.0469
8589.2607
8572.9990
8623.0195
8497.5000
8241.3076
7900.5864
8015.2813
7951.0933
7889.8682
8003.6304
7868.8481
7836.0337
7844.1318
7769.0444
7835.3613
7906.0552
7917.1885
7952.1475
8176.0264
8011.1016
7951.7822
7961.2803
7950.8716
8014.5527
8177.0347
8211.4863
8198.5674
8056.3813
8003.2769
7993.6187
8086.8223
7968.6743
8154.6548
8248.3975
8022.8716
8060.1348
8062.1279
7894.1040
8017.0996
7934.8252
8197.5537
7969.5225
8027.7441
7973.6831
7840.3052
8028.9653
7981.4976
7925.3950
7932.8398
7993.1772
7989.1733
8017.0850
8028.3345
8052.0454
7958.0991
8050.8379
8284.2275
8290.9004
7840.7627
7779.9121
7982.6304
7999.6357
7977.6782
8067.9561
8029.2534
7960.9189
7813.1704
7882.7725
7731.9971
7867.3496
7873.1748
8008.5156
7998.9438
8208.6934
8104.9341
8144.3369
8392.7676
8286.1875
8392.1045
8288.5879
8251.1602
8287.7324
8520.4043
8486.9492
8431.7695
8437.5977
8560.5967
8281.3408
8371.2666
8315.5439
8505.0840
8578.6475
8611.5557
8483.3369
8478.3350
8567.9297
8598.7715
8505.6465
8570.1406
8605.8174
8585.1318
8544.1006
8605.6279
8589.5264
8390.4102
8195.3291
8122.1470
8064.2598
8110.4238
8236.5596
7879.8555
7922.7651
7924.8491
7886.7417
8049.8794
8030.9155
7948.6294
7963.0679
7963.3965
8139.8018
8069.7529
7999.3877
8044.6416
7975.7544
8249.4766
8288.5879
8200.7002
8275.1182
8149.3750
8010.0547
8069.3687
8053.6279
8048.6992
7919.8345
7926.1455
7990.3496
7902.1367
8013.3149
7874.5415
7784.2012
7901.3208
7896.1597
7911.0874
7991.6455
8009.6646
8026.9595
8180.1958
8120.3628
8107.5386
8211.1797
8190.3848
7957.2876
8032.7314
7974.3306
8122.8716
8177.9819
8203.2822
8199.3438
7782.6245
7733.1699
7803.9985
7895.6851
7839.5122
7878.8804
7706.3105
7704.6016
7791.4937
7745.1318
7783.5610
7890.6924
7806.7925
7964.9526
8131.9458
8176.9692
8083.5503
7941.6479
8145.3765
8391.1465
8373.1396
8324.8350
8576.1650
8600.2139
8633.2510
8572.1670
8524.8887
8469.6494
8523.1738
8504.6875
8409.3652
8342.4023
8274.3945
8460.7627
8227.2539
8281.1504
8343.1387
8395.8887
8212.9258
8267.9824
8609.2627
8601.1035
8423.4941
8542.4482
8560.3672
8519.8867
8290.9326
8301.3984
8248.7803
8259.0586
8200.0039
8237.8926
8373.3447
8303.8818
8169.5566
8152.4004
8373.3271
8275.2109
8029.6191
8184.7339
8145.6738
8158.3647
8065.1460
8057.2290
8183.9004
8515.9658
8397.5176
8337.0039
8240.3203
8299.1289
8209.6992
8081.4434
8138.8345
7971.1987
8011.7729
8025.1357
8032.9736
7997.7861
7871.1333
7912.9243
7997.2407
7900.0415
7937.4619
7893.8643
7887.5449
8015.1650
8296.8965
8233.4541
8235.6387
7969.7051
7875.6460
7883.0093
7791.6309
7846.5879
7808.0586
7867.8418
7993.0137
8249.9688
8004.4751
8204.6445
7770.8223
7781.7822
7791.9399
7802.9731
7794.3784
7782.0811
7737.7407
7755.7720
7743.7695
7732.0381
7757.5083
7880.2783
7933.4399
7908.9033
7860.8320
7811.1895
7902.6909
7965.7383
7951.0503
8191.8628
8217.4668
8133.3535
8390.8496
8441.2764
8423.6953
8410.0352
8479.7676
8516.9160
8479.1250
8210.2627
8344.8223
8505.0176
8533.4268
8542.0137
8406.3691
8487.8633
8393.8857
8341.0469
8511.5283
8531.7031
8577.6602
8442.5098
8504.8369
8398.5410
8541.3105
8497.8525
8536.1182
8389.3369
8233.9473
8299.5059
8232.4814
8438.4492
8480.9004
8485.6934
8490.2627
8466.2705
8461.8037
8371.4121
8483.2021
8518.8936
8538.1162
8410.8096
8386.0967
8222.5459
8382.0000
8478.0664
8369.4688
8266.0576
8349.1299
8422.4336
8419.1416
8303.8750
8248.5010
8177.0752
8209.3945
8184.8447
8037.7427
8172.2920
8039.1191
8126.9707
8093.0098
8147.6108
8065.8340
7922.7041
7984.0610
7825.4976
8014.9033
8000.5415
7921.5923
7829.9385
7743.8521
7770.8818
7937.4717
7962.3257
7994.4604
7945.4893
8012.8071
8023.9976
8051.1914
8169.6338
7740.9331
7776.4399
7836.2705
7871.2036
7678.7852
7713.0347
7532.1890
7594.6636
7611.1348
7716.8423
7763.9805
7747.5405
7641.9146
7744.5850
7915.4355
8225.7266
8127.8086
7927.9009
7961.9873
8179.4873
8225.7871
8436.1523
8307.4346
8565.6611
8540.9961
8494.6152
8619.1748
8545.3389
8609.7070
8610.4844
8545.5596
8645.9385
8660.9834
8513.8838
8487.2109
8491.4502
8549.1895
8454.5713
8558.1543
8475.7305
8523.3535
8380.9844
8178.6895
8305.8740
8307.3516
8287.5068
8333.1592
8461.7051
8464.4141
8446.2607
8513.7422
8530.1582
8439.6279
8607.7969
8613.3506
8589.5996
8519.1992
8386.1416
8309.5684
8285.1631
8155.1636
8251.0215
8216.4453
8278.0820
8031.4644
8178.5938
8080.4541
8126.7417
8129.7334
8226.3613
8419.6475
8284.4785
8206.0107
8325.7627
8445.2607
8475.0469
8320.2432
8219.0977
8106.2993
8207.9033
8383.5254
8466.1514
8183.0791
8317.8740
8176.5303
8258.8809
8209.2324
8178.3730
8077.7246
7984.9888
7912.1528
7912.6489
7913.7114
7917.0449
7850.7969
7891.2588
7949.1538
7959.3110
7833.1934
7926.2402
7918.1709
7898.2437
7630.1782
7441.1533
7397.1475
7319.0288
7343.8149
7578.3311
7552.8823
7786.3804
7565.2217
7623.6855
7661.4990
7907.1421
7925.8223
7953.0029
8051.2251
8183.4199
8373.8311
8280.8809
8200.5859
8351.6152
8494.0938
8556.0537
8497.4570
8438.9678
8613.6963
8612.9053
8694.4697
8709.0576
8789.9922
8608.2139
8635.9365
8593.8574
8524.1064
8368.3408
8327.7842
8213.5762
8274.5410
8201.1240
8244.1133
8275.5459
8235.5830
8237.3633
8369.7744
8381.9316
8310.1201
8580.9043
8629.1436
8543.1670
8590.4639
8542.5693
8678.0615
8754.5898
8739.3213
8751.1133
8690.2354
8526.1152
8476.6221
8400.2949
8396.8594
8261.5771
8259.1396
8207.0186
8298.3262
8238.4414
8175.3706
8012.1113
8205.2168
8210.1875
8263.3975
8250.2510
8177.8682
8204.7734
8232.7949
8225.8779
8021.2500
8050.6880
8275.3359
8092.3154
8074.4980
8312.4766
8181.9316
8409.0498
8495.2451
8314.5898
8151.9414
8041.4590
7995.7026
7857.4531
7934.7422
7904.4160
7898.5498
7968.6084
7848.2178
7772.8159
7779.3599
7838.6772
7899.6377
7943.3013
7920.2729
7789.3433
7751.0620
7717.7344
7697.3794
7483.5127
7563.5605
7767.2046
7669.5137
7582.8530
7495.8706
7433.7622
7604.3794
7578.0322
7753.8047
7757.2617
7939.2378
8172.9985
8376.6582
8468.3037
8413.8193
8222.7920
8165.1738
8265.4727
8453.3291
8467.1709
8509.3643
8582.1855
8672.8828
8778.5615
8682.2344
8674.5869
8639.9707
8699.7266
8500.9551
8426.2119
8260.7656
8215.1689
8302.4961
8214.3252
8206.6943
8287.1484
8376.2656
8133.6143
8253.8848
8089.8862
8111.9883
8222.3750
8315.6680
8437.9971
8521.9326
8621.9209
8592.5195
8712.7588
8751.9375
8645.0791
8620.5693
8418.7617
8402.2207
8392.7129
8272.2148
8372.1152
8206.3633
8234.0039
8450.6533
8459.5000
8279.1162
8188.2051
8339.5898
8449.7969
8361.3242
8470.9561
8414.4814
8327.8271
8372.4150
8423.4941
8251.3203
8016.5117
7964.8647
8025.8130
8254.1729
8187.2969
8243.9590
8031.8906
8015.6572
8071.5537
8119.9307
8247.3652
7957.7432
7935.4048
7798.7651
7731.2524
7716.7900
7768.0112
7620.8423
7686.3638
7875.0498
7831.6240
7911.9678
7771.8975
7749.6025
7777.4980
7669.1099
7764.0728
7687.9014
7607.0845
7669.9766
7541.5317
7518.0439
7492.8926
7507.8804
7444.6187
7378.0688
7626.0474
7544.2642
7591.1299
7709.6938
7809.8926
7999.5166
8180.2046
7980.5752
7951.7144
7887.6221
7934.5962
7951.7622
8129.2505
8195.7373
8304.4307
8349.8027
8548.8916
8554.0859
8545.3516
8674.1240
8602.5674
8424.6621
8315.2588
8306.8516
8320.1445
8137.0122
8140.1152
8002.7139
8000.1050
8071.4995
8180.5000
8218.2988
8226.0020
8263.2256
8325.7461
8572.7979
8595.3896
8553.2275
8523.2842
8567.8135
8607.4961
8605.3633
8555.3848
8321.8105
8359.0840
8313.3330
8339.6445
8242.5264
8329.3252
8244.4531
8039.3052
8107.7939
8308.7500
8247.2500
8184.6455
8350.8760
8407.8682
8518.3848
8353.6777
8287.2988
8318.6260
8399.7500
8380.5361
8182.3965
8307.2539
8189.6899
8210.0488
8054.7051
7995.5176
8030.8174
8142.0732
8229.1738
8162.9897
8011.9653
7899.9517
7736.4614
7718.9004
7738.1230
7819.7153
7794.4502
7789.2285
7676.4580
7758.6797
7663.5527
7737.3916
7790.1924
7752.8896
7541.7002
7655.0322
7442.2104
7545.3325
7573.4009
7642.9771
7635.8223
7632.3477
7706.8042
7760.6509
7625.8594
7506.7402
7538.8486
7607.5083
7584.2407
7689.5410
7678.4063
7711.0005
7845.6455
7874.3247
7820.3599
7911.2407
7905.7974
7936.3276
8033.3369
8075.3555
8196.1699
8511.6553
8531.9766
8515.0830
8516.9814
8542.6328
8479.3223
8549.9766
8559.0791
8226.6094
8221.0234
8174.2168
8258.7676
8216.4688
8300.3477
8201.3018
8273.5771
8311.9756
8346.6045
8309.7070
8323.6631
8481.2637
8521.7354
8353.7158
8512.2178
8414.1904
8271.4375
8225.4668
8260.7119
8217.1494
8195.8867
8071.2100
7911.1743
7921.4292
8216.8574
8185.1128
8230.9160
8351.0850
8236.2793
8272.3330
8437.3232
8276.7305
8352.9961
8439.9102
8384.9863
8291.9805
8212.8535
8203.6016
8233.1660
8177.7764
8131.6250
8143.0859
8062.9014
8000.5122
7937.6006
8037.9722
8109.6025
7981.0518
7915.2368
7952.5088
7791.4121
7711.4839
7770.2930
7624.3550
7703.5806
7559.9375
7553.5254
7515.1343
7609.6270
7697.2715
7740.4238
7730.1543
7745.9287
7777.3071
7393.0947
7525.2222
7599.7988
7795.7617
7785.5806
7799.1392
7687.4897
7827.8184
7872.8735
7844.5713
7815.2822
7876.7241
7762.4810
7725.2896
7765.5483
7742.2720
7678.7925
7849.5518
7771.8862
7906.6030
7960.1489
7943.7217
7947.4614
7892.8477
7910.4019
8005.0762
8155.2139
8116.2988
8060.5327
8195.0117
8097.9810
8191.0439
8274.7402
8162.6533
7926.5161
8006.8599
7984.4019
8055.9644
8007.5190
7957.9185
7930.0615
8085.5522
8261.3213
8250.3838
8370.4199
8375.0635
8294.9639
8414.7510
8220.9805
8348.6309
8372.9238
8421.6182
8247.0938
8288.8936
8275.5400
8333.8008
8030.7656
8000.1924
8013.9995
8269.1270
8330.6602
8390.6680
8435.3584
8336.6797
8285.1191
8444.8311
8402.1816
8326.0098
8428.3379
8269.2500
8153.8379
8108.4912
7996.4146
8150.0864
8092.7090
8194.4189
8048.6553
8012.0815
7911.1973
7922.3843
7828.0957
7787.8506
7889.4077
7874.6621
7886.9502
7935.6592
7936.0693
7945.0015
7860.4985
7931.3794
7891.8853
7928.8296
7806.8242
7636.6699
7579.2603
7689.7754
7727.5811
7699.9790
7753.0601
7702.4204
7645.5444
7778.3569
7824.6143
7713.0303
7589.2109
7566.8340
7614.2905
7518.7612
7558.6250
7732.9990
7790.6064
7811.3828
7613.6475
7733.7119
7729.5732
7857.2397
7883.7905
7914.8936
7888.3740
8048.1626
7991.4360
7941.4180
7902.4663
7843.8096
7850.1504
8008.7319
7985.8594
7927.3218
7768.9233
7832.2622
7936.8994
7922.9985
8044.2188
8154.2734
8029.7290
8260.1074
8255.2900
8131.0381
7992.9507
8010.7568
8251.7051
8235.1738
8367.5322
8408.5195
8434.5068
8490.7617
8496.2695
8421.5918
8262.7100
8205.4922
8058.4302
7947.2354
8087.0591
8040.2368
7992.4214
7967.2090
7886.5630
7955.2871
7924.7769
8190.2461
8142.6343
8228.6230
8438.8418
8266.1377
8334.8564
8327.9307
8238.1904
8233.8574
8283.2129
8235.6582
8164.4741
8069.0732
8129.5400
8069.3662
8282.5938
8151.1807
8084.9116
7962.3164
7755.2319
7799.0376
7840.4443
7727.7031
7821.2085
7838.3130
7917.7295
7976.6235
8132.8198
8032.5112
7959.9932
7949.0244
7960.2017
7773.7173
7831.0488
7791.1299
7839.3262
7806.8838
7913.9980
7878.8940
7819.7114
7838.6821
7811.8999
7622.5034
7588.9771
7658.6689
7692.6377
7667.4014
7679.1216
7611.6333
7710.1533
7626.7490
7659.6250
7806.0654
7826.7197
7918.9785
7927.3101
7799.4189
7976.8853
7797.8398
7909.1846
8007.2251
7941.1338
7949.2192
7916.9380
7927.0840
7963.1338
7852.0405
7882.5049
7963.1802
8030.1611
7973.8115
8013.8428
7990.7627
8006.2637
8049.5010
8032.2700
7961.4507
8119.5469
8003.1685
8164.9639
8106.2813
8240.2100
8352.3438
8300.2852
8514.3311
8464.2676
8578.6191
8511.7510
8246.3789
8022.4331
7857.8535
7993.5254
7920.7559
7845.2583
7807.4800
7979.4316
7923.8525
7936.0269
8157.0010
8086.9009
8064.6924
8005.0908
7914.1567
7907.4829
8115.9521
8242.9863
7932.3809
7950.0142
7906.1919
7806.6753
7732.4790
7796.6484
7900.9336
7936.8877
7971.4180
8077.2075
8020.8340
7881.6997
7908.6343
7924.4365
7848.4214
7776.1709
7695.7427
7831.0337
7833.2388
7927.5068
7940.0547
7925.0649
7888.2251
7886.8809
7908.6641
7974.1069
7906.8872
7893.3921
7853.1416
7843.1060
7788.5825
7878.9570
7875.2759
7867.5327
7918.9507
7755.1162
7564.3604
7545.0254
7742.3022
7760.1895
7851.7852
7905.4326
7926.3530
7810.4321
7868.7896
7903.3032
7778.0068
7891.9771
8009.6060
8149.4053
8026.7339
7926.5376
7933.4922
8041.0903
8008.5396
7959.7686
7917.5947
7974.0347
7971.8696
7918.8281
7954.0439
7926.3838
7922.3154
7981.0967
7938.3770
8045.1226
7927.5488
7913.9712
7929.7417
7933.3462
7864.8320
7986.7954
8101.0527
8014.1270
8235.0430
8232.4492
8081.8032
8125.0469
8092.9863
8032.8872
7980.2988
8054.7642
7979.5005
7993.4507
7831.4419
7900.4312
7944.7334
7998.3501
7963.8569
8006.8750
8061.2256
7844.7212
7916.0762
7902.1997
7922.1958
7878.8789
7751.7095
7773.7104
7848.3296
7866.5762
7838.3530
7657.2207
7696.0029
7889.5283
7861.0811
7794.6558
7766.9805
7760.3267
7878.1323
7938.6577
7978.2095
7925.1289
7946.5112
7971.8516
7946.7168
7832.5415
7747.8823
7782.2466
7771.6558
7933.4443
7815.0815
7848.4556
7771.3813
7760.0713
7848.6235
7770.6787
7847.5254
7949.6074
7822.8359
7895.4688
7931.9990
7981.3296
7895.3569
7785.3618
7693.2021
7597.7803
7708.3701
7612.1719
7611.6211
7752.3486
7760.1270
7906.8940
7871.8042
7938.0073
7940.8711
8149.0063
8223.2813
8236.1982
8260.9180
8043.2266
7858.4673
7882.0508
7930.3901
7938.7544
7881.1870
8009.2041
7994.0576
8061.0713
8067.4302
8023.7163
8139.1777
8054.5708
7956.7593
7931.4829
8006.1284
7996.7378
8059.6436
8024.0015
8156.2510
8014.8359
7992.7437
8088.9497
7990.8242
7991.5342
8244.4355
8108.8379
8123.0156
8162.9536
8218.0566
8042.9443
8222.4502
8251.1357
8079.2124
8086.2681
8256.4316
8336.0254
8202.1797
8128.2881
8154.8354
7923.9619
8049.3022
8049.6689
8129.0254
7938.5776
7963.0811
7988.7803
7988.5796
7868.3120
7987.6963
7839.8940
7665.3433
7711.5483
7686.2373
7736.3408
7608.1328
7780.1113
7613.1440
7874.7749
7911.6084
7769.6025
7873.7012
7929.3364
7830.0786
7755.2637
7753.5449
7720.7324
7708.8843
7721.7246
7731.9604
7788.5654
7790.0151
7698.5020
7684.7373
7599.0918
7753.9058
7685.2466
7764.0503
7829.2949
7815.9238
7886.6904
7882.6318
7887.5474
7743.9780
7752.2642
7684.4902
7406.7090
7567.7070
7659.6206
7536.1899
7660.2700
7697.5479
7762.0962
7550.5435
7685.7080
7735.9688
7962.7715
8219.1133
8352.5898
8194.9463
7900.1245
7940.4507
7970.7070
7973.6523
7912.8989
8034.3521
8271.0176
8199.6563
8073.7773
8188.0063
8206.8906
8024.0410
8074.7178
8175.9824
8257.4941
8156.4805
8111.5659
8034.7749
8030.8711
7952.7681
7952.0264
7891.1499
7868.5308
7758.2686
7814.7583
7948.6782
7942.2559
8063.9619
7945.3633
7971.2842
8077.3984
8082.6357
8072.2905
8027.9634
8180.0454
8251.7920
8215.2773
8184.6934
8061.8491
8175.5332
7935.1519
7992.0698
8112.8945
8003.1313
7962.5801
7969.1685
7919.8442
7860.7817
7811.2158
7776.6929
7754.8589
7585.6460
7621.3726
7500.4556
7612.8940
7498.1377
7608.9443
7495.2471
7485.5815
7661.4375
7761.6753
7630.2427
7809.9395
7728.1851
7747.6719
7817.1421
7921.1494
7713.9492
7738.4644
7779.4600
7754.3042
7798.2100
7685.9629
7499.2896
7421.7192
7364.8066
7337.1470
7529.9873
7629.1201
7750.0605
7698.9399
7685.5674
7651.4355
7372.8740
7366.9771
7427.2124
7387.6626
7499.9028
7507.8169
7459.8911
7526.5566
7613.5962
7753.4160
7825.1519
7720.1123
7872.0952
8007.4375
7994.7612
8126.8730
8103.3472
8165.0493
8118.3877
8238.8184
8241.8818
8326.6631
8328.9365
8274.7012
8381.2051
8283.5078
8306.7002
8173.0269
7989.4858
7900.6909
8008.7104
8021.1650
7946.3511
8118.0776
7995.1157
8039.7207
7974.7300
7921.9692
7857.0063
7877.9678
7728.1245
7721.4233
7809.6353
7838.7500
8008.3862
7978.1670
8191.4883
8118.2500
8085.1270
8159.4175
8089.3965
8177.9697
8208.0371
8218.2070
8246.7559
8025.6836
8122.9263
7963.6919
7881.3716
7795.1084
7906.8462
8086.9614
8115.3901
8013.6504
8024.5630
7921.4170
7919.7178
7836.0503
7822.2275
7731.3086
7788.7192
7757.8452
7818.1445
7739.1621
7510.6631
7726.7769
7706.9478
7375.7773
7431.9604
7298.7544
7440.8877
7399.5107
7400.4634
7435.8892
7341.2012
7559.5933
7531.3213
7494.1411
7496.5264
7459.3794
7397.4917
7450.3794
7373.5166
7420.2573
7416.4297
7535.5132
7285.9961
7352.1689
7213.9629
7367.9653
7571.7344
7496.0591
7430.2964
7361.5576
7428.7500
7578.1426
7748.0542
7717.3291
7560.3481
7586.6592
7607.2480
7737.5518
7779.0435
7940.2012
8134.2744
7997.8325
8207.5605
8410.0723
8513.7773
8482.9629
8424.5313
8411.4854
8427.0947
8331.3242
8277.3652
8212.9824
8238.2705
8242.0811
8217.2207
8176.9658
8182.6362
8162.2993
8027.8511
8004.0537
8032.4980
8052.1406
7888.9082
7764.6924
7706.3052
7733.3350
7747.2739
7599.8857
7736.1006
7909.8853
8067.0762
7947.4790
7927.4790
7878.1606
7827.7300
7980.1406
7991.2744
8057.9834
8033.6191
7965.3091
8050.0464
7991.9043
8142.2896
7947.0620
7945.0718
7895.7104
7882.2012
7921.1123
8053.1548
8195.7520
8051.7671
8098.1982
7942.3242
7957.6865
7849.3403
7634.0391
7614.9331
7727.6221
7616.7451
7546.6187
7536.6089
7517.5679
7416.2559
7361.0918
7380.8369
7403.5103
7544.0078
7422.4595
7591.1538
7439.6699
7425.1479
7667.5708
7728.4912
7508.8228
7246.7808
7285.9004
7313.2681
7475.5762
7360.8755
7312.1123
7456.8057
7327.6567
7337.3955
7179.1665
7238.8350
7313.9238
7500.0864
7401.9238
7524.4971
7503.9155
7822.7036
7767.8403
7733.5474
7805.7046
7867.4131
7835.3774
7893.5913
7941.2563
7954.5767
7963.3467
7857.8877
7926.2080
7988.4346
8228.9004
8532.6787
8511.8398
8418.1670
8354.6504
8476.6475
8340.2705
8195.9365
8248.1318
8226.5684
8265.6162
8219.5820
8273.4502
8220.0918
8044.9126
8108.3818
8057.2813
8002.2090
7945.9282
7821.7305
7757.0703
7858.1318
7809.8418
7740.3813
7726.4404
7821.4146
7802.0132
7646.2695
7717.1221
7741.2905
7857.2852
7771.8335
7778.9341
7861.6943
7874.4419
7841.7817
7883.9380
7933.1826
7946.6279
7905.1357
8060.2974
7976.4956
7867.7720
7855.5659
7810.0859
7825.2217
7901.0459
7797.5952
7958.6641
7929.5576
7812.2559
7787.6226
7834.8491
7817.3882
7676.6743
7788.2593
7890.7578
7794.4966
7807.1069
7556.9653
7509.8159
7722.2373
7690.2065
7507.5347
7673.8955
7613.3730
7538.7842
7482.2827
7422.8047
7462.1895
7533.8760
7548.9282
7453.7412
7567.5605
7507.4331
7621.4634
7629.1367
7578.3560
7616.7944
7517.3408
7463.8906
7366.4390
7525.3521
7533.5859
7459.2876
7566.3506
7706.5845
7731.4609
7764.7837
7751.4019
7742.2593
7764.7705
7828.1978
7844.2866
7931.9971
7945.1064
7872.5757
7871.8242
7725.5127
7734.7686
7975.4985
7877.0918
7972.4233
8147.5400
8090.1040
8175.1836
8269.9395
8265.6240
8069.2017
7990.7520
8213.2754
8149.8340
8104.6982
7959.0020
8113.5723
8307.5723
8286.9512
8041.5928
8007.7383
7867.7183
7859.0820
7862.6724
7810.0044
7874.5532
7822.2358
7845.8779
7885.5645
7719.5742
7746.6060
7744.0732
7738.7212
7600.7124
7735.0308
7822.1929
7773.0786
7917.7173
7963.8008
7888.1519
7910.8794
7928.1675
7912.0859
7816.4595
7808.3892
7804.1001
7752.0024
7919.2432
7977.6401
7965.2456
8108.8037
8040.1079
7934.4111
8021.1768
8022.8286
7898.9507
7837.7744
7750.6313
7783.0298
7927.3032
7786.2334
7762.4883
7827.8857
7883.0737
7881.4702
7898.0620
7855.9824
7627.1392
7515.8125
7466.0479
7447.1621
7409.7300
7462.0137
7417.3135
7397.2163
7307.4111
7250.6025
7481.7715
7724.8560
7841.0435
7827.2563
7781.7896
7441.9370
7403.5591
7450.6157
7358.1602
7449.1450
7250.3882
7703.6016
7737.7783
7805.8550
7704.7378
7698.9492
7581.8477
7512.9746
7610.9873
7789.7212
7735.7568
7498.5615
7649.9302
7770.3008
7786.7671
7812.8203
7752.0840
7948.8267
7993.9717
8047.9595
7982.8770
7992.9199
7925.9712
7752.7368
7742.4648
7804.8105
8000.2876
8014.4072
7963.8496
7903.2861
7893.3188
7972.2915
7952.2158
7915.6099
7930.4844
7942.3833
7898.7266
7923.2866
7935.5986
7903.5947
7871.1509
7932.3438
7906.8037
7980.5771
8219.5781
8031.5801
7992.3413
7939.3638
7851.6587
7914.0894
7927.2041
7971.9736
7954.3003
7880.6353
7893.4971
7899.6157
7936.8638
7919.6533
7948.7983
8035.9453
8081.8574
8070.4814
8025.8286
7835.5630
7998.3228
8046.0215
7993.4658
7923.0532
7861.5469
7881.5449
7866.4878
7920.5332
7987.5518
7979.2324
7979.8047
7966.8662
7775.4941
7974.6162
7852.5928
7793.8057
7784.8706
7615.8687
7568.9355
7432.3906
7351.5303
7253.0371
7453.8906
7508.7500
7700.4546
7530.4185
7418.9893
7295.8735
7270.3198
7242.6489
7307.3062
7144.3413
7241.1499
7220.2852
7295.7852
7254.7310
7245.7480
7768.7915
7622.1265
7707.4136
7647.1353
7715.4966
7618.7002
7727.0137
7695.8403
7692.2700
7576.0874
7359.0947
7514.8218
7582.3667
7690.5107
7680.6094
7780.7656
7767.9038
7919.8477
7888.8721
7901.3696
7903.1470
7751.3638
7640.8862
7640.0820
7782.1846
8048.2759
8192.2285
8130.0718
8068.1362
8201.1699
8114.1045
8013.0396
8121.7021
8131.0605
8090.5630
7908.1357
7846.3994
7949.1899
8007.5317
8012.0278
7914.9556
7917.9272
8022.6299
8138.3638
8209.6367
8087.4429
7997.3032
7910.4053
7891.2163
7868.1392
7951.5176
7924.9272
7909.3066
7855.3716
7924.2607
7940.1074
7976.5044
7850.8667
7990.8027
8020.0107
7925.2690
7953.4463
7928.7939
8074.1499
8207.4727
7996.9072
8177.2744
8121.8501
8172.1250
8077.9497
7969.2192
7877.3027
7900.7549
7946.7886
8031.7798
7974.3892
7848.8433
7838.4980
7792.5640
7717.8765
7643.9722
7566.8564
7577.7568
7717.3091
7439.8901
7355.7026
7422.1763
7271.4990
7308.7393
7340.8628
7218.5771
7175.5054
7212.8174
7199.6421
7190.1157
7374.8989
7452.5215
7402.6123
7312.9619
7413.1045
7718.5684
7794.5254
7794.5791
7906.8018
7929.2529
7854.9971
7821.6357
7649.3838
7498.5308
7519.2876
7642.2876
7562.5664
7546.9351
7720.0913
7821.1333
7856.1572
7931.4517
7993.9365
7941.0938
7988.3887
7930.6738
7888.7793
7836.4985
7878.9678
7905.3926
8045.8584
8039.8896
8213.4756
8188.2549
7845.1938
7807.2520
7876.8413
7837.4839
8032.8745
8124.4307
8177.8857
7953.3750
8050.1519
8102.7710
8049.5137
8055.4854
8134.2192
8273.5146
8309.0313
8275.7080
8356.0801
8174.5522
8020.8770
7958.2061
7935.4038
7914.6411
8085.9458
8000.1289
7920.1021
7928.6870
7921.4927
7975.0825
7939.1177
7902.0342
7944.0513
7908.9834
7863.9561
7928.7451
8164.9199
8130.8979
8143.1631
8171.8823
8080.1533
7990.4932
7892.8818
7846.3794
7834.4326
7780.9878
7819.3818
7881.6553
7821.5317
7731.3809
7845.1665
7842.4331
7787.5347
7564.0249
7523.0396
7377.9077
7226.7056
7197.0581
7181.7437
7158.1108
7229.5986
7337.0981
7265.9297
7220.1597
7071.3164
7053.0938
7167.1333
7197.1470
7209.4058
7314.3916
7452.0908
7401.7622
7415.3433
7872.0044
7735.1992
7757.6821
7902.8262
7917.2178
7898.8867
7920.9551
7977.8491
7992.3003
7851.2915
7743.2603
7806.6064
7718.0234
7566.4170
7585.0581
7757.4678
7872.0508
7946.5513
7957.3286
7934.3955
7760.9385
7819.8779
7723.0166
7910.0132
7940.5508
7943.8921
7905.5801
7935.1963
7867.9858
7824.1440
7784.5981
7764.8892
7822.6870
7921.3413
8006.8843
7977.7383
8153.4785
8277.9092
8062.0571
8118.9316
8050.2051
8079.7065
7922.3765
8036.3892
8025.6494
7962.9282
7968.1284
7866.4780
8089.3887
8075.1904
7959.4902
7972.0103
8005.6460
7902.5098
7829.1284
7849.2681
7904.0654
7929.6460
7962.2983
7921.1187
7948.7393
8040.5801
8041.1313
8178.2451
8167.9307
7995.2241
7921.0244
7941.0522
7805.2842
7918.2212
7978.0742
7968.0576
8058.4966
7968.4761
7913.3320
7927.3008
7801.6318
7736.6196
7621.2075
7609.4019
7483.5249
7493.2661
7502.6294
7448.3193
7314.3530
7236.1250
7218.3232
7191.1973
7269.3799
7207.1250
7213.8960
7193.1201
7228.1812
7239.9761
7270.9399
7377.9189
7380.4790
7611.9067
7766.3457
7481.5405
7877.0454
7928.8789
7962.4219
7907.2446
7803.2886
7845.9102
7855.5137
7849.4941
7764.7588
7744.2646
7780.5825
7818.2178
7884.9004
7722.8140
7799.5791
7836.4038
7799.1699
7819.8569
7902.0625
7819.5303
7740.4810
7744.7314
7850.2061
7911.9897
7970.0381
7930.3809
7782.6553
7834.9556
7919.2417
7957.5010
7933.6270
7885.3213
7914.7939
7920.6587
7920.5415
7921.6401
8004.4697
8111.1343
8161.2568
8001.2383
8256.3799
8413.4629
8337.5225
8235.6855
8186.8110
8086.9424
8116.0205
8438.3779
8425.9014
8181.5928
8058.6987
8016.1201
8180.4990
8053.5908
7988.5967
7995.1396
7905.6470
8085.5991
8010.1265
8073.2544
8063.5942
8042.7495
7885.6895
8011.2842
8056.4951
7986.0444
7915.2163
7921.5083
7939.7217
7980.3403
7900.3364
7945.0259
7879.4399
7722.4326
7697.0571
7812.2310
7695.4067
7608.3291
7451.2373
7352.0254
7315.1323
7426.8813
7302.9517
7227.2158
7198.8506
7185.7217
7157.3154
7199.1543
7290.3110
7286.5864
7201.5850
7209.2539
7082.8208
7146.6289
7257.3481
7250.5854
7321.4438
7411.9595
7308.3564
7420.3389
7894.5283
7819.7871
7804.5635
7770.7764
7813.8921
7777.1841
7683.6328
7789.6929
7696.7705
7733.3882
7837.9082
7852.9619
7819.6343
7874.6279
7879.1538
7933.5005
7913.6021
7947.2905
7956.1831
8100.8433
8035.4370
8026.9771
8216.4258
8264.6084
7954.8452
7956.2515
7966.6460
7957.1362
7937.5737
7921.8296
7837.9917
7934.4297
7962.9932
7969.5449
7947.8428
8045.1665
8048.2808
8006.3340
8030.7212
8193.7910
8415.2822
8412.0459
8574.8916
8511.6289
8436.9688
8580.7246
8557.5596
8425.0742
8264.9248
8311.4082
8103.0645
8048.9590
7995.1475
8022.3218
7944.8208
7939.8789
7868.3423
7761.8608
7734.1973
7694.7832
7747.6157
7731.2427
7866.0845
7763.8867
7853.7813
7864.3364
7987.5820
7782.7124
7708.9360
7780.2588
7809.8154
7721.0820
7655.5718
7547.3760
7491.0405
7608.2202
7544.0225
7552.4619
7608.2373
7611.6440
7575.9614
7668.6543
7583.8086
7651.1772
7474.8525
7458.6001
7443.5225
7331.5908
7369.0605
7334.8379
7312.7397
7268.6431
7249.7344
7362.9893
7261.1260
7240.1406
7162.0356
7236.2500
7149.3496
7182.4375
7531.1211
7705.2568
7552.5850
7393.3320
7490.0034
7570.5063
7471.0684
7550.4629
7438.3770
7583.3462
7769.5972
7753.6685
7766.2847
7809.4287
7918.0059
7977.0825
7926.4946
7918.4941
7961.4326
7913.0049
8031.8940
7949.7378
7966.1611
8040.2495
8019.7554
7918.8579
7928.3984
7911.6582
7980.4966
7898.8003
7958.5142
7933.9458
7986.5698
8077.1011
8111.7690
8090.1265
8090.9707
8142.3774
8116.5229
8260.8799
8453.2207
8422.4092
8530.9453
8483.5957
8452.8047
8391.3457
8491.3447
8325.0400
8261.8564
8295.4795
8291.7012
8249.7041
8203.6992
8158.6528
7964.1753
7977.4858
7812.4619
7734.3184
7757.8110
7636.1655
7762.6997
7866.6172
7883.9136
7925.3882
7953.9697
7924.2832
7899.5737
7780.4424
7806.0938
7672.1387
7549.8052
7772.3706
7718.9482
7620.0156
7684.3198
7689.8975
7723.1729
7759.3384
7697.6670
7708.6924
7780.4683
7750.0801
7597.1934
7592.3604
7497.2007
7436.2227
7409.7129
7206.3872
7214.5093
7196.2969
7281.7241
7232.1724
7257.2529
7332.8652
7274.1304
7284.6958
7246.9043
7229.9648
7212.5508
7170.7861
7315.9067
7198.2080
7197.7153
7245.1494
7201.4131
7111.7720
7282.1514
7367.4150
7254.5293
7388.0918
7569.3013
7622.5596
7836.9492
7895.9604
7796.7593
7739.2832
7983.1084
7946.6938
8012.6987
7986.0752
8031.5469
8123.7070
8060.4458
7987.1802
7978.1382
8185.0552
8064.9146
8017.7036
7917.6519
8021.0190
8040.8521
8210.7344
8157.0459
7970.7813
7934.4683
8180.9355
8205.3086
8290.9990
8257.2813
8199.2686
8277.1406
8278.1748
8179.6025
8310.9072
8268.8555
8081.3965
8070.2520
8114.6309
8244.2900
8196.9531
8243.3594
8236.3086
8194.0352
8171.0083
8036.9297
7981.0459
7863.2900
7924.9438
7808.4893
7747.7305
7799.3081
7716.3188
7720.6680
7675.1016
7850.8838
7740.2070
7623.1323
7688.9756
7731.3564
7658.2363
7652.5923
7737.8804
7893.0615
8005.5435
7928.6743
7938.4751
7954.9014
7954.4844
7956.9727
7955.3345
7917.6318
7822.8237
7684.8618
7377.8540
7330.8213
7436.4678
7309.1450
7327.1211
7371.8652
7292.8501
7197.4731
7189.6040
7256.0210
7293.1284
7204.9536
7183.9023
7217.5537
7411.9424
7328.9341
7417.9219
7226.6812
7109.1035
7162.5464
7091.3901
7105.2217
7164.5142
7199.3555
7335.8271
7392.1753
7493.2695
7587.2842
7681.4595
7729.5845
7810.0322
7804.7817
7737.1836
7873.1611
7898.3579
7917.7725
7954.6255
8043.0933
8012.2935
8094.7520
7990.0010
8004.0195
7994.2339
8035.4937
7924.8193
7857.2798
7849.7183
7934.2832
7920.8384
7916.1631
7818.4126
7760.1895
7832.5371
7882.5400
7887.2554
8046.8677
7947.9829
8087.4883
7950.4839
7922.5933
7920.4038
8085.3833
7992.8369
8044.2080
8155.1099
8232.2207
8054.3384
8055.7515
8139.9795
8099.2607
8046.8423
7956.9072
8087.4741
8121.7041
8004.7334
7992.5825
7863.4839
7865.1753
7859.0337
7803.0879
7865.7437
7697.0762
7712.2266
7727.4463
7636.1763
7698.9399
7724.9287
7731.2344
7774.8179
7873.5068
7915.1870
8065.3584
7935.2671
7755.3706
7769.0063
7854.4614
8043.6899
8076.3564
8014.7417
7774.3794
7565.5049
7510.8779
7475.1914
7451.9966
7462.6792
7257.8228
7216.4746
7256.9297
7311.0674
7463.1147
7464.4302
7457.8716
7574.7681
7455.5957
7545.3599
7519.1816
7544.0093
7254.9185
7218.3125
7184.1606
7264.4976
7258.7920
7330.4292
7514.5220
7475.0259
7307.4536
7531.3955
7599.9106
7484.4985
7749.1943
7830.1763
7976.6899
8006.9468
8136.3408
8122.4331
7952.7163
7869.6846
7882.4302
7879.7446
7973.0952
7971.0723
7930.9683
7912.1797
8048.5996
8015.1904
7891.3281
7872.5532
7845.1733
7783.2783
7896.1094
7936.8911
7791.9917
7791.2754
7729.8301
7608.9058
7733.1255
7860.7065
7725.2344
7747.6406
7788.3867
7808.8154
7833.4570
7981.5459
7938.1743
7977.1787
8003.4854
8163.1128
8278.7539
8276.3242
8118.5361
7881.2764
8064.0889
7938.4067
7920.2041
7909.7832
7891.4087
7788.6621
7769.9092
7938.5601
7905.8818
7925.2026
7951.7524
7911.7505
7876.1416
7834.3291
7905.6157
7908.8604
7848.9009
7916.4365
7958.1421
7942.0806
7997.4902
8060.4985
8036.0430
8094.6997
7911.8916
7739.9229
7709.2124
7730.6089
7495.0347
7464.5430
7238.7192
7194.6841
7288.4131
7239.4766
7241.9824
7383.8091
7445.4517
7438.1704
7582.2153
7754.3389
7833.0654
7850.6777
7744.6821
7469.7920
7513.9941
7582.5181
7213.8296
7174.5171
7476.2651
7585.0835
7517.2568
7500.3643
7454.8257
7350.3291
7434.4219
7381.5454
7570.1968
7714.9219
7827.2783
7990.4360
7989.4775
7873.6768
7955.1982
7995.2324
7908.4678
7830.1235
7922.4268
7841.2686
7909.9292
7838.8550
7915.1406
7870.5396
7826.6836
7906.3525
7922.5850
7882.6563
7888.7021
7847.5015
7728.6807
7593.8086
7295.1807
7214.3462
7411.6982
7375.9521
7420.5688
7510.3711
7664.6392
7608.3799
7647.7920
7603.2642
7674.3247
7948.5864
7945.2549
8173.8267
8152.5044
8228.2451
8425.1143
8252.3945
8145.2700
8013.1743
7946.5288
7855.9766
7965.3569
7990.3179
7965.6284
7967.3428
7967.5483
7820.9160
7895.7061
7953.5967
7928.1509
7931.0498
7859.4277
7922.4673
7883.6465
7782.6992
7730.5708
7768.8296
7854.0195
7750.1162
7941.5474
7918.1743
7918.8662
7864.0181
7844.2603
7830.7720
7683.4199
7524.4492
7213.0972
7200.0513
7193.4014
7244.6191
7184.7954
7295.9541
7286.2983
7346.4175
7365.1831
7441.6094
7504.9824
7529.0093
7714.7549
7784.0791
7764.0259
7832.5630
7714.9194
7584.8955
7255.9185
7408.6489
7436.7651
7561.0449
7530.4092
7473.0039
7422.3828
7410.0732
7463.3950
7350.8218
7570.9517
7465.7954
7540.6030
7676.2373
7801.8862
7981.5103
7840.8433
7963.0137
7898.7168
7784.5781
7862.2124
7946.6606
7858.6372
7816.3379
7762.1431
7650.5303
7728.3696
7780.8193
7737.6113
7843.5845
7888.5972
7846.6133
7784.5015
7586.3604
7747.9639
7604.7803
7515.5737
7436.3945
7593.0137
7720.9858
7749.2725
7606.8247
7553.7729
7827.2256
7900.3916
7944.6631
7943.5254
7938.6016
7946.6001
8015.0166
8240.4102
8109.6250
8119.4692
8139.0723
8088.7354
7923.1714
7996.3159
7986.4673
7942.0811
7954.2671
8016.9819
7952.9185
8034.5439
8178.0249
8189.1108
8015.3989
7894.3052
7953.0986
7950.0752
7830.5518
7845.6230
7769.2827
7802.1929
7743.9717
7813.4888
7820.8652
7822.4282
7742.1953
7653.0762
7727.5356
7522.5254
7435.6997
7543.4429
7575.6943
7218.3291
7218.6597
7297.3506
7292.2466
7301.9746
7310.3149
7497.0942
7527.5244
7595.1499
7642.3384
7646.2173
7815.0864
7913.3462
7833.4790
7904.0273
7850.5410
7331.3345
7318.8423
7387.2329
7338.6934
7304.8506
7269.7524
7455.9893
7500.4287
7689.2544
7511.8330
7513.9336
7379.7100
7460.3296
7709.7207
7848.4019
7913.3354
7911.7710
7953.8887
7865.3271
7856.1841
7870.7856
7840.6118
7842.8857
7775.8354
7754.9199
7785.6641
7819.0337
7834.9150
7878.1680
7889.2925
7904.9292
7817.4028
7762.8501
7776.1133
7774.1191
7770.9355
7724.7188
7912.5078
7915.0537
7918.8330
7944.2783
7901.8677
7934.2964
7975.4590
7950.0356
7936.6772
7986.0757
8066.4326
8022.9082
8038.1895
8221.3701
8155.5635
8221.7012
8242.9414
8147.3833
8168.3569
8106.3945
8253.8652
8128.1406
8222.0029
8353.8916
8238.5410
8226.3115
8245.7764
8200.2432
8055.6499
7972.6362
7939.8140
8026.0005
8052.4702
8192.6973
7976.1089
7859.0044
7995.5308
8019.2490
7872.5000
7917.2837
7900.8638
7713.6924
7649.2686
7827.0049
7745.0356
7603.1353
7734.9644
7645.3545
7738.9224
7597.0713
7615.1431
7763.5854
7646.2695
7717.0835
7892.8721
7834.6782
7756.5020
7776.0308
7826.4668
7938.0811
7928.9658
7769.3789
7764.2158
7531.1157
7428.6030
7480.3379
7443.8745
7426.5259
7357.7861
7468.0078
7358.9189
7594.2729
7615.7173
7462.1123
7555.8745
7581.5396
7597.7896
7742.6255
7788.8091
7822.9756
7932.4185
7903.3213
7785.1841
7724.7383
7820.6333
7680.6943
7721.4556
7557.1182
7532.7378
7702.7065
7598.0693
7579.2046
7790.4097
7782.9800
7716.4248
7612.2227
7681.6167
7764.9136
7759.0425
7991.3911
8174.4717
8135.7100
8016.4360
8193.9043
8184.7588
8230.6318
8226.4297
8239.7832
8340.7363
8271.4277
8405.4375
8568.9326
8412.2363
8305.8105
8462.9004
8569.1934
8492.2295
8502.0537
8435.9297
8454.9326
8388.8330
8413.1367
8259.2539
8334.0996
8444.5098
8470.1699
8408.2500
8251.9590
8303.7559
8257.3057
8193.8125
8302.0059
8286.8330
8375.1895
8189.1250
8062.3320
7975.0439
7914.5845
7722.0220
7736.8555
7671.8574
7724.9785
7615.1958
7610.5107
7673.6162
7723.8999
7787.9854
7768.5854
7706.4907
7617.1826
7573.5405
7674.0781
7775.9902
7904.6626
7866.7446
7844.7432
7766.5732
7804.1519
7834.7578
7824.2300
7825.6558
7911.0938
7823.0728
7690.4946
7729.6421
7447.6323
7347.4580
7228.5122
7468.4214
7367.3345
7262.7695
7281.0732
7288.3052
7367.6665
7464.4321
7610.1294
7518.4399
7727.3398
7691.3921
7697.6621
7609.8447
7503.9189
7495.0977
7685.2437
7463.6582
7448.2168
7517.9341
7346.2368
7601.9307
7671.3950
7641.7856
7498.8809
7643.3374
7707.1362
7613.5151
7684.0176
7704.2544
7843.4058
7912.0850
7837.9307
8082.3369
8073.4780
7924.3389
7932.5347
7917.2637
7960.4707
8081.0532
8210.5215
8249.7080
8284.3379
8228.6611
8286.6699
8391.9854
8403.4482
8405.5693
8607.8096
8568.0547
8586.3496
8546.8135
8623.5498
8601.4707
8525.7842
8604.2656
8568.5215
8613.2891
8688.6924
8666.3945
8668.2070
8667.6055
8526.6592
8477.0967
8293.0361
8300.2109
8257.0928
8161.1006
8012.1616
7979.5767
7945.4360
7991.6768
7905.5391
7998.2310
7881.8970
7879.1641
7848.5840
7778.6626
7791.4033
7807.8989
7868.3633
7800.0356
7726.1396
7725.5146
7603.8755
7740.1123
7825.1968
7732.2974
7814.8247
7887.9570
7901.5942
7973.5947
7906.7495
7870.3872
7788.9355
7728.4922
