Ip_Simulation_1
1
Ip
7170.7954
7128.7539
7833.4653
8460.8164
8514.2910
8582.6670
8570.6553
8563.5488
8528.6416
8570.5723
8668.1504
8705.7148
8754.9844
8788.0557
8816.1572
8762.2188
8758.3047
8704.4053
8716.0088
8582.3848
8597.0811
8621.3965
8593.0264
8465.7598
8461.3359
8465.6719
8487.9795
8522.1250
8560.5508
8506.2188
8477.2686
8369.0400
8504.4326
8441.7256
8393.3184
8307.4102
8220.2441
8191.0596
8223.9980
8152.8296
8249.4473
8237.4805
8076.8794
8040.8667
7933.2456
7780.7324
7685.7104
7541.2803
7509.0488
7451.4204
7404.2212
7254.5391
7066.1201
6797.1719
6966.3779
6750.5742
6874.1763
6923.8262
7297.5537
7448.3423
7418.5513
7181.6099
6848.9663
6937.4033
7170.7954
7108.2378
7212.0903
7407.4756
7442.0190
7361.7959
7427.2964
7545.9175
7142.2910
7667.8955
7682.5708
7876.2095
7890.7397
7844.6294
7841.5015
7768.6143
7671.9453
7651.6484
7587.8345
7516.3271
7447.9824
7531.0332
7576.8164
7550.1084
7655.3687
7646.8154
7610.2866
7675.5962
7644.5815
7538.2798
7664.6426
7720.7695
7899.5039
7870.2402
7919.2451
7933.9980
8500.2363
8338.0928
8417.1875
8442.7646
8403.9424
7891.3716
7170.7954
7151.4971
8564.4404
8607.5889
8779.7959
8699.7871
8819.2510
8833.0557
8838.5771
8785.3535
8700.1787
8620.1992
8588.8242
8636.7607
8578.2939
8616.2305
8570.1250
8497.7080
8488.1748
8481.0029
8431.7998
8399.1240
8379.3906
8302.9805
8429.7500
8447.5166
8447.7734
8340.4082
8264.9365
8296.6045
8221.1436
8200.4512
8134.4102
8060.7637
8051.3682
8017.3662
7927.5942
7878.2236
7724.2935
7571.7056
7501.9658
7401.0288
7290.4561
7295.8398
7262.6333
7009.3887
6778.5024
6904.8579
6787.3247
6871.4438
6935.8364
7145.9878
7497.8633
7711.0786
7818.9956
7754.2246
7703.0151
7574.7041
7544.4541
7514.4116
7634.9131
7538.6636
7352.0586
7490.1196
7584.7573
7536.7671
7693.9834
7731.7656
7833.2769
7671.3423
7740.1021
7744.2119
7767.5024
7574.0747
7532.0962
7576.7109
7530.9028
7393.9443
7404.1514
7213.9331
7338.8613
7344.4106
7571.5415
7441.4180
7462.5142
7619.5391
7468.9556
7585.3730
7725.4502
7841.3560
7779.2842
7793.0005
7700.7480
7614.0962
8535.3037
8538.5166
8494.4551
8557.9600
8471.8779
8468.6279
8402.0049
8417.1992
8521.8955
8561.0176
8649.1807
8593.1826
8719.7598
8738.5000
8799.7920
8708.5313
8574.0020
8664.9814
8573.4893
8565.0635
8603.1563
8561.4736
8574.7168
8413.2666
8497.8008
8524.4844
8597.7988
8594.8496
8517.6152
8483.6270
8428.6563
8313.2930
8235.0889
8100.9644
8028.1860
8011.4678
7940.3276
7873.6294
7919.8330
8018.3677
7940.2534
7915.2656
7775.6626
7521.8096
7417.1650
7217.2920
7066.1509
6977.6846
7003.3608
7028.3164
7019.4561
7123.0259
6795.4399
6824.5845
6889.2144
7236.8579
7547.6255
7832.8706
7929.2305
7980.5547
7969.4604
7955.7002
7937.2422
7825.0757
7810.7910
7866.1250
7883.0151
7793.1260
7729.1558
7755.7578
7835.5249
7746.0449
7629.8613
7745.1211
7695.7773
7658.7739
7815.3555
7829.1143
7807.3926
7767.6157
7623.9424
7554.5322
7581.4502
7558.8467
7433.3442
7474.5259
7541.7949
7539.0645
7538.5903
7468.0518
7320.2690
7384.1714
7596.5322
7552.3574
7580.2983
7524.3501
7531.0996
7464.7778
7450.3745
7459.8340
8404.9199
8275.5840
8210.0459
8334.4209
8386.6992
8259.1406
8280.7402
8514.8984
8515.1328
8344.4932
8568.2129
8591.2061
8702.6553
8707.2520
8602.5254
8514.1338
8582.4990
8652.8799
8570.4766
8575.9082
8555.2256
8489.0293
8461.5234
8468.6982
8542.7930
8454.2363
8477.5293
8356.4912
8198.6455
7990.3135
7971.7017
7873.2910
7740.8950
7736.7368
7737.1245
7735.4814
7702.2632
7715.6948
7743.6470
7759.7900
7638.7729
7470.1816
7438.3447
7493.6479
6977.9697
7072.6787
6903.1924
6996.0898
7143.7100
7053.1157
7124.6187
7005.2764
6962.5342
7105.6157
6979.4116
7558.5474
7858.3491
8194.5713
8291.7324
8275.7422
8319.0615
8258.1475
8288.4502
8264.8262
8057.2998
7998.9419
8070.2856
8153.1963
7944.2051
8025.7280
7944.0000
7775.6030
7684.1631
7578.4683
7481.9272
7526.3516
7465.9507
7676.2290
7582.5029
7681.8667
7821.3647
7865.5122
7700.7344
7552.0137
7433.8628
7423.7324
7417.5571
7541.3105
7396.6240
7318.5762
7376.5498
7339.1030
7270.2349
7382.4219
7315.5806
7273.4146
7418.6523
7383.1318
7447.0591
7362.7993
8461.1934
8466.5752
8408.0889
8220.4385
8228.4326
8231.6406
8404.4004
8582.1729
8571.6084
8607.9336
8546.8496
8575.6660
8492.9570
8483.9053
8556.2822
8473.3271
8431.8506
8400.7578
8336.2119
8392.8135
8498.9150
8342.6309
8399.8945
8320.1973
8259.9580
8260.8086
8246.5791
8329.5088
8263.8535
7742.1685
7170.7954
7328.2129
7301.2095
7363.1460
7332.6191
7365.8843
7277.8311
7432.2695
7485.3989
7313.6904
7109.1763
7029.5947
7142.4380
7000.6162
7145.9624
7027.9053
7004.5674
6972.7148
7129.5762
7380.0547
7377.3999
7146.4746
7170.7954
7145.1250
7860.4155
8023.7949
8243.9229
8332.1904
8395.5127
8505.4219
8550.5166
8511.8711
8309.5781
8264.3350
8234.2998
8076.4443
8134.8823
8158.8188
8036.9663
8009.3042
7921.5024
7904.5801
7832.4541
7595.9160
7458.2319
7343.0166
7160.7183
7372.4702
7514.5493
7697.2749
7691.0430
7711.1353
7711.7646
7632.5576
7598.0825
7583.2124
7539.4365
7340.6865
7056.2305
7089.5752
6930.9253
7117.6450
7169.7734
7122.4385
7153.8589
7138.2173
7115.3276
6957.2910
6978.3901
6990.2510
8334.1865
8277.3516
8302.0215
8220.6152
8235.2344
8233.2207
8269.1084
8281.3555
8332.6943
8422.6865
8291.1758
8143.2422
8229.4512
8248.4600
8229.9492
8103.8340
8183.3613
8168.5049
8115.5757
8210.9141
8108.2827
8217.9902
8230.9795
8207.3467
8253.7568
8170.3037
7953.2378
7824.3628
7676.2524
7480.8242
7154.7998
6928.0977
6882.5269
6860.0356
6904.3701
6917.5010
7110.9072
7144.5801
7007.5649
6901.1377
6949.6431
6838.2744
6761.9028
6829.3447
6903.3677
6989.0552
7016.4907
7157.2422
7802.2188
7935.5146
7990.0820
8182.8936
8216.2910
8439.7793
8449.1660
8423.3955
8553.7842
8580.1055
8584.5410
8571.2012
8581.3291
8443.2773
8444.4453
8395.3652
8335.3867
8310.9014
8395.9482
8277.1816
8173.3994
8203.1133
8175.7627
8021.3076
7909.2129
7899.9756
7916.9473
7742.8413
7675.1196
7739.2290
7759.3462
7787.7280
7808.6636
7758.4961
7616.7295
7638.5273
7589.0132
7571.4097
7487.1880
7437.6460
7252.6348
6953.2554
6811.1270
6893.9277
6769.0610
6680.8638
6686.5283
6691.7295
6658.5142
6678.5596
6799.4663
6861.3276
8092.9209
8230.9736
8247.7725
8263.5947
8184.7510
8240.1914
8092.7402
8000.2798
8000.3677
7848.1743
7969.9888
8173.0366
7998.0347
7942.8926
7961.8174
7937.8169
7975.3755
7993.1714
8008.2842
8045.9609
7995.6143
8146.6050
8076.5889
8084.0269
8001.4287
7920.8613
7958.2007
7939.2544
7811.0059
7593.1509
7080.5732
6877.4761
6697.6362
6714.5073
6609.1245
6605.1323
6630.3105
6728.4580
6772.1763
6968.9800
6754.3232
6678.3398
6726.7002
6725.1357
6978.2319
7143.9072
7543.0361
7713.9600
7913.9165
8108.9902
8116.5820
8227.8555
8469.4619
8439.8359
8587.8438
8514.7100
8369.8662
8534.6768
8607.6396
8552.7178
8524.2705
8527.4531
8501.9092
8580.4121
8425.0332
8393.8027
8291.1543
8239.7549
8093.5894
8079.6870
8142.3604
8168.3247
8028.5278
8043.8027
7965.0630
7983.0068
8048.5757
7967.7422
7159.7852
7164.0571
7050.7153
7170.7954
7084.2212
7089.5952
7170.7954
7121.9424
7353.7710
7382.0352
7371.2710
7213.7578
6879.4980
6668.9692
6576.2759
6577.1313
6509.2646
6627.4966
6601.4907
6762.1338
6734.1489
7025.6357
7851.8794
7907.4141
7923.2168
7873.8887
7842.2783
7750.1157
7728.0264
7728.7056
7709.4409
7729.7402
7714.6646
7562.8750
7672.5669
7824.3521
7835.9678
7848.5728
7814.6699
7891.6118
7834.1602
7919.5532
7915.6675
7916.2485
7867.9360
7894.3115
7840.8691
7801.1460
7854.0308
7847.7192
7756.4204
7441.4673
6904.9517
6780.4063
6718.4814
6856.5034
6722.3550
6588.5835
6587.0225
6665.8774
6688.3535
6866.5469
7144.5439
6917.4775
6968.8071
6911.1187
6999.1587
7320.4707
7566.3540
7581.1504
7760.6719
7973.6772
8022.4229
8264.1260
8437.9209
8607.7158
8562.9580
8602.8252
8598.2813
8609.0029
8549.3252
8370.3223
8505.5762
8535.3867
8687.5322
8673.3467
8520.6895
8444.6484
8279.7178
8259.6006
8163.3745
8306.4531
8189.4409
8068.7778
7990.5732
8173.5869
8165.0547
8210.5898
8078.8340
7969.0122
7862.7588
7156.4160
7082.6851
7170.7954
7053.1475
6955.6675
6930.4868
7015.6748
7001.7393
7094.2065
6971.9136
6764.0737
6731.7231
6632.6563
6721.9473
6512.3276
6364.4961
6457.3711
6613.7686
6586.7056
6518.6313
6706.0332
7579.0537
7524.7925
7539.5693
7694.6807
7510.1875
7143.9043
7080.0137
7041.5522
7209.0664
7430.3315
7345.5400
7427.4185
7395.2935
7487.5654
7593.3076
7529.5220
7725.1733
7783.8799
7671.6504
7705.6875
7765.8120
7798.3574
7797.6831
7665.7734
7717.3203
7578.6260
7489.5674
7309.6636
7034.7925
6805.1772
6746.4619
6678.7031
6707.9937
6842.9790
7032.3379
6752.2432
6793.3335
6661.1919
6716.6875
6811.9258
7003.9063
6956.9043
7170.7954
6999.3711
7170.7954
7539.6138
7741.2813
7920.4517
7940.8535
8117.3320
8222.3652
8365.6895
8489.4229
8446.3008
8554.3740
8551.8203
8564.6670
8598.9355
8526.6484
8609.2344
8561.8232
8592.2334
8581.6680
8601.5898
8486.8096
8228.6787
8467.0938
8412.8867
8482.8984
8437.8662
8328.9766
8226.1318
8084.5137
8208.5859
8218.1758
8156.8047
7967.1436
8005.3857
7919.9780
7773.2402
7143.6567
7170.7954
7060.3364
7170.7954
6879.5923
6885.7593
6927.1831
7042.4253
6680.2573
6527.7637
6544.3550
6630.6045
6469.5688
6452.7100
6356.9648
6364.8516
6343.0723
6405.0498
6440.0063
6443.4067
7195.8018
7195.9883
7030.5176
7055.0767
7196.4316
7207.4717
7102.1851
7059.8403
6906.5654
6739.5947
6687.4536
6679.4956
6878.8125
6898.5903
6889.2017
6891.8828
7035.0552
7015.8252
7462.7280
7621.0972
7602.9307
7567.7529
7600.7754
7566.9517
7469.5410
7288.3027
7025.6699
6916.9819
6725.6729
6816.6689
7100.7075
6867.3223
6670.4585
6736.1162
6739.8916
6766.5767
7014.3042
6876.7388
6762.6128
6722.4624
6923.5986
6947.3564
7170.7954
7673.8682
7688.3560
7843.0176
7842.3477
7949.1411
7928.1841
8187.9668
8201.2598
8369.2705
8307.5488
8446.8711
8427.8779
8471.9297
8510.5605
8583.5127
8535.5840
8552.2471
8535.6426
8507.5889
8553.7051
8498.2168
8476.7295
8276.3037
8446.8271
8535.6641
8603.7529
8583.9180
8484.1475
8360.3350
8411.8779
8320.7676
8257.8320
8003.8296
8007.1997
7876.9063
7919.2358
7170.7954
7086.2764
7058.4531
7170.7954
6948.7769
6858.2280
6882.8755
6725.9121
6648.7114
6627.4224
6424.7095
6349.4346
6356.2373
6284.2080
6348.7500
6357.4634
6352.4961
6506.4619
6549.5835
6658.2261
6426.8130
6688.5356
6584.9297
6746.7183
6733.9951
7082.4570
6958.3760
7055.0522
6760.4097
6537.4702
6543.0127
6639.8882
6684.1499
6525.4507
6641.6284
6703.8984
6956.7764
7116.7900
7160.5010
7153.0669
7292.5532
7321.3047
7256.0176
7291.9414
7343.8901
7312.6650
7258.8901
6992.4438
6956.7764
6639.5952
6609.8599
6758.5117
6660.4170
6584.3340
6466.4565
6547.9502
6707.3135
6715.5864
6880.5166
6704.8120
6787.4937
7039.4575
7162.5400
7570.9199
7753.4824
7977.3960
8095.6851
8223.4395
8109.5059
8159.0034
8195.6592
8228.0254
8460.8115
8448.5322
8363.2295
8568.3096
8614.1367
8583.8340
8541.8164
8559.9707
8648.1865
8546.4355
8381.1465
8284.5723
8292.8193
8410.3984
8327.5156
8315.6816
8434.7295
8468.6934
8606.4824
8562.5596
8535.1338
8370.6865
8354.1104
8363.3193
8334.3076
8265.7266
7966.5361
7756.0469
7170.7954
7112.7339
7170.7954
7015.2744
6961.8276
6705.4658
6671.3833
6710.1040
6779.3892
6462.9150
6428.6997
6514.3438
6419.2729
6327.7847
6354.9092
6589.8970
6584.6968
6674.2852
6999.5259
6672.8530
6376.6626
6782.4287
6441.0991
6429.0059
6385.3140
6361.5938
6431.8794
6414.6245
6346.5859
6260.7476
6329.5439
6350.7012
6202.2036
6382.4243
6472.3394
6709.7783
6582.7759
6632.4941
6593.6787
6818.1484
6830.5132
6877.0439
6832.5962
6874.6641
6840.7783
6825.4634
6592.6328
6512.3760
6586.3496
6594.7720
6497.6973
6593.7690
6546.7705
6493.3281
6423.2188
6439.8398
6597.0322
6709.5591
6696.9512
6866.6948
7074.6118
7542.0195
7858.5752
7908.8462
8097.5317
8033.8584
8080.0439
8068.5381
8205.1094
8228.4502
8278.4199
8244.9756
8450.8555
8556.0186
8485.2031
8635.7842
8667.8799
8686.5195
8590.4570
8594.4951
8493.6104
8371.8447
8285.3701
8074.2925
8252.9668
8432.1865
8394.9756
8458.5186
8575.1689
8642.0156
8583.9424
8576.9229
8646.1816
8716.1699
8743.8701
8586.6104
8398.7305
8200.3018
8186.1523
7807.1782
7611.7964
7169.5669
6972.8618
6981.5630
6972.4263
6844.5815
6837.9570
6726.2080
6524.0894
6478.0825
6422.9658
6532.1772
6607.4106
6458.9263
6426.7109
6498.6558
6697.1445
6537.3853
6554.1045
6427.3511
6360.2188
6465.7939
6330.1631
6192.1001
6282.6294
6261.0977
6207.5796
6121.0049
6109.8735
6357.9478
6411.5806
6312.0464
6310.9941
6248.2188
6278.9121
6274.5127
6274.7759
6150.0781
6385.6260
6427.6147
6419.8271
6475.3081
6517.6787
6518.8564
6522.8799
6394.3550
6429.1987
6457.8926
6622.3867
6730.5615
6611.6147
6542.1279
6846.2012
6656.8086
6569.5347
6530.7021
6663.8521
6698.5737
6732.2856
6976.4126
6996.4990
7646.6499
8006.7944
8019.1997
8005.8975
8224.3633
8263.3223
8201.1689
8235.3174
8294.8184
8349.9160
8260.8936
8455.5684
8552.1172
8487.7266
8585.5361
8705.8857
8566.6406
8515.3184
8424.5205
8363.1875
8398.3623
8319.7090
8477.7236
8425.5859
8547.6094
8455.0547
8495.0361
8443.7920
8569.6064
8481.6357
8494.6426
8505.7871
8528.0938
8521.8574
8584.9170
8571.7090
8484.6289
8323.6484
8048.5273
7906.7788
7718.2529
7166.5649
7017.2075
7079.2373
6918.4189
6912.8188
6974.5386
6726.6499
6685.2231
6605.6040
6493.8975
6447.6733
6399.4287
6455.8838
6428.8062
6466.8340
6481.2183
6374.8169
6191.8433
6281.8755
6468.2266
6118.4238
6149.1680
6278.3340
6068.6475
6051.3345
6037.2290
6254.8491
6312.1641
6480.1777
6297.5239
6361.4478
6280.0938
6139.8340
6249.7231
6175.8271
6254.5410
6385.9663
6614.5820
6477.8315
6546.4839
6455.7837
6632.5835
6377.3433
6249.3877
6243.3828
6348.5088
6577.5020
6513.6870
6474.9873
6427.7920
6542.5942
6537.7417
6473.0811
6624.1646
6585.9688
6818.1133
6713.9517
6908.2080
7156.2915
7464.9380
7834.5425
7944.2871
8087.2378
8222.9121
8236.8984
8381.2793
8310.1309
8305.2217
8374.8789
8313.5576
8355.9893
8467.8271
8554.5068
8561.9912
8566.3086
8515.1514
8594.3877
8686.5859
8620.4248
8607.4590
8673.5479
8571.0107
8581.6816
8674.1914
8515.5205
8573.1279
8490.5742
8473.0400
8466.7529
8452.6807
8442.9053
8566.7539
8571.4541
8589.3330
8464.4844
8510.6162
8424.2266
8235.3262
8185.1826
8033.8389
7793.0400
7547.9360
7152.8276
7141.9106
7099.1636
7159.6450
7128.6494
6963.6748
6870.4639
6718.9150
6647.2441
6690.6143
6655.4717
6695.5684
6751.1338
6673.4043
6723.3418
6476.9668
6429.1274
6109.9512
5951.2993
5923.7988
6065.8730
5923.8354
5990.5337
5996.8262
6143.7705
6412.5557
6664.7744
6376.4531
6277.5732
6556.3770
6333.0483
6146.5449
6288.0630
6158.3569
6214.8071
6364.6030
6534.1089
6486.4648
6468.2612
6531.2261
6340.6611
6395.6152
6349.5981
6334.8779
6540.9902
6645.0879
6915.7490
6672.3003
6492.7446
6692.2563
6561.6890
6582.0640
6503.3506
6533.6460
6718.2285
7056.6514
7147.0693
7914.7549
7890.8125
7898.4771
8003.8545
8076.0171
8274.5928
8301.2031
8503.7100
8582.8369
8594.8838
8523.3154
8513.6348
8461.9492
8566.2363
8676.4375
8570.3311
8592.7031
8491.0156
8374.7988
8617.0420
8693.9805
8797.1641
8763.7090
8628.0020
8641.5752
8491.5313
8306.8545
8415.5967
8378.1592
8494.1953
8526.1484
8566.6680
8590.5869
8582.5713
8593.0303
8578.4229
8456.3887
8269.8115
8388.9746
8475.1152
8287.2148
8285.1416
8077.4922
7950.4629
7853.3652
7659.0854
7522.9961
7170.7954
7090.5659
7307.7808
7259.0171
7272.6831
7202.6382
7201.0083
7081.8506
7036.6855
6918.5029
6723.8213
6759.4902
6881.6177
6110.5186
5857.3809
5835.7339
5861.0625
5747.8086
5895.1089
5997.4517
6183.3267
6107.2031
6239.0913
6336.9009
6272.5488
6238.1938
6268.8213
6241.0952
6139.2617
6257.2910
6371.5620
6552.6411
6956.7764
6956.7764
7048.6426
6963.7485
6525.3091
6399.0015
6293.3032
6312.4028
6418.8765
6715.6138
6554.7075
6445.4873
6541.1509
6295.7607
6286.9160
6347.8042
6474.7754
6430.0952
6675.0522
6910.2778
7062.2705
7072.2153
7170.7954
7107.4893
7615.9097
7915.8906
7931.0591
8119.6353
8160.7871
8258.7236
8362.4648
8417.2939
8451.3252
8365.6807
8484.1895
8598.0430
8682.9453
8704.1768
8687.4092
8523.0947
8570.0889
8466.4229
8586.3340
8699.1152
8800.0527
8733.7012
8599.1982
8575.7139
8602.4277
8678.2686
8624.5000
8579.2598
8480.7832
8525.2100
8569.3789
8609.0596
8593.5625
8520.8154
8346.7324
8444.8760
8521.2979
8333.6982
8454.3633
8381.7764
8287.6611
8239.9512
8175.6128
7885.7275
7702.4863
7542.3564
7702.3457
7728.3208
7747.3101
7596.4243
7540.6162
7621.1445
7569.5615
7466.3408
7260.6279
7286.8193
7086.0176
6089.8081
6036.1357
6045.4004
5842.3809
5819.5093
5849.7520
5761.7871
5953.9780
6106.5000
6080.6895
6290.9985
6478.4341
6305.2075
6435.6763
6269.7656
6233.7085
6350.1484
6398.0024
6498.0649
6701.8682
7102.5151
6956.7764
6731.0537
6710.2124
6534.8730
6598.4082
6484.6680
6494.0522
6550.1963
6349.4463
6458.9907
6440.8882
6328.6821
6365.8809
6442.8496
6632.6943
6466.1304
6431.1816
6648.5220
6646.5410
6839.9053
6790.7383
6799.7979
7134.9404
7783.3208
7949.7075
8098.9780
8273.2285
8218.1494
8045.4248
8183.6855
8309.2559
8383.2852
8454.7021
8571.4805
8728.6973
8710.3438
8732.7393
8716.4141
8705.9287
8745.5352
8666.4072
8607.7422
8748.8857
8737.4424
8803.0635
8766.7744
8613.4443
8626.2402
8635.7510
8753.5957
8725.0664
8664.2979
8709.4268
8693.0908
8749.7324
8711.5537
8717.6758
8546.9805
8610.9180
8555.6582
8666.6748
8578.3086
8481.9727
8237.8584
8066.1147
8073.3271
7968.0015
7971.0083
7934.7900
7918.2480
7940.0381
7924.4683
7898.2017
7903.2954
7739.4209
7701.5649
7734.9077
7542.7393
7559.9902
6345.3774
6036.0254
6060.9375
6160.6626
6034.0234
5992.9883
6012.5293
6045.6753
6063.3105
6389.0537
6271.1074
6393.3945
6317.9004
6359.8506
6477.2573
6446.8564
6471.1938
6619.3999
7002.8770
7009.7964
7057.0942
7078.9883
6956.7764
6706.1816
6634.5479
6653.0142
6735.8960
6548.1548
6523.4902
6566.9785
6537.2280
6757.7007
6510.5747
6405.2178
6470.4570
6363.9067
6407.3550
6356.2524
6575.6899
6585.8076
6625.6631
6868.7627
6907.5352
7018.8877
7447.8833
7708.8223
7967.5869
8204.8711
8264.6836
8255.2051
8409.5645
8398.0332
8428.2969
8393.2646
8492.9443
8563.5977
8714.9053
8802.3955
8817.5723
8770.6641
8736.3311
8783.8447
8788.1260
8840.6221
8828.5615
8854.9697
8843.6133
8827.7686
8721.7822
8777.4209
8752.8057
8762.8848
8598.4814
8660.7607
8574.5654
8549.6104
8511.7354
8609.3369
8755.7549
8687.5996
8673.3955
8699.2793
8535.7227
8432.1719
8307.7236
8267.3037
8057.6934
8045.7915
8182.4985
8227.5293
8185.0898
8208.7363
8209.7207
8267.3574
8189.1187
8058.4429
7943.9878
7925.7793
7893.2563
7891.8984
6320.8965
6154.6719
6234.9819
6195.5200
6161.0220
6268.0264
6180.8325
6174.4194
6305.5571
6282.8364
6360.6235
6535.8193
6525.7808
6481.4189
6608.4575
6702.8315
6777.6128
7113.1611
7080.3765
7055.7568
7168.2378
7217.9575
7188.0313
7199.1968
6957.1484
7021.4189
7175.6729
7002.0088
6777.5259
6840.4292
6732.2192
6757.3594
6678.5557
6736.4111
6586.1123
6628.6787
6669.5215
6534.2573
6627.6152
6868.8447
6774.1074
6757.8262
6929.0713
7130.4424
7446.1978
7495.5166
7720.2671
7813.5776
7914.9126
8183.5947
8191.5591
8067.8931
8085.3091
8323.5322
8454.8506
8468.3623
8586.9424
8552.2773
8736.1250
8843.7344
8865.6992
8865.6992
8858.7783
8821.3574
8723.7979
8542.0723
8709.2666
8633.2871
8727.5381
8731.3135
8707.2725
8611.8750
8556.1543
8570.9248
8578.2168
8566.8984
8594.6689
8682.9639
8588.9121
8495.7158
8494.8574
8367.0039
8350.8145
8352.4941
8252.2988
8244.9766
8314.7920
8205.7422
8206.8262
8089.1650
8227.9873
8423.7295
8266.0635
8142.5049
8200.7695
7947.9600
7957.0400
7949.6689
7946.7656
7811.3955
6545.2144
6423.7773
6438.4224
6429.1763
6387.6240
6457.2344
6585.3364
6534.8545
6421.8696
6550.5337
6695.7573
6921.8535
7248.2793
6956.7764
7073.6655
7172.3857
7189.0474
7239.4067
7354.2002
7343.3354
7260.0498
7372.6177
7165.1738
7195.7710
7190.2954
7177.2227
7219.8511
7176.1304
7113.2065
7187.0488
7088.8647
7104.4360
7157.2095
7205.0142
7073.3164
6887.7622
6768.7490
6909.9468
6698.6411
6699.5869
6901.3608
7170.7954
7170.7954
7416.6294
7671.2363
7771.6084
7914.4912
7940.1299
8072.9917
8086.7456
8242.7109
8298.8389
8212.9883
8148.0205
8355.2051
8353.1221
8543.2783
8546.7637
8755.2471
8859.7344
8864.5635
8864.5527
8787.6045
8830.5049
8795.0156
8798.9561
8792.5479
8749.2100
8803.3203
8777.4453
8695.9170
8603.2012
8583.5488
8533.1367
8556.4697
8512.8867
8512.8252
8502.6621
8388.2686
8304.4590
8266.6094
8104.0059
7803.0449
7926.1035
7933.1924
8016.5132
8183.4673
8231.9756
8392.6982
8260.3369
8218.3496
8261.7813
8252.4922
8252.3467
8244.2695
8175.5962
8124.4766
8100.7183
7876.3672
7932.2520
7105.2168
6986.5068
7074.1240
6956.7764
6956.7764
7091.7827
7215.4883
6962.9316
6956.7764
6995.6270
7147.4814
7302.1299
7196.7695
7234.9233
7310.7065
7288.0635
7302.4019
7343.7471
7373.1338
7357.2295
7344.6138
7391.4541
7284.3491
7195.5576
7191.5396
7183.7397
7039.9102
7161.7339
7173.1792
7194.1353
7226.1104
7216.0039
7175.8018
7188.6152
7195.9077
7166.0854
7070.4976
6972.6177
6918.8364
6878.2441
6938.1436
7191.0283
7353.7310
7467.4604
7514.1260
7832.1367
7855.1055
7933.2769
7995.3770
8243.0010
8240.9736
8202.8047
8301.2510
8308.7607
8459.9434
8581.9404
8758.3301
8752.4258
8797.0000
8822.2012
8795.8506
8786.6943
8794.6084
8699.7383
8791.5762
8740.1172
8710.9189
8715.9482
8745.6992
8692.3955
8503.4502
8514.8408
8488.8770
8521.4209
8474.6025
8469.3535
8469.8545
8412.1006
8302.4131
8244.8242
7982.5435
7938.1113
7950.5522
7859.0723
7911.0518
8060.7998
8030.0132
8109.8735
8271.3281
8195.4629
8186.7437
7949.6558
8161.7393
8221.0820
8260.9150
8222.4346
8083.1924
8189.4326
8114.8555
8173.2783
7018.8096
7046.8315
7057.6704
7109.0415
7150.8340
7173.6211
7087.0313
7114.3428
7164.7939
7225.8999
7225.9580
7320.0054
7435.6802
7471.8472
7417.1167
7423.0200
7417.5977
7338.4277
7368.0205
7279.1123
7306.8247
7305.0703
7204.9106
7223.6431
7243.3926
7194.4443
7141.5625
7034.1694
7115.4043
7212.5996
7313.6338
7348.2617
7322.2969
7296.8096
7367.8096
7380.8086
7339.4692
7325.8296
7286.9292
7401.9385
7666.0444
7632.5464
7693.7222
7823.4648
7749.7891
7752.1768
7931.8823
7929.1938
8156.7847
8197.9141
8351.7607
8242.3340
8481.3594
8478.7275
8581.4697
8597.9404
8601.5488
8670.3643
8691.5752
8697.5430
8587.4775
8618.2891
8594.6992
8604.4912
8588.6377
8603.0674
8598.4170
8644.2559
8501.6270
8568.1201
8420.1563
8409.0693
8296.0146
8232.9102
8245.3623
8051.1553
8076.7964
8055.6763
7998.7861
7838.4058
7844.7104
7759.9043
7609.9834
7735.7783
7819.1841
7861.2368
7910.3228
7988.1943
8063.1255
8016.1118
8172.6074
8164.8442
8152.1860
7901.6548
8181.3442
8168.8306
8111.6313
7993.7949
8171.9014
8325.6875
7157.7817
7153.3276
7193.8145
7190.8149
7331.0293
7378.2729
7249.4775
7295.9482
7291.4897
7291.9155
7305.2109
7353.8750
7344.3223
7327.9917
7480.0444
7442.6724
7481.0132
7377.5913
7397.0483
7186.5811
7210.6235
7235.6685
7184.5835
7037.7578
7082.2427
7193.8965
7177.8218
7129.9883
7211.2471
7169.8389
7279.9727
7306.3994
7459.8047
7501.5283
7438.4463
7424.3359
7423.8301
7382.2173
7383.5483
7401.9526
7631.8301
7636.3506
7719.1797
7796.4395
7926.0439
8006.2896
8121.0171
8056.8237
8187.5381
8391.0781
8283.1465
8260.9102
8293.2188
8427.8770
8517.3115
8595.8125
8512.4717
8355.0439
8524.8223
8577.5654
8589.2324
8585.4668
8594.7568
8491.0234
8351.9844
8492.2695
8472.3789
8427.6436
8487.3955
8271.2617
8189.6748
8224.3457
8083.3442
7972.6543
8010.4282
8015.5938
7950.7871
7949.4902
7863.5571
7878.9487
7789.1704
7840.1309
7714.2046
7761.4131
7668.1992
7857.7295
7887.5806
7953.4224
7992.0225
8015.9438
8049.4536
8032.6338
7958.0889
7963.1870
8037.9517
7983.1182
8094.0132
8252.8984
8332.2627
8200.7754
7146.5361
7017.8491
7090.9609
7141.9595
7133.8452
7304.2261
7326.8242
7317.3594
7303.5674
7484.8350
7552.1802
7496.6162
7470.1328
7401.3604
7297.3418
7436.5952
7565.9702
7415.2397
7409.2173
7331.0830
7239.9888
7205.4521
7141.6064
6956.7764
7093.0342
7129.8877
7107.2471
7177.9692
7195.0459
7207.6123
7173.0425
7212.4126
7246.6543
7418.6919
7327.4316
7495.0757
7591.6221
7546.1440
7604.6479
7595.4517
7598.2363
7562.8320
7704.8291
7746.2583
7798.3516
7841.8506
7910.0200
8053.0103
8135.3628
8260.9473
8453.0664
8406.5693
8463.9551
8381.2656
8447.1709
8474.9932
8536.1553
8619.4502
8649.5117
8589.3477
8558.2461
8393.8213
8435.0967
8313.5420
8274.1172
8228.1631
8169.5649
8360.9912
8373.5801
8277.5176
8286.4297
8108.0103
8115.0820
7986.2632
7945.0439
7785.4839
7962.6919
7987.9683
7981.1528
7825.1660
7848.8921
7814.6499
7823.4038
7798.9775
7771.3735
7815.5601
7849.3667
7792.2534
7845.0938
7863.4922
8009.2847
7938.2583
7969.2881
7939.5073
7882.4277
8051.1968
8052.9746
8243.9570
8326.9922
8385.9756
7270.1758
7206.1094
7271.5117
7195.5762
7254.7866
7279.8989
7304.2510
7422.5137
7377.9263
7485.3813
7519.7236
7401.5073
7376.6841
7371.7544
7432.1763
7482.4443
7360.3589
7273.6636
7266.9375
7393.2983
7435.6860
7369.4707
7458.2676
7449.3579
7360.2358
7404.2139
7239.4668
7352.1646
7311.1548
7193.8306
7230.9590
7412.8950
7448.1538
7306.5488
7561.3979
7436.7925
7444.9204
7535.9854
7642.5103
7597.2876
7666.1948
7784.7656
7761.8760
7889.8052
7883.8545
7896.2261
7978.1450
8111.8130
8130.6221
8000.7808
8056.4097
8171.6348
8016.1997
8205.8076
8253.2275
8418.4482
8361.4033
8337.3770
8365.4424
8500.5879
8582.9248
8610.2607
8507.0596
8503.8320
8434.3887
8427.4727
8397.1152
8271.4268
8218.4229
8247.6064
8164.0278
8236.7148
8224.4082
7956.0669
7978.5938
7943.9214
7930.3325
7946.1431
7943.9399
7835.4639
7720.8955
7863.8345
7852.8838
7782.2251
7613.7856
7341.3149
7450.9956
7620.1567
7742.8369
7801.7998
7883.8711
7986.8813
8174.5723
8029.5801
8152.7139
8191.7104
8259.7246
8309.0518
8411.9922
8292.5752
7359.9678
7322.4424
7356.9185
7380.0127
7524.6836
7559.6914
7456.9326
7531.8174
7621.9932
7576.9160
7524.8853
7514.2202
7517.6475
7414.4746
7536.7285
7470.3193
7391.2510
7340.3447
7364.3774
7432.5669
7486.4878
7439.2539
7327.5635
7330.0098
7560.4189
7484.1768
7456.3643
7405.6992
7367.0347
7349.1147
7302.5771
7279.2861
7212.0713
7226.4072
7382.9478
7334.0171
7292.2559
7426.1382
7578.9365
7472.4697
7623.3657
7560.2246
7571.0835
7636.5591
7772.3271
7823.4033
7931.5913
7967.0801
8005.5728
7987.6807
7934.0967
7910.7031
7931.5645
7931.5464
7971.8960
8031.4917
7993.6987
8073.0054
8199.4219
8366.9951
8571.6279
8414.8105
8407.5576
8232.2861
8186.9590
8160.0630
8176.4658
8262.7930
8229.7773
8275.9189
8306.4814
8254.0938
8266.0029
8212.0898
8034.5566
7896.9009
7909.9131
7857.2676
7931.1606
7926.5684
7864.3408
8000.9941
8044.0605
8118.0918
7950.9634
7818.7744
7817.3462
7888.7285
7941.0786
8037.1919
8200.9590
8384.6729
8479.9619
8433.2061
8323.7646
8515.1836
8573.1260
8584.3330
8357.6553
8487.1582
7451.4780
7557.3086
7564.0479
7503.4902
7542.0366
7442.3662
7535.5884
7551.6836
7483.5586
7716.0088
7703.9185
7562.8398
7436.6631
7457.4033
7488.8394
7449.2227
7394.5659
7364.7842
7551.6138
7480.0132
7552.5762
7537.3838
7533.9995
7463.2334
7520.2354
7567.6997
7347.6816
7498.9453
7548.6968
7283.1401
7285.8975
7231.2002
7187.8633
7217.7705
7162.6431
7262.3994
7235.9224
7240.2344
7298.3711
7283.6553
7291.8911
7342.5513
7411.8003
7408.3257
7527.9966
7575.3027
7661.4258
7603.0225
7701.4331
7848.9795
7922.2310
8029.3179
7159.7148
7170.7954
7170.7954
6951.5034
7167.7349
7109.3018
7170.7954
7579.8828
7992.2651
7904.6362
7882.7554
7824.4883
7822.8140
7961.4185
8076.4429
8078.7515
8170.9922
8167.8613
8288.2529
8424.1494
8388.2432
8303.7256
8376.6162
8303.7012
8265.2578
8317.8516
8235.6816
8274.8066
8254.2344
8330.1699
8206.4053
8215.8418
8189.3286
8050.0044
8342.6270
8421.7402
8353.1396
8347.6260
8360.7129
8478.1777
8536.0205
8565.7070
8685.9453
8599.3955
8564.3408
8718.3945
8758.9053
8559.9980
7409.3843
7553.7456
7546.2656
7491.6001
7447.7480
7492.8286
7558.7705
7560.6748
7690.5786
7771.9629
7767.2061
7533.5044
7599.7529
7543.7573
7588.4351
7577.8970
7414.3022
7540.0161
7622.1528
7628.3525
7740.0972
7738.7183
7599.8599
7651.6235
7500.6777
7479.6807
7544.9019
7507.2012
7465.1270
7372.3369
7285.3037
7335.4561
7263.2866
7198.7983
7030.6191
6970.9604
7028.6104
6915.9492
6993.2959
6950.6416
7032.1309
7121.7920
7033.0356
7068.7715
6935.1997
6919.8130
6996.6240
7170.7954
7441.7368
7564.7534
7681.8354
7148.0547
7170.7954
7141.4355
7060.7114
7151.8486
7170.7954
7008.1646
6942.0264
7047.3677
7048.5962
7120.9575
7170.7954
7096.0190
7123.6689
7170.7954
7706.2266
7891.0146
7978.2539
8263.4102
8293.4941
8494.8164
8525.2617
8473.0068
8474.8516
8379.3398
8222.4922
8355.5752
8357.1660
8396.5449
8490.0234
8580.2959
8534.3281
8611.7949
8574.7041
8427.7930
8560.8721
8496.4941
8534.9912
8428.0498
8570.1475
8673.9658
8625.2031
8590.2832
8733.3418
8748.4014
8781.2920
8792.8262
8741.4873
8801.4697
7334.6987
7434.1499
7469.9722
7540.0469
7695.5557
7558.2588
7514.5889
7614.2378
7739.3569
7700.6284
7702.7979
7723.0479
7693.8296
7499.4150
7560.3218
7643.4092
7623.9551
7675.6704
7577.7690
7571.3188
7710.2969
7662.2886
7597.8452
7367.3174
7490.5000
7486.3350
7553.5508
7593.1216
7395.2324
7474.6426
7501.4731
7328.1465
7431.4790
7318.1021
7287.2158
7158.3735
7064.2100
6997.9570
7008.2593
7008.2983
6924.1885
6930.5313
6776.1313
6930.6235
6905.5596
6745.9561
6943.8301
7211.2739
7428.1851
7478.1704
7472.3550
7300.0806
7341.0767
7168.4658
7080.9521
7015.8359
7102.2241
6955.1284
7003.9736
6881.9751
6718.0903
6882.7158
6755.1123
6658.9868
6699.7515
6889.4307
7170.7954
7559.6313
7925.9922
8216.6426
8240.8105
8483.2520
8529.2461
8585.0557
8590.1729
8550.7334
8534.1592
8561.0693
8591.6729
8744.9443
8694.9023
8711.3691
8691.1592
8797.6426
8774.9854
8794.1650
8759.3389
8762.3584
8676.9590
8738.7900
8715.7246
8747.5195
8815.7998
8803.3174
8768.7637
8832.3525
8850.5107
8807.1426
8741.8613
8806.8867
7154.2456
7315.6797
7454.5610
7472.3799
7585.1255
7580.9424
7610.0112
7761.2656
7724.6938
7752.2632
7742.3657
7723.8130
7720.2290
7762.3413
7771.7451
7614.9697
7597.8027
7610.0073
7505.4053
7560.8218
7536.6636
7319.2007
7548.8481
7520.5439
7344.7622
7449.9771
7460.7300
7351.7793
7349.2432
7438.0757
7529.5752
7360.4878
7459.3774
7493.2417
7343.6523
7333.7095
7298.9897
7312.1094
7054.3560
6940.6997
7058.5044
6881.8774
6920.5000
6916.0771
6908.9922
6878.4834
7071.6392
7185.6104
7215.4092
7191.7510
7234.5244
7241.1499
7074.1401
7165.0054
7143.5737
7198.0293
7211.8047
7138.6641
7048.6255
6875.8579
6732.9341
6645.3228
6738.6670
6690.0435
6768.6294
7041.7974
7719.5732
8205.2891
8470.8281
8609.0186
8580.3408
8546.7412
8540.4541
8585.9336
8497.7754
8601.4277
8739.6250
8612.8584
8811.5254
8834.3379
8834.3662
8854.7969
8865.6992
8865.6992
8865.6992
8865.6992
8865.6992
8865.6992
8865.6992
8845.9424
8761.6836
8809.4814
8858.4570
8865.6992
8865.6992
8861.6172
8859.4014
8864.4189
8865.6992
8865.6992
7203.4502
7260.1772
7319.8105
7329.4312
7220.1279
7225.6758
7362.6313
7405.0610
7533.7744
7689.4165
7715.9336
7680.6128
7567.9497
7488.4302
7391.6152
7404.2827
7385.0854
7426.4214
7284.8716
7359.3037
7458.5879
7390.7524
7503.9697
7631.5347
7441.0718
7563.3545
7543.9531
7542.3862
7461.8701
7462.7617
7564.1865
7486.9028
7430.7432
7425.9624
7514.6455
7572.8960
7557.2246
7274.5898
7219.5161
7208.3481
7057.0615
7060.8813
7026.7271
7149.7769
6973.0469
6890.1079
7052.1821
7069.9922
6905.9136
6756.1699
6829.0542
6891.8813
6762.2012
6797.9063
7057.0493
7195.3423
7172.9033
7158.8647
7184.7041
7194.4536
6764.3892
6738.0327
6899.8398
6961.8169
7126.7246
7538.9873
7835.9590
8178.0791
8231.1836
8358.5918
8427.0156
8534.0703
8537.3672
8479.0059
8474.3438
8490.6230
8431.2393
8596.3965
8730.8301
8795.9043
8788.2617
8865.6992
8865.6992
8865.6992
8856.4033
8855.7295
8865.6992
8851.1465
8865.6992
8851.5225
8865.6992
8848.0391
8865.6992
8865.6992
8858.2266
8860.8877
8848.7939
8865.5322
8865.6992
8859.6992
7240.5791
7179.2783
7148.1084
6998.9556
7010.1841
7132.5347
7122.1685
7181.1729
7297.2612
7278.3291
7247.8198
7271.5728
7233.5747
7194.6646
7142.1235
6995.0742
6913.1904
7024.0400
7208.7402
7226.3398
7243.0410
7417.0225
7392.6460
7326.7217
7474.0811
7498.6514
7602.7930
7519.0361
7579.6294
7529.1855
7391.4399
7454.7192
7437.5708
7570.5278
7450.1201
7474.6890
7442.6123
7353.4355
7324.4873
7329.1084
7423.1265
7450.6157
7397.7344
7296.8457
7198.1631
7234.1182
6987.4785
6884.5386
6877.5854
6721.9614
6655.5078
6633.5151
6583.9478
6737.1182
7003.4453
6848.1904
6955.5811
7162.6514
6938.7388
6880.8213
6764.4004
6889.3516
7060.3560
7170.7954
7601.2275
7864.2021
7922.2700
8014.3052
8152.4111
8226.7285
8338.9141
8465.0283
8500.6250
8348.0371
8280.4785
8563.6309
8525.6797
8594.1738
8730.4688
8610.2568
8723.9287
8822.4824
8865.6992
8865.3037
8860.0527
8854.8945
8865.6992
8865.6992
8851.5576
8856.0869
8840.3555
8865.6992
8865.6992
8865.6992
8858.1270
8865.6992
8865.6992
8863.3955
8865.6992
8832.8232
7179.5557
7167.6011
7131.9844
6968.0894
6458.6099
6570.7954
6744.3247
6636.2437
6682.9878
6534.8291
6510.1831
6528.3198
6684.6650
6521.4736
6474.9248
6746.2778
6835.0361
6966.3438
7220.3403
7222.8267
7311.0518
7409.4141
7345.5415
7462.5962
7539.6152
7484.6973
7591.3525
7537.9458
7376.0254
7459.5449
7541.4429
7530.4307
7477.6938
7582.9790
7560.3140
7693.3848
7542.8140
7445.1177
7548.6196
7490.8726
7406.6011
7485.4619
7422.0732
7497.0654
7422.0625
7383.6714
7252.5107
7118.5776
6913.4453
6886.1294
6970.5283
6769.6440
6720.6953
6822.7583
6715.3428
6719.7261
6792.2139
6765.8892
6884.3574
7013.8618
6875.4751
6933.5801
6995.9653
7167.9082
7544.8467
7930.0015
8262.2129
8255.8379
8291.1543
8330.6748
8366.6504
8255.0059
8327.9023
8233.8711
8402.3662
8507.5381
8515.4111
8577.7959
8622.3086
8786.9189
8860.4785
8858.4297
8858.6660
8865.2119
8860.6357
8860.6123
8862.6221
8865.6992
8861.9336
8850.7764
8865.6992
8865.6992
8865.6992
8855.3467
8865.6992
8852.9717
8861.7305
8865.6992
8864.7002
8865.6992
6961.7930
6602.3706
6488.3628
6488.9541
6335.1099
6329.7700
6462.5112
6275.9199
6270.7856
6361.9824
6282.9722
6348.0225
6298.2627
6306.8418
6526.7422
6743.2520
6712.3447
7093.7407
7386.3105
7463.9902
7472.2861
7446.0254
7497.5093
7538.5688
7541.2266
7596.7954
7623.2075
7655.6973
7464.0737
7573.3418
7437.5830
7514.5674
7477.6250
7421.2842
7454.7563
7506.6548
7613.3999
7587.7925
7459.4727
7459.1387
7529.9355
7525.8794
7468.8579
7462.1069
7481.9741
7316.1152
7214.8501
7231.2729
7246.1616
7324.2266
7338.6021
7270.7290
6994.7075
6963.0015
6726.9521
6784.1836
6734.7520
6726.9834
6914.0483
6951.1440
7142.1494
7090.4067
7170.7954
7496.7681
7745.8604
7928.7993
8086.0698
8272.6904
8245.5186
8495.6523
8454.2148
8408.4746
8457.3594
8255.5488
8290.2939
8260.2129
8340.2656
8506.7510
8689.4277
8798.8809
8865.6992
8858.6885
8865.6992
8865.6992
8853.1660
8864.9414
8865.6992
8865.2041
8865.6992
8850.7559
8865.2822
8833.3184
8864.9912
8865.6992
8865.6992
8865.6992
8865.6992
8865.5020
8856.4902
8858.1172
6721.5820
6486.2744
6405.7036
6427.2085
6440.0698
6584.8501
6525.1470
6333.6226
6139.2749
6139.7153
6215.4131
6479.6289
6270.1982
6246.3672
6412.5732
6630.1484
7060.5972
7140.7168
7337.0347
7332.1958
7339.4155
7481.9312
7458.1836
7510.8823
7587.6509
7693.7202
7617.7915
7595.2471
7593.2861
7692.6499
7572.1768
7622.5415
7711.1006
7568.2051
7401.1987
7525.7295
7587.3125
7734.7964
7593.8911
7632.7529
7706.0835
7744.5273
7749.5063
7585.4160
7554.7495
7424.2383
7569.1470
7443.4272
7436.5586
7501.5176
7405.8882
7370.9507
7306.2124
7279.5581
7300.2993
7078.3037
6898.0786
6775.5107
6753.5747
6951.4287
7027.2275
7170.7954
7531.1309
7756.9038
8029.0483
8176.6665
8193.6084
8373.3779
8565.1182
8565.7412
8578.1055
8522.0752
8568.9561
8503.7627
8389.6113
8445.9980
8502.4707
8619.5967
8795.4160
8842.0781
8862.3428
8852.7861
8864.6592
8858.0566
8819.6016
8737.6230
8844.7178
8865.6992
8865.6992
8855.5938
8859.5547
8865.6992
8861.6123
8865.6992
8865.6992
8828.8643
8865.6992
8857.3037
8799.9414
8811.5078
6956.7764
6733.9624
6580.1831
6562.1030
6411.0513
6276.1074
6274.6792
6142.7441
6037.3149
6053.8623
6093.2930
6117.6411
6179.5903
6285.0537
6362.9785
6536.2852
6956.7764
7150.8130
7098.0220
7193.2993
7246.6655
7428.4277
7426.9780
7345.9307
7440.1733
7450.3965
7541.9741
7571.9766
7671.9766
7587.3672
7627.1450
7626.8784
7583.3101
7556.0845
7469.1060
7526.3979
7727.0649
7799.6494
7652.3223
7626.6050
7717.5864
7722.1221
7714.0166
7769.5801
7790.1250
7851.3057
7868.0723
7907.0034
7710.2046
7735.1113
7682.4980
7744.6831
7817.4312
7754.8481
7608.5308
7293.4609
7113.6919
7097.7559
7170.7954
7148.1016
7614.1733
7841.0459
7893.8843
8171.9224
8200.0537
8298.5938
8366.1807
8506.7197
8577.8135
8630.9365
8602.6885
8593.1533
8503.5674
8607.8271
8571.8027
8583.8164
8660.2119
8731.1377
8800.1211
8797.6543
8846.1729
8860.0977
8854.4375
8860.6836
8826.3271
8813.8457
8865.6992
8865.6992
8864.3838
8865.6992
8865.6592
8862.3340
8833.5107
8860.5732
8865.6992
8865.6992
8865.6992
8856.2422
8846.5723
8796.9658
7248.6826
7214.8662
6801.8506
6586.5044
6461.4473
6443.1040
6388.0039
6286.7095
6094.5586
6059.3125
6189.1201
6393.7188
6207.9917
6167.5889
6336.3203
6416.3691
6659.9053
6618.8936
6608.8687
6730.2056
6740.9863
6786.3682
6914.9199
7072.5996
7188.9829
7347.6665
7374.1685
7551.5332
7450.7583
7581.6538
7541.8262
7482.5166
7596.7041
7552.7373
7614.7383
7707.8652
7802.6538
7727.5552
7611.5811
7573.9170
7747.6870
7766.8525
7849.7783
7887.7900
7943.7368
7965.5757
8024.5034
7941.5835
7960.6416
7948.7769
7946.8896
7906.3652
8014.2075
8096.2778
7865.7446
7749.7979
7801.9448
7814.9961
7897.7422
7926.3350
8045.2085
8189.9023
8230.9883
8342.1504
8414.5010
8500.4033
8489.6084
8508.5479
8531.5400
8383.8730
8469.4658
8506.6123
8524.2402
8537.6318
8523.8389
8501.0918
8571.8447
8685.9766
8573.3301
8584.8770
8573.9307
8649.4951
8595.0830
8601.5146
8696.8213
8788.6504
8797.8828
8856.3320
8859.5693
8853.4951
8865.6992
8863.6602
8865.3740
8859.3213
8820.2842
8783.0107
8797.9902
8790.6250
8620.9180
8734.1738
7453.4360
7308.9805
7185.1665
6986.1699
6746.2705
6846.0229
6524.9888
6245.8257
6054.2778
6141.8130
6050.1899
6078.4233
6183.7314
6362.4746
6434.0996
6324.1475
6414.1621
6379.6099
6387.0259
6460.7192
6730.7285
6682.2427
6858.9932
7021.7896
7242.1924
7328.2397
7495.9219
7391.3037
7491.5142
7531.4385
7541.1040
7513.6768
7458.7739
7532.3032
7733.1938
7711.2085
7710.9360
7706.1089
7778.1738
7916.8667
7945.3022
7860.9609
7911.2983
7926.8047
7956.4907
7945.1523
7884.9233
7949.3237
8005.7310
8023.8584
8042.2803
7957.2300
8039.7192
8075.5737
8244.8115
8187.8276
8207.7227
8132.2266
8098.1768
8054.1885
8205.9844
8220.0996
8220.5654
8207.3711
8125.5884
7989.8208
8158.4517
8411.7656
8423.5303
8250.9990
8275.8096
8272.8018
8257.5557
8253.5898
8257.9424
8374.2217
8323.5488
8292.6875
8398.3203
8426.8916
8208.7090
8253.4365
8198.2744
8254.1748
8454.3535
8482.5605
8580.9854
8635.4521
8801.4121
8783.5996
8741.4072
8693.4111
8588.6748
8665.2559
8682.0723
8568.8799
8731.2744
8797.7383
8817.3379
8773.4990
7560.8467
7329.9736
7259.8501
7065.3867
6774.0708
6652.8608
6693.2476
6505.0317
6361.9028
6428.8169
6309.5205
6090.9263
6286.0156
6304.1455
6260.8599
6355.6113
6642.1523
6465.2583
6499.3950
6503.6470
6762.4209
6716.1445
7114.1523
7259.1196
7358.7446
7449.1504
7562.0156
7547.2026
7570.5947
7377.6553
7434.9048
7488.1030
7595.2817
7720.9893
7664.1484
7608.8604
7764.5649
7938.7188
7864.8916
7853.1411
7960.9932
7945.6064
8011.7979
8077.6514
7989.0391
8064.5146
8148.0161
8224.6113
8264.3496
8243.6387
8239.2148
8252.5527
8228.0059
8454.4434
8427.3076
8352.6797
8286.5361
8232.0879
8219.4834
8242.2734
8237.1602
8252.7412
8263.8955
8119.9624
7956.8296
7948.5771
7870.3701
8076.7744
8031.9004
8208.8887
8235.5967
8257.6680
8082.0059
8033.5044
8061.5869
8062.7163
7993.8423
8139.0200
8233.7363
8260.3574
8102.8906
8108.1978
8175.6133
8242.4697
8219.9521
8255.6270
8263.4111
8381.0518
8475.6396
8467.5791
8491.8320
8296.8926
8423.0996
8509.4512
8547.6699
8726.0332
8649.5908
8585.9111
8511.4277
8528.5908
7439.5669
7475.4443
7320.7139
7134.4600
7032.6382
6797.0464
6565.0527
6482.2114
6381.7578
6415.3584
6456.0571
6467.1011
6654.3340
6457.2700
6145.4849
6218.7520
6359.1162
6516.5190
6421.9712
6632.6260
6642.4219
6873.0244
7207.5220
7289.7988
7342.3037
7452.3608
7498.9023
7506.0220
7629.1274
7587.6865
7577.1284
7571.3403
7595.5708
7667.6270
7635.8315
7755.2510
7770.3970
7752.4199
7935.8770
7955.3857
7927.2739
7917.1270
7891.5210
7955.2861
8083.4175
7994.5874
7978.2568
8085.3320
8043.7383
8057.7388
8126.2432
8177.0938
8253.2344
8463.0449
8487.2041
8473.6152
8425.4834
8246.6914
8266.4277
8225.8105
8287.4248
8192.8809
8293.3418
8121.4595
7952.1104
7945.8301
7868.2397
7887.5322
7962.2061
7992.3247
7976.7822
8163.4399
7999.2393
8154.8003
8008.9878
7933.3359
7972.9497
7977.9800
8012.7627
7958.2520
7995.0776
8101.9136
7992.4902
8052.5298
8201.3115
8242.2656
8267.3447
8231.9629
8238.2715
8284.2119
8336.6045
8266.2461
8233.1807
8362.9307
8351.7207
8281.1680
8262.8330
8451.3311
8367.4883
8397.4932
7349.5088
7354.8027
7425.8745
7455.6343
7302.9722
7173.9541
6897.3193
6680.9526
6615.1982
6785.7583
6947.9165
6654.3975
6473.4712
6325.9824
6300.7324
6337.4287
6288.8608
6431.7178
6331.2988
6462.5762
6682.5181
6875.6172
7181.6050
7438.3052
7580.6040
7773.2642
7721.0894
7571.0210
7699.4292
7745.8994
7599.7656
7800.7988
7746.6152
7765.2358
7774.9956
7762.3521
7707.8408
7680.3154
7758.2939
7706.4536
7567.0283
7647.2568
7897.2456
7981.8882
7914.3877
7897.5757
7921.8140
7904.0229
7989.7324
8084.7974
8029.9443
7993.7070
8187.6719
8236.3945
8240.4580
8313.0479
8318.5723
8105.2495
8092.7935
8221.7988
8085.9155
8105.9565
8073.3555
8110.0723
8160.2974
8097.7593
7924.3701
7919.9150
7847.4951
7902.6899
7931.0796
7874.9556
7906.3931
7942.1875
7839.5210
7755.8857
7834.9229
7792.2021
7887.5859
7919.7661
7906.7744
7897.7100
7944.2827
7960.7183
8010.0229
7926.1240
8100.0791
8107.9023
8137.5449
8204.4297
8098.5161
8225.7617
8240.1660
8254.2559
8239.6660
8323.0244
8223.6445
8246.0264
8268.3965
8172.6689
7340.6987
7345.3711
7424.6895
7417.1577
7483.9629
7298.6162
7132.6025
7043.0083
6887.7861
6638.5845
6639.9390
6658.0889
6450.9907
6400.2080
6535.4629
6396.2324
6350.0928
6371.7061
6417.9395
6547.0820
6762.9805
6961.7173
7146.5322
7328.9927
7391.3066
7346.5391
7360.2822
7582.2017
7603.1929
7563.8945
7543.3311
7559.7202
7679.1035
7825.2422
7804.6831
7699.6606
7558.4712
7628.1191
7709.1997
7534.6514
7528.4492
7732.5068
7737.5127
7862.5264
7834.2065
7841.9961
7944.4258
8033.1621
8031.2710
7984.6787
8070.6865
8052.8091
8158.2422
8183.3975
8257.4668
7970.2026
8024.3062
8016.9746
7939.8232
7902.3306
8011.0952
7989.3071
8007.4048
7942.1982
7888.2813
7923.1343
7887.8818
7746.5142
7622.2197
7650.3125
7572.6099
7687.1768
7620.4937
7644.2939
7622.4185
7349.4312
7390.1587
7403.6016
7546.0850
7449.5151
7424.0078
7489.3984
7560.6318
7564.7134
7758.3989
7723.4736
7746.4756
7782.8203
7781.6162
7834.1514
7763.4365
7715.0137
7891.3364
8000.4204
7927.8428
7957.2866
7971.0913
8023.2349
7983.7217
8018.7617
7205.4751
7204.7866
7231.8418
7241.1792
7369.9785
7353.5313
7184.0156
7163.1113
6871.4595
6718.7070
6536.7188
6521.5874
6370.7866
6449.2969
6417.4087
6526.0732
6565.0879
6871.9258
6728.1514
6767.7935
6754.7241
6883.1602
7064.7026
7233.5161
7304.1436
7302.7588
7489.9780
7601.1162
7524.4111
7566.7358
7748.8066
7812.2944
7756.6094
7845.0527
7773.0278
7717.6738
7709.5356
7625.2866
7433.0430
7568.1997
7596.0503
7623.2500
7693.9453
7770.5264
7813.0869
7846.6196
7932.3545
7932.4004
7938.7139
8010.9785
7926.9126
7961.0029
7954.3687
7922.4541
7881.6743
7744.3691
7836.5874
7815.9399
7832.1460
7832.2798
7815.6724
7753.3267
7759.3257
7751.7305
7760.7388
7741.8555
7708.9268
7450.6558
7489.5244
7473.9995
7356.3457
7287.1812
7279.8633
7086.0620
7052.5513
6914.9116
6891.5562
6860.0010
6889.4492
6712.5703
6758.5225
6737.8584
6899.3755
7173.9067
7240.6240
7277.5625
7068.0513
7135.2339
7044.0044
7170.7954
7437.1299
7561.8013
7664.2329
7768.7900
7693.7622
7679.4907
7757.7437
7803.7588
7776.1787
7814.4814
7021.2813
6985.8506
6963.1987
6997.5752
6880.1890
6914.6484
6908.4736
6822.9644
6874.7656
6922.6001
6694.0044
6583.2661
6571.8735
6640.8042
6767.2417
6682.9575
6750.7866
7170.7954
6956.0972
6924.8926
7035.1670
7270.9380
7329.0195
7506.5913
7502.2993
7412.0601
7670.3413
7691.3760
7823.9233
7943.3364
7889.5713
7902.2739
7937.2559
7847.5664
7861.0933
7874.8877
7954.2588
7882.7021
7805.0083
7710.6147
7693.6895
7809.3687
7871.7026
7880.5811
7945.3813
7925.7368
7797.5649
7950.3657
7961.9556
7892.9038
7880.8848
7820.2441
7816.5215
7671.5347
7758.3979
7821.0635
7828.5107
7766.7314
7702.8970
7745.5396
7739.7368
7746.7808
7612.9482
7601.5298
7669.5215
7703.5649
7534.9053
7493.7749
7539.9814
7307.2305
7293.8696
7087.1826
7060.8447
6878.9766
6914.4238
6665.1743
6687.0283
6540.8984
6421.6055
6461.9048
6352.2495
6419.8340
6359.8232
6369.7739
6539.7549
6614.9888
6628.8804
6797.4976
6953.4883
6948.2661
7010.8706
7170.7954
7159.9238
7655.1841
7609.3745
7542.7686
7687.8481
7532.3521
7614.3936
7483.1802
6958.9072
7170.7954
7009.9839
6877.8872
6920.9575
7016.9009
6816.6074
6880.9873
7103.2427
6807.7056
6899.7222
6728.0205
6679.8794
6905.2202
6748.8530
6678.4849
6861.7300
6878.9087
7075.5078
7170.7954
7458.8091
7525.4819
7514.6221
7569.4526
7594.4604
7705.6758
7884.8257
7862.8091
7975.5596
7952.3291
7972.0112
8085.6362
7977.1665
8035.0874
8090.6450
8236.8281
8263.1875
8142.6733
8052.8618
8082.0811
7943.2871
7932.4976
7917.7930
7925.2837
7935.9063
7799.4771
7862.7153
7888.5791
7828.5059
7569.3237
7589.3457
7549.6699
7403.2202
7552.6587
7624.4600
7571.2949
7473.3994
7604.1392
7576.3813
7551.1157
7534.7617
7572.0898
7591.1460
7673.0317
7591.7690
7605.3389
7504.4492
7340.0254
7195.8374
7179.1802
7246.1411
7205.5410
7085.6919
6956.7764
6685.3447
6527.5498
6411.5366
6322.5645
6416.6641
6405.0840
6241.6665
6303.0132
6081.3052
5897.3140
6047.4292
6240.5903
6391.0132
6571.4277
6727.5249
6956.7764
7045.6968
7183.6245
7271.9121
7366.7559
7420.9155
7505.7744
7348.7349
7436.5381
7576.6602
7510.7217
6868.4756
6881.9761
6874.1377
7073.3486
7033.3804
7072.9741
6930.6646
6778.4067
6886.4810
6733.4736
6883.3594
6746.6157
6704.7656
6597.2959
6631.2456
6744.9468
7006.3926
6890.5146
7053.5752
7484.3267
7562.7378
7723.1768
7736.7368
7714.1670
7930.1089
7957.9492
7954.1387
7995.2192
8007.5376
8020.2837
8163.9658
8087.9243
8178.8730
8264.1211
8239.5557
8237.9307
8202.3965
8195.9443
8077.8486
8036.2197
8036.9272
8096.1309
8170.4009
8071.2236
7923.1226
7904.8701
7937.5190
7899.2222
7867.3086
7739.6289
7571.2261
7717.0298
7728.1504
7494.5264
7528.0361
7475.2290
7438.1411
7481.1294
7433.3486
7513.9004
7478.5269
7696.9121
7702.1021
7617.3022
7552.3765
7334.4868
7317.0024
7327.2671
7277.5352
7336.4004
7297.0757
7286.3403
7201.2422
7108.1787
7020.9067
6655.4429
6424.0586
6335.2520
6480.8867
6162.9072
6058.2090
5994.2842
5984.9668
5710.8013
5896.3628
6045.0957
6340.6436
6616.2227
7021.6479
7108.1860
7105.9111
7182.9844
7191.1309
7206.4224
7227.5806
7323.2988
7313.5996
7333.6021
7347.7690
7381.4463
6987.6567
6900.7734
7128.6865
7080.3804
7635.1816
7511.0249
7322.2085
7070.1763
6883.8296
6947.7891
7069.4673
6817.4448
6785.7329
6642.3115
6683.5801
6791.5146
7017.6113
7230.1484
7447.1748
7560.5796
7715.9717
7844.6826
8043.9316
8158.5830
8002.4014
8091.2070
8034.9082
7977.3286
8032.5205
8139.5859
8173.4258
8293.2168
8372.6621
8256.3867
8281.2432
8274.6445
8258.5820
8277.8213
8260.0127
8283.1406
8213.2549
8278.2500
8172.0898
8217.2666
8197.4102
8007.7480
7875.1772
7678.6909
7766.2266
7602.9346
7491.4697
7681.4087
7524.4053
7456.7344
7410.9849
7247.9731
7315.0156
7346.5205
7416.3252
7444.1499
7571.6377
7461.9751
7425.7446
7409.7925
7276.9165
7362.3613
7456.8369
7462.8467
7442.6792
7325.2754
7333.4971
7191.0928
7194.4316
7001.5815
7023.2563
7007.6265
6397.8286
6124.1396
6083.2295
5823.7881
5901.1079
5691.7642
5874.1499
5648.3193
5719.4331
6064.7642
6956.7764
7086.8721
6963.3950
7015.5117
7046.4453
7117.4253
7126.0884
7093.9341
7161.5762
7201.0229
7189.4731
7159.5938
7299.9375
7289.2075
6866.7769
6982.0859
7159.0972
7466.3584
7581.2217
7685.4326
7573.3438
7364.6802
7094.8359
7017.1099
7047.7666
6983.8438
7078.3076
6908.7344
6954.9614
7079.8062
7334.1797
7496.4360
7788.5601
7802.0420
7933.7944
7919.0239
7981.8198
8088.8164
8257.7783
8226.0879
8188.0371
8207.0977
8249.4434
8207.8281
8269.1963
8275.0449
8315.3984
8453.3516
8510.8301
8366.6211
8257.2480
8212.3047
8271.0498
8144.5313
8247.7529
8262.8965
8166.7207
8164.2388
8150.2441
8022.9048
7767.3965
7698.1548
7682.5254
7651.9126
7672.6172
7814.4341
7673.6504
7657.0942
7528.6836
7343.3354
7409.6416
7317.5391
7267.8662
7247.5015
7252.7847
7343.5244
7322.9790
7312.4307
7306.0845
7214.8857
7407.1733
7410.7061
7349.2808
7420.9160
7289.8130
7224.0313
7202.2573
6965.1455
6482.9712
6192.8862
6043.2197
5885.4844
5801.7969
5872.8594
5622.5415
5622.7168
5619.9297
5774.3232
6956.7764
6971.4937
6966.4541
6956.7764
7029.4082
7038.8628
7064.3071
7061.8911
7042.0391
6956.7764
7015.6890
7005.5313
7033.4878
7109.3755
7101.6646
7087.9751
6987.5913
7104.4082
7068.3345
7556.1465
7567.5986
7602.8560
7438.0327
7492.1191
7547.6846
7476.7544
7156.3398
7123.7788
7008.8779
7061.5371
7307.9644
7468.7471
7508.3096
7568.5366
7770.3491
7968.2583
8131.6636
8111.0439
8242.8506
8303.3594
8414.1768
8260.6514
8195.2871
8110.1294
8231.3730
8313.2539
8255.0898
8231.9609
8259.9814
8394.1680
8213.6016
8186.2969
8240.5947
8227.9082
8064.1304
8035.4761
8252.6621
8243.9688
8026.8301
8063.8789
7957.5376
7733.8647
7440.4995
7159.2646
7036.0044
7135.6943
7237.2524
7363.0933
7550.3994
7588.5093
7490.3330
6977.2251
7141.9204
7004.3667
6967.3232
7067.2114
6918.1978
6873.8599
6905.2412
6864.8301
6777.0439
6961.5640
7049.2939
7091.5811
7093.0337
7118.7271
7071.9644
6975.1792
6988.6025
6423.0537
6267.6274
6194.2305
5981.2354
5848.6563
5729.0669
6029.9756
5821.2422
5618.6885
5619.2178
5618.6885
5753.0596
5941.7778
6091.2007
6175.0586
6156.5889
6135.9189
6115.3164
6255.6973
6278.9380
6451.7544
6459.5601
6695.7173
6825.2983
7126.0215
7117.6675
7296.3018
7607.3818
7682.4199
7758.2744
7808.9009
7727.7231
7742.8882
7695.3398
7706.4941
7616.6196
7547.3906
7520.7446
7523.8521
7422.2329
7170.7954
7333.4922
7468.6694
7665.1157
7714.3184
7783.4233
7942.6025
7969.9263
7881.3691
8112.0659
8116.6108
8043.5679
7998.4028
7954.5029
8092.5376
8115.2256
8140.3369
8301.5039
8473.3027
8415.6221
8397.7793
8252.2139
8292.1299
8206.1885
8212.4434
8268.2764
8249.4189
8238.0049
8106.9888
8094.3389
8006.0044
7963.8140
7840.9849
7752.4272
7474.9771
7225.3184
7029.7563
7055.7505
7054.4253
7170.7954
7128.1167
7115.1274
7086.3179
6909.5063
7000.4507
6862.4434
6751.7505
6680.3154
6748.2578
6851.6196
6632.2681
6729.5786
6644.5674
6685.6108
6776.5605
6755.4751
6661.1987
6638.9238
6584.4585
6422.7573
6165.8037
6115.3579
6023.3477
5760.6978
5781.2290
5759.2324
5625.7129
5618.6885
5619.5571
5618.6885
5618.6885
5618.6885
5618.6885
5645.3315
5619.6353
5619.4272
5618.6885
5619.6787
5678.3154
6083.2661
6160.1157
6425.6255
6551.5820
6855.4565
7065.4019
7185.6606
7328.0117
7906.9722
7948.8008
8041.3057
7958.6807
7872.9717
7796.1323
7794.3877
7788.8989
7749.3945
7816.8213
7783.9902
7768.7524
7722.8804
7757.8193
7846.8506
7967.9043
7960.7974
7925.2461
7951.4482
8096.9463
8024.6943
7985.5151
7971.5264
8202.3594
8154.1079
8166.7544
8283.4170
8311.3096
8497.0273
8497.8857
8469.6670
8518.3760
8556.2588
8392.2529
8308.6563
8311.1553
8318.6113
8267.9268
8373.2949
8249.9375
8226.4297
8135.3540
7951.2129
8016.2090
8015.4712
7954.9321
7928.1479
7848.2505
7653.5542
7395.9355
7170.7954
7068.1650
7170.7954
7074.8140
7170.7954
6901.3027
6842.6143
6700.1958
6670.4395
6644.9448
6695.6509
6648.6938
6758.9736
6585.3696
6478.5361
6621.7329
6502.8179
6643.1230
6850.7241
6538.4204
6412.6528
6434.8994
6182.7134
6258.1260
6282.1182
6050.5322
6088.6099
5709.9712
5618.6885
5618.6885
5619.8447
5625.3081
5618.6885
5618.9971
5618.6885
5621.4722
5619.3623
5620.2148
5618.8906
5619.6890
5618.6885
5730.1353
5966.6958
6290.3022
6570.5449
6956.7764
7064.3892
7181.6729
7156.6152
7182.5698
8207.4941
8222.4531
7936.4424
7871.4360
7737.3945
7746.6455
7756.8599
7825.4463
7840.8018
7945.1938
7835.5415
7820.6924
7782.3857
7955.3813
7947.7148
8005.9180
8094.1523
8186.4907
8254.3574
8173.1211
8073.1714
7975.4468
8184.6226
8241.2598
8246.7207
8245.6885
8408.8115
8490.8086
8564.0088
8566.8779
8605.7441
8529.2236
8510.3643
8484.7139
8265.4805
8254.5107
8259.2900
8230.7529
8248.5127
8217.0078
8172.8984
8072.4561
8090.4961
8097.6787
8191.5483
8125.4214
7925.0415
8052.3389
7948.2593
7750.3735
7618.8564
7117.4067
6981.1792
6959.7388
7018.1641
6897.2729
6847.7871
6772.9570
6996.8350
6697.7354
6725.5098
6697.9526
6969.6255
6625.3325
6514.9399
6617.3784
6353.2920
6289.9531
6420.9380
6435.0728
6279.9883
6413.2773
6471.6016
6956.7764
6410.8301
6056.0078
5708.9351
5674.5308
5621.8555
5618.6885
5618.6885
5620.3706
5618.6885
5621.9316
5621.8979
5620.9614
5624.6519
5618.6885
5618.6885
5618.6885
5798.8804
6175.7349
6449.5552
7023.7148
7123.8906
7120.2334
7117.1558
7106.7173
7092.4502
7105.9097
8440.5957
8307.0166
8200.1465
8070.0483
8050.3652
7953.5693
7927.1655
7986.9639
7931.0615
7855.6953
7771.6309
7629.3306
7827.5918
7827.8833
7952.7246
7970.1113
8065.6128
8225.8799
8250.4785
8479.6797
8438.8516
8252.3711
8190.4873
8199.4297
8319.7666
8269.4189
8336.4121
8342.9629
8506.4707
8600.7705
8582.0605
8570.4746
8587.3281
8568.8145
8423.1982
8352.0342
8260.8721
8203.8203
8249.7949
8232.3262
8203.2266
8198.4316
8235.3555
7998.4526
8079.8740
7947.6450
7905.4019
7933.8818
7900.0317
7924.1846
7833.2061
7494.9268
7021.0342
7138.6211
7098.7090
6907.4058
6998.8682
6703.8130
6531.8564
6547.1699
6425.2822
6565.6396
6543.0713
6598.8091
6444.5815
6657.4492
6279.2080
6222.2021
6315.6411
6289.9233
6153.2852
6319.0415
6255.8564
6318.5977
6219.6660
6069.2446
6053.9805
5709.6997
5618.6885
5647.7305
5620.8960
5619.8188
5619.4570
5618.6885
5619.2026
5618.6885
5620.3823
5623.4399
5618.6885
5670.1250
5836.3726
6200.6719
6970.6426
7100.8643
6956.7764
7010.5669
7116.6841
6784.4624
6684.4209
6699.0098
8324.1553
8272.8447
8145.2505
8231.4863
8138.3672
8034.8550
8034.7861
7866.1934
7921.0596
7925.4268
7889.1646
7869.2168
7791.7949
7938.9097
7924.8691
7960.1187
7990.4229
8069.8354
8261.2676
8393.2520
8229.0342
8149.5889
8125.2241
8203.5566
8163.7046
8269.5723
8230.0166
8357.9355
8437.2725
8531.3037
8529.6699
8569.9717
8585.1582
8468.9072
8330.2090
8263.0313
8221.8447
8191.5508
8093.7803
8143.8408
8039.8311
8050.1387
8091.0591
8069.3188
8080.7974
8013.1611
8070.4033
8120.8931
8216.7539
8145.5176
7973.4775
7801.6445
7468.7603
7169.8140
6933.7319
6880.7441
6656.4653
6603.9536
6533.1479
6352.9043
6344.3901
6370.2285
6281.4282
6259.8247
6174.6309
6323.2378
6169.0962
6067.5298
6239.8013
6511.5771
6324.4272
6260.1753
6166.1387
6380.3979
6258.2739
6270.5684
6038.3540
6152.6685
5992.4697
5777.4233
5622.3667
5618.6885
5618.7627
5619.4116
5619.6538
5623.2822
5618.6885
5618.6885
5618.6885
5623.1050
5662.7061
5992.9077
6118.6514
6155.1138
6249.5566
6290.6704
6302.2119
6326.4556
6469.4595
6598.9370
8237.7920
8186.9048
8073.8203
8094.3833
8085.9077
8079.6890
8067.1484
8026.4922
8071.3452
8067.3721
7926.5933
7934.2075
7949.9663
7941.1064
7881.4614
7951.6982
7917.1885
8054.0981
8200.7754
8236.5771
8161.0093
8244.4912
8225.0996
8218.0244
8283.8672
8261.1025
8319.3174
8525.9170
8584.9473
8571.5684
8568.7939
8519.0605
8514.4307
8561.4268
8428.8613
8210.1777
8117.7505
7941.3018
8133.3970
8139.7832
8230.9023
8110.1475
8158.4829
8219.2813
8192.5527
8132.9487
8066.1587
8196.3896
8179.1265
7897.4063
7917.0713
7739.4888
7465.8032
7316.7090
7019.1890
6757.6475
6760.9863
6520.5078
6425.4390
6429.7095
6364.7876
6384.3618
6245.5200
6333.6846
6253.0200
6394.8330
6255.6987
6093.5576
6307.2651
6185.4180
6338.7285
6098.1401
6053.4248
6112.4888
6210.7451
6158.9419
6261.2783
6503.3208
6956.7764
6040.5015
5929.2051
5927.5225
5947.4941
5704.2510
5672.8101
5620.6338
5618.6885
5618.6885
5619.3345
5618.6885
5618.6885
5618.6885
5618.6885
5618.6885
5754.3931
6043.9297
6033.3213
6166.3745
6138.4780
6160.9600
8193.0361
8247.5361
8239.5762
8282.4072
8258.3438
8216.8203
8160.1494
8251.6758
8213.8340
8083.1226
8067.6016
8133.7261
8021.6616
7883.7642
7765.5483
7884.9468
7911.0708
8051.7666
8041.2036
8197.7451
8243.8721
8278.5859
8291.3369
8237.4600
8244.0498
8301.6445
8425.2295
8338.7441
8337.9160
8397.4521
8284.6025
8355.0410
8421.8633
8245.5195
8032.4995
8089.6255
8011.7368
8068.2300
8066.0894
8084.8809
7994.7979
8015.4502
8090.9600
8025.1699
8147.1689
8176.0435
8068.7070
8049.5049
7841.6616
7882.5063
7841.6846
7737.9585
7521.8823
7473.1914
7340.1514
7198.1250
6950.7476
6713.7603
6543.2134
6502.1719
6571.2891
6633.6519
6381.0425
6324.5186
6145.4878
6132.6890
6155.2793
6176.2710
6084.4590
6068.8062
6064.3779
6139.6782
6046.5186
6232.0708
6397.7490
6607.1602
6956.7764
7017.7964
6956.7764
6978.5923
6956.7764
6956.7764
6206.1030
6016.2393
6053.9351
5779.6079
5668.0669
5619.1548
5621.2305
5619.7803
5620.2554
5619.8867
5620.3081
5618.6885
5664.6206
5755.4829
5913.1846
5885.4575
5905.0181
6079.0190
8245.3652
8298.9658
8275.4854
8210.1045
8086.7808
8064.1963
7941.8184
7953.6821
7950.9473
8098.9468
8196.1172
8207.4902
7993.1411
7992.6655
7989.9658
8168.9292
8197.6514
8237.4414
8183.2871
8400.6221
8345.3916
8390.3105
8346.3076
8272.7539
8249.0029
8429.5205
8411.5781
8339.5518
8111.8950
8188.0327
8249.2949
8258.2139
8329.9766
8370.2988
8229.6953
8311.5176
8323.0469
8241.2139
8095.3818
8058.6226
8217.7988
8093.0093
8204.9004
8217.8145
8231.3545
8232.5811
8127.6909
7941.3345
7842.8613
7733.9648
7572.5376
7434.4492
7498.7021
7414.5527
7335.5903
7190.2109
7166.9531
7068.2651
6920.3813
6759.3184
6700.8027
6554.2388
6588.0854
6266.2622
6223.8706
6261.6987
6100.6978
6046.7969
6181.0986
6349.5732
6216.1060
6166.1182
6406.3423
6593.2437
7105.8276
7187.0781
7223.6592
7184.1323
6956.7764
6847.6016
6907.6191
6956.7764
6965.0854
6956.7764
6301.9692
6181.7241
5994.4487
5891.1660
5852.5752
5939.9585
5950.8037
6014.0298
6057.4785
6107.1318
6000.6172
5907.1899
5975.4756
5965.9385
5932.4380
6124.3633
8283.8047
8238.0225
8212.6328
8210.8877
8255.5176
8242.4033
8219.1621
8111.7598
8246.0088
8229.4424
8221.7207
8249.9023
8223.5967
8255.3252
8268.8057
8185.5942
8291.8281
8041.9492
8235.8438
8411.1465
8386.2871
8347.3633
8421.1162
8452.8027
8465.6504
8363.5723
8359.0420
8348.5889
8322.3174
8304.6299
8367.2129
8317.6494
8290.8711
8330.1494
8306.3818
8239.0156
8276.2178
8226.8125
8319.4678
8262.6641
8351.0459
8332.2188
8267.6074
8369.0908
8257.3828
8269.7695
8195.2139
7918.8784
7581.0981
7475.6348
7452.7729
7390.2681
7302.1157
7211.3115
7291.4795
7302.7480
7271.1401
7327.2725
7265.7573
7178.8833
6858.6177
6706.9233
6457.8579
6425.8193
6417.3486
6099.7935
6152.2061
6242.0522
6167.8018
6339.6563
6534.1108
6489.6304
6613.5825
6956.7764
7029.9858
7172.1973
7176.1094
7188.0029
7210.9336
7176.5493
7132.0884
7102.3989
7070.3218
6956.7764
6958.4380
6573.7656
6385.3364
6235.8169
6156.8467
6302.3979
6990.2949
6956.7764
6978.1836
7038.9434
6661.9609
6350.3271
6279.7061
6193.6235
6302.8408
6529.3467
8394.7002
8226.8223
8228.9355
8382.1309
8302.4268
8417.9941
8439.2168
8396.9453
8320.3838
8384.2041
8499.9922
8371.8857
8362.4092
8429.2061
8470.3975
8459.1270
8376.0283
8322.4824
8318.8223
8349.7490
8299.7285
8265.4131
8333.9600
8247.1553
8223.3232
8175.6089
8254.4580
8273.6211
8285.3174
8205.3574
8262.2471
8184.6831
8071.8208
8197.3887
8252.4395
8192.4072
8309.1699
8345.3164
8285.4424
8446.8799
8385.8047
8221.3496
8187.4883
8180.9531
8102.8608
8012.9263
7995.6792
7831.4966
7790.4775
7589.0664
7528.4507
7496.1187
7443.7407
7471.5547
7472.9526
7437.2861
7224.0454
7312.5981
7242.9634
7218.0386
7176.1392
7048.7573
6956.7764
6752.2715
6631.7354
6520.7563
6409.6919
6532.5859
6544.3633
6620.6074
6956.7764
6956.7764
7006.5493
7084.8423
7181.6455
7209.4878
7185.8203
7158.7051
7221.1802
7177.4116
7186.0137
7185.5903
7173.7681
7087.2422
7107.8872
6963.9253
7022.0098
6956.7764
6956.7764
7013.4175
7015.4424
7073.6348
7183.8379
7051.6240
6962.9648
7008.8516
6693.4751
6502.1172
6517.6899
6453.7378
8304.5166
8397.4180
8283.8652
8283.2119
8292.5195
8353.2441
8441.7051
8464.1455
8493.1572
8485.1396
8598.0742
8601.0205
8597.8271
8650.0410
8485.2441
8367.1680
8396.5557
8364.6836
8416.1611
8365.5586
8339.1641
8271.4922
8182.1753
8273.9355
8298.4834
8364.2402
8410.6270
8305.7109
8347.0439
8355.9932
8322.1299
8319.8105
8145.6899
8279.4277
8270.4932
8318.3994
8448.3379
8362.8857
8298.1807
8468.2334
8273.0957
8213.6982
8249.6016
8258.7832
8083.0737
8148.7915
8102.6162
7966.0200
7875.5835
7900.7290
7924.9336
7818.0786
7699.7876
7702.0630
7566.7319
7610.7271
7503.6519
7480.3491
7406.1753
7403.6245
7320.6362
7307.6104
7169.5649
7166.6509
7084.6787
6956.7764
7025.2603
7067.5605
7104.8462
6956.7764
7078.7808
7053.1763
7198.4717
7274.0142
7211.3203
7208.0313
7210.7539
7204.2012
7136.6572
7080.6938
7150.5098
7192.2383
7156.5615
7124.5796
7169.7183
7195.7427
7185.3516
7200.1118
7169.2490
7210.8857
7162.0693
7206.4624
7198.9751
7139.3140
7241.5718
7222.9204
7248.3042
6793.9780
6643.6333
6698.1694
7983.7847
8296.4072
8480.4023
8466.1143
8477.0479
8437.0684
8434.7656
8235.6816
8295.7813
8252.2607
8461.6475
8583.7461
8597.5615
8559.0166
8433.1123
8462.3096
8328.3252
8419.0840
8340.6172
8456.0322
8586.6309
8589.4248
8508.1865
8534.2402
8564.5732
8433.6484
8503.7803
8553.5674
8521.2256
8491.9863
8397.9434
8412.0625
8365.3496
8365.5283
8289.3047
8194.0498
8243.5137
8202.8369
8209.7100
8317.8984
8339.2119
8430.8311
8255.6748
8252.4082
8237.5947
8161.6841
8077.3169
7898.4463
7964.7036
8015.3398
7963.1611
7820.9028
7640.0786
7705.3398
7541.4780
7492.7485
7605.7427
7544.1709
7481.0376
7412.9097
7299.7397
7111.4326
7174.8721
7180.6104
7153.1514
7190.5376
7199.0088
7178.5234
7200.1128
7130.1362
7187.7510
7099.5181
7044.7959
7197.3667
7290.2070
7184.8613
7221.9272
7191.5674
7210.5244
7203.5698
7317.4717
7204.0972
7223.1313
7211.3911
7273.1294
7324.6045
7215.1587
7085.8149
7099.8418
7083.3491
7093.3818
7126.0659
7199.4458
7268.7002
7220.3643
7212.9287
7193.5996
7058.3794
6956.7764
7093.8794
7136.9814
8267.5645
8246.3008
8280.1475
8347.5127
8360.4072
8398.4863
8520.3613
8484.4854
8508.3008
8586.5576
8531.6533
8574.6270
8604.0322
8704.4180
8620.8721
8716.7275
8663.0195
8744.8848
8677.4346
8581.2559
8709.6230
8732.4648
8702.1514
8603.2139
8570.4121
8549.5146
8573.8936
8496.2480
8486.2285
8603.0303
8586.7217
8550.1357
8434.8975
8402.6035
8319.8838
8333.8428
8234.1016
8195.9688
8170.6973
8100.7832
8276.2227
8285.2207
8352.3896
8248.2832
8248.2090
8246.8623
8121.5342
8148.9932
8081.0747
8034.4063
7964.6655
7806.7734
7737.7485
7556.4341
7458.6411
7319.8491
7410.5581
7490.5552
7458.4434
7398.6299
7412.6479
7316.3071
7259.2705
7211.0503
7281.0581
7189.0288
7173.8369
7212.5786
7308.0400
7311.0186
7151.5117
7265.9839
7314.7534
7168.8047
7192.0063
7055.6353
7142.6563
7061.4800
7140.3018
7177.2998
7162.5249
7210.6602
7206.9678
7220.9312
7205.0518
7183.9336
7079.0796
7089.9473
6956.7764
7088.9175
7121.5195
7197.2515
7171.4844
7095.7822
7090.5815
7171.3008
7190.8623
7185.2246
7198.3022
7119.3154
7577.6650
7966.0767
8250.7568
8342.1865
8255.4316
8307.8525
8294.0010
8266.0303
8334.4609
8498.7813
8599.7549
8572.3311
8710.6963
8772.2363
8800.2236
8738.9141
8771.0186
8788.2773
8756.2666
8783.1729
8767.7441
8729.2637
8711.0068
8669.9521
8641.0166
8607.7617
8575.9834
8463.2959
8465.8184
8567.9893
8574.5137
8515.7881
8406.2725
8270.8301
8213.1113
8073.7168
8173.2441
8060.7617
8149.9351
8238.2910
8384.1064
8188.9961
8234.6455
8197.2295
8183.5391
8204.4805
8250.3262
8213.2773
8069.7275
7919.9575
7874.9058
7848.8555
7848.0996
7611.2163
7456.5454
7248.6108
7298.2090
7314.3413
7478.8179
7583.7246
7449.5552
7482.7065
7362.1143
7393.4731
7202.3442
7017.7388
7084.3579
7179.0176
7097.8457
7170.2280
7143.7778
7247.7173
7198.8223
7179.6675
7198.7437
7178.6011
7181.6128
7104.6064
7205.4238
7180.9321
7164.2573
7285.1890
7332.7822
7184.7578
7107.4766
7081.5469
7181.1489
7195.9248
7201.4199
7177.8774
7317.5649
7212.8164
7228.5576
7147.2529
7192.5288
7183.8164
7189.5479
7222.8257
7322.5039
7123.8501
8168.3262
8227.1777
8303.5479
8400.0176
8440.7451
8303.6309
8365.2617
8437.5557
8323.7490
8490.4600
8432.3564
8559.7910
8576.6406
8713.4375
8828.9590
8805.6982
8754.2217
8639.8389
8777.9756
8761.0723
8701.2090
8598.3916
8690.4814
8767.6318
8788.4922
8758.7803
8697.8330
8543.7051
8617.7129
8636.8428
8583.9668
8494.4990
8409.2471
8292.0244
8345.8486
8258.5830
8238.9678
8197.0703
8291.9844
8238.6982
8035.5088
8109.5869
8173.8081
8209.6533
8154.7251
8066.7910
8142.3394
8010.9556
7974.9043
7974.9448
7985.0215
7923.1191
7867.1758
7871.1206
7710.4541
7542.0273
7519.7773
7461.7588
7447.8281
7486.4971
7379.1113
7489.4448
7386.4541
7202.8599
7190.2705
7259.0220
7202.2759
7156.2456
7186.8213
7186.8320
7205.8765
7209.5024
7117.4658
7033.2529
7107.9976
7095.0127
7013.8984
7080.2993
7143.1265
7185.7725
7194.3374
7195.8818
7193.1279
7286.6943
7310.3306
7315.1089
7369.6890
7320.0957
7321.7402
7409.0298
7405.9604
7424.2847
7257.8945
7291.8921
7328.2446
7388.3145
7422.7100
7354.1362
7470.7358
8219.2813
8266.9150
8408.0801
8394.3457
8361.0078
8388.9453
8386.9258
8445.5693
8506.4834
8480.4795
8458.4727
8508.8203
8500.0117
8547.1455
8615.7959
8614.9170
8616.7949
8729.5762
8712.7598
8701.4131
8786.1592
8807.6484
8749.9648
8603.4834
8764.5498
8764.7256
8764.0176
8615.0732
8757.8857
8752.4482
8807.5938
8726.7510
8535.5352
8384.9727
8355.3682
8305.5117
8203.8818
8301.2500
8272.3105
8270.4102
8260.6328
8200.1748
8192.0781
8086.0732
8095.9561
7997.7227
7997.1289
8023.7554
7906.4399
8044.5732
8075.3647
7951.0586
7960.9526
7870.3188
7787.3472
7688.4380
7568.9033
7544.4409
7486.0991
7585.2773
7597.2456
7583.8623
7546.3125
7407.4663
7242.5557
7211.8979
7225.8950
7180.4399
7130.2500
7058.3481
6981.0469
6892.4028
6693.4590
6662.5601
6683.7764
6689.2817
6643.5405
6674.0396
6750.0474
6797.6484
7036.9355
7105.0073
7214.7134
7298.8096
7328.0566
7307.4243
7287.5200
7294.7856
7259.1094
7399.7695
7584.3110
7642.3652
7675.3789
7599.2144
7440.4595
7453.2642
7446.1128
7418.9014
7431.9536
7346.0103
8302.5957
8375.2002
8492.3115
8426.0244
8370.2725
8327.7920
8256.2949
8292.7842
8484.9521
8424.2217
8290.3574
8296.1172
8466.4258
8532.4336
8580.3672
8555.2832
8675.5596
8599.0996
8738.0684
8768.2695
8745.0811
8748.9082
8623.0645
8585.7285
8564.5732
8721.5117
8686.1221
8724.1270
8537.2803
8559.5430
8590.0254
8496.1963
8493.2139
8487.0137
8410.9063
8331.5781
8321.6240
8336.1543
8285.4746
8220.8945
8258.3760
8230.9746
8259.3828
8442.6523
8293.9131
8204.9766
8179.6055
8046.7910
7982.0859
7913.8896
7965.6177
8039.5029
7913.3760
7854.0630
7861.8013
7854.5132
7707.7666
7738.4688
7781.4722
7723.9595
7718.1533
7605.8970
7302.9575
7122.3188
7073.5840
6906.6021
6831.2314
6781.4624
6886.5420
6703.1177
6576.7393
6572.9258
6459.7241
6547.9775
6610.9121
6702.4414
6653.3364
6552.9673
6740.9106
6848.4097
7035.1450
7163.3965
7179.9380
7205.9380
7141.4648
7180.4761
7204.3770
7255.9731
7291.9141
7318.2275
7292.2324
7256.2656
7187.9819
7342.0200
7226.0952
7316.6279
7383.3765
7433.8354
7416.6880
7450.6675
8329.0117
8257.5576
8303.0439
8304.7988
8365.9834
8347.8936
8375.3818
8248.3867
8339.3779
8321.3662
8201.1348
8361.1865
8441.1006
8488.9971
8445.1182
8519.7676
8539.9795
8571.7080
8617.4688
8615.9639
8628.2080
8602.8525
8572.7803
8595.0830
8583.0029
8730.5840
8781.7539
8763.2920
8683.3936
8686.0137
8515.8555
8502.4688
8541.4443
8527.5664
8473.8496
8346.4873
8251.5918
8262.0029
8216.6914
8225.7920
8132.2158
8036.0815
8194.8516
8252.8477
8326.5762
8264.7891
8187.5918
8105.9766
7991.2197
7890.6177
7955.0884
7958.1802
7936.5776
7849.7300
7874.0947
7783.6455
7852.9351
7737.4385
7767.6611
7751.5347
7627.5483
7599.2305
7515.3491
7421.5869
7170.7954
6986.2349
6773.5786
6700.5215
6561.8657
6547.3750
6597.6826
6370.2319
6452.0562
6408.4380
6541.0913
6526.0557
6455.1758
6650.2031
6832.9375
7177.9966
7212.9063
7208.6587
7185.7397
7300.0522
7197.8501
7082.6646
7115.6670
6956.7764
7137.4155
7298.9023
7307.1211
7287.4834
7400.7593
7436.2930
7364.3652
7580.8115
7589.2422
7559.0239
7464.2842
7578.1455
8386.0986
8496.8350
8505.0420
8557.9238
8581.6279
8476.4697
8470.4629
8418.5938
8313.7793
8330.2285
8487.8535
8481.8945
8459.0938
8481.9629
8586.0586
8601.9922
8716.6348
8760.8066
8665.8574
8688.0234
8568.0996
8602.1660
8582.1172
8594.0469
8718.8838
8714.3291
8606.1777
8710.4180
8608.0537
8381.8730
8246.7490
8263.0684
8198.2734
8261.8486
8379.9160
8398.0127
8182.1089
8225.2207
8107.1865
8151.8271
8201.8311
8181.2559
8254.8242
8264.5391
8265.1680
8326.4697
8241.1777
8109.5786
8098.9692
8008.2944
7976.9199
8073.7852
7965.8330
7852.6885
7896.4336
7900.9854
7866.7603
7756.0620
7621.0806
7582.1831
7398.7378
7389.6079
7408.3711
7548.6694
7445.3960
7302.9712
6886.1270
6703.5181
6465.7051
6391.7783
6367.5186
6288.4897
6426.1377
6625.7441
6552.0742
6454.2271
6458.8979
6744.6958
7149.9902
7256.6538
7241.8975
7286.6787
7253.9932
7159.2612
7187.8857
7164.6001
7182.1816
7200.7744
7237.5928
7285.1016
7362.8701
7288.9136
7240.9829
7425.2212
7417.6265
7490.1309
7580.5039
7680.7290
7642.5952
7583.9995
7170.7954
8563.2178
8587.7256
8349.6182
7170.7954
7160.8306
8642.7168
8732.8633
8609.1650
8580.2178
8506.2900
8488.0332
8497.7070
8508.7920
8556.9336
8608.4902
8669.3740
8727.0176
8750.6387
8607.0527
8442.3740
8559.3496
8497.8760
8591.7197
8589.6367
8587.1143
8474.8105
8513.2129
8417.1670
8283.4170
8280.4609
8239.8789
8228.0820
8289.4248
8333.1328
8275.7158
8324.9053
8392.8037
8205.5537
8169.3677
8075.2241
7966.1885
7921.8682
7989.0459
7868.2671
7953.6997
7994.1104
7909.8291
8132.9189
8079.7739
7932.1597
7901.9043
7807.4805
7804.7808
7758.2642
7828.2441
7792.2725
7742.8413
7710.9595
7516.7144
7516.3906
7534.0762
7466.4556
7446.6685
7313.4751
7116.2681
6956.7764
6716.5752
6489.2490
6685.7222
6522.3345
6330.2412
6333.3379
6450.7876
6452.9185
6493.6504
6710.8638
6996.4648
7097.1650
7186.6572
7182.1089
7197.5972
7304.1143
7316.5981
7247.0498
7192.5986
7281.8149
7232.7505
7389.2456
7381.6558
7492.8726
7463.3779
7608.1226
7660.8906
7665.1904
7768.2383
7757.2100
7918.1343
7974.4648
7803.6260
8681.9424
8758.3730
8671.3350
8611.8564
8532.0254
8459.9189
8419.0957
8503.1543
8521.3418
8509.0371
8586.3584
8580.7832
8581.7236
8386.3818
8550.9170
8573.0215
8600.5889
8530.8613
8672.6504
8546.2100
8570.3047
8553.9150
8570.9482
8510.4824
8588.0313
8543.7764
8384.9209
8315.0244
8477.0029
8514.8174
8459.3164
8381.1504
8323.3311
8319.3145
8250.9307
8240.2109
8208.5313
8198.9131
8190.8535
7905.8457
8143.6299
8234.9365
8245.8213
8187.8145
8126.0854
8039.9629
8096.2900
8258.5410
8220.7998
8161.2998
7903.5791
7902.7539
7946.5610
7864.1538
7851.4414
7865.3599
7837.0420
7847.5552
7743.2832
7698.9277
7571.4321
7466.9478
7232.4932
7203.3848
7189.9526
7121.3735
6959.2476
6966.9414
6622.3003
6601.7275
6398.5737
6388.3755
6354.9478
6510.5615
6409.2939
6591.8726
6956.7764
7040.0132
7002.4170
7031.2686
7023.8452
7173.7109
7201.1987
7206.0059
7231.0039
7196.1230
7155.1851
7300.2856
7433.0215
7460.4570
7418.1118
7539.8765
7405.7378
7563.0454
7716.6011
7786.7354
7844.7915
7928.1533
7874.7495
7952.0337
8761.4463
8690.5986
8606.0996
8500.8936
8441.7021
8389.5176
8218.8125
8407.7627
8325.4209
8420.3115
8590.8008
8612.6729
8571.0400
8588.7891
8592.6494
8653.8721
8596.2773
8668.8984
8726.2529
8751.0879
8669.2744
8645.0586
8706.9326
8597.0156
8417.4668
8485.2432
8597.5059
8567.7217
8504.8242
8545.1143
8460.6016
8523.4482
8537.6406
8494.4424
8419.5742
8485.6807
8412.2539
8290.0469
8254.6533
8232.2432
8351.7393
8265.3779
8446.9590
8352.9121
8246.9131
8256.3057
8273.4863
8248.3438
8172.9131
8111.9561
7894.1450
7908.1006
7834.8872
7837.2178
7780.1660
7728.4082
7574.1328
7428.2271
7335.4248
7267.1338
7283.0571
7306.5981
7318.9229
7216.2441
7195.9302
7117.5493
7165.0933
6956.7764
6705.0781
6646.9810
6467.1157
6416.7080
6408.2134
6285.7910
6481.6694
6628.4609
6956.7764
7004.9263
7184.2231
7260.9609
7295.2017
7426.4937
7367.3374
7519.9019
7450.9429
7437.5454
7460.8130
7430.3882
7418.6885
7328.0117
7458.3813
7513.2871
7578.4727
7709.2363
7760.4395
7811.8364
7763.0591
7896.2451
7819.0762
7903.3384
8476.2666
8590.9375
8513.3760
8392.8789
8374.8398
8412.8848
8234.5254
8353.7881
8255.8271
8352.6328
8461.1484
8549.8818
8570.5488
8621.6816
8711.2617
8712.5732
8755.5684
8761.8086
8797.6436
8757.7188
8770.7959
8629.4141
8588.9951
8580.3281
8558.2666
8438.3125
8490.7588
8494.8701
8496.9707
8498.0244
8494.8994
8476.7891
8361.0459
8501.6260
8527.7021
8513.2725
8509.4795
8481.5840
8440.6035
8397.7998
8425.8652
8235.1758
8346.2490
8226.5381
8063.3174
8006.8511
8097.8979
7956.0942
7965.3706
7971.1563
7926.2036
7916.3667
7846.0327
7751.0503
7593.2896
7523.4688
7253.8926
7192.1953
7188.2959
7085.0029
7053.8828
7148.9023
7171.9355
7192.3857
7209.0962
7134.3872
7105.2007
7050.1626
7016.1841
6956.7764
6956.7764
6755.1328
6650.6274
6483.8843
6613.5557
6729.3984
7049.0454
7257.8022
7312.5132
7366.5894
7553.1172
7586.1577
7444.3091
7511.8569
7517.5537
7486.3135
7429.3799
7349.9531
7397.0083
7309.2114
7447.1865
7490.5049
7531.9849
7604.9365
7700.4473
7828.5996
7840.7515
7913.7119
7952.7666
7897.9082
8423.3564
8259.2744
8250.2324
8341.7412
8254.8945
8186.5977
8267.0469
8258.7119
8033.0034
8239.5029
8405.5537
8517.8760
8582.8564
8601.4492
8499.3730
8666.7412
8799.0820
8850.8535
8821.6846
8730.4346
8729.9268
8602.4287
8579.7598
8502.5732
8349.1992
8580.1035
8621.1064
8582.1484
8549.7900
8600.2891
8502.5586
8542.1045
8361.7041
8334.8535
8354.6563
8507.8730
8501.2998
8571.6729
8469.0625
8333.3271
8269.8281
8256.9658
8190.8945
8174.0757
8016.3516
7936.8042
7842.0981
7698.1787
7820.9492
7836.9482
7778.6323
7725.4688
7650.9736
7580.6465
7464.1963
7381.1528
7237.9912
7210.0405
7092.4644
7027.4644
6881.7256
6734.1309
6700.1636
6664.6226
6703.8452
6733.5518
6727.2480
6741.1582
6804.4639
6826.9824
6877.2407
7022.8262
6886.1099
6956.5210
6921.3398
7210.1162
7441.2729
7618.0649
7704.4009
7742.3857
7735.4883
7755.1860
7648.6606
7517.8052
7562.6958
7598.9258
7481.6533
7484.2485
7442.9209
7355.1909
7191.1748
7334.9854
7525.1816
7639.1128
7586.1880
7683.9443
7821.9189
7955.8647
7921.9287
7939.1406
8391.3486
8190.6069
8199.1934
8040.5371
8174.6216
8230.7432
8256.4463
8416.0830
8416.5605
8505.0859
8510.2656
8574.7490
8590.6084
8595.3467
8571.9219
8605.5469
8739.5195
8744.2568
8721.5850
8603.8691
8748.6572
8678.0771
8743.0420
8636.7461
8539.6445
8593.4082
8670.7744
8578.8359
8535.2002
8513.6133
8564.3398
8411.9023
8363.0029
8256.9434
8221.4385
8255.6260
8263.7539
8315.2979
8391.1514
8266.5381
8258.9668
8015.9517
7953.4746
7819.3198
7910.7524
7915.1079
7915.1631
7832.3970
7925.0493
7818.6670
7689.2495
7465.6523
7153.9761
7068.9731
6990.2974
7003.6104
7010.2144
6880.6406
6784.8218
6785.3545
6793.0454
6953.6782
6707.9341
6685.2764
6647.2471
6794.3042
7019.0996
7031.2461
6972.4424
6868.6299
6873.5400
7015.9824
7170.7954
7122.0308
7430.5283
7496.1792
7452.4766
7586.9897
7743.3457
7916.6929
7962.7798
7952.3398
7866.6191
7824.5010
7785.0166
7792.3511
7743.9214
7702.2183
7488.9634
7507.8569
7564.4663
7657.1392
7747.6616
7779.8628
7748.8623
7919.8657
7925.4668
7940.5610
7968.4077
8009.7744
8430.6318
8387.8105
8271.7646
8405.8945
8415.0938
8430.4287
8482.5615
8519.7852
8492.3623
8596.5273
8554.3398
8559.0146
8621.8779
8710.6230
8785.3018
8769.5859
8814.6318
8753.7559
8770.6543
8735.8203
8737.0439
8723.1211
8699.3594
8728.1797
8609.0049
8597.4580
8618.0566
8694.8594
8603.4053
8569.1406
8438.7842
8361.0898
8464.6064
8435.5107
8306.7217
8279.5771
8272.6494
8198.4521
8223.4707
8262.7402
8084.3701
7947.1270
7986.5474
7947.6060
7949.6865
8141.2764
8059.3643
7991.1294
7949.0732
7924.7119
7919.4644
7741.6147
7426.8457
7092.0020
6989.5610
6785.0908
6780.4180
6669.8516
6768.9561
6776.6152
6706.5649
6882.0107
6756.2002
6880.6523
7082.8491
7167.0581
7417.6763
7623.0874
7170.7954
7136.9771
6969.1851
7095.9141
7170.7954
7446.1924
7706.6431
7820.1743
7893.7876
7964.7656
7942.1821
7889.1055
7908.7383
7868.6333
7749.9712
7734.4468
7482.1924
7575.9668
7671.7090
7577.6040
7587.1753
7752.6792
7899.2954
7939.2432
8095.8042
8182.4102
8206.3750
8170.4653
8163.6987
7952.1230
7863.5444
7963.3086
8377.1729
8289.6982
8520.3535
8589.9395
8573.4160
8553.8379
8656.6699
8607.3926
8601.4453
8524.6982
8593.1201
8531.3613
8646.9658
8769.4854
8734.2852
8572.6924
8689.9541
8775.9453
8729.1904
8672.8711
8757.0146
8641.7305
8649.0859
8488.9814
8558.3359
8535.5107
8415.3613
8495.9951
8493.4717
8496.9326
8435.1738
8319.8877
8244.9893
8078.5698
7769.5615
7860.4961
7975.9771
7916.6182
7966.9580
7972.7280
7959.9736
7985.5767
7997.4146
7946.1074
7900.5151
8186.2500
8105.0781
8263.0820
8179.6553
8198.3428
8195.3877
7981.3252
7743.6533
7474.2944
7170.7954
6928.4561
6776.0527
6674.6519
6661.9873
6600.9272
6578.6680
6616.2520
6763.4995
6919.5420
7169.5586
7013.1157
6969.2676
7170.7954
7313.8760
7252.2739
7198.4888
7139.8198
7968.6523
7884.9541
7993.3184
8041.4204
7961.9277
7948.2891
7858.6934
7918.2754
7846.5786
7755.4624
7538.5059
7670.9224
7735.6118
7739.8574
7735.2495
7755.4951
7728.7832
7836.7188
7946.9131
8013.0635
8024.6709
8093.9023
8244.0557
8253.5293
8251.9141
8274.3633
8129.8789
8063.4951
8392.5000
8514.1582
8537.0889
8595.9980
8662.8750
8599.4834
8533.7988
8555.9111
8600.5313
8530.7197
8609.2764
8559.0449
8544.8320
8654.4287
8705.9834
8751.9473
8705.0547
8691.4268
8725.6582
8626.9727
8608.9336
8702.7852
8528.5332
8492.7939
8474.5635
8346.2070
8305.1172
8347.4951
8242.7314
8262.0928
8366.2920
8320.8350
8218.7969
8072.5825
8105.2759
7944.9575
7943.1250
7940.4771
7961.1460
8133.2515
8185.1978
8105.4971
8013.3564
8209.2012
8251.3301
8289.4141
8300.1514
8262.1152
8238.2861
8225.2021
8284.3730
8232.9863
8188.0591
8057.9150
7848.8198
7428.1504
7094.7134
7013.2925
6711.6177
6636.5767
6629.0698
6766.0659
7064.1851
7170.7954
7170.7954
7238.4170
7168.3384
7511.6963
7735.3184
7820.6104
7899.0513
7949.3921
8039.5308
8006.2910
8030.7251
8065.1309
8101.6528
8033.1821
7948.5161
8026.0479
7927.1899
7833.6934
7953.2905
7974.3706
7907.6084
7787.5713
7897.0908
7923.2905
7836.1914
7917.9834
7998.5771
8060.6460
8051.1611
8200.7324
8265.6279
8331.2686
8383.9092
8339.7480
8410.5576
8335.2930
8356.0781
8490.5146
8478.1797
8521.3252
8511.2383
8468.9551
8582.3154
8583.2969
8615.6143
8615.1572
8701.8467
8592.0371
8598.0059
8720.4590
8666.5752
8603.3428
8703.3887
8762.5195
8714.5703
8598.7686
8558.6689
8544.1494
8496.9814
8379.6680
8221.5459
8363.6758
8402.0586
8395.7227
8378.9609
8418.9648
8438.1484
8288.7598
8234.5820
8253.0781
8181.2705
8199.4199
8091.8105
8165.4219
8239.3896
8239.5459
8353.9629
8283.7109
8421.6201
8410.4434
8320.8369
8297.7148
8344.1689
8327.1162
8353.9814
8326.1318
8430.2910
8449.9971
8449.6475
8419.7715
8259.7773
8196.6680
7700.4038
7166.2153
6919.9116
7011.7534
7160.4214
7168.8848
8026.8472
8172.8022
8171.9629
8163.6729
8161.3135
8206.2842
8306.7764
8359.2822
8451.3320
8281.9658
8214.4043
8295.5176
8415.4971
8265.0107
8258.3584
8238.7041
8093.9180
8067.3403
8231.1621
8242.9766
8198.4580
8225.0156
8243.2549
8282.1445
8228.8535
8210.1973
8249.8184
8198.4141
8230.2139
8393.9482
8288.7041
8268.8828
8292.0186
8275.3926
8455.5518
8353.4717
8251.4316
8262.8867
8589.7871
8539.2627
8589.5557
8620.6143
8593.9180
8471.0596
8486.2061
8313.2373
8548.4854
8602.1055
8630.1729
8671.1475
8508.8594
8594.4629
8657.0752
8582.7148
8669.3379
8733.0527
8603.8340
8468.2002
8491.9424
8572.0410
8391.4316
8331.6660
8217.3047
8214.9053
8250.7754
8232.8887
8180.6543
8281.5732
8245.7910
8225.2412
8223.2686
8205.2637
8254.7637
8241.1826
8383.1523
8499.6182
8499.3018
8440.5156
8566.1172
8589.8887
8554.9717
8503.5977
8581.2344
8586.3184
8587.6592
8631.1846
8639.5557
8595.2363
8694.4766
8740.9717
8786.9639
8680.5420
8593.7393
8519.2197
8419.8604
8283.9736
8275.3311
8191.4844
8269.8311
8482.4951
8685.1289
8566.9531
8549.0479
8581.5693
8575.5703
8587.2910
8686.6152
8621.5527
8619.6152
8578.7627
8503.2803
8475.4092
8495.0498
8281.0000
8323.5703
8273.7334
8318.9248
8239.6807
8217.3027
8244.1582
8204.1865
8288.7607
8261.5938
8259.6963
8209.0537
8210.0000
8192.3252
8333.1299
8443.2559
8315.7969
8326.8730
8241.0020
8202.5469
8226.2881
8250.0537
8229.7539
8287.9678
8200.3213
8666.3330
8693.5986
8601.3701
8584.2480
8497.7490
8494.6270
8498.7490
8456.9307
8451.3594
8472.1387
8470.2559
8553.7344
8672.8848
8562.1689
8579.7725
8477.9463
8556.8818
8578.3154
8461.9521
8483.1475
8519.4502
8372.4053
8331.7822
8332.4004
8166.5054
8259.0283
8225.1670
8237.8779
8237.9375
8229.4443
8219.0938
8087.1450
8121.6099
8111.6396
8167.8330
8254.0791
8221.4121
8482.0645
8459.5957
8472.0059
8497.9355
8479.5723
8453.9072
8574.7900
8642.5088
8582.8340
8500.1348
8329.9502
8491.2793
8658.5811
8756.2734
8785.0313
8845.7832
8852.8213
8815.9834
8847.7549
8838.4824
8843.4551
8821.3975
8851.7334
8865.6992
8865.6992
8865.6992
8865.6992
8865.6992
8865.6992
8864.5723
8865.6992
8777.5313
8797.4111
8742.0938
8687.0215
8545.3486
8514.4365
8496.5352
8535.3613
8396.2168
8371.6816
8334.3027
8410.8096
8393.7988
8352.4648
8349.2256
8344.6748
8339.9160
8313.9834
8287.4668
8307.5469
8266.6328
8389.9824
8393.3584
8263.7207
8272.8867
8432.1836
8465.9873
8398.0078
8298.1738
8229.2031
8085.1431
8150.6323
