Ip_Simulation_1
1
Ip
7590.8911
7558.5474
7647.5181
7765.3315
7842.1699
8023.6309
7956.0713
8057.0083
8037.2642
8118.0654
8193.9707
8192.3408
8297.1152
8185.0518
8248.0801
8150.2451
8120.3149
8144.9956
8114.9829
8010.0693
7945.2383
8033.0420
8006.8281
7890.3613
7852.7188
7896.1255
7912.0342
7959.9009
8111.8418
7947.9531
8062.9561
7981.6523
8253.3516
8234.6416
8221.6201
8218.7480
8149.0391
8209.2783
8215.7275
8277.0918
8499.0068
8539.6338
8471.4180
8482.8311
8429.7275
8274.7666
8226.6953
8091.6650
8056.7515
7959.5884
7718.1558
7112.8984
6973.4180
6904.6636
7008.6421
6606.7432
6638.5557
6671.2783
6897.2451
7359.4243
7576.0415
7580.9644
7695.9111
7925.0801
8239.9336
8110.5811
8089.7290
8250.8906
8177.4746
7960.8003
8063.0366
8213.5674
8162.9600
8242.0332
8275.7314
8462.9482
8481.4951
8390.2832
8303.7969
8186.5039
8067.9204
8011.1421
7958.4629
7909.4146
7835.6855
7910.8403
7939.4375
7995.7778
8141.4233
8195.2813
8081.1636
8195.5781
8262.9395
8174.7085
8212.6025
8274.4639
8426.6035
8286.9170
8403.0547
8556.0498
7547.2334
7452.5708
7562.3149
7591.2075
7695.3486
7892.9473
7949.1128
7992.2476
8017.1489
8119.7144
8349.5371
8241.0840
8387.2568
8419.1055
8344.2803
8420.1133
8101.4819
7976.7603
7969.2725
8047.0171
7889.1294
8002.3066
7985.4902
7950.1689
7898.6470
7911.0991
7914.9858
7953.2813
7947.6689
7944.5396
8065.6416
8136.7983
8214.0176
8170.3604
8256.1162
8413.5352
8270.1094
8330.8389
8256.1025
8200.2051
8190.2314
8243.9570
8317.3438
8407.8281
8353.7666
8324.4297
8290.9570
8239.1328
8010.4375
8020.7334
7924.4492
7170.7954
6904.1733
6931.5044
6712.8955
6573.9731
6546.4902
6771.7178
7015.9980
6992.7813
7170.7954
6984.2930
7170.7954
7155.1147
7377.2979
7560.1128
7877.4570
7898.3701
7811.7070
7927.6362
8005.2427
7959.6812
8049.9463
8070.7695
8257.4473
7975.0742
8058.5498
7994.1997
8146.3521
7925.1050
7948.5405
7919.5889
7857.6924
7719.7856
7721.9604
7516.9966
7697.2847
7745.0488
8030.7031
7928.6948
7958.7710
8175.8159
7978.0498
8068.9121
8249.8672
8404.4980
8295.5840
8333.2656
8329.3379
8212.1875
7772.8257
7784.2598
7891.5493
7911.0864
7813.0513
7860.6660
7767.8599
7816.5107
7911.5923
7982.0522
8149.9863
8117.7573
8271.2607
8239.9658
8351.3545
8201.9219
8035.2808
8088.4219
8009.8750
7980.7759
8039.4639
7980.1826
7981.4204
7826.9028
7930.0161
7974.7822
8213.2178
8235.4209
8214.4707
8183.0391
8171.8022
8140.8252
8149.2817
8042.1597
8097.6021
8156.4634
8125.7881
8124.0200
8224.6807
8368.7451
8291.6504
8347.7969
8293.4697
8142.3857
8277.9756
8265.3125
8442.3311
8256.2598
8282.1201
8038.8784
7883.7266
7678.7280
7131.0552
6963.7124
6746.5015
6719.9922
6741.9375
7096.7959
6887.8052
6846.0078
6988.2095
7211.5645
7233.4731
7218.8999
7343.6216
7564.5747
7836.2158
7866.2505
7847.7563
7935.8721
7950.2651
7802.3413
7657.1123
7830.7256
7896.9263
7921.4873
8204.4541
8223.1514
8223.2695
8039.2031
7979.3071
7896.5947
7902.5898
7825.9028
7735.5366
7774.9771
7855.5869
7907.3687
7931.5479
7906.1890
7752.5566
7848.8589
8002.0049
7958.8579
8016.8228
7996.0547
7976.1704
7923.8921
7925.5283
7957.6465
7712.0796
7569.2979
7563.1440
7730.3950
7838.4023
7727.9590
7741.1763
7952.0869
7987.8540
7912.4321
8223.7051
8209.5273
8404.3506
8422.7539
8322.2529
8220.0127
8177.9160
8192.3906
8024.5649
8021.3271
7948.2129
7937.5566
7913.3579
7852.6084
7944.4937
7885.8872
7949.4458
7868.1309
7903.7056
7905.5811
8066.6348
8024.1382
7999.0342
8043.8413
8046.5635
8075.2471
8115.0605
8057.3687
8203.4912
8233.8809
8087.5107
7929.0405
7918.1631
8013.2603
8085.0947
8260.1445
8049.3179
7970.3560
7990.8320
7924.5420
7945.5449
7921.5908
7716.1914
7711.6807
7088.3618
6985.3442
7109.6875
7170.7954
7041.5811
7153.5698
7336.9365
7410.3135
7601.6279
7728.1338
7598.6694
7715.0054
7926.2153
7986.3174
7940.4766
8066.8774
8011.5459
7818.1807
7818.2700
7853.7705
7879.5283
7972.7837
7929.9082
8160.3706
7950.1729
7982.8525
8174.6201
8232.4014
7952.1265
7830.6655
7713.1641
7647.8906
7675.2222
7821.4653
7824.2358
7725.0483
7804.4644
7835.1782
7696.9653
7810.0752
7758.4277
7768.1650
7945.4980
7930.7397
8165.5239
8070.3867
7954.9780
7929.3320
7878.0879
7747.3237
7778.0195
7873.8223
8017.6348
8313.9180
8290.9746
8354.6592
8231.3379
8257.8896
8178.1538
8052.2134
8192.0518
8048.6309
7945.3784
7932.8403
7882.9121
7861.5688
7905.8477
7748.8032
7812.5713
7767.8809
7736.7109
7761.2651
7785.3149
7934.3374
8048.5269
8026.5205
8047.0156
8283.9639
8218.4316
8283.0332
8105.0464
8115.8521
7951.2051
8072.0054
8196.5742
8039.2368
8023.2656
7864.9482
7718.0225
7982.0518
8036.0791
8044.6865
7994.7939
7992.2100
7951.5313
7937.6475
7772.9824
7704.6880
7730.9165
7661.6392
7637.7798
7534.3418
7509.5352
7452.3442
7472.2915
7632.1533
7769.4141
7783.9937
7654.6719
7717.6812
7773.5127
7676.1978
7775.4570
7871.8057
7821.2427
7895.3125
7872.4043
7913.8677
7973.6953
7873.6626
7930.7778
7962.7285
8014.6782
8006.2495
8045.5415
8138.1343
8014.4971
7930.5176
7939.3682
7892.6777
7851.5381
7783.5581
7695.4189
7489.2856
7429.1924
7556.8398
7510.1563
7596.5327
7730.0239
7822.1909
7917.3438
7949.8828
8027.3350
7949.0801
7957.2427
7921.5137
7948.5767
7927.8115
7939.6650
7887.1724
7920.6387
7906.2329
7978.1636
8035.6909
8147.4238
8284.2725
8172.2256
7964.9111
8048.6411
8001.4048
7966.8662
7848.8159
7838.8628
7768.3467
7659.1719
7674.8535
7417.5142
7574.8989
7667.3843
7719.9146
7838.6763
7824.9536
7732.7612
7795.0669
7888.5127
8040.5054
8110.9268
8064.1870
8178.4668
8158.0186
8222.6035
8221.4355
8062.2891
7914.9863
7717.7148
7769.6572
7843.3721
7856.5293
7905.7036
7910.8677
7898.3149
7925.2886
7974.5962
7948.4160
8027.2158
7973.7036
7760.3745
7800.5771
7653.5850
7870.0635
7828.8872
7738.2197
7867.6094
7873.1099
7915.5615
7916.4507
7948.5381
7885.2036
7902.6489
7870.1548
7893.1748
7915.6616
7969.6206
7942.6748
7862.4185
7935.0635
7949.2412
7937.2549
7904.8652
8069.3467
8169.8281
8106.6538
8107.6094
8189.4746
8239.2275
8289.1680
8268.3174
8104.5864
7982.6694
7987.2441
7922.3208
7762.2534
7601.4902
7478.9097
7280.8833
7316.0698
7328.8799
7438.1909
7749.6865
7682.5474
7742.6416
7917.6333
7752.5029
7807.1079
7681.2681
7753.8232
7860.6528
7925.1445
7967.9526
8000.9370
7959.8940
8006.0845
7913.3252
7852.8477
7899.5977
7798.4487
7957.6465
8049.0801
7932.0454
7787.4438
7813.5801
7777.8887
7778.2959
7777.9116
7739.8135
7785.5342
7563.2275
7688.1279
7680.3013
7725.0186
7627.7363
7652.3403
7799.3525
7998.5020
8146.0352
8158.0659
8002.9277
7882.3979
7924.9888
7890.5190
7936.0229
7906.7803
7785.8613
7797.1177
7681.2148
7587.8003
7551.1460
7595.9814
7650.3931
7651.9458
7594.4468
7832.0215
7895.4326
7885.2710
7896.1704
8000.8149
7892.0708
7846.1113
7965.7329
7945.6011
8160.3672
8062.2905
7919.9248
7997.3462
8035.3052
7964.6343
7924.7148
7937.3721
7906.5039
7979.4194
7865.4355
7902.1660
7788.1631
7743.8188
7687.6538
7721.3052
7801.4189
7900.2012
7807.6016
7858.9463
7822.2524
8009.0620
8178.3848
8190.6162
8208.0586
8170.3447
8088.3003
8198.3945
8027.3472
7959.6440
7944.8188
7770.7070
7583.2944
7418.6123
7309.7593
7230.2759
7317.5381
7431.6934
7590.5093
7505.7524
7721.9712
7732.8188
7789.1787
7630.3154
7742.7222
7663.8750
7665.3130
7719.4199
7754.6870
7733.2905
7738.2437
7589.2798
7587.7686
7681.7671
7605.0835
7591.9849
7609.6948
7468.1929
7603.2168
7771.9395
7798.1265
7776.1118
7756.8530
7773.6274
7640.4600
7764.5459
7752.5303
7717.3867
7674.6235
7591.1128
7480.1040
7491.5703
7708.5742
7856.6646
7927.8213
8155.8779
7994.9229
7959.2036
8040.2139
7945.0220
7915.1270
7928.9204
7849.4741
7743.8569
7814.5518
7690.5527
7555.2700
7732.9814
7802.0747
7913.7979
7754.6997
7537.8975
7748.3193
7568.3828
7609.7539
7765.8643
7725.9473
7916.2681
8065.2046
8279.8008
8227.1191
8089.6074
8013.8633
8005.6865
8017.0547
7844.3540
7965.3643
7934.9063
8050.5024
8095.8604
7909.9189
7825.7095
7717.9219
7739.4824
7698.8511
7895.1157
7802.3511
7755.2778
7687.8691
7903.5649
7965.5024
8197.0371
8133.9966
8063.0542
8232.3184
8101.5020
8029.7686
7912.9595
7919.7251
7945.2368
7874.9175
7787.4077
7592.6870
7559.2207
7510.5562
7461.7563
7422.1909
7499.7393
7336.5146
7494.5728
7583.5298
7607.2607
7516.9961
7713.0093
7584.3198
7567.9048
7725.2095
7696.1284
7759.0566
7878.1738
7705.0430
7587.0142
7598.5488
7554.8237
7430.6221
7430.8604
7424.6396
7621.2031
7638.4800
7752.1978
7829.7603
7661.1094
7852.7476
7866.7461
7733.2944
7809.8716
7855.6519
7872.9829
7863.6851
7762.5767
7853.6001
7802.8828
7875.8315
7880.7700
7923.7285
7823.4395
7791.0474
7716.5327
7889.1724
7957.4937
7853.3945
7851.0410
7871.0610
7911.4678
7819.2974
7850.1011
7766.9478
7876.4849
7976.0669
7865.0425
7893.2417
7846.2681
7763.2383
7856.7681
7765.2910
7826.0137
7862.7954
7929.8481
7950.5176
7873.7217
7921.8447
7873.6470
7884.3813
7944.3828
7850.0850
7956.4229
7918.6982
7868.4771
7927.9736
7958.8135
7832.7729
7576.9736
7840.8164
7809.7402
7898.2803
7893.9487
7809.0762
7756.5112
7686.0054
7817.6738
7861.1909
7830.9951
7899.0332
7970.0332
7997.2583
8067.6479
8041.8760
8033.7217
7953.4717
7624.1904
7641.1904
7575.3306
7510.8159
7166.0220
7025.9668
7147.5747
7211.8481
7054.2803
6964.7319
7066.4492
7091.1250
7384.5938
7350.7764
7314.4961
7238.4980
7243.3179
7761.9126
7853.1484
7760.9492
7795.2344
7748.3364
7803.6733
7735.8306
7634.9658
7743.2202
7586.9858
7424.9834
7414.8457
7491.8442
7579.3394
7438.0728
7380.4644
7205.0298
7369.9658
7749.3389
7891.0000
7922.9438
7926.4956
7952.2056
7996.2935
7953.9443
7900.9629
7888.1348
7842.6968
7818.8687
7757.4805
7602.3931
7747.3047
7747.6646
7527.4468
7753.6982
7846.5688
7911.0005
7985.5059
8004.2827
7961.8843
8040.2622
7914.2168
7914.9097
7880.1577
7740.0449
7775.1582
7684.6748
7724.6509
7619.3105
7787.0527
7699.6670
7714.4517
7620.3184
7700.5122
7572.3315
7576.5176
7609.9619
7687.0259
7617.6743
7659.0098
7713.7173
7718.8535
7760.3657
7732.5420
7738.3628
7552.9365
7744.8369
7884.9590
8022.9858
7960.5586
7897.4893
7885.0166
7923.3496
7866.2827
7838.7974
7614.4023
7687.8940
7581.4648
7744.7461
7904.0630
7966.2368
7951.8511
7792.6411
7892.0044
7792.5464
7737.3818
7671.4058
7390.9414
7211.6128
7192.2080
7152.0313
7023.3369
6856.8667
6905.1841
6915.0317
6879.8960
6916.3242
6920.7832
7110.9956
6913.5244
7476.9482
7592.6279
7722.0161
7555.8105
7546.1904
7421.0103
7554.7876
7660.9961
7758.0532
7773.4058
7935.9805
7868.6460
7841.1431
7857.1694
7812.0669
7611.0122
7825.8477
7871.1367
7860.7686
7958.3965
8003.9370
7958.6636
7956.5313
8016.8770
8008.5811
7981.1958
7875.3096
7833.2095
7884.6382
7793.3315
7605.9902
7539.1484
7669.8970
7652.8071
7937.9717
7993.3071
7989.2744
7973.3555
7934.7598
7927.4941
7888.6016
7849.7568
7924.0811
7905.9976
7910.7319
7852.6147
7862.2856
7638.2144
7528.9971
7440.2329
7441.3179
7596.7524
7586.3198
7472.7793
7681.3936
7755.3467
7608.2065
7469.5024
7343.9946
7638.2656
7637.6792
7493.3359
7435.9893
7486.6519
7589.4546
7518.4463
7532.9912
7702.4600
7832.6133
8003.2354
7937.0381
8049.0947
7921.4976
7918.7290
7996.4756
8064.2129
8061.1890
7925.2749
7996.1411
8169.8145
7978.1909
8021.5391
8136.5537
7823.5488
7707.6670
7582.2100
7543.4194
7454.2939
7339.5688
7345.0127
7056.1187
6908.7217
6774.6553
6877.9849
7170.7954
6873.1299
6646.8633
6618.3618
6739.1455
6611.5566
7445.3813
7556.0317
7573.6641
7468.6172
7342.2563
7386.6816
7223.6782
7442.6792
7646.4570
7783.5288
7864.6777
7936.0298
8042.0010
7876.0166
7897.7681
7988.3608
8023.5210
7988.2227
7962.5444
8064.3711
7917.7666
8002.1987
7959.9482
7887.3970
7744.2510
7842.6177
7788.9053
7957.4678
7956.8022
7896.1934
7820.2017
7866.4082
7932.1055
7996.6587
8134.3262
8058.0103
7979.9180
8001.2207
7982.6548
7894.5674
7899.5186
7753.5581
7674.9023
7880.3203
7733.0732
7580.6021
7400.8677
7470.9854
7338.4751
7324.4517
7177.4849
7299.3394
7405.4351
7274.3569
7416.0786
7452.1904
7422.5234
7393.7764
7476.8442
7399.2676
7355.0581
7356.7148
7232.0742
7445.8496
7688.9819
7720.7627
7844.7222
8052.7598
8157.2290
8196.5430
8215.5078
8314.3750
8379.1777
8518.2520
8388.1885
8211.9951
8080.1279
8240.0117
8091.9272
8165.0576
8093.6968
8234.7930
8235.9639
8219.5283
8123.4111
7958.6499
7777.2788
7343.8970
7415.5063
7170.7954
7137.5220
7139.7793
6921.2368
6854.3311
6803.4893
6877.4053
6581.3164
6586.8481
6523.2183
6754.4473
7356.4121
7406.3843
7492.4658
7405.0083
7504.2007
7602.8540
7549.5444
7562.9487
7747.7983
7843.1440
7949.1299
7892.3999
7934.9194
8016.9902
8006.5967
7932.5288
7888.0850
7919.4590
7904.8418
7861.5605
7812.9121
7949.6670
7940.1055
7879.5698
7934.9790
7966.6919
7907.5205
7812.3159
7919.5547
7946.4287
7903.4287
8005.3643
8102.3657
8286.9395
8260.1201
8112.1602
8258.5020
8205.2578
8153.3818
7926.0107
7877.7622
7809.1548
7642.5498
7348.8359
7430.4614
7451.4160
7243.3462
7300.6895
7278.9399
7322.3018
7172.0859
6975.3374
6919.8281
6959.9116
6827.0449
6977.8179
6901.3345
7087.6821
7005.1846
7027.1572
7177.2671
7242.8789
7474.6001
7545.8081
7785.7563
7718.9897
7850.6914
7862.7461
8159.6816
8010.1992
7947.1299
7954.4858
8063.5537
8151.0127
8282.6025
8378.3838
8387.5986
8266.8643
8055.9331
8030.4507
8148.6040
8154.7974
8073.6831
8207.1445
8195.4268
7976.9536
7909.7407
7813.0698
7667.2002
7388.5396
7075.4180
6905.0215
6766.9800
6747.6201
6654.0615
6654.4038
6689.3872
7021.5181
6731.7964
6717.7715
7408.3496
7357.8145
7436.8384
7246.6719
7247.2866
7455.5698
7503.2031
7465.6323
7556.2310
7389.2080
7478.0933
7505.2891
7736.6704
7812.0234
7894.2056
7982.0332
7968.1646
7879.9043
8014.3315
8056.0332
8006.8745
7927.4600
7892.9717
7920.5571
7902.2158
7959.7681
8051.1899
7991.8276
7827.7397
7832.1416
7873.0928
8010.0146
8060.2373
8196.0566
8281.8105
8244.0869
8196.7363
8098.8291
8175.4673
7978.7559
7787.8960
7833.4355
7658.6558
7504.4194
7456.0547
7203.9629
7170.7954
7040.0151
6980.8301
7034.9277
6983.3906
7170.7954
6761.6157
6724.3086
6559.7061
6646.9204
6764.1323
6620.5649
6684.4087
6724.3066
6741.1948
7000.2153
7164.9707
7720.4912
7908.5298
7853.3135
7993.1865
7996.2832
7927.5244
7943.4170
7902.3281
8058.3779
8242.8418
8222.7959
8393.1973
8301.0342
8352.2461
8248.1650
8095.4644
8168.8032
8180.0576
8242.3662
8303.7500
8238.9561
8210.1055
8018.6909
7926.1880
7752.8433
7774.1030
7772.5459
7680.9126
7196.0161
7047.6167
6892.2598
6810.7290
6889.2300
6919.4263
7090.4937
7138.4531
7027.4746
7469.5664
7579.6519
7497.1641
7501.1968
7548.9927
7516.8901
7544.9224
7440.1865
7233.1382
7221.2397
7462.9028
7566.7583
7692.3203
7858.7500
7885.4912
7882.2544
7934.7520
7914.3721
8071.6079
8085.1855
8090.9897
7894.3403
7959.9937
7889.2798
7913.1489
7922.7886
8006.8906
7960.4106
7945.7246
7746.5845
7942.7476
7908.8296
7971.6216
8041.3384
8251.8018
8279.9443
8320.5947
8172.9268
7994.8271
7858.7100
7697.5884
7575.8418
7531.2637
7508.7905
7468.0107
7647.4614
7414.7876
7170.7954
7170.7954
6883.8301
6872.2822
6730.0962
6545.5415
6591.3184
6601.2012
6610.8027
6422.6187
6422.7075
6558.3633
6691.1675
6750.1953
7170.7954
7794.7803
7914.0894
8052.0400
8106.3105
8026.4780
8126.1509
8073.0869
8247.4639
8206.7695
8278.6367
8405.5889
8394.9941
8477.0801
8474.0166
8268.7607
8171.5273
8236.9658
8488.0234
8407.0996
8466.9160
8272.5508
8256.3320
8261.4727
8070.1401
8178.1021
8024.3818
7946.8765
7980.7207
7838.2251
7762.1450
7528.5171
7416.7026
7170.7954
7255.6597
7341.9214
7231.7432
7308.8843
7335.2422
7599.5791
7501.2300
7628.7803
7577.3794
7489.5586
7477.0757
7613.5488
7567.5425
7631.1855
7790.8999
7852.8687
7915.1450
7844.5669
7883.8911
8158.2695
8140.0649
8069.9639
7978.3770
7978.5439
7857.9185
7841.6816
7947.5479
7902.7236
7902.7583
7885.1558
7935.2656
8025.0688
7870.7920
7899.2085
7936.4609
7941.3853
7962.0156
7873.1284
7850.8599
7907.2456
8092.7441
7956.6167
7940.7168
7730.7710
7881.6294
7769.2075
7779.8716
7719.3398
7752.7856
7885.1753
7729.3164
7691.2212
7571.2065
7081.1821
7030.2744
6700.4048
6686.7129
6739.0977
6886.2427
6578.5825
6409.6436
6306.3887
6465.3770
6728.7012
6839.8555
7111.8105
7367.5244
7777.8955
8179.2661
8209.3809
8192.0547
8219.6494
8322.7197
8424.1885
8236.1729
8242.7480
8162.8018
8347.1641
8287.7402
8465.0947
8518.9053
8464.4414
8321.8271
8490.6631
8548.0059
8298.2041
8550.0693
8474.7314
8418.8008
8500.9971
8381.1660
8270.4355
8173.2695
7899.1255
7943.7349
8019.9526
8013.7456
7835.7119
7707.2524
7798.9893
7733.6743
7551.7466
7267.7593
7314.9082
7224.8662
7890.8569
7871.9893
7748.9727
7728.9873
7751.7544
7676.6318
7677.7891
7811.8076
7906.8188
7924.4761
8030.7036
7985.1748
8055.6733
8070.8188
8063.2935
8218.3223
8270.1855
8028.6641
7962.0659
7919.1563
7979.5771
7877.3467
7916.1865
7881.2759
7980.7173
7949.3564
8103.7705
7916.0825
7789.0894
7769.5361
7890.2832
7979.6724
7959.8647
8024.0444
7960.0283
7890.0674
7949.9678
7966.4346
8012.4341
7876.2646
7885.2144
7892.3687
7770.4502
7727.7930
7736.8506
7735.7900
7798.3604
7823.3857
7609.1035
7322.7451
6966.2461
6732.9419
6681.7397
6726.1348
6495.0435
6525.4565
6358.7100
6583.0337
6625.5796
6908.4795
7294.5376
7558.9160
7828.5342
8192.7500
8261.3818
8503.6143
8545.5693
8416.9404
8420.0771
8363.2988
8537.6572
8494.4746
8502.5850
8583.1270
8605.5254
8692.4932
8567.5088
8580.1230
8610.2803
8728.8809
8725.1016
8748.0098
8646.9453
8526.8809
8319.9307
8148.5620
8199.1455
8046.7324
8008.3906
7957.5830
7898.1704
7906.6094
7887.4487
7894.8623
7906.6196
7708.4204
7526.2197
7592.1484
7364.8809
7451.2197
7718.8047
7768.2412
7960.5200
7896.0825
7955.1885
8045.2446
8188.8789
8047.3779
8037.6567
8230.6465
8136.0205
8036.9209
8234.6289
8215.6680
8290.6055
8278.0342
8204.7354
8095.1128
8179.8779
7997.5723
7965.3652
7929.7402
7774.2222
7776.1064
7938.1128
8239.0117
8161.2529
8024.3423
8005.2256
7949.3506
7881.4604
7813.0205
7905.8687
7942.0786
7931.2158
7879.5283
7839.4419
7838.2764
7951.6392
7977.6226
7926.1899
7929.4980
7925.0723
7736.2407
7764.6206
7712.8799
7784.4785
7890.3042
7868.5991
7705.7720
7540.7485
7353.9995
7075.1572
6769.7295
6597.5972
6580.4585
6510.3784
6551.7515
6779.8135
7168.8110
7367.7402
7628.3794
7977.4106
8235.6436
8437.8906
8573.2090
8709.5811
8748.6416
8596.2822
8599.9834
8620.2686
8640.2666
8596.4033
8662.1934
8599.5537
8611.7236
8659.3584
8777.4346
8841.5879
8804.3896
8764.1875
8773.9453
8597.7373
8425.2207
8343.3701
8398.3408
8153.1074
8166.5381
8220.2676
8053.3135
7972.1509
8049.2222
8067.2651
8139.7085
7965.7476
7840.2544
7691.5347
7571.9731
7576.7231
7683.0557
7946.2251
7932.0830
7904.6782
8034.5000
8022.1084
7919.1958
8039.4136
7920.9351
7891.1426
7996.0000
7931.8989
8044.2202
8067.8032
8114.7183
8216.6914
8272.7617
8343.0977
8331.7832
8025.3716
7875.1270
7959.9907
8114.7847
7973.8638
8077.9526
8097.6587
8173.4922
8163.8613
8170.4858
8118.4102
8162.6099
8088.2739
7967.9521
7992.0283
8073.2837
8088.7715
8005.1826
7898.5283
7938.7729
7963.1206
7959.5049
7852.8877
7854.1592
7874.7041
7763.0278
7755.9980
7486.8188
7545.1069
7564.6431
7491.7793
7718.7124
7664.0869
7451.0918
7362.2349
7248.1465
7051.4409
7166.7773
6895.9653
6955.2280
7455.7939
7771.9980
8120.0820
8302.6689
8388.4365
8508.3193
8614.2607
8522.1758
8660.3174
8580.3125
8726.9512
8723.7900
8768.9424
8730.8896
8704.7227
8723.5293
8718.3389
8760.1191
8804.5098
8832.0352
8731.9941
8639.8828
8678.7188
8556.4209
8508.3643
8453.8135
8262.0928
8239.8896
8285.2656
8183.4819
8007.5884
7807.7217
7906.7715
8082.2471
7929.9595
7800.9424
7844.7021
7551.7393
7540.1060
7563.3364
7552.5879
7290.9751
8031.5195
7989.8096
7940.5083
8189.2080
8052.9292
8072.8975
8125.4585
8289.4941
8045.9346
8113.1196
8254.0371
8021.3574
8234.0254
8067.9575
8126.8408
8213.2734
8044.9189
8026.4004
8118.7559
8049.2671
7916.7231
8215.1738
8008.9688
8094.7432
7930.8164
7926.5122
8048.8799
7910.5454
7983.6313
8167.1748
7931.7700
7906.1611
7892.0386
8042.3203
8040.2368
7920.0532
7860.3999
7779.0293
7696.8950
7726.7173
7720.7798
7488.5713
7741.3579
7816.7769
7899.2891
7827.7612
7906.6479
7929.1353
7944.1445
7956.2402
8098.8257
8209.8418
8028.5820
7929.3462
7614.7593
7127.6851
7708.6538
8036.2515
8232.3760
8458.7510
8477.6611
8669.8232
8610.8877
8638.9385
8650.0977
8659.5049
8701.9873
8761.3311
8807.9063
8819.6621
8778.5576
8744.8535
8746.3311
8722.2012
8763.6123
8765.3262
8766.3633
8747.6895
8616.3955
8593.4229
8619.6475
8495.8057
8116.4199
8112.5137
7975.9492
7896.2119
7877.3394
7813.9399
7878.1729
7765.6899
7642.3325
7781.7583
7774.1733
7565.0020
7499.2212
7366.8745
7360.5278
7410.7715
7175.5083
7205.4009
8087.1611
8108.2896
8085.4482
8023.6182
8068.0327
8224.4248
8325.0898
8160.1846
8194.4395
8163.2803
8301.6260
8301.9463
8025.5298
8059.5479
8107.6431
7958.0742
7971.0903
7906.9810
7945.6377
7938.4663
7932.5454
8048.6323
7933.0225
7823.1133
7777.3008
7769.6577
7568.2656
7772.8574
7863.0107
7916.5928
7951.9624
7941.5190
7952.1143
7980.9863
7957.7759
7973.5864
7919.8496
7877.6572
7953.4434
7918.7886
7960.0293
7936.9487
7934.5176
7934.2993
7887.7729
8137.4644
8022.3921
7944.5146
7893.4336
8141.8154
8204.8789
8069.1704
8203.8672
8108.0078
8144.3159
8193.5742
8441.8877
8476.2695
8472.0771
8472.7148
8467.9355
8596.3867
8702.4795
8626.9873
8767.6611
8719.3047
8744.6211
8739.9863
8779.9980
8757.0713
8596.0283
8665.1553
8716.2637
8781.4561
8793.7568
8784.7822
8792.3057
8741.5547
8699.8711
8627.0186
8449.0947
8336.5254
8391.7344
8163.2700
7907.8848
7170.7954
7059.6943
6976.8838
7051.5215
7170.7954
7208.4990
7132.6494
7246.3281
7276.9067
7345.3027
7290.7363
7184.4175
7209.1729
7195.5615
7302.5879
7954.5552
7965.7168
7986.8203
8071.1226
8255.5547
8271.8486
8173.8965
8024.7480
8067.6162
8267.2646
8178.5669
8184.0376
8206.9453
8142.4922
7948.4551
7918.5884
7897.6587
7827.8896
7891.8647
7823.4731
7794.9165
7775.3184
7726.9263
7768.8726
7690.0645
7590.0313
7503.5107
7343.9155
7441.2793
7585.8179
7780.5527
7878.4995
7957.6606
7910.5605
8038.3013
8098.8374
8061.0547
8005.5049
8003.5049
8205.6563
8334.6514
8097.6172
7995.7451
8093.1997
7965.6821
7970.0352
8148.4043
8066.9077
8234.2754
8176.6895
8314.9736
8200.2773
8356.5898
8286.1533
8339.4629
8350.5996
8283.5576
8306.9063
8349.0820
8502.1680
8537.5664
8572.1201
8571.1572
8626.0039
8576.9863
8597.2529
8610.7959
8687.3926
8577.0352
8686.4824
8559.3154
8626.9482
8583.0586
8634.1758
8779.6855
8614.6514
8589.4463
8570.3564
8547.1094
8315.1279
8337.9922
8275.2148
8157.1592
7945.9185
7639.2671
7344.4395
6986.2476
6709.9399
6649.4414
6745.2891
6722.7568
6871.1641
6770.3481
6888.8452
6885.3037
6755.6318
6672.7734
6787.5107
7081.5527
7424.0664
7169.0381
7990.1133
8059.2349
8077.4873
8228.9395
8257.9844
8037.7783
8086.0361
7999.3813
8071.7085
8045.9541
8037.5308
7975.6128
7910.8965
8032.4819
7925.2266
7898.1504
7743.9253
7707.7690
7421.9077
7551.6260
7690.7471
7573.1987
7261.4009
7260.6436
7426.3560
7330.3525
7335.7358
7563.5894
7438.0054
7624.9717
7707.2388
7885.4248
7952.2686
7878.8652
7890.8955
7902.7134
7909.4492
7917.7729
7975.7163
8165.0015
8024.1196
7979.1382
8034.8369
8130.8433
8226.6973
8240.2568
8087.0532
8253.9824
8420.6348
8239.9990
8194.9570
8197.1719
8395.6289
8362.4785
8534.9268
8455.6543
8214.4063
8466.6348
8581.4082
8661.0117
8580.9170
8619.2217
8570.3076
8454.7666
8554.8545
8502.1680
8550.7354
8604.4385
8474.4648
8357.2012
8512.8750
8526.7773
8499.8125
8535.3994
8514.1494
8465.0928
8347.9473
8286.3965
8345.1631
8298.8311
8327.2168
8109.0747
8012.7256
7750.5718
7485.8628
6985.6333
6808.5981
6621.4526
6583.9780
6701.1177
6498.3115
6450.5752
6451.1758
6594.0171
6616.9863
6469.3198
6667.1396
7179.0161
7203.9614
7946.6948
7771.3657
7845.7256
7879.3984
7872.5464
7989.0146
8022.1948
7948.2671
7919.1646
8137.2539
8152.6274
8035.2217
7982.4194
7897.7900
7756.9888
7876.0825
7967.5459
7868.4590
7764.1040
7619.8247
7533.7031
7444.3276
7253.6660
6986.6641
7176.1475
7266.8052
7302.8774
7310.8501
7460.0923
7432.0405
7386.1733
7486.9390
7655.5322
7826.9658
7711.6973
7887.7700
7952.4043
8045.8994
8063.5840
7984.7036
7960.3579
7932.3574
7971.2246
8078.2388
7966.8750
8031.2144
8216.2373
8218.5840
8183.5762
8209.7725
8337.1992
8402.1680
8297.4541
8043.1357
8093.3540
8242.2354
8339.1240
8596.3643
8585.0859
8582.7627
8516.7021
8407.9189
8446.8916
8262.9756
8244.0049
8230.9746
8173.5811
8406.3955
8478.9551
8582.7021
8593.3721
8384.5957
8484.3711
8307.8213
8362.3896
8163.9819
8461.0596
8473.0469
8508.9307
8445.4297
8324.7715
8255.7480
8121.4932
8098.4121
7915.6182
7743.3101
7463.0713
7099.1016
6761.5684
6756.5669
6697.0020
6721.8413
6523.5576
6524.0825
6818.3677
6467.5762
6378.7427
6327.8828
6437.2441
6533.7598
7957.6108
7904.7427
7915.3633
7799.1011
7891.6060
7930.7227
8040.4741
8081.1089
7999.0967
8108.6865
8026.3828
7892.8818
7867.0708
7856.4297
7913.9492
7885.3643
7786.4956
7681.9624
7726.3726
7761.6362
7819.0049
7785.1094
7797.3750
7751.6650
7590.3901
7657.3882
7519.2910
7725.2183
7650.4399
7514.4155
7576.1309
7759.5391
7852.3438
7680.8657
7917.9624
7767.8198
7804.1431
7830.0098
7950.8721
7892.3125
7920.7979
8067.0669
8030.8359
8242.5547
8198.5742
8200.9941
8216.3701
8238.0469
8237.0332
8141.2192
8081.6621
8135.6025
7884.3013
8035.7134
8136.3809
8326.5049
8283.0137
8319.7490
8279.3535
8422.2510
8468.6611
8499.0479
8428.3223
8476.3359
8383.7861
8397.0010
8350.8828
8259.7783
8213.2051
8353.9355
8325.7627
8468.0996
8423.0635
8257.8125
8271.8926
8277.0820
8222.8848
8302.6289
8298.3359
8155.0527
8039.9189
8195.2305
8287.2646
8310.1777
8227.8262
7960.4541
7477.7847
7231.6650
7053.9907
7153.3770
6706.2988
6612.4414
6635.6655
6593.1104
6440.9829
6258.7930
6297.4033
6359.2783
6149.3970
6226.4746
7942.4170
7909.6016
7913.9009
7950.4683
8113.0815
8167.7280
8004.0029
8152.1714
8196.4824
8084.6235
8023.3335
7940.7520
7935.6479
7825.5996
7907.1470
7856.4624
7743.3657
7695.3145
7715.2500
7779.5264
7859.7788
7783.8906
7670.6274
7670.1338
7899.5815
7820.9746
7811.5654
7749.1968
7730.6909
7664.1934
7544.0645
7506.2739
7433.6245
7557.5923
7694.4795
7670.6152
7538.3853
7658.4468
7796.7310
7631.3428
7857.6597
7784.2935
7836.7437
7930.2095
8067.8091
8140.7329
8298.8086
8044.9351
8048.1914
7982.0444
7874.1294
7806.1323
8014.8354
8068.3149
8214.6973
8360.2891
8342.5771
8392.4541
8336.8730
8313.8057
8186.3066
8258.2930
8312.0098
8207.5811
8106.3862
8151.3169
8043.4399
8221.0176
8085.0381
8147.4399
8232.6299
8213.9043
8240.7598
8211.4932
8035.5747
7925.6533
7949.2158
7965.7007
7962.0723
7941.8516
7904.1870
8047.9526
8179.7813
8174.4697
8051.2603
7729.0371
7493.7515
7312.8970
7201.0718
7093.9180
6878.8457
6693.5674
6536.4927
6459.2896
6433.2109
6398.1230
6531.6001
6266.4385
6092.7197
6153.7432
7898.5400
7941.7158
7979.7715
7999.0610
8019.4966
7929.2271
7989.1860
7976.0166
7916.3296
8188.5024
8167.2109
7937.0889
7807.5459
7827.2881
7868.5156
7853.7256
7791.4844
7796.4546
7917.2969
7859.1157
7888.5557
7877.2554
7888.6289
7831.4902
7935.8081
7964.9712
7765.7773
7857.4585
7865.7241
7591.5620
7548.8521
7448.3848
7334.2534
7414.0049
7305.0796
7440.5537
7479.9717
7462.9106
7543.0562
7552.4849
7525.0249
7621.5439
7790.8564
7873.0474
8014.8857
8024.0361
8047.8770
7918.5063
7895.3062
7915.0859
7894.4546
7869.9482
8022.9541
8242.1719
8420.4600
8265.7695
8429.0762
8436.2354
8391.2227
8332.6807
8394.1973
8202.4414
8209.0049
8116.3022
8094.0449
8158.4644
8093.1118
7925.1035
7811.2578
7686.9717
7854.1738
8004.7231
8018.6157
7951.2456
7965.2461
7953.2646
7959.1016
7933.7134
7911.7515
7938.1704
7909.7891
7972.6436
7784.4307
7893.6333
7899.1279
7804.5898
7942.2686
7892.9585
7599.6782
7158.2998
7164.4678
6952.6084
6742.9067
6805.8877
6633.9048
6549.8838
6748.8970
6474.6772
6380.3296
6584.6274
7767.6177
7882.5039
7796.7979
7826.5474
7854.9624
7876.5605
7882.1670
7895.8145
7969.9600
8121.0322
8094.1338
7837.8989
7909.2080
7878.6890
7895.3911
7867.8940
7753.4385
7815.3018
7956.1338
7865.0410
7971.6133
7955.8047
7870.1196
7942.4312
7848.6348
7832.2896
7888.6226
7829.1724
7730.1499
7672.8325
7680.2773
7772.9609
7667.4824
7532.3052
7328.8081
7381.1792
7474.5850
7404.7769
7590.3999
7667.7671
7742.8188
7834.4629
7862.8911
7948.6436
7890.4424
7874.4805
7906.2339
7906.5078
7933.2856
7901.7910
7926.2764
7910.8535
8122.6011
7964.6499
8226.3799
8232.8682
8239.8047
8227.0996
8308.7520
8245.8252
8061.0938
8104.6323
8240.3574
8054.7153
7943.9253
7884.5156
7711.9575
7674.8452
7550.5254
7673.4023
7764.3013
7928.7031
7937.8325
7780.8271
7742.0923
7683.3159
7471.6255
7639.6162
7637.1343
7735.9795
7813.7515
7901.4087
7883.8179
7954.6060
8008.6157
7938.7935
8114.0376
8018.3521
8053.5259
7787.5298
7756.4282
7170.7954
7147.9067
7149.2021
6777.7305
6673.5205
6694.7817
6569.7856
6714.0674
6626.5127
7616.4971
7729.9287
7744.6377
7785.8340
7905.3901
7840.4238
7766.2368
7847.3174
7938.6021
7908.2754
7954.2539
7920.4478
7929.4541
7698.2993
7738.9658
7833.1821
7821.4131
7870.1045
7807.0366
7784.2896
7966.5234
7972.4990
7861.2725
7653.4780
7788.0693
7789.8599
7910.9204
7966.4512
7818.7603
7866.9448
7848.1450
7614.6445
7741.8745
7593.8550
7501.4951
7340.6479
7335.5024
7485.5103
7548.3311
7599.1089
7747.9756
7612.7202
7675.7412
7801.4072
7726.7549
7712.5225
7807.6689
7834.0518
7810.1011
7692.5068
7820.1382
7828.3301
8030.8359
7946.2637
8053.6895
7946.3647
7826.0757
7866.6284
7907.2432
7960.8589
7871.4824
7975.6382
7859.8896
7787.8276
7707.2163
7750.2549
7714.9570
7297.2783
6983.5444
7140.3760
7541.6909
7721.9023
7722.5527
7590.6484
7582.5659
7422.0874
7338.7944
7336.6777
7510.0562
7588.9883
7599.3359
7656.0571
7782.8452
7920.4648
7958.3286
8158.3184
8423.2002
8518.4795
8565.8730
8424.5313
8180.8809
8086.1968
7829.8013
7168.6641
7008.9224
6748.3105
6674.6851
6845.4590
7141.8965
6838.4482
7327.0435
7460.9658
7642.0820
7673.6309
7757.0635
7723.8926
7671.2544
7861.1016
7775.5801
7765.5088
7765.2524
7767.8618
7841.7036
7902.8984
7959.7749
7761.6226
7706.3442
7719.6943
7613.8032
7737.8306
7719.6348
7521.5210
7766.7432
7820.9409
7677.0781
7750.2266
7775.4673
7652.5908
7661.9746
7756.5381
7823.3726
7620.9883
7786.0283
7793.1685
7583.4771
7624.3994
7552.1631
7592.4248
7378.2178
7398.2495
7431.5220
7585.6758
7567.1265
7499.5854
7331.9561
7429.7095
7534.8359
7735.8745
7822.3218
7847.0850
7954.8096
7996.0938
7822.8091
7873.2158
7767.9619
7797.5288
7804.6211
7558.4893
7419.6025
7467.1807
7555.1094
7508.7583
7462.0146
7571.3062
7427.8081
7553.3320
7698.0615
7511.1050
7137.8804
7158.6196
7040.3252
7096.0410
6991.8472
7038.1636
7081.3218
6875.4355
6881.9282
6912.7788
7013.8057
6901.0713
6947.4883
6987.2856
7170.7954
7711.6206
7796.6323
7905.3838
7995.1797
8272.5898
8502.0977
8556.9463
8761.6836
8547.2158
8198.7832
7729.3350
7170.7954
6918.5171
6982.2090
6870.9927
6833.9155
6766.5625
7043.9160
7099.0342
7198.2397
7203.2939
7087.0454
7150.2822
7227.1973
7216.8154
7372.8521
7467.7969
7471.5654
7669.8848
7156.4277
7101.5181
7156.7744
7065.8955
7445.9927
7579.0234
7421.8257
7535.6533
7712.6538
7713.7236
7770.1606
7874.7017
7719.2144
7821.4531
7846.7969
7884.2012
7854.9912
7878.0645
7936.0649
7875.6689
7758.8120
7772.5718
7757.9648
7728.4814
7818.5083
7445.0654
7408.6069
7428.9395
7366.6157
7347.3096
7279.1807
7170.5376
7332.5850
7275.8311
7413.3564
7532.1426
7675.0801
7315.1904
7488.1147
7494.5293
7558.2637
7636.4565
7514.5464
7627.0859
7527.5005
7358.0459
7446.2534
7697.8164
7560.0898
7431.1167
7472.3472
7411.6729
7432.1831
7383.6118
7418.2617
7456.3579
7321.1733
6966.5063
6883.4009
6898.0601
6692.8579
6686.2769
6683.3442
6584.3315
6654.4019
6638.1909
6693.3325
6695.4023
6899.4478
6873.1084
6853.6152
6828.0913
6928.4956
6955.7241
7022.7554
7170.7954
7170.7954
7005.4971
7170.7954
7810.3916
7890.3921
7665.2393
7356.1914
7209.0151
7144.8228
7152.1509
7109.8213
7037.9570
6727.9287
6789.9844
6708.8789
6694.9990
6677.2134
6760.5649
6768.5049
6861.8149
6835.2988
6740.9526
6709.0078
6893.9653
6758.1621
6847.1338
6983.4780
6991.5889
7093.3911
7160.5366
7307.1812
7341.3042
7299.8218
7551.0972
7560.3374
7552.5254
7748.2124
7818.3823
7960.1587
7944.2998
7935.4048
7960.9438
7906.0029
7925.2842
7887.1489
7969.3579
7841.0483
7838.8574
7780.6567
7591.7813
7476.2612
7308.5093
7441.4565
7542.9595
7431.6108
7424.0654
7516.7261
7566.3418
7416.6523
7218.5093
7101.9941
7190.2690
7090.7705
7167.2881
7240.8345
7284.1987
7253.0903
7306.7705
7352.9888
7227.2300
7201.2915
7173.5537
7188.8315
7220.2275
7315.5210
7454.8613
7451.8081
7507.9604
7241.0791
7211.9956
7166.4697
6997.9121
6859.9321
6905.3140
6702.3398
6573.3350
6689.8560
6659.8389
6885.6797
6644.4985
6632.5156
6470.8374
6847.7554
6972.3193
6627.0718
6580.3066
6423.1724
6431.9600
6573.2466
6595.6533
6635.2969
6882.6235
7170.7954
7459.5850
7558.2061
7532.6079
7412.7549
7428.6519
7428.3882
7319.6738
7323.2310
7145.9341
6653.0884
6697.3789
6626.9150
6538.9443
6558.1670
6695.9243
6949.3037
6636.1753
6615.9917
6410.0752
6359.6255
6443.6001
6503.4360
6617.9453
6874.2925
7231.8247
7416.0923
7467.7920
7337.4102
7252.8887
7283.8857
7477.9165
7446.2803
7653.0566
7754.0869
7749.4956
7911.3564
7927.7617
7841.2271
7931.4995
7954.6719
7935.3096
7842.8657
7923.7334
7908.1196
7945.5181
7798.3833
7685.7930
7748.6699
7684.1587
7532.3096
7618.7241
7518.4956
7611.5674
7543.8062
7423.8311
7296.0317
7264.3921
7169.7695
7155.8105
6745.9429
6617.8218
6746.5483
7039.4482
7155.5967
7164.5811
7069.2446
7117.2905
7092.2227
6956.7764
7077.4331
7183.0991
7353.7915
7319.9077
7298.0752
7346.6826
7461.3052
7333.7822
7255.4937
7229.1191
7158.7485
6735.1743
6655.9072
6920.2485
6660.0957
6710.4331
6716.5303
6711.0928
6347.4277
6174.2861
6436.1938
6417.0464
6403.1489
6335.4639
6458.5933
6262.9648
6315.1445
6550.8701
6542.3545
6789.7285
7065.3037
7331.5098
7357.1777
7297.2192
7401.6655
7346.8315
7483.1245
7669.5776
7510.0449
7573.0942
6901.4175
7018.1147
6837.9863
6713.4990
6587.6006
6650.2993
6688.1846
6467.6382
6461.4482
6503.4087
6449.7832
6503.8740
7043.2642
7227.5732
7439.4063
7480.9316
7328.9829
7343.5708
7275.2090
7441.9375
7499.8643
7543.4683
7654.8193
7810.3770
7864.2300
7915.1372
7894.7993
7900.3574
7766.0581
7907.4521
7800.1230
7830.6196
7762.6563
7691.2778
7701.7549
7701.1982
7830.5483
7817.8813
7612.1577
7647.0688
7749.3745
7733.9810
7534.2261
7504.2417
7499.4365
7250.2617
7144.1016
7171.4336
7120.6030
7064.3130
6738.2222
6623.1763
6956.7764
7027.3481
6956.7764
6956.7764
7167.5264
7244.1064
7263.1011
7336.4341
7377.8589
7251.5981
7165.8447
7015.0977
6956.7764
6956.7764
6956.7764
7280.1724
6956.7764
7119.3579
7051.1787
6956.7764
6618.3325
6660.9526
6553.4946
6707.4814
7170.7954
6690.1543
6352.9150
6110.0571
6270.6025
6591.7310
6356.7593
6328.0942
6505.0552
6301.1338
6374.3691
6519.8291
6990.2139
6956.7764
7016.9512
6956.7764
7130.9131
7218.8008
7534.7422
7446.7393
7546.0420
7474.6978
7334.4028
7267.1401
7166.1772
7086.5444
7124.6367
7083.1548
7050.7524
7076.5942
6837.0596
6757.1631
7011.5981
7050.7573
6973.9512
7132.7158
7189.7046
7296.8291
7282.9253
7482.1128
7610.7651
7731.2510
7677.3638
7646.9390
7710.0664
7835.5845
7762.2271
7846.0044
7911.2500
7942.3760
7861.1382
7889.4585
7869.2612
7940.3813
7906.4272
7921.6245
7942.0972
7759.8525
7644.7412
7665.8120
7764.2876
7860.3276
7664.2964
7711.4590
7717.6270
7761.5752
7748.7012
7437.3135
7340.3159
7249.3823
7320.9575
7196.2134
7183.7407
7138.5723
6978.2305
6956.7764
6956.7764
6991.4512
7139.0049
7181.9194
7136.5332
7050.2622
6956.7764
6728.5190
6716.2227
6507.2661
6428.3926
6247.2275
6146.3013
6174.7031
6058.1367
6071.1006
6146.1401
6130.6802
6393.2876
6743.7109
6521.2959
6424.6440
6444.0791
6453.8506
6721.5015
6404.0635
6249.5435
6174.1367
6255.8882
6152.6621
6329.2031
6197.8403
6409.1606
6682.6655
6567.2661
6452.1982
6567.1611
6586.0381
6530.7222
6715.3530
7011.9131
7247.8696
7256.7339
7191.8926
7324.3037
7214.9946
7425.2837
7320.2202
7174.6025
7157.2930
7164.7739
7010.7173
7051.5273
7010.4316
7075.9380
7076.2437
7189.0151
7197.4639
7180.1201
7220.3242
7308.6128
7390.6235
7569.2104
7484.0479
7526.3906
7842.8418
7868.9141
7895.7246
7828.1431
7915.6475
8003.0322
7783.7046
7863.6289
7838.1470
7909.4404
7919.3315
7940.1172
7853.0513
7857.4478
7814.8823
7709.5459
7634.7876
7453.7007
7560.3779
7797.3262
7816.3105
7603.0396
7579.6128
7576.0713
7522.3242
7494.7534
7537.1714
7509.1465
7548.4053
7577.0137
7684.3794
7338.8887
7298.4927
7212.1782
7257.0161
7129.1465
7151.2534
6983.8467
6888.3203
6701.2578
6693.3994
6446.3589
6294.3779
6321.5640
6156.1616
5970.9258
5918.4600
5836.7559
5733.0913
5981.0942
5862.4829
5885.0415
5879.7900
6024.0776
6190.4043
6399.2920
6263.4346
6072.9658
6155.0078
6131.8833
6095.7310
6124.4697
6333.0977
6207.3989
6126.1851
6093.8965
6355.7183
6620.0098
6961.2305
6650.6470
6594.7378
6550.4204
6632.8667
6612.0151
6631.0649
6870.7275
7059.3853
7219.4033
7314.9531
7352.0137
7256.9639
7277.8843
7291.6582
7163.2485
7225.9429
7155.6040
7209.6670
7153.2378
7083.0879
7000.9922
7142.6572
7171.2393
7237.7739
7197.6392
7237.7710
7357.5439
7325.7803
7417.6094
7479.5713
7470.5952
7799.3521
7918.2573
7973.2671
8047.3691
7894.4292
7823.8735
7902.7222
7878.0903
7942.1899
7876.4736
7904.6860
7727.2158
7797.8213
7597.5190
7517.4497
7616.2749
7470.0879
7508.3608
7617.9888
7769.0957
7614.6211
7439.1099
7348.0098
7496.0605
7498.9111
7548.4844
7458.2041
7577.4990
7667.7339
7714.0581
7574.3711
7608.1567
7489.4326
7379.8335
7342.5913
7422.9907
7553.6948
7125.4990
6772.1392
6537.6826
6523.7495
6413.8975
6365.5513
6340.6860
6291.7207
5854.1284
5619.0986
5619.2334
5749.4336
5688.0610
5743.3760
5873.3823
6124.7041
5910.8774
5947.7842
5978.9453
6188.8589
6026.6787
5864.6528
6058.7085
6035.9639
6100.8701
6241.1401
6571.5352
6380.5713
6485.3848
6300.1675
6333.6006
6367.2290
6430.4282
6524.5581
6646.9785
6939.3916
6763.9014
6887.1255
6909.3467
7060.5239
7182.2358
7210.4116
7220.1279
7202.2305
7008.7925
7209.0376
7132.3960
7107.5874
7152.1211
7158.3105
7219.9292
7293.3105
7293.6572
7289.1875
7174.6401
7340.3486
7270.3237
7485.3799
7516.3608
7696.5728
7507.9663
7609.1582
7581.0127
7702.3887
7842.8633
7965.9536
8076.7896
7953.7900
7848.9023
7973.2397
7861.9868
7924.7891
7997.0063
7832.1528
7833.3618
7749.8667
7636.6421
7548.5918
7394.4063
7516.8345
7736.0396
7602.2256
7640.7124
7544.8799
7583.4834
7757.9048
7803.2437
7520.9053
7546.9531
7466.0200
7503.2500
7515.2559
7396.0181
7409.6753
7435.3018
7443.9502
7436.8369
7351.2070
7329.2354
7266.0376
7207.2524
6993.7568
6896.2881
6585.0049
6654.6274
6804.8574
6370.7915
6092.1772
5743.7148
5618.6885
5618.6885
5739.8965
5757.6255
5728.4912
5765.4204
5729.3276
5858.2539
5706.2451
5861.2593
5919.2822
6030.7334
5850.9595
5897.5459
5935.8306
6317.4297
6387.4272
6709.5991
6450.0122
6384.8315
6179.8730
6183.6875
6342.7539
6537.3140
6766.0400
6726.9043
6840.0786
6795.4341
6956.3491
7228.2529
7319.2905
7343.8809
7285.0513
7372.0029
7468.1284
7539.4033
7516.1582
6707.9551
6644.3740
6655.4087
6614.2925
6894.8711
6966.0127
7169.9033
7438.3267
7485.8857
7544.4844
7573.5830
7413.2822
7655.1895
7796.5654
7808.3364
7733.4507
7846.0137
8092.9058
8109.5635
8232.5781
8240.1211
8141.8247
8184.0620
8246.0293
8129.9204
8165.0352
8087.2734
7956.5977
7900.3965
7607.3706
7549.7925
7600.0469
7733.6909
7807.1221
7712.6104
7607.5400
7731.4497
7938.3301
7781.5840
7715.4917
7763.6987
7633.4331
7726.9102
7792.1484
7647.7813
7709.1738
7688.0854
7717.7710
7771.1914
7714.9683
7617.4292
7590.6655
7571.1230
7685.9219
7525.6401
7301.7466
7072.0356
6721.1968
6642.3159
6455.3022
6411.1738
5929.0352
5620.6943
5618.6885
5618.6885
5777.6797
6128.3501
5859.1323
5745.9897
5621.3589
5619.6538
5678.8076
5912.5142
6272.9453
6048.6440
5907.0024
6053.9956
6326.0249
6311.7236
6391.7617
6608.1465
6363.3354
6246.8862
6258.7031
6360.6055
6591.7827
6893.4731
6744.4204
6727.0264
6959.8022
7217.7148
7290.5322
7422.1426
7534.7446
7578.4385
7765.6719
7608.9688
7566.1221
7329.1626
7450.8618
6559.8696
6411.2593
6414.2593
6506.1318
6627.3457
7011.4424
7163.0439
7279.8433
7363.3750
7350.0420
7480.4043
7418.7534
7592.8032
7780.6860
7819.3647
7972.4053
8138.3818
8222.3867
8175.0552
8222.2666
8386.7666
8467.1504
8472.1074
8324.0938
8186.8120
8214.0449
7991.7432
7889.1948
7939.4561
7919.3179
7869.6011
7788.3164
7828.5479
7847.6753
7822.1064
7895.0361
7881.8862
7827.1914
7967.9878
7949.3335
7827.3872
7710.3545
7625.8813
7774.6826
7795.7178
7520.8745
7385.4961
7422.6172
7304.3091
7303.8086
7299.2676
7288.8359
7445.6548
7602.9600
7592.8882
7581.8931
7281.3843
6958.4146
6653.6772
6423.4473
6115.3467
5895.8213
5791.7729
5633.0342
5851.9624
5851.1118
5699.6216
5843.8335
5712.0928
5618.6885
5618.6885
5832.6606
5992.2446
6054.5552
6147.6650
6322.4487
6196.8901
6367.7051
6416.6875
6532.1265
6522.4922
6563.7300
6659.3345
6417.3916
6456.1104
6610.1621
6711.9487
6918.2036
6952.9844
7287.4082
7443.1606
7503.8320
7419.0278
7652.8638
7577.0195
7509.3535
7540.4277
7705.8345
7509.7075
7542.5356
6475.5669
6352.7476
6565.8931
6660.2988
6980.0840
7146.3364
7225.7163
7204.2246
7380.0425
7579.7334
7609.0928
7772.4424
7785.4360
7874.4937
7879.8447
7893.0449
8042.3433
7979.2959
8031.4868
8244.3457
8341.0762
8455.8467
8367.1006
8416.4004
8408.9375
8516.3926
8303.4521
7998.9224
8052.1309
8131.6030
7945.4248
8188.6265
8070.7441
8074.1108
8023.4468
7974.2627
7900.7495
7887.5806
7888.7246
7737.9585
7487.9863
7521.5405
7734.5996
7613.9219
7485.5977
7401.9341
7221.5962
7085.0381
7167.6392
7219.0396
7210.6084
7155.0151
7299.3594
7331.5771
7258.2061
7439.0127
7419.6914
7194.5161
6956.7764
6969.6245
6300.3389
5875.4600
5774.5498
5905.0684
5989.9268
6017.3755
6079.5669
5689.8228
5618.6885
5619.1475
5645.8447
5786.6543
6090.5195
6196.4712
6210.9917
6418.7397
6465.0171
6659.2949
7058.6304
7148.5381
7173.1230
7233.1694
6995.6572
6842.5054
6770.2939
6946.2510
6916.5605
7000.1870
7261.5161
7517.3193
7564.3794
7696.2925
7668.1968
7727.1650
7642.2466
7771.0317
7680.5605
7771.1079
7773.3237
7605.3931
7018.6953
7072.7266
7083.3003
7126.7817
7363.6196
7302.7764
7290.4067
7359.9580
7428.9780
7378.1406
7598.0894
7790.6851
7828.7134
7941.4141
7918.2656
7991.9551
8053.5239
8080.5200
8274.8223
8192.6758
8063.8062
7967.5752
7986.2944
8247.3594
8239.8691
7969.6006
7879.3364
8017.2734
8001.0269
7920.7217
7901.5615
7986.9873
8027.8687
8276.9258
8216.4531
8078.4541
8037.3818
8015.9512
7897.3452
7527.6152
7342.8413
7350.4731
7162.4482
7170.7954
7398.8408
7201.0029
7192.3730
7186.2725
7113.4170
7053.1538
7147.5508
7178.5103
7265.7700
7271.0811
7329.0117
7062.4209
6904.9058
6642.7344
6433.0859
6431.5605
6126.6992
6048.7734
6007.2915
6052.0356
6380.1304
6147.4487
5981.1377
5930.3994
5724.4478
5758.7920
6142.0654
6133.6372
6162.1919
6426.4917
6642.2617
6956.7764
7066.1719
7167.9141
7299.8633
7186.6362
7184.9756
7280.3628
7321.6543
7352.6597
7077.4937
7097.5371
7305.0210
7469.0479
7486.5459
7583.8740
7499.9136
7459.8291
7634.6641
7714.5400
7569.3584
7569.1206
7621.2075
7778.3398
7779.4722
7811.9751
7140.4976
7143.5347
7109.8311
7223.8511
7517.8042
7571.3379
7351.7954
7301.9150
7424.3384
7479.4458
7574.8555
7639.7515
7658.4077
7722.1558
7856.7651
7964.5068
7986.1201
8020.4043
8011.7686
7906.9233
7952.7773
7889.2222
7892.2632
7964.7915
7990.5791
7920.8677
8030.8862
8142.4336
7985.2705
7986.0684
8213.1094
8249.4658
8224.7344
8392.3105
8277.3174
8229.9795
8166.0313
8076.3677
7837.8789
7755.7061
7576.4814
7370.9082
7272.9824
7220.3271
7012.2031
6921.8999
6871.6748
6771.3389
6611.3945
6636.5063
6691.1367
7030.7876
7268.4160
7175.6982
7095.5117
6956.7764
6956.7764
6459.0835
6125.2905
6049.9038
5859.3096
5882.7212
6199.7417
6021.0874
6072.1826
6048.4624
6068.8101
6264.7266
6064.5454
6010.0298
6183.7119
6432.5225
6978.4102
6980.2852
7105.2124
7279.5640
7307.1191
7345.2139
7222.2090
7156.7451
7155.6226
7146.7173
7161.3198
7211.4009
7305.0024
7456.8638
7433.9551
7760.2622
7646.4004
7807.5967
7766.3057
7678.9746
7726.3901
7750.5649
7547.8491
7578.2295
7789.1011
7846.4854
7792.8389
7858.9443
7487.4497
7692.8101
7593.1938
7765.7480
7723.1484
7673.7153
7720.7720
7576.5386
7587.9692
7787.6484
7743.0225
7872.9937
7896.3022
7818.2422
7787.2573
7864.6367
7923.9761
7913.5884
8031.0791
7972.8882
8085.3735
8103.1772
7923.1753
8094.9365
8011.1602
7894.3193
8156.8955
8123.4487
8258.5283
8449.7852
8224.8652
8293.7227
8355.5117
8186.5762
8204.2803
8177.0708
8240.2324
8074.6968
7971.5688
7862.3652
7754.2852
7712.0947
7636.2026
7477.8516
7157.6455
6982.5894
6881.6226
6626.1714
6558.5400
6533.9370
6690.6987
6581.4258
6658.0386
6695.0962
6597.0083
6624.9663
6482.9307
6454.8164
6129.9717
5927.7642
6045.3008
5919.8096
5907.7856
6057.3833
5950.6772
5994.3560
5898.7588
6207.0781
6240.2300
6375.9771
7008.4580
6956.7764
7077.9756
7182.0542
7304.9717
7322.0796
7420.5469
7477.0361
7394.7549
7479.3965
7312.6777
7178.9399
7298.4629
7198.7788
7279.1416
7493.9429
7537.0767
7687.3325
7588.2017
7813.2021
7872.1162
7906.2305
7929.0640
7961.7710
7966.5474
7893.1992
7946.8999
7841.5884
7907.7158
7723.8457
7564.4370
7632.5356
7847.1309
7799.5649
7929.4678
7767.9746
7648.6470
7613.5078
7666.5068
7703.3413
7790.6797
7815.4565
7732.3774
7567.0483
7737.6133
7924.1631
8067.1758
7940.2119
7967.0337
8232.5078
8194.2461
8103.6563
7987.9116
7954.6982
7965.1396
8105.9189
8287.2773
8226.0928
8367.2314
8347.4619
8273.6787
8465.0244
8566.5215
8535.8896
8550.9688
8620.2666
8611.0293
8457.3311
8247.3691
8230.9170
7990.2637
8011.9409
7763.2104
7690.4775
7569.4858
7162.9766
7170.7954
6841.5249
6733.5811
6699.4067
6531.4229
6618.4038
6880.1157
6594.9478
6471.5732
6364.1436
6358.4155
6172.5103
6065.6807
5875.4688
6009.3301
6249.7588
5963.5376
5912.7861
6078.5728
6003.5093
6055.8438
6209.8794
6537.4175
6956.7764
7130.9053
7202.1729
7260.3999
7223.4604
7229.0522
7423.2715
7552.9434
7556.9395
7691.7651
7540.4600
7453.1489
7298.1650
7396.5806
7386.2700
7462.9824
7520.8506
7618.2241
7613.1602
7564.5366
7528.3350
7568.6147
7743.3906
7824.6548
7931.6006
7974.2310
7989.7744
7791.8745
7876.8682
7986.9658
7943.6411
7499.0571
7585.7554
7556.5425
7639.7583
7650.2671
7691.1040
7709.4438
7617.3447
7689.7622
7675.0664
7779.3823
7860.0737
7678.7803
7720.6763
7853.9463
7900.3237
7895.1548
7920.0015
7925.8755
7978.5195
7965.4424
8163.9526
8171.8657
8050.8042
8325.1484
8272.4180
8297.7334
8262.0342
8212.0684
8129.8774
8291.0195
8255.6006
8450.7314
8605.1533
8572.8936
8559.3115
8542.2666
8445.2813
8178.9829
8005.3711
7904.5562
7914.7764
7916.1704
7942.9165
8050.3843
7973.9644
7168.3530
6758.0078
6678.1465
6722.1587
6816.6167
6652.2104
6524.6880
6546.6348
6496.2056
6640.1191
6430.6504
6153.7056
6087.0186
6045.5444
6274.7236
6181.2603
6332.6973
6139.0830
6082.4648
6157.1543
6201.6660
6492.7607
6956.7764
7241.7275
7281.8979
7420.1235
7495.3516
7497.9087
7716.3418
7760.9634
7691.2310
7626.5127
7444.5156
7564.9692
7615.0654
7655.7842
7519.1465
7425.2095
7482.7466
7579.3521
7612.1582
7747.5210
7825.4434
7838.3477
7802.4146
7749.9209
7836.6426
7865.3457
7888.2524
7942.4580
7937.7705
7956.0313
8013.9258
7996.4092
7623.4160
7591.0479
7778.0991
7688.9487
7706.2466
7737.0830
7693.2227
7815.1045
7725.2871
7598.9590
7551.1108
7627.6343
7684.0171
7757.6436
7947.6401
8160.2979
8221.1816
8049.7061
8203.4141
8211.9395
8220.6523
8369.2930
8574.6611
8592.7822
8470.4863
8520.3984
8384.0977
8266.7627
8290.6309
8361.5635
8413.6074
8541.2129
8665.3975
8594.4785
8586.7344
8528.0000
8494.5352
8409.8027
8278.0586
8112.0854
7835.0029
7170.7954
7170.7954
7110.2930
7170.7954
7911.5972
7433.8564
6787.3931
6767.9258
7047.7407
7068.2178
6709.0059
6511.2368
6579.2471
6702.4937
7043.7153
6644.5259
6571.2363
6322.7129
6150.9253
6319.7725
6422.7700
6638.7520
6407.7842
6497.8955
6444.0669
6735.8467
7271.2949
7400.8042
7401.5034
7486.6650
7552.6670
7717.1846
7584.2817
7695.8149
7901.4492
7701.7983
7811.2017
7825.9756
7730.6406
7811.1338
7752.1396
7925.2046
7792.6953
7789.1055
7637.7983
7581.1289
7840.1719
7762.7891
7725.7422
7757.6758
7838.1572
7879.7539
7891.6338
7926.5586
7953.4492
7890.0801
7887.9727
8095.3203
8019.9536
7659.4434
7594.4316
7818.3271
7826.6841
7773.9590
7882.3882
7901.2100
7862.7729
7761.3633
7872.3789
7760.5068
7928.1294
7981.2720
8036.8438
8087.3481
8272.2207
8224.3926
8339.3418
8583.2188
8476.4844
8570.2578
8494.8682
8530.9287
8554.9336
8707.3184
8648.7480
8564.6445
8528.4102
8577.3457
8504.6191
8578.5801
8560.6250
8563.2930
8638.5674
8596.8652
8424.6357
8432.7930
8580.5244
8548.0107
8131.8477
7724.9854
7170.7954
7170.7954
7147.2983
7886.4976
8182.1050
8138.8105
7148.8174
7148.2852
6949.2788
7015.1890
6862.5103
6762.9170
6698.0708
6733.7319
6875.7437
6726.6533
6805.6675
6591.8799
6433.1685
6493.7944
6515.5352
6564.5225
6607.2456
6701.1294
6925.6880
7274.4375
7444.1953
7523.5405
7743.8569
7683.0083
7713.0166
7788.0894
7842.8022
7827.5015
7741.9111
7753.0210
7899.5161
7814.0693
7877.7905
7805.1558
7748.3472
7864.5830
7811.4375
7822.4756
7892.9810
7867.5503
7909.5015
7953.2178
7924.1333
7868.0591
7969.1655
8029.7241
7923.2007
7971.4849
7938.2217
7984.8486
7977.6455
7991.0796
7962.7842
7705.1035
7648.0269
7711.3975
7791.5693
7707.8062
7751.6323
7552.1079
7714.0771
7828.5571
7883.4404
7922.5571
7999.3135
7916.5879
8083.1279
8241.1328
8294.2031
8282.1055
8215.2871
8346.1006
8542.2031
8515.1201
8514.0244
8604.0469
8685.4473
8797.4385
8719.1230
8627.7520
8561.4443
8641.6289
8678.7041
8603.9150
8576.9033
8551.0293
8633.9639
8479.0205
8477.8281
7895.5186
7170.7954
8253.8535
8181.7261
8397.7090
8290.1650
8173.2061
8249.0527
8318.1602
8244.0557
8012.8013
7904.1016
7726.6660
7170.7954
7055.4580
6982.7236
6892.2041
6917.8257
7170.7954
6890.2495
6850.5381
6730.9482
6757.1284
7080.3184
6934.2109
6879.7051
7053.1265
7007.4155
7106.7100
7508.1558
7607.9917
7730.0156
7748.2769
7882.8267
7880.5859
7821.1045
7934.1777
7891.6938
7864.1724
7803.3877
7920.7935
7918.9082
7827.1396
7837.0161
7955.3164
7890.9536
7932.1987
7862.4292
7813.0742
7813.5654
8087.5215
8043.7344
8128.9468
7920.7861
7832.0059
7871.6289
7840.9634
7882.2754
7866.4448
7877.4888
7880.7109
8084.0171
7936.8364
8176.8296
7856.5210
7841.1035
7775.7583
7728.6426
7545.2764
7616.6743
7640.9717
7718.7427
7688.9790
7762.7988
7852.7622
7989.3735
8058.9653
7993.9736
7997.4668
8006.1177
8100.4712
8079.1455
8072.1973
8278.0713
8270.2432
8132.6323
8411.5381
8435.8848
8439.2051
8410.1621
8409.2822
8522.2666
8540.7900
8487.9639
8624.0322
8755.2178
8741.7422
8676.4199
8577.3457
8631.2480
8557.5879
8397.9434
8511.5811
8523.0752
8558.5801
8426.4072
8480.5313
8349.5010
8448.7695
8362.1045
8382.4658
8176.8906
8004.1118
8006.9780
7874.8447
7604.9937
7170.7954
7089.7324
7164.0918
7170.7954
7029.2886
7162.7813
7169.6040
7157.9082
7118.5547
7170.7954
7707.5054
7625.0508
7769.6123
7902.4546
7921.6743
7916.5396
8067.4180
8216.7852
8308.9375
8229.9473
8247.6055
8191.3770
8237.0439
8203.3408
8100.2329
8220.1445
8101.8584
8204.7793
8190.7515
8186.5723
8100.6230
7912.5347
7973.1553
7825.1782
7994.9463
8020.3496
7968.0518
7836.8672
7697.4766
7794.6616
7947.3672
8038.5146
8080.6465
8038.7783
8118.2129
8058.4106
8096.3320
8209.5791
7906.9478
7917.3311
7902.7388
7890.8389
7698.6611
7760.3857
7676.2017
7769.6543
7777.2959
7864.1328
7894.2314
7872.1250
7748.2534
7776.7637
7998.3003
8303.7441
8258.0527
8159.9170
8214.9551
8407.9902
8276.9502
8251.7373
8314.8965
8623.6621
8546.3486
8587.1572
8700.3428
8766.2275
8809.9541
8806.9512
8716.6006
8781.8516
8785.6738
8640.0596
8592.9717
8544.7549
8522.0938
8484.7432
8594.0420
8510.2051
8528.4072
8435.7178
8218.6973
8302.3691
8292.9541
8232.0186
8245.6396
8272.1006
8292.9072
8291.2754
8401.8340
8399.5625
8300.7305
8327.2412
8295.2090
8141.8892
7954.6133
7838.7314
7795.0596
7789.2305
7712.5820
7814.3906
7858.6675
7953.6377
7846.2891
7949.9595
7931.6206
7952.4541
7945.7026
8142.5171
8352.4111
8273.2236
8251.7842
8414.4844
8530.6357
8563.4482
8428.3848
8304.3252
8246.8740
8345.0850
8491.3223
8512.6826
8208.9268
8259.6191
8148.8066
8193.1914
8224.3398
8239.0713
8205.4727
8151.7432
8066.4683
8066.2310
8020.7661
8041.1851
8000.2319
8041.0542
8134.1235
8162.1187
7960.8291
8050.7363
8180.5249
8212.1572
7834.3062
7576.7563
7405.9927
7410.2451
7492.8853
7710.7935
7730.4492
7915.3472
7728.8730
7752.4766
7791.9780
8054.0195
8075.5957
8202.7607
8322.2822
8450.0918
8574.2227
8494.5586
8483.3223
8473.2109
8601.2393
8684.1006
8648.0205
8613.6396
8769.9902
8821.2451
8840.5225
8838.1729
8823.3027
8645.8457
8614.5674
8622.0820
8410.9102
8368.9150
8331.1641
8269.6006
8357.1377
8257.2627
8322.2822
8300.3867
8332.2100
8301.6279
8429.9727
8412.1348
8301.6885
8581.5322
8633.2969
8570.4580
8632.3721
8592.6201
8688.6211
8687.8291
8638.4424
8599.8828
8507.9873
8294.0430
8274.4316
8206.2275
8198.4414
8090.8853
8016.2021
8027.7930
8230.1250
8201.0996
8162.2832
8020.6030
8214.1328
8197.1904
8266.7832
8210.4277
8199.6758
8327.9395
8349.5303
8393.8926
8272.5000
8297.5029
8523.3799
8332.9707
8305.7891
8494.1904
8257.4541
8449.4844
8562.4404
8418.4531
8284.7930
8230.9971
8181.0762
8035.1489
8214.9326
8148.6294
8189.8833
8303.9043
8192.9355
8080.0938
8063.6982
8054.0542
8066.1240
8169.1177
8330.4229
8162.0698
8014.2417
7909.0557
7844.7622
7734.6260
7738.2051
7899.9521
7830.4624
7728.5449
7603.8853
7482.9380
7784.1392
7829.5449
7965.9419
8040.8516
8244.3154
8476.7607
8587.9961
8660.1553
8631.3965
8514.6182
8507.2217
8538.0059
8669.6133
8635.0957
8720.5029
8723.6299
8804.5889
8836.9023
8764.4834
8693.9912
8619.6270
8590.5557
8421.2764
8377.4287
8337.1211
8236.0029
8360.1738
8279.2656
8256.5615
8359.2715
8459.1377
8187.2168
8284.9209
8196.3760
8187.7842
8299.0010
8431.2051
8578.1533
8610.7295
8747.5566
8714.2002
8779.5830
8803.7861
8737.1240
8631.0234
8455.3154
8394.0967
8332.4971
8203.6865
8187.3491
7979.2881
8029.0220
8299.0742
8327.5957
8372.5977
8246.7715
8411.9248
8524.3428
8487.3477
8572.6455
8551.5273
8519.9307
8517.1553
8543.1641
8453.0781
8305.9990
8264.8008
8301.2158
8498.1797
8342.7334
8363.4912
8180.7393
8054.5996
8190.7515
8221.2988
8499.2920
8333.8721
8186.8359
8013.9146
7948.5288
7928.0405
7972.0942
7884.3218
7935.2202
8143.5410
8079.6519
8185.0864
7964.1826
8200.2148
8184.8540
8013.0571
8039.9756
8004.3628
7938.2397
7929.0801
7758.9497
7810.6704
7768.8428
7745.6055
7731.2197
7639.6104
7891.5015
7908.6758
7939.3130
8017.4380
8146.2861
8351.4180
8474.3516
8310.2881
8229.6934
8181.2354
8244.4521
8281.7813
8474.7295
8505.9004
8563.4512
8555.5938
8627.2520
8645.0996
8595.0264
8615.9678
8439.6582
8309.9160
8227.7041
8216.2305
8269.1992
8104.7969
8160.6328
8062.4932
8101.2773
8211.1045
8231.9248
8248.3213
8211.5430
8310.7598
8400.3779
8594.3477
8679.0908
8604.8174
8609.0293
8680.8418
8743.1494
8816.1826
8743.9912
8605.2324
8560.4570
8459.6563
8437.8750
8293.1611
8343.8779
8251.3037
8019.5298
8102.1211
8298.6270
8277.7373
8217.7148
8418.8184
8488.8740
8594.8076
8511.3730
8491.7520
8405.2139
8522.9893
8546.0752
8497.2461
8629.0459
8549.6748
8572.6172
8435.1133
8387.4893
8369.6943
8407.6699
8426.4258
8305.3643
8204.1504
8030.4678
7883.0127
7756.5669
7847.1323
7929.2397
7935.4941
7954.3799
7914.0303
7946.9165
7862.7505
8002.9561
8079.0825
7981.6694
7969.7568
7979.3159
7880.5337
7929.8901
7918.8911
7948.2861
7910.3696
7906.7954
7957.0762
7993.1675
7892.6675
7807.2715
7838.8721
7888.3262
7831.7676
7927.0200
7885.5024
7970.9170
8157.3364
8184.1689
8093.6279
8220.9902
8214.8193
8203.7686
8341.1865
8359.3262
8464.9072
8607.7373
8622.4043
8581.5430
8559.2178
8616.4150
8530.6943
8520.3232
8399.8408
7976.3677
7927.5488
7800.4028
8018.8892
8112.4531
8248.1484
8148.2588
8259.1758
8354.7246
8358.8057
8312.1406
8323.3701
8587.5654
8554.8486
8470.7627
8590.5908
8666.3496
8550.1406
8578.0215
8581.9072
8519.9082
8458.2109
8352.3418
8180.8340
8140.0039
8430.7520
8403.1455
8444.7178
8431.9473
8331.3643
8280.2998
8452.1104
8266.3975
8241.5293
8562.8428
8576.4033
8610.5928
8527.5449
8540.2959
8550.3271
8492.6875
8457.1963
8544.6924
8518.5654
8540.4102
8451.0830
8509.3154
8472.7031
8319.4053
8178.6206
8281.0762
8108.4868
7989.8335
8025.5425
7933.9097
7940.6504
7859.2993
7765.5313
7853.1514
7936.4839
7994.2637
8080.3394
8131.5757
8056.7627
8102.2358
7883.2119
7958.2407
7972.9102
8105.3862
8058.4258
8035.5718
7925.9902
8058.7974
8118.7705
7995.1367
7983.8174
8034.4795
7937.5693
7895.7578
7765.5483
7852.9531
7876.9902
8001.9609
7990.9790
8220.8037
8266.2520
8255.4551
8282.3242
8202.2031
8205.7510
8306.0273
8451.2461
8341.0088
8291.4385
8355.2852
8234.4473
8313.2900
8414.0615
8265.9463
8004.6899
8061.7529
8005.4058
8052.9136
8010.1592
8013.9565
7940.4790
8037.1851
8199.0645
8167.0820
8366.4365
8413.3564
8330.0186
8423.9727
8181.7070
8345.6777
8502.5947
8542.0215
8411.2637
8559.0703
8587.1563
8584.0527
8239.2295
8237.2822
8258.3809
8464.0156
8486.0654
8480.9893
8582.5391
8508.8154
8503.8223
8583.3057
8582.8076
8537.9678
8633.6367
8595.7070
8511.2559
8508.2373
8398.4512
8587.3262
8561.9590
8683.0088
8641.4414
8563.5273
8485.4971
8511.3662
8347.6016
8301.4355
8425.8369
8384.2275
8377.2852
8497.4951
8477.1963
8460.1924
8272.5088
8380.5684
8290.4961
8324.3779
8193.1914
8031.1973
7973.4844
8087.3496
8129.8892
7986.7549
8022.8413
7937.1758
7930.9619
8027.6699
8039.0166
7958.8447
7859.3213
7773.7939
7723.6548
7749.3062
7799.8408
7954.2764
7993.3154
8004.8765
7856.0664
7887.0586
7929.6885
8124.6436
8164.5488
8242.1621
8206.0508
8385.1680
8268.7813
8227.4834
8206.9404
8109.3511
8130.6748
8328.8145
8220.9932
8186.0103
7982.7026
7995.1553
8123.4658
8119.6260
8255.0635
8350.4619
8247.8926
8337.6172
8317.7021
8234.1523
8042.4863
8019.3828
8213.5469
8076.6309
8272.8027
8355.1279
8422.7500
8534.6191
8518.8867
8445.6406
8414.6416
8384.5791
8269.8311
8215.9590
8405.0654
8407.3584
8415.9131
8318.1533
8208.1133
8232.4824
8077.4961
8365.2793
8399.4355
8506.3037
8622.1924
8552.0801
8595.9990
8635.1201
8570.8574
8565.1143
8623.9658
8579.2656
8596.1240
8552.6289
8627.6133
8628.2783
8811.8154
8707.0059
8733.5352
8576.5752
8270.4961
8335.4658
8392.7305
8265.0361
8387.4678
8424.1719
8497.0547
8547.8330
8696.5400
8638.0811
8518.6191
8434.8945
8519.7871
8241.5615
8252.6035
8140.5776
8259.5352
8216.2207
8272.5352
8168.1260
8040.5073
8015.0469
8090.3389
7959.6567
7925.1445
7960.5308
7989.8662
7991.4893
7985.0674
7927.5820
7972.5122
7943.0005
7946.0967
8099.1855
8143.2104
8203.3652
8220.7793
8045.2778
8253.5869
7971.3291
8165.5625
8290.8877
8233.2725
8227.8984
8233.2275
8257.1406
8288.3477
8190.2729
8185.5518
8233.4541
8250.7998
8243.0137
8286.5352
8269.0596
8317.9873
8335.5078
8267.9463
8196.6982
8277.0986
8190.0508
8303.9355
8246.9795
8380.5098
8413.4473
8382.5820
8546.4297
8497.5127
8613.3555
8579.9473
8446.4277
8288.2920
8183.7896
8311.2754
8259.7168
8208.9775
8216.1494
8439.3252
8377.7559
8326.1650
8503.5332
8466.9980
8468.0742
8439.1689
8292.5293
8254.6475
8477.8066
8572.9551
8360.9971
8451.8008
8402.9600
8303.9092
8283.5049
8405.7227
8491.7383
8488.1211
8584.3457
8687.7334
8701.0283
8599.4678
8585.5234
8565.3301
8435.6113
8290.1982
8290.7578
8403.5498
8343.8545
8499.8301
8575.0723
8584.1309
8495.9805
8515.5645
8520.5586
8568.9072
8451.2930
8403.5674
8246.3086
8231.6289
8184.5815
8209.5605
8058.7861
8015.6626
8002.6885
8089.2139
7898.4321
7937.3545
8143.2007
8074.0054
8190.6626
8251.1064
8221.8975
8134.2251
8188.2295
8279.9326
8083.1309
8200.2363
8282.6758
8383.2236
8296.1934
8198.1641
8175.0615
8120.3223
8198.7070
8138.8008
8128.7432
8199.2275
8064.0728
7997.3823
7963.9033
8003.4570
8064.2432
8116.8042
8225.5850
8252.6211
8087.5537
8006.5742
8117.5630
8129.8223
8036.6255
8201.2139
8306.3828
8235.4268
8438.5928
8377.1289
8202.0488
8224.4873
8233.9639
8243.2139
8182.2627
8252.4248
8210.9707
8278.0879
8149.4663
8234.2842
8261.3135
8255.3096
8375.3984
8426.1543
8446.6650
8215.5264
8299.6943
8297.0303
8380.3555
8394.3760
8270.1338
8286.3994
8280.7783
8357.8369
8301.1514
8160.0771
8205.0996
8444.3623
8412.5664
8351.8682
8331.5049
8398.1289
8568.4414
8604.0234
8696.2207
8602.7646
8570.3857
8605.8545
8517.2607
8423.5615
8301.9404
8341.6670
8308.4619
8475.1416
8288.9131
8384.5801
8294.9873
8271.3789
8343.4893
8231.0498
8229.7539
8310.7197
8167.0225
8164.2290
8212.2959
8245.7813
8085.0386
7903.9043
7735.6372
8006.4517
8074.6899
7990.7656
8003.1924
8057.5410
8071.4351
8195.0996
8186.1504
8258.9326
8252.9990
8449.4209
8514.1816
8512.0723
8537.5264
8338.8340
8147.9238
8146.6050
8166.5620
8246.9023
8177.8584
8192.7988
8064.6689
8015.6387
8072.2891
8052.5259
8132.9683
8178.7480
8098.2290
8181.5566
8202.7832
8193.4238
8205.5859
8058.7910
8232.2969
8178.1333
8196.4131
8269.5576
8177.0684
8211.5762
8462.7354
8270.1719
8249.2188
8298.6885
8290.1719
8107.2153
8315.2676
8402.6475
8353.6162
8444.0889
8551.9336
8675.5000
8595.6758
8548.9629
8594.4580
8554.3936
8666.1475
8576.0850
8575.9961
8510.7031
8537.3984
8621.8994
8683.2217
8552.5264
8612.4346
8491.5596
8269.9736
8307.5977
8293.8486
8207.4121
8008.9692
8261.7109
8227.1641
8534.0176
8607.6533
8557.0332
8577.5078
8612.6230
8496.4238
8369.6572
8318.4551
8283.2686
8262.5352
8220.6787
8165.2109
8240.1201
8275.5625
8185.9258
8157.4639
8026.2798
8172.6133
8040.2866
8067.5728
7961.6724
7824.6870
7836.8511
7846.6338
7794.5278
7664.3755
7593.2969
7431.3979
7901.9111
8009.6226
8120.1914
8061.4839
8137.8374
8047.7358
8089.2515
7899.6113
7926.3022
7927.8320
8195.2422
8437.2236
8525.2197
8388.4697
8165.9492
8229.0313
8058.0898
8174.7715
8115.0518
8216.2432
8419.8115
8298.9023
8142.9531
8248.3545
8255.8848
8082.9780
8211.3389
8289.0967
8346.2393
8255.3623
8168.2036
8161.5801
8140.4873
8147.7715
8079.1792
8009.1216
7990.1680
7923.9634
7983.3921
8224.0332
8226.1484
8447.5420
8283.7461
8286.1162
8349.5732
8328.5791
8365.1416
8301.6709
8540.4863
8663.0166
8587.5361
8531.8037
8395.4180
8560.2461
8543.3965
8640.1602
8651.2168
8603.3633
8606.8018
8606.7480
8560.1836
8540.9443
8544.9580
8576.3145
8561.1162
8482.4541
8502.2246
8259.7744
8357.4971
8280.4600
8418.0889
8258.0391
8216.9209
8419.3574
8479.5225
8283.5703
8488.6475
8390.3008
8320.4199
8340.0029
8485.4023
8238.9854
8270.1143
8294.5361
8344.6982
8364.5186
8158.3062
7932.7134
7848.8862
7739.4385
7679.1040
7670.2344
7650.4634
7170.7954
7170.3330
7170.7954
7064.3315
6926.9165
6953.8384
6743.6577
7934.1812
7984.0410
7978.4629
7973.6997
7996.5562
8039.2759
8090.5718
8188.0762
7983.0386
8133.8979
8272.0361
8259.2852
8376.5059
8328.5000
8415.1934
8338.4424
8427.6064
8411.6221
8514.1904
8501.5977
8377.2295
8498.7285
8494.0986
8504.6299
8391.4492
8219.8652
8156.5649
8226.2461
8193.5391
8205.3213
8408.7041
8244.3857
8263.8926
8165.2900
8084.8159
8024.7637
8059.5947
7941.3628
7944.5972
8028.3970
8092.4492
8320.4521
8303.7832
8503.0156
8464.8193
8497.4873
8562.0029
8506.8516
8603.3936
8611.7002
8655.3301
8719.0957
8601.8076
8664.0000
8583.4268
8577.1396
8575.7910
8646.0596
8802.2832
8792.3896
8786.1729
8837.7959
8837.1807
8831.8467
8800.8037
8775.1602
8725.9180
8634.9844
8665.5361
8747.9902
8706.7891
8503.2676
8591.9639
8579.7412
8316.9912
8364.0195
8213.3389
8239.4492
8076.6724
8132.2397
8173.1548
8086.8042
8208.6113
8098.4658
8055.8745
8032.8242
7946.7886
7846.0752
7835.3750
7631.6636
7713.7100
7672.2075
7550.0327
7254.6030
7095.0132
6748.6069
6685.0913
6846.1777
6604.2451
6469.8989
7893.8979
7965.6885
8044.1055
8224.7930
8172.7217
7978.3188
7976.4312
7962.4468
7944.0811
7995.2236
8208.8770
8409.7842
8317.1182
8481.7617
8545.4697
8624.8467
8585.4971
8539.8066
8507.1309
8473.8916
8473.2725
8521.8945
8482.5742
8487.1797
8475.6602
8428.7197
8329.9473
8279.6240
8204.9961
8210.2373
8269.5781
8330.7744
8313.3564
8106.6670
7991.3364
7901.2417
7868.3457
7903.1538
7824.6733
7917.7817
8177.5298
8439.0889
8295.0293
8329.9648
8249.0059
8266.9658
8490.5088
8574.5332
8636.1592
8634.9678
8565.5947
8599.1465
8595.3555
8714.5059
8570.8115
8546.6719
8635.5293
8725.5244
8761.6572
8843.3838
8860.7461
8772.8438
8854.8154
8865.6992
8865.6992
8864.3535
8787.4912
8795.7246
8791.3457
8612.2842
8642.5674
8637.6123
8644.9180
8520.7822
8386.6650
8428.7021
8402.8691
8467.3828
8517.4619
8580.3672
8387.3730
8244.7988
8349.9697
8313.1055
8065.3418
7800.5859
7679.5054
7741.1245
7796.5981
7715.9795
7616.0029
7720.2583
7432.1221
7285.2876
7014.3867
6733.6440
6658.1753
6657.7192
6349.1470
6293.2095
7959.2363
8198.6084
8072.4238
7987.5264
8102.5435
8172.8979
7981.6538
8011.2144
8085.4600
7997.2241
8162.5381
8026.6343
8147.4160
8194.8066
8406.3750
8626.2119
8528.3447
8411.1387
8289.5977
8528.5439
8504.4932
8414.9873
8455.9365
8486.6289
8558.8105
8501.5439
8508.8154
8431.3330
8245.8320
8335.0254
8339.6172
8313.2480
8238.1553
8103.8091
7960.0874
8027.0820
7966.3623
7919.7324
7885.4639
7998.6816
8059.7734
7949.4688
8066.8833
8167.4497
8270.1377
8208.6348
8186.6172
8369.7695
8448.4854
8452.7861
8544.6240
8623.8594
8733.0869
8748.5205
8809.4473
8710.3945
8601.5664
8672.0723
8699.6143
8715.3965
8766.4971
8650.8086
8820.4355
8862.2451
8861.6768
8862.7051
8865.6992
8865.6992
8845.4043
8858.8906
8861.7969
8855.0254
8854.8926
8802.6855
8746.7871
8790.3018
8745.8691
8638.1406
8646.6406
8594.9521
8512.3633
8371.0205
8232.2158
8146.6831
8174.6104
8106.0928
7947.6860
7955.0908
7863.3418
7861.3672
7902.5439
7738.8247
7707.4985
7461.9985
7231.5776
6997.0303
6850.6401
6533.9565
6407.4521
6162.8691
8038.9766
8066.0781
8146.0405
8101.4170
8042.6328
8037.3750
8006.7661
8018.9604
8162.8618
8084.9429
7993.2007
8015.5752
7889.1768
7904.5552
8132.4292
7984.4092
8100.7490
8214.5293
8172.8140
8207.5498
8303.3301
8361.1514
8277.6914
8222.6445
8441.9609
8389.8076
8424.0762
8253.1270
8456.4160
8495.3477
8570.8701
8460.1543
8356.7412
8052.7207
8025.1660
7989.6621
7975.1216
8075.8330
8018.0508
8074.8672
8160.5884
7992.1621
8070.8232
8041.9917
8117.7334
8064.5386
8192.1133
8269.0693
8219.6250
8508.2656
8614.4453
8593.5078
8735.2793
8754.9512
8644.4873
8592.3398
8553.5010
8551.0869
8600.4238
8834.5908
8835.0313
8865.6992
8865.6992
8865.6992
8858.6621
8865.6992
8865.6992
8865.6992
8853.3105
8758.9951
8829.0859
8865.6992
8850.0791
8862.5010
8816.3379
8800.9219
8759.4355
8771.8623
8722.9521
8538.8809
8380.2158
8262.6201
8225.5801
8155.0132
8102.0737
7918.9634
7879.6689
7730.0054
7559.6133
7712.2534
7874.9849
7922.8022
7850.0342
7718.8462
7222.5576
6993.2695
6710.7837
6451.3501
6291.7329
6033.7905
8061.6128
8156.0410
8266.3906
8166.5015
8087.5630
8016.7466
7912.8130
7932.8340
8134.2969
7955.8184
7839.3970
7818.6328
7918.9639
7918.9614
7922.1357
7865.3896
8038.4326
7989.0566
8082.3379
8048.9312
8048.2266
8041.1948
7873.4766
7848.5688
7851.7681
8154.7012
8190.1147
8244.0420
8115.8423
8072.4263
8204.7949
8096.8525
8048.0439
8100.5752
8045.5479
7957.6064
8063.5308
8160.8311
8148.0259
8105.5313
8260.3008
8327.8818
8538.3262
8622.5264
8572.4219
8544.1084
8510.9736
8462.8037
8504.2891
8511.2041
8650.9063
8759.4268
8718.8555
8739.8926
8834.0889
8865.6992
8792.9590
8825.1221
8843.3408
8865.6992
8865.6992
8865.6992
8853.9014
8865.6992
8865.6992
8865.6992
8865.6992
8847.8965
8863.4316
8858.5615
8864.0723
8865.6992
8863.4980
8865.6992
8817.5098
8560.7090
8668.2529
8507.3545
8377.0439
8459.8828
8350.8408
8257.0830
8089.8306
7974.7300
7846.6064
7900.5903
7890.2793
7892.5439
7747.7544
7607.8735
7424.2314
7353.1636
7266.4644
7322.7544
7117.6191
7109.1914
7035.2446
6972.3179
6400.6738
6028.7002
8159.7646
8023.0645
8052.4253
8007.1401
8120.4565
8022.3188
8033.6753
7924.0703
7934.1943
7833.5630
7615.0278
7748.2197
7741.8901
7742.6177
7689.2363
7732.2510
7702.6055
7735.6235
7772.0078
7782.8398
7827.4590
7722.2988
7608.0576
7715.0952
7846.1143
8129.4053
8227.5645
8177.9785
8074.3247
8220.1348
8121.2598
8025.4009
8112.3481
8057.9536
8016.6216
7908.5723
7910.3901
8040.5654
8156.7886
8201.5830
8186.4087
8248.4590
8397.1484
8464.5303
8599.7881
8572.7285
8544.0508
8581.8594
8569.7568
8544.7559
8726.1074
8796.2344
8786.9580
8763.8682
8842.9873
8842.7256
8865.6992
8846.0635
8865.6992
8865.6992
8852.7070
8864.3857
8865.6992
8865.6992
8865.6992
8851.9922
8865.6992
8865.6992
8865.6992
8863.2197
8815.3408
8769.2754
8745.6533
8778.4980
8758.0928
8716.9072
8582.4863
8421.5869
8256.6699
8080.3164
8071.2114
7969.6338
7914.8174
7963.8442
7763.4507
7632.1328
7561.0654
7269.9375
7320.8965
7400.3877
7261.3960
7178.6968
7208.4556
7184.8799
7066.7290
7197.7529
7163.7280
7023.5640
6466.5640
6202.9653
8235.5400
8376.5889
8342.9668
8443.9941
8472.9238
8349.4072
8285.3281
8055.3091
7907.9541
7791.2026
7852.8608
7703.3560
7559.1719
7587.8975
7681.0718
7573.5952
7693.2451
7721.7456
7619.0386
7655.7729
7561.6372
7584.8994
7565.3960
7601.9565
7772.5229
7907.0220
7921.1860
8031.1987
7960.3413
7693.2891
7554.6128
7620.3354
7548.7427
7796.6777
7860.1870
7877.9614
7716.7280
7825.6724
7766.8735
7828.0273
7943.7788
8076.7588
8300.3320
8374.2295
8599.4805
8651.7520
8625.4639
8605.3135
8713.4072
8701.4756
8747.7490
8836.0342
8837.0957
8782.8799
8840.3701
8865.6992
8865.6992
8860.6133
8864.4541
8837.4795
8740.9004
8809.4473
8864.7959
8865.6992
8804.4717
8681.6836
8797.1416
8821.8105
8805.8965
8712.6973
8628.2188
8593.1924
8591.4883
8516.4912
8577.3662
8584.1240
8406.0166
8420.5176
8321.2461
8273.8438
8033.6440
7922.3091
7756.8521
7552.7441
7486.9072
7330.1484
7207.0601
7184.0732
7198.7349
7147.4170
7152.7100
6983.7876
6985.2036
7034.3486
6956.7764
6956.7764
7041.5864
7103.9927
6956.7764
6230.7466
8512.4229
8329.4600
8377.7227
8519.8379
8507.6670
8415.0986
8368.2285
8300.2520
8172.9038
7905.3584
7729.5386
7667.5767
7482.9194
7222.2715
7057.3906
7008.3789
7069.0176
7005.9292
6904.3047
6884.3218
6838.7949
6840.0181
6901.0527
7276.1216
7502.5879
7561.8247
7523.1011
7525.8765
7459.7671
7355.7427
7237.8989
7131.7573
7025.4219
7030.9136
7149.0762
7115.8091
7170.7954
7170.7954
6906.8745
7428.2695
7568.8457
7710.3833
7835.6011
8080.9141
8144.8496
8327.4365
8509.5732
8540.6768
8740.0195
8734.6875
8647.9219
8640.2705
8629.0107
8720.0000
8796.0508
8860.3965
8862.7207
8865.6992
8865.6992
8824.6670
8862.0020
8865.6992
8852.7432
8859.7773
8826.5400
8791.3965
8783.7539
8774.6084
8658.1221
8742.5488
8632.7168
8683.7715
8744.8486
8639.7178
8589.2490
8574.1465
8425.4805
8361.0342
8270.0713
8207.2852
7992.1602
7886.1743
7813.6880
7695.6035
7439.4663
7174.8486
7101.3457
6756.1108
6637.2705
6595.6953
6432.6870
6403.4063
6342.2998
6289.5996
6389.8765
6390.7871
6589.8179
6624.8325
7195.4316
7072.0083
8555.5820
8617.4287
8626.4688
8563.7119
8401.4492
8367.0088
8218.9150
7937.9321
7167.0708
7140.1855
6986.0464
7026.8530
7066.9810
7140.9878
6885.4014
6833.2939
6705.9707
6685.6157
6530.5728
6529.9707
6417.8779
6414.8877
6480.5801
6721.3574
6898.3579
6914.3809
6916.5854
7039.4063
6835.7563
6852.7793
6876.0332
6720.3721
6957.1753
6817.9727
7055.1631
7011.1743
7170.7954
6982.9478
6903.5796
6925.4087
7449.6592
7852.5400
8050.4077
8159.2593
8200.0098
8255.7139
8445.0615
8755.0479
8802.9004
8734.2646
8682.9121
8730.0898
8825.3906
8828.2832
8865.6992
8865.6992
8859.9570
8865.6992
8865.6904
8865.2520
8852.3193
8834.1875
8728.7930
8655.8525
8764.9316
8783.8457
8728.7061
8744.7324
8718.2051
8692.2334
8583.5576
8559.4893
8507.3516
8265.2109
8275.3760
8421.3135
8307.5078
8239.0029
8031.5835
7879.2803
7748.6045
7805.4712
7616.1040
7430.2290
7306.5918
7164.6357
6970.8652
7005.6304
6543.2373
6279.2173
6174.9399
5975.3110
5921.3638
5825.3672
5985.1460
5874.7832
6015.6333
6136.0234
6395.3843
6397.5435
8706.9395
8655.1025
8627.8936
8563.1973
8511.5039
8370.1611
8108.8252
7767.4766
7170.7954
6819.6704
6732.5122
6823.6050
6911.6807
6747.6284
6725.1372
6643.2598
6715.8086
6511.6646
6389.0894
6427.8418
6538.4922
6380.2817
6411.0010
6653.9321
6745.4214
6717.4287
6635.0532
6663.5000
6672.6396
6539.9160
6538.7070
6555.3276
6579.5933
6695.5874
6873.1304
6882.8159
6953.4326
7016.2275
7083.8970
7461.2847
7789.4727
7884.1719
8246.6006
8288.0781
8286.7705
8549.2500
8608.8584
8614.1328
8592.3896
8682.6123
8566.7910
8702.8076
8728.8760
8811.6953
8831.4023
8808.4189
8740.1602
8644.7188
8644.1475
8655.3184
8704.6807
8733.8271
8764.1309
8601.4258
8622.7236
8610.0918
8709.8379
8484.8428
8425.1475
8458.5049
8424.6152
8279.7607
8231.3594
8176.6670
8065.5225
8178.2979
8060.5151
8069.5615
8148.5591
8105.8774
7983.0117
7961.5381
7794.0957
7724.2871
7469.8770
7295.7695
7056.9590
6956.7764
6391.8267
6410.9507
6020.5308
5990.9043
5732.1572
5794.2524
5644.6147
5619.7646
5726.4292
5833.0239
6068.5742
5974.8936
8351.3115
8509.0625
8383.5830
8175.0371
8104.6138
8070.1226
7758.9243
7585.6460
7116.3096
6802.4922
6899.5586
6675.2344
6641.4824
6739.9429
6685.4077
6731.7632
6634.4126
6818.7334
6594.2075
6420.6587
6364.4644
6391.2104
6393.3535
6661.5708
6752.5918
6901.5352
6651.4438
6699.7905
6881.0244
6590.5127
6641.4971
6527.2153
6729.9121
6739.2153
7170.7954
7136.3608
7081.3696
7152.0703
7429.3120
7747.5342
7898.4629
8164.5391
8322.4473
8258.1211
8198.7559
8203.7090
8519.2734
8489.3574
8575.4229
8687.4805
8798.9639
8843.3213
8841.5811
8820.4150
8783.4248
8730.0762
8526.8330
8539.3027
8568.6201
8557.6670
8647.2432
8741.1641
8715.4961
8726.7891
8746.9199
8690.5303
8583.6787
8417.8271
8357.9521
8173.9121
7958.5313
8091.2188
8066.6421
8044.7573
8094.2261
8128.2544
8204.7197
8230.7578
8137.4165
8087.3296
8154.1807
8059.9092
7780.4541
7656.4751
7449.2920
7309.4639
7122.3364
6999.8105
6962.2358
6153.2188
5930.2646
5756.3945
5756.2134
5936.5850
5642.4453
5619.2393
5619.9751
5618.6885
5619.4878
5659.4839
8221.3242
8009.8389
7976.6729
7986.7476
7851.1206
7698.6011
7757.6147
7729.1943
7426.3994
7150.4819
6859.2900
6698.9956
6831.4575
6863.4429
7046.9492
6721.5752
6686.2373
6613.8716
6630.1060
6671.5278
6542.0928
6645.5957
6613.5205
6760.6943
7170.7954
6883.9136
6793.1074
6836.4224
6710.5059
6683.5640
6700.1631
6731.3936
7076.4487
7004.5405
7087.3159
7529.4897
7693.1895
7849.6123
7919.3589
7943.3340
8124.6016
8244.5000
8230.7334
8394.0850
8494.2285
8368.5713
8402.5674
8400.9727
8604.4893
8706.3379
8768.3809
8830.3838
8842.8730
8802.6631
8821.3125
8803.2822
8750.7588
8771.8535
8655.4668
8579.4209
8621.8525
8578.3105
8486.0820
8431.5605
8544.0498
8451.9023
8205.2861
8163.3828
8158.4409
7990.9932
7901.4629
7812.0068
8069.1040
8298.3252
8248.6162
8320.5684
8374.7383
8360.8027
8271.3779
8250.2949
8088.7490
8045.8232
7822.9697
7495.1372
7440.4370
7420.3481
7211.5571
7177.0347
7056.5498
6975.0298
6272.3047
5939.0898
5751.7842
5619.2944
5618.6885
5618.6885
5618.6885
5621.3896
5618.6885
5770.7808
8152.5127
7917.2842
7900.6069
7754.0894
7742.7168
7736.3291
7602.6484
7638.9658
7497.8218
7382.1748
7170.7954
6880.0625
6696.1030
6757.5552
6755.5977
6879.2822
6893.3408
7170.7954
6914.6436
7013.7563
6845.9385
6881.5913
6850.6895
6802.1895
7058.4985
6874.6143
6831.0122
6934.9458
7170.7954
6992.3115
6900.7837
6918.7993
7316.8110
7335.3008
7420.2495
7611.4902
7743.7124
7884.8892
8053.9839
8048.7627
8258.7070
8117.8633
8203.0068
8253.3291
8468.0654
8524.3262
8579.1904
8654.6611
8807.8955
8782.1670
8845.0781
8865.3408
8862.4805
8860.3799
8854.9521
8865.5068
8865.6992
8831.9141
8836.9795
8730.9248
8708.2393
8612.8506
8548.8027
8541.2627
8269.2861
8251.2314
8199.5264
8056.6084
8057.6831
8023.2144
8037.5039
8038.1514
8102.1411
8151.5552
8355.4795
8251.7705
8020.2671
8069.7256
8087.7754
8244.4209
8279.6504
8155.9341
7941.3320
7718.4648
7568.2061
7475.1714
7382.2510
7340.3193
7110.1509
7056.4609
6956.7764
6346.7705
6017.8384
5714.9014
5693.4453
5620.1406
5618.6885
5660.0093
5625.6206
5657.4878
8147.0322
8057.1904
7948.6074
7986.6509
7952.8389
7957.4541
7989.3247
7890.3950
7681.7007
7723.1870
7590.3242
7145.0923
7111.0845
6839.3589
6847.3335
6908.4082
6980.5957
7170.7954
7046.1108
7062.1035
6818.4502
6795.1470
6902.0869
6751.1484
6795.1582
6761.8159
6910.0474
7058.9087
7037.6099
6976.2544
7165.3789
7273.9272
7474.8252
7798.0889
7804.3501
7878.5229
7920.1245
7862.5288
7987.0410
8245.6250
8181.6494
8124.9355
8241.2275
8300.5234
8402.4961
8591.8145
8610.6592
8724.2910
8742.4648
8848.6289
8865.6992
8865.6992
8865.6992
8835.2842
8865.6992
8852.2305
8857.8115
8864.1875
8824.2080
8706.6992
8723.7871
8798.8916
8735.8477
8618.1289
8597.5879
8381.5586
8263.1240
8072.0732
8225.1387
8272.4043
8269.1523
8324.2705
8353.5713
8319.1582
8355.5947
8389.5566
8297.5156
8242.4307
8089.0576
7911.6816
7922.1621
7977.8081
7745.8999
7624.4063
7284.4282
7206.3159
7202.3784
7042.8403
6956.7764
7143.9443
7125.3999
6956.7764
6387.7500
6089.7197
5870.7197
5915.1938
5762.2300
5693.6025
6016.5825
5840.0195
8025.1270
7915.8774
8232.9326
8283.1621
8182.5615
8164.2886
8129.4160
7962.0186
7982.0249
7915.6143
7948.4658
7942.5557
7541.3057
7170.7954
7170.7954
7165.9155
7429.6128
7715.2373
7754.8384
7507.1616
7170.7954
7054.8325
7017.7202
7009.2026
7031.5479
7219.0132
7336.6045
7308.6465
7170.7954
7170.7954
7590.3794
7962.7354
7912.9443
7807.0508
7580.7407
7656.2666
7886.6875
7800.9038
7935.6079
8063.3521
8182.5098
8232.8828
8256.3721
8265.1152
8330.0479
8621.9189
8694.3984
8823.8662
8835.1182
8863.7910
8865.6992
8854.6836
8865.6992
8862.7686
8865.6992
8837.8164
8865.6992
8865.6992
8849.3447
8865.6992
8861.5029
8813.5830
8794.0332
8783.1289
8655.3379
8578.8428
8363.3623
8445.7783
8348.5020
8240.3604
8173.6968
8180.3599
8297.8311
8160.2935
8287.6348
8155.3696
8002.9014
7949.0410
7897.1318
7881.2148
7723.7427
7559.6499
7176.3691
7273.0156
7272.1729
7211.6670
7159.0361
7169.6724
7064.5439
7112.1113
7102.2979
7071.5796
6956.7764
6409.4199
6172.8022
6034.5493
5909.3774
5973.0317
6113.5869
5967.3584
8020.5156
8180.3589
8173.0034
8273.4346
8232.9531
8124.9277
7994.5850
7984.5601
8046.8286
7916.6553
8009.1553
7895.6567
7809.3076
7782.0269
7806.3247
7937.5303
7846.3438
7889.7983
7839.2598
7725.7930
7729.1519
7779.7471
7616.7417
7620.7500
7618.9409
7545.0103
7664.3013
7815.3062
7894.0664
8098.9478
8245.8301
8240.1348
8201.5322
8065.4521
8254.8193
8140.7163
8163.6548
8160.7363
8280.0898
8451.9004
8501.9541
8393.6406
8321.8730
8552.2686
8676.1631
8753.3682
8789.8330
8772.1270
8784.6973
8807.4395
8865.6992
8855.7139
8865.6992
8865.6992
8865.6992
8843.9863
8865.6992
8862.8457
8859.9902
8859.9346
8865.6992
8860.3643
8840.7129
8792.3467
8783.0762
8697.7334
8537.8389
8552.1953
8511.5283
8331.7236
8289.9561
8176.0420
8213.0586
8094.4614
8156.4531
8072.6401
8031.9971
7928.5942
7773.9492
7792.3086
7550.9551
7424.2144
7546.2231
7574.2393
7346.9907
7243.1206
7292.3145
7198.9595
7138.2231
7154.3711
7182.7832
7115.5762
6956.7764
6956.7764
6488.6670
6259.9121
6331.6431
6130.0313
6205.2832
6234.4629
8089.0498
7949.8135
8076.2632
8057.6777
8014.0015
7936.9370
8066.8862
8063.5132
8202.7090
8008.3179
8011.7485
7884.3296
7864.5293
8001.9814
8109.0547
8080.9688
8130.9312
8215.9688
8042.2910
7952.0649
7948.7573
7935.6191
7941.8647
7918.1060
7923.1099
8037.1396
8152.8892
8207.1904
8276.5938
8348.2139
8407.7197
8315.7480
8272.5957
8338.1104
8358.0322
8436.0840
8451.8691
8635.3545
8618.5166
8668.6709
8753.8701
8636.0000
8728.5068
8750.9033
8758.0518
8750.6777
8743.3262
8697.4131
8624.6475
8577.1094
8628.3916
8520.9014
8579.5576
8692.8428
8859.8555
8865.6992
8795.0977
8787.0586
8726.2002
8727.8262
8814.1074
8818.1025
8865.6992
8865.6992
8850.7939
8770.5479
8620.6777
8574.7373
8615.7285
8604.4893
8585.5938
8310.9307
8142.3066
8228.4727
8261.0303
8040.8555
8081.0557
8128.9165
7861.0317
7756.2710
7865.9106
7664.7471
7528.2856
7688.0562
7641.9141
7682.3291
7520.9063
7414.7461
7454.5132
7282.8940
7307.9692
7402.6714
7221.6504
7185.6475
7104.3145
6750.1455
6644.2612
6570.8887
6473.4058
6486.6113
8272.2324
8184.1992
8229.6406
8249.6758
8172.9233
8021.1157
8066.8267
7874.6509
8086.0005
8076.4692
7908.2271
7919.5698
7833.8232
7945.4727
8057.8794
8072.2378
8150.0957
8277.2939
8223.2695
8012.5513
7985.9819
8147.7368
8016.1157
8069.4985
7973.3281
7986.9492
8179.3115
8128.5718
8115.5791
8288.4170
8287.9141
8240.6045
8223.5254
8275.4531
8444.7012
8467.9863
8686.4424
8799.7188
8814.9971
8797.5322
8863.9980
8860.1846
8846.4170
8826.0771
8865.2363
8865.6992
8853.4482
8865.6992
8841.8867
8579.7402
8227.2197
8091.2139
7768.3442
7170.7954
7170.7954
7081.1748
7170.7954
7087.9766
7170.7954
8003.6064
8184.0596
8540.6943
8865.6992
8865.6992
8778.4795
8865.6992
8741.0830
8728.0469
8582.2480
8465.7686
8380.0488
8207.2725
8150.5840
8074.1250
8211.2891
7987.9771
8041.0239
7951.8550
7925.0493
7775.7852
7716.7021
7663.7529
7589.6543
7644.7520
7548.8853
7491.0708
7373.8677
7306.7495
7287.0718
7367.7725
7424.7729
7253.0513
7280.4653
7230.4946
7289.8638
7275.9521
7190.3823
7188.0845
7241.9976
7184.4502
8429.9512
8447.3047
8217.7686
8103.8892
7944.4258
8090.3594
8013.3286
7901.9565
7873.4126
7879.7202
7888.3042
7913.0513
8051.8550
7985.6064
8109.1040
7970.3643
8077.3257
8071.0005
8003.8540
8005.0586
8165.9180
7988.1157
8007.4819
8109.7598
7956.4824
8183.5752
8181.4648
8234.4824
8174.6943
8239.8174
8315.2334
8212.2314
8254.3496
8279.6777
8454.7080
8567.3086
8557.9229
8775.0947
8755.3047
8767.5273
8781.7959
8763.9414
8720.3262
8803.8818
8861.8154
8865.6992
8865.6992
8865.6992
8637.9932
8504.7969
8242.5078
7920.2876
7711.6279
7050.5376
6682.6934
6466.9839
6669.0483
6762.5439
7170.7954
7140.2158
7170.7954
7170.7954
7170.7954
7170.7954
7170.7954
7170.7954
7170.7954
7170.7954
7170.7954
7446.0723
7606.6865
7723.8179
7766.2744
7831.8701
7946.2280
8158.9014
8056.2969
8194.3945
7997.2388
7938.2715
7834.6875
7760.2114
7705.3062
7685.1035
7708.8506
7625.9116
7507.5049
7531.5283
7428.1099
7495.8813
7530.7148
7379.1865
7403.0845
7486.3247
7536.5117
7627.0737
7442.9087
7366.7734
7255.6104
6956.7764
