Ip_zone1_cond.out
4
x
y
z
Ip
19.0 1.0 56.0 7255.355957
19.0 1.0 52.0 7406.791016
19.0 1.0 43.0 7374.234863
19.0 1.0 42.0 7114.018555
19.0 1.0 41.0 7678.002441
19.0 1.0 38.0 7273.609375
19.0 1.0 37.0 7604.250977
19.0 1.0 36.0 7524.540527
19.0 1.0 34.0 7505.21582
19.0 1.0 33.0 7264.457031
19.0 1.0 32.0 7179.946289
19.0 1.0 31.0 7126.749023
19.0 1.0 30.0 6959.526367
19.0 1.0 29.0 6463.087402
19.0 1.0 28.0 6521.987305
19.0 1.0 27.0 7433.645508
19.0 1.0 26.0 7213.250977
19.0 1.0 25.0 7163.217773
19.0 1.0 24.0 7231.853027
19.0 1.0 23.0 7100.88916
19.0 1.0 22.0 6805.755371
19.0 1.0 21.0 6868.121094
19.0 1.0 20.0 6774.649414
19.0 1.0 19.0 7332.42334
19.0 1.0 18.0 6943.264648
19.0 1.0 17.0 6496.975586
19.0 1.0 16.0 6323.584473
19.0 1.0 15.0 6594.489258
19.0 1.0 14.0 6098.580078
19.0 1.0 13.0 6578.862793
19.0 1.0 12.0 7583.193359
19.0 1.0 11.0 7790.314941
19.0 1.0 10.0 7104.955078
19.0 1.0 8.0 7766.834473
19.0 1.0 7.0 6569.639648
