Ip_zone0_unc.out
4
x
y
z
Ip
19.0 1000.0 64.0 8999.801758
19.0 1000.0 63.0 9022.602539
19.0 1000.0 62.0 8560.949219
19.0 1000.0 61.0 8480.557617
19.0 1000.0 60.0 8984.75293
19.0 1000.0 59.0 8642.254883
19.0 1000.0 58.0 8417.9375
19.0 1000.0 57.0 8164.728027
19.0 1000.0 55.0 7886.11377
19.0 1000.0 54.0 8505.208008
19.0 1000.0 53.0 8658.849609
19.0 1000.0 51.0 8021.522461
19.0 1000.0 50.0 8887.616211
19.0 1000.0 49.0 8619.25
19.0 1000.0 48.0 9022.811523
19.0 1000.0 47.0 9346.537109
19.0 1000.0 46.0 8059.817383
19.0 1000.0 45.0 8090.396484
19.0 1000.0 44.0 8390.893555
19.0 1000.0 40.0 8088.755371
19.0 1000.0 39.0 7827.501953
19.0 1000.0 35.0 7993.590332
19.0 1000.0 9.0 8333.717773
